#
# A fatal error has been detected by the Java Runtime Environment:
#
#  SIGSEGV (0xb) at pc=0x00007f7a28eade99, pid=18265, tid=0x00007f7a49c31700
#
# JRE version: OpenJDK Runtime Environment (8.0_171-b11) (build 1.8.0_171-8u171-b11-0ubuntu0.16.04.1-b11)
# Java VM: OpenJDK 64-Bit Server VM (25.171-b11 mixed mode linux-amd64 compressed oops)
# Problematic frame:
# C  [liblwjgl_opengl.so+0x45e99]  Java_org_lwjgl_opengl_GL20_glCreateShader+0x9
#
# Failed to write core dump. Core dumps have been disabled. To enable core dumping, try "ulimit -c unlimited" before starting Java again
#
# If you would like to submit a bug report, please visit:
#   http://bugreport.java.com/bugreport/crash.jsp
# The crash happened outside the Java Virtual Machine in native code.
# See problematic frame for where to report the bug.
#

---------------  T H R E A D  ---------------

Current thread (0x00007f7a40011000):  JavaThread "main" [_thread_in_native, id=18267, stack(0x00007f7a49b31000,0x00007f7a49c32000)]

siginfo: si_signo: 11 (SIGSEGV), si_code: 1 (SEGV_MAPERR), si_addr: 0x00000000000008a8

Registers:
RAX=0x0000000000000000, RBX=0x00007f7a44b67970, RCX=0x0000000000000003, RDX=0x0000000000008b31
RSP=0x00007f7a49c30728, RBP=0x00007f7a49c30780, RSI=0x00007f7a49c30790, RDI=0x0000000000008b31
R8 =0x00007f7a44b67970, R9 =0x0000000000000004, R10=0x00007f7a310207bc, R11=0x00007f7a4883a950
R12=0x0000000000000000, R13=0x00007f7a44b67960, R14=0x00007f7a49c307a0, R15=0x00007f7a40011000
RIP=0x00007f7a28eade99, EFLAGS=0x0000000000010283, CSGSFS=0x002b000000000033, ERR=0x0000000000000004
  TRAPNO=0x000000000000000e

Top of Stack: (sp=0x00007f7a49c30728)
0x00007f7a49c30728:   00007f7a310207e8 fffffffe00000000
0x00007f7a49c30738:   00007f7a31020222 00007f7a49c30740
0x00007f7a49c30748:   00007f7a44b67960 00007f7a49c307a0
0x00007f7a49c30758:   00007f7a44b88820 0000000000000000
0x00007f7a49c30768:   00007f7a44b67970 0000000000000000
0x00007f7a49c30778:   00007f7a49c307a0 00007f7a49c307e8
0x00007f7a49c30788:   00007f7a31007ae0 00000000ec3f8f10
0x00007f7a49c30798:   00007f7a31016a76 0000000000008b31
0x00007f7a49c307a8:   00007f7a49c307a8 00007f7a44b4ffa8
0x00007f7a49c307b8:   00007f7a49c30818 00007f7a44b50148
0x00007f7a49c307c8:   0000000000000000 00007f7a44b50060
0x00007f7a49c307d8:   00007f7a49c307a0 00007f7a49c30810
0x00007f7a49c307e8:   00007f7a49c30868 00007f7a31007ae0
0x00007f7a49c307f8:   0000000000000000 00000000ec3c5308
0x00007f7a49c30808:   00000000ec3c5100 0000000000008b31
0x00007f7a49c30818:   00000000ec145b98 00000000ec3c4f18
0x00007f7a49c30828:   00007f7a49c30828 00007f7a44b4f678
0x00007f7a49c30838:   00007f7a49c30888 00007f7a44b50148
0x00007f7a49c30848:   0000000000000000 00007f7a44b4f6f0
0x00007f7a49c30858:   00007f7a49c30810 00007f7a49c30878
0x00007f7a49c30868:   00007f7a49c308d0 00007f7a3100809d
0x00007f7a49c30878:   00000000ec145bf0 00000000ec145b98
0x00007f7a49c30888:   00000000ec3c4f18 00007f7a49c30890
0x00007f7a49c30898:   00007f7a44b4e815 00007f7a49c308e0
0x00007f7a49c308a8:   00007f7a44b50730 0000000000000000
0x00007f7a49c308b8:   00007f7a44b4e830 00007f7a49c30878
0x00007f7a49c308c8:   00007f7a49c308e0 00007f7a49c30938
0x00007f7a49c308d8:   00007f7a3100809d 00000000ec3c4f18
0x00007f7a49c308e8:   00000000ec3c4f18 00000000ec13de90
0x00007f7a49c308f8:   00007f7a49c308f8 00007f7a44b4de81
0x00007f7a49c30908:   00007f7a49c30948 00007f7a44b4e1e8
0x00007f7a49c30918:   0000000000000000 00007f7a44b4dec0 

Instructions: (pc=0x00007f7a28eade99)
0x00007f7a28eade79:   48 8b 80 00 0a 00 00 ff e0 66 66 66 66 66 2e 0f
0x00007f7a28eade89:   1f 84 00 00 00 00 00 48 8b 07 89 d7 48 8b 40 18
0x00007f7a28eade99:   48 8b 80 a8 08 00 00 ff e0 66 66 66 66 66 2e 0f
0x00007f7a28eadea9:   1f 84 00 00 00 00 00 48 8b 07 89 d7 48 8b 40 18 

Register to memory mapping:

RAX=0x0000000000000000 is an unknown value
RBX={method} {0x00007f7a44b67970} 'glCreateShader' '(I)I' in 'org/lwjgl/opengl/GL20'
RCX=0x0000000000000003 is an unknown value
RDX=0x0000000000008b31 is an unknown value
RSP=0x00007f7a49c30728 is pointing into the stack for thread: 0x00007f7a40011000
RBP=0x00007f7a49c30780 is pointing into the stack for thread: 0x00007f7a40011000
RSI=0x00007f7a49c30790 is pointing into the stack for thread: 0x00007f7a40011000
RDI=0x0000000000008b31 is an unknown value
R8 ={method} {0x00007f7a44b67970} 'glCreateShader' '(I)I' in 'org/lwjgl/opengl/GL20'
R9 =0x0000000000000004 is an unknown value
R10=0x00007f7a310207bc is at code_begin+1596 in an Interpreter codelet
method entry point (kind = native)  [0x00007f7a31020180, 0x00007f7a31021160]  4064 bytes
R11=0x00007f7a4883a950: <offset 0x961950> in /usr/lib/jvm/java-8-openjdk-amd64/jre/lib/amd64/server/libjvm.so at 0x00007f7a47ed9000
R12=0x0000000000000000 is an unknown value
R13=0x00007f7a44b67960 is pointing into metadata
R14=0x00007f7a49c307a0 is pointing into the stack for thread: 0x00007f7a40011000
R15=0x00007f7a40011000 is a thread


Stack: [0x00007f7a49b31000,0x00007f7a49c32000],  sp=0x00007f7a49c30728,  free space=1021k
Native frames: (J=compiled Java code, j=interpreted, Vv=VM code, C=native code)
C  [liblwjgl_opengl.so+0x45e99]  Java_org_lwjgl_opengl_GL20_glCreateShader+0x9
j  shader.Shader.loadShader(Ljava/lang/String;I)I+88
j  shader.Shader.<init>(Ljava/lang/String;Ljava/lang/String;)V+8
j  shader.StaticShader.<init>()V+5
j  graphics.MasterRenderer.<init>()V+9
j  main.Main.<init>()V+31
j  main.Main.main([Ljava/lang/String;)V+4
v  ~StubRoutines::call_stub
V  [libjvm.so+0x6648eb]
V  [libjvm.so+0x68653e]
V  [libjvm.so+0x688e6f]
C  [libjli.so+0x3552]
C  [libjli.so+0x74ad]
C  [libpthread.so.0+0x76ba]  start_thread+0xca

Java frames: (J=compiled Java code, j=interpreted, Vv=VM code)
j  org.lwjgl.opengl.GL20.glCreateShader(I)I+0
j  shader.Shader.loadShader(Ljava/lang/String;I)I+88
j  shader.Shader.<init>(Ljava/lang/String;Ljava/lang/String;)V+8
j  shader.StaticShader.<init>()V+5
j  graphics.MasterRenderer.<init>()V+9
j  main.Main.<init>()V+31
j  main.Main.main([Ljava/lang/String;)V+4
v  ~StubRoutines::call_stub

---------------  P R O C E S S  ---------------

Java Threads: ( => current thread )
  0x00007f7a400d8800 JavaThread "Service Thread" daemon [_thread_blocked, id=18293, stack(0x00007f7a298b4000,0x00007f7a299b5000)]
  0x00007f7a400d5000 JavaThread "C1 CompilerThread2" daemon [_thread_blocked, id=18292, stack(0x00007f7a299b5000,0x00007f7a29ab6000)]
  0x00007f7a400d3000 JavaThread "C2 CompilerThread1" daemon [_thread_blocked, id=18291, stack(0x00007f7a29ab6000,0x00007f7a29bb7000)]
  0x00007f7a400d0000 JavaThread "C2 CompilerThread0" daemon [_thread_in_native, id=18290, stack(0x00007f7a29bb7000,0x00007f7a29cb8000)]
  0x00007f7a04001000 JavaThread "JDWP Command Reader" daemon [_thread_in_native, id=18287, stack(0x00007f7a29cb8000,0x00007f7a29db9000)]
  0x00007f7a400ce000 JavaThread "JDWP Event Helper Thread" daemon [_thread_blocked, id=18286, stack(0x00007f7a29db9000,0x00007f7a29eba000)]
  0x00007f7a400ca800 JavaThread "JDWP Transport Listener: dt_socket" daemon [_thread_blocked, id=18283, stack(0x00007f7a29eba000,0x00007f7a29fbb000)]
  0x00007f7a400bc800 JavaThread "Signal Dispatcher" daemon [_thread_blocked, id=18281, stack(0x00007f7a300f1000,0x00007f7a301f2000)]
  0x00007f7a4008b000 JavaThread "Finalizer" daemon [_thread_blocked, id=18280, stack(0x00007f7a301f2000,0x00007f7a302f3000)]
  0x00007f7a40086000 JavaThread "Reference Handler" daemon [_thread_blocked, id=18279, stack(0x00007f7a302f3000,0x00007f7a303f4000)]
=>0x00007f7a40011000 JavaThread "main" [_thread_in_native, id=18267, stack(0x00007f7a49b31000,0x00007f7a49c32000)]

Other Threads:
  0x00007f7a4007e800 VMThread [stack: 0x00007f7a303f4000,0x00007f7a304f5000] [id=18278]
  0x00007f7a400db000 WatcherThread [stack: 0x00007f7a297b3000,0x00007f7a298b4000] [id=18294]

VM state:not at safepoint (normal execution)

VM Mutex/Monitor currently owned by a thread: None

Heap:
 PSYoungGen      total 18432K, used 10573K [0x00000000ebd80000, 0x00000000ed200000, 0x0000000100000000)
  eden space 15872K, 66% used [0x00000000ebd80000,0x00000000ec7d3600,0x00000000ecd00000)
  from space 2560K, 0% used [0x00000000ecf80000,0x00000000ecf80000,0x00000000ed200000)
  to   space 2560K, 0% used [0x00000000ecd00000,0x00000000ecd00000,0x00000000ecf80000)
 ParOldGen       total 42496K, used 0K [0x00000000c3800000, 0x00000000c6180000, 0x00000000ebd80000)
  object space 42496K, 0% used [0x00000000c3800000,0x00000000c3800000,0x00000000c6180000)
 Metaspace       used 5780K, capacity 6004K, committed 6144K, reserved 1056768K
  class space    used 619K, capacity 708K, committed 768K, reserved 1048576K

Card table byte_map: [0x00007f7a45674000,0x00007f7a45859000] byte_map_base: 0x00007f7a45058000

Marking Bits: (ParMarkBitMap*) 0x00007f7a48e01320
 Begin Bits: [0x00007f7a2a1c0000, 0x00007f7a2b0e0000)
 End Bits:   [0x00007f7a2b0e0000, 0x00007f7a2c000000)

Polling page: 0x00007f7a49c55000

CodeCache: size=245760Kb used=2439Kb max_used=2453Kb free=243320Kb
 bounds [0x00007f7a31000000, 0x00007f7a31270000, 0x00007f7a40000000]
 total_blobs=851 nmethods=539 adapters=235
 compilation: enabled

Compilation events (10 events):
Event: 2,762 Thread 0x00007f7a400d5000 nmethod 536 0x00007f7a31254290 code [0x00007f7a31254460, 0x00007f7a31254a08]
Event: 2,762 Thread 0x00007f7a400d5000  538   !   3       java.util.zip.ZipFile$ZipFileInputStream::close (110 bytes)
Event: 2,763 Thread 0x00007f7a400d5000 nmethod 538 0x00007f7a31253490 code [0x00007f7a31253660, 0x00007f7a31253eb8]
Event: 2,787 Thread 0x00007f7a400d0000 nmethod 528 0x00007f7a3125ee90 code [0x00007f7a3125f1a0, 0x00007f7a31260f80]
Event: 2,787 Thread 0x00007f7a400d0000  535   !   4       sun.misc.URLClassPath$JarLoader::ensureOpen (36 bytes)
Event: 2,789 Thread 0x00007f7a400d0000 nmethod 535 0x00007f7a31252fd0 code [0x00007f7a31253160, 0x00007f7a31253318]
Event: 2,803 Thread 0x00007f7a400d3000 nmethod 533 0x00007f7a31262950 code [0x00007f7a31262c60, 0x00007f7a312648c0]
Event: 2,975 Thread 0x00007f7a400d5000  539       3       java.util.WeakHashMap::remove (133 bytes)
Event: 2,976 Thread 0x00007f7a400d5000 nmethod 539 0x00007f7a31259990 code [0x00007f7a31259b80, 0x00007f7a3125a668]
Event: 2,976 Thread 0x00007f7a400d0000  540   !   4       sun.misc.URLClassPath$JarLoader::getResource (85 bytes)

GC Heap History (0 events):
No events

Deoptimization events (3 events):
Event: 1,194 Thread 0x00007f7a40011000 Uncommon trap: reason=unstable_if action=reinterpret pc=0x00007f7a31120f44 method=java.lang.String.hashCode()I @ 14
Event: 1,888 Thread 0x00007f7a40011000 Uncommon trap: reason=unstable_if action=reinterpret pc=0x00007f7a3112ace0 method=java.lang.String.indexOf(II)I @ 49
Event: 2,192 Thread 0x00007f7a40011000 Uncommon trap: reason=unstable_if action=reinterpret pc=0x00007f7a311c7d64 method=java.lang.String.indexOf([CII[CIII)I @ 134

Classes redefined (0 events):
No events

Internal exceptions (10 events):
Event: 1,932 Thread 0x00007f7a40011000 Exception <a 'java/lang/NoSuchMethodError': java.lang.Object.lambda$static$0(Ljava/lang/String;)Ljava/lang/Boolean;> (0x00000000ec2a7208) thrown at [/build/openjdk-8-wnL82d/openjdk-8-8u171-b11/src/hotspot/src/share/vm/interpreter/linkResolver.cpp, line 62
Event: 2,008 Thread 0x00007f7a40011000 Exception <a 'java/lang/NoSuchFieldError': method resolution failed> (0x00000000ec31f038) thrown at [/build/openjdk-8-wnL82d/openjdk-8-8u171-b11/src/hotspot/src/share/vm/prims/methodHandles.cpp, line 1167]
Event: 2,011 Thread 0x00007f7a40011000 Exception <a 'java/lang/NoSuchFieldError': method resolution failed> (0x00000000ec32c3a0) thrown at [/build/openjdk-8-wnL82d/openjdk-8-8u171-b11/src/hotspot/src/share/vm/prims/methodHandles.cpp, line 1167]
Event: 2,312 Thread 0x00007f7a40011000 Exception <a 'java/security/PrivilegedActionException'> (0x00000000ec523720) thrown at [/build/openjdk-8-wnL82d/openjdk-8-8u171-b11/src/hotspot/src/share/vm/prims/jvm.cpp, line 1435]
Event: 2,312 Thread 0x00007f7a40011000 Exception <a 'java/security/PrivilegedActionException'> (0x00000000ec523930) thrown at [/build/openjdk-8-wnL82d/openjdk-8-8u171-b11/src/hotspot/src/share/vm/prims/jvm.cpp, line 1435]
Event: 2,312 Thread 0x00007f7a40011000 Exception <a 'java/security/PrivilegedActionException'> (0x00000000ec5259b8) thrown at [/build/openjdk-8-wnL82d/openjdk-8-8u171-b11/src/hotspot/src/share/vm/prims/jvm.cpp, line 1435]
Event: 2,312 Thread 0x00007f7a40011000 Exception <a 'java/security/PrivilegedActionException'> (0x00000000ec525bc8) thrown at [/build/openjdk-8-wnL82d/openjdk-8-8u171-b11/src/hotspot/src/share/vm/prims/jvm.cpp, line 1435]
Event: 2,312 Thread 0x00007f7a40011000 Exception <a 'java/security/PrivilegedActionException'> (0x00000000ec5266a0) thrown at [/build/openjdk-8-wnL82d/openjdk-8-8u171-b11/src/hotspot/src/share/vm/prims/jvm.cpp, line 1435]
Event: 2,312 Thread 0x00007f7a40011000 Exception <a 'java/security/PrivilegedActionException'> (0x00000000ec5268b0) thrown at [/build/openjdk-8-wnL82d/openjdk-8-8u171-b11/src/hotspot/src/share/vm/prims/jvm.cpp, line 1435]
Event: 2,714 Thread 0x00007f7a40011000 Exception <a 'sun/nio/fs/UnixException'> (0x00000000ec6509d8) thrown at [/build/openjdk-8-wnL82d/openjdk-8-8u171-b11/src/hotspot/src/share/vm/prims/jni.cpp, line 709]

Events (10 events):
Event: 2,975 Thread 0x00007f7a40011000 DEOPT PACKING pc=0x00007f7a31255a14 sp=0x00007f7a49c2c7c0
Event: 2,975 Thread 0x00007f7a40011000 DEOPT UNPACKING pc=0x00007f7a310474c4 sp=0x00007f7a49c2c600 mode 1
Event: 2,975 Thread 0x00007f7a40011000 DEOPT PACKING pc=0x00007f7a312557b4 sp=0x00007f7a49c2c950
Event: 2,975 Thread 0x00007f7a40011000 DEOPT UNPACKING pc=0x00007f7a310474c4 sp=0x00007f7a49c2c7a8 mode 1
Event: 2,976 loading class org/lwjgl/system/SharedLibrary$Delegate
Event: 2,976 loading class org/lwjgl/system/SharedLibrary$Delegate done
Event: 2,976 Thread 0x00007f7a40011000 DEOPT PACKING pc=0x00007f7a31255a14 sp=0x00007f7a49c2a820
Event: 2,976 Thread 0x00007f7a40011000 DEOPT UNPACKING pc=0x00007f7a310474c4 sp=0x00007f7a49c2a660 mode 1
Event: 2,976 Thread 0x00007f7a40011000 DEOPT PACKING pc=0x00007f7a312557b4 sp=0x00007f7a49c2a9b0
Event: 2,976 Thread 0x00007f7a40011000 DEOPT UNPACKING pc=0x00007f7a310474c4 sp=0x00007f7a49c2a808 mode 1


Dynamic libraries:
00400000-00401000 r-xp 00000000 08:02 16255897                           /usr/lib/jvm/java-8-openjdk-amd64/jre/bin/java
00600000-00601000 r--p 00000000 08:02 16255897                           /usr/lib/jvm/java-8-openjdk-amd64/jre/bin/java
00601000-00602000 rw-p 00001000 08:02 16255897                           /usr/lib/jvm/java-8-openjdk-amd64/jre/bin/java
00f6e000-00f8f000 rw-p 00000000 00:00 0                                  [heap]
c3800000-c6180000 rw-p 00000000 00:00 0 
c6180000-ebd80000 ---p 00000000 00:00 0 
ebd80000-ed200000 rw-p 00000000 00:00 0 
ed200000-100000000 ---p 00000000 00:00 0 
100000000-1000c0000 rw-p 00000000 00:00 0 
1000c0000-140000000 ---p 00000000 00:00 0 
7f79e7415000-7f79e741a000 r-xp 00000000 08:02 16129876                   /usr/lib/x86_64-linux-gnu/libXdmcp.so.6.0.0
7f79e741a000-7f79e7619000 ---p 00005000 08:02 16129876                   /usr/lib/x86_64-linux-gnu/libXdmcp.so.6.0.0
7f79e7619000-7f79e761a000 r--p 00004000 08:02 16129876                   /usr/lib/x86_64-linux-gnu/libXdmcp.so.6.0.0
7f79e761a000-7f79e761b000 rw-p 00005000 08:02 16129876                   /usr/lib/x86_64-linux-gnu/libXdmcp.so.6.0.0
7f79e761b000-7f79e761d000 r-xp 00000000 08:02 16129865                   /usr/lib/x86_64-linux-gnu/libXau.so.6.0.0
7f79e761d000-7f79e781d000 ---p 00002000 08:02 16129865                   /usr/lib/x86_64-linux-gnu/libXau.so.6.0.0
7f79e781d000-7f79e781e000 r--p 00002000 08:02 16129865                   /usr/lib/x86_64-linux-gnu/libXau.so.6.0.0
7f79e781e000-7f79e781f000 rw-p 00003000 08:02 16129865                   /usr/lib/x86_64-linux-gnu/libXau.so.6.0.0
7f79e781f000-7f79e782f000 r-xp 00000000 08:02 16125346                   /usr/lib/x86_64-linux-gnu/libdrm.so.2.4.0
7f79e782f000-7f79e7a2f000 ---p 00010000 08:02 16125346                   /usr/lib/x86_64-linux-gnu/libdrm.so.2.4.0
7f79e7a2f000-7f79e7a30000 r--p 00010000 08:02 16125346                   /usr/lib/x86_64-linux-gnu/libdrm.so.2.4.0
7f79e7a30000-7f79e7a31000 rw-p 00011000 08:02 16125346                   /usr/lib/x86_64-linux-gnu/libdrm.so.2.4.0
7f79e7a31000-7f79e7a36000 r-xp 00000000 08:02 16129916                   /usr/lib/x86_64-linux-gnu/libXxf86vm.so.1.0.0
7f79e7a36000-7f79e7c35000 ---p 00005000 08:02 16129916                   /usr/lib/x86_64-linux-gnu/libXxf86vm.so.1.0.0
7f79e7c35000-7f79e7c36000 r--p 00004000 08:02 16129916                   /usr/lib/x86_64-linux-gnu/libXxf86vm.so.1.0.0
7f79e7c36000-7f79e7c37000 rw-p 00005000 08:02 16129916                   /usr/lib/x86_64-linux-gnu/libXxf86vm.so.1.0.0
7f79e7c37000-7f79e7c58000 r-xp 00000000 08:02 16131283                   /usr/lib/x86_64-linux-gnu/libxcb.so.1.1.0
7f79e7c58000-7f79e7e57000 ---p 00021000 08:02 16131283                   /usr/lib/x86_64-linux-gnu/libxcb.so.1.1.0
7f79e7e57000-7f79e7e58000 r--p 00020000 08:02 16131283                   /usr/lib/x86_64-linux-gnu/libxcb.so.1.1.0
7f79e7e58000-7f79e7e59000 rw-p 00021000 08:02 16131283                   /usr/lib/x86_64-linux-gnu/libxcb.so.1.1.0
7f79e7e59000-7f79e7e5d000 r-xp 00000000 08:02 16131251                   /usr/lib/x86_64-linux-gnu/libxcb-dri2.so.0.0.0
7f79e7e5d000-7f79e805c000 ---p 00004000 08:02 16131251                   /usr/lib/x86_64-linux-gnu/libxcb-dri2.so.0.0.0
7f79e805c000-7f79e805d000 r--p 00003000 08:02 16131251                   /usr/lib/x86_64-linux-gnu/libxcb-dri2.so.0.0.0
7f79e805d000-7f79e805e000 rw-p 00004000 08:02 16131251                   /usr/lib/x86_64-linux-gnu/libxcb-dri2.so.0.0.0
7f79e805e000-7f79e8075000 r-xp 00000000 08:02 16131255                   /usr/lib/x86_64-linux-gnu/libxcb-glx.so.0.0.0
7f79e8075000-7f79e8274000 ---p 00017000 08:02 16131255                   /usr/lib/x86_64-linux-gnu/libxcb-glx.so.0.0.0
7f79e8274000-7f79e8276000 r--p 00016000 08:02 16131255                   /usr/lib/x86_64-linux-gnu/libxcb-glx.so.0.0.0
7f79e8276000-7f79e8277000 rw-p 00018000 08:02 16131255                   /usr/lib/x86_64-linux-gnu/libxcb-glx.so.0.0.0
7f79e8277000-7f79e83ac000 r-xp 00000000 08:02 16129861                   /usr/lib/x86_64-linux-gnu/libX11.so.6.3.0
7f79e83ac000-7f79e85ac000 ---p 00135000 08:02 16129861                   /usr/lib/x86_64-linux-gnu/libX11.so.6.3.0
7f79e85ac000-7f79e85ad000 r--p 00135000 08:02 16129861                   /usr/lib/x86_64-linux-gnu/libX11.so.6.3.0
7f79e85ad000-7f79e85b1000 rw-p 00136000 08:02 16129861                   /usr/lib/x86_64-linux-gnu/libX11.so.6.3.0
7f79e85b1000-7f79e85b2000 r-xp 00000000 08:02 16129859                   /usr/lib/x86_64-linux-gnu/libX11-xcb.so.1.0.0
7f79e85b2000-7f79e87b1000 ---p 00001000 08:02 16129859                   /usr/lib/x86_64-linux-gnu/libX11-xcb.so.1.0.0
7f79e87b1000-7f79e87b2000 r--p 00000000 08:02 16129859                   /usr/lib/x86_64-linux-gnu/libX11-xcb.so.1.0.0
7f79e87b2000-7f79e87b3000 rw-p 00001000 08:02 16129859                   /usr/lib/x86_64-linux-gnu/libX11-xcb.so.1.0.0
7f79e87b3000-7f79e87b8000 r-xp 00000000 08:02 16129880                   /usr/lib/x86_64-linux-gnu/libXfixes.so.3.1.0
7f79e87b8000-7f79e89b7000 ---p 00005000 08:02 16129880                   /usr/lib/x86_64-linux-gnu/libXfixes.so.3.1.0
7f79e89b7000-7f79e89b8000 r--p 00004000 08:02 16129880                   /usr/lib/x86_64-linux-gnu/libXfixes.so.3.1.0
7f79e89b8000-7f79e89b9000 rw-p 00005000 08:02 16129880                   /usr/lib/x86_64-linux-gnu/libXfixes.so.3.1.0
7f79e89b9000-7f79e89bb000 r-xp 00000000 08:02 16129874                   /usr/lib/x86_64-linux-gnu/libXdamage.so.1.1.0
7f79e89bb000-7f79e8bba000 ---p 00002000 08:02 16129874                   /usr/lib/x86_64-linux-gnu/libXdamage.so.1.1.0
7f79e8bba000-7f79e8bbb000 r--p 00001000 08:02 16129874                   /usr/lib/x86_64-linux-gnu/libXdamage.so.1.1.0
7f79e8bbb000-7f79e8bbc000 rw-p 00002000 08:02 16129874                   /usr/lib/x86_64-linux-gnu/libXdamage.so.1.1.0
7f79e8bbc000-7f79e8bcd000 r-xp 00000000 08:02 16129878                   /usr/lib/x86_64-linux-gnu/libXext.so.6.4.0
7f79e8bcd000-7f79e8dcc000 ---p 00011000 08:02 16129878                   /usr/lib/x86_64-linux-gnu/libXext.so.6.4.0
7f79e8dcc000-7f79e8dcd000 r--p 00010000 08:02 16129878                   /usr/lib/x86_64-linux-gnu/libXext.so.6.4.0
7f79e8dcd000-7f79e8dce000 rw-p 00011000 08:02 16129878                   /usr/lib/x86_64-linux-gnu/libXext.so.6.4.0
7f79e8dce000-7f79e8dfa000 r-xp 00000000 08:02 16125379                   /usr/lib/x86_64-linux-gnu/libglapi.so.0.0.0
7f79e8dfa000-7f79e8ff9000 ---p 0002c000 08:02 16125379                   /usr/lib/x86_64-linux-gnu/libglapi.so.0.0.0
7f79e8ff9000-7f79e8ffd000 r--p 0002b000 08:02 16125379                   /usr/lib/x86_64-linux-gnu/libglapi.so.0.0.0
7f79e8ffd000-7f79e8ffe000 rw-p 0002f000 08:02 16125379                   /usr/lib/x86_64-linux-gnu/libglapi.so.0.0.0
7f79e8ffe000-7f79ec000000 rw-p 00000000 00:00 0 
7f79ec000000-7f79ec021000 rw-p 00000000 00:00 0 
7f79ec021000-7f79f0000000 ---p 00000000 00:00 0 
7f79f0000000-7f79f0021000 rw-p 00000000 00:00 0 
7f79f0021000-7f79f4000000 ---p 00000000 00:00 0 
7f79f4000000-7f79f4263000 rw-p 00000000 00:00 0 
7f79f4263000-7f79f8000000 ---p 00000000 00:00 0 
7f79f8000000-7f79f827b000 rw-p 00000000 00:00 0 
7f79f827b000-7f79fc000000 ---p 00000000 00:00 0 
7f79fc000000-7f79fc021000 rw-p 00000000 00:00 0 
7f79fc021000-7f7a00000000 ---p 00000000 00:00 0 
7f7a00000000-7f7a00277000 rw-p 00000000 00:00 0 
7f7a00277000-7f7a04000000 ---p 00000000 00:00 0 
7f7a04000000-7f7a04021000 rw-p 00000000 00:00 0 
7f7a04021000-7f7a08000000 ---p 00000000 00:00 0 
7f7a08000000-7f7a08021000 rw-p 00000000 00:00 0 
7f7a08021000-7f7a0c000000 ---p 00000000 00:00 0 
7f7a0c000000-7f7a0c021000 rw-p 00000000 00:00 0 
7f7a0c021000-7f7a10000000 ---p 00000000 00:00 0 
7f7a10000000-7f7a10021000 rw-p 00000000 00:00 0 
7f7a10021000-7f7a14000000 ---p 00000000 00:00 0 
7f7a14000000-7f7a14021000 rw-p 00000000 00:00 0 
7f7a14021000-7f7a18000000 ---p 00000000 00:00 0 
7f7a18000000-7f7a18021000 rw-p 00000000 00:00 0 
7f7a18021000-7f7a1c000000 ---p 00000000 00:00 0 
7f7a1c000000-7f7a1c021000 rw-p 00000000 00:00 0 
7f7a1c021000-7f7a20000000 ---p 00000000 00:00 0 
7f7a20000000-7f7a20021000 rw-p 00000000 00:00 0 
7f7a20021000-7f7a24000000 ---p 00000000 00:00 0 
7f7a24000000-7f7a24021000 rw-p 00000000 00:00 0 
7f7a24021000-7f7a28000000 ---p 00000000 00:00 0 
7f7a2819b000-7f7a2819c000 r-xp 00000000 08:02 16131295                   /usr/lib/x86_64-linux-gnu/libxshmfence.so.1.0.0
7f7a2819c000-7f7a2839c000 ---p 00001000 08:02 16131295                   /usr/lib/x86_64-linux-gnu/libxshmfence.so.1.0.0
7f7a2839c000-7f7a2839d000 r--p 00001000 08:02 16131295                   /usr/lib/x86_64-linux-gnu/libxshmfence.so.1.0.0
7f7a2839d000-7f7a2839e000 rw-p 00002000 08:02 16131295                   /usr/lib/x86_64-linux-gnu/libxshmfence.so.1.0.0
7f7a2839e000-7f7a283a3000 r-xp 00000000 08:02 16131275                   /usr/lib/x86_64-linux-gnu/libxcb-sync.so.1.0.0
7f7a283a3000-7f7a285a3000 ---p 00005000 08:02 16131275                   /usr/lib/x86_64-linux-gnu/libxcb-sync.so.1.0.0
7f7a285a3000-7f7a285a4000 r--p 00005000 08:02 16131275                   /usr/lib/x86_64-linux-gnu/libxcb-sync.so.1.0.0
7f7a285a4000-7f7a285a5000 rw-p 00006000 08:02 16131275                   /usr/lib/x86_64-linux-gnu/libxcb-sync.so.1.0.0
7f7a285a5000-7f7a285a7000 r-xp 00000000 08:02 16131263                   /usr/lib/x86_64-linux-gnu/libxcb-present.so.0.0.0
7f7a285a7000-7f7a287a6000 ---p 00002000 08:02 16131263                   /usr/lib/x86_64-linux-gnu/libxcb-present.so.0.0.0
7f7a287a6000-7f7a287a7000 r--p 00001000 08:02 16131263                   /usr/lib/x86_64-linux-gnu/libxcb-present.so.0.0.0
7f7a287a7000-7f7a287a8000 rw-p 00002000 08:02 16131263                   /usr/lib/x86_64-linux-gnu/libxcb-present.so.0.0.0
7f7a287a8000-7f7a287aa000 r-xp 00000000 08:02 16131253                   /usr/lib/x86_64-linux-gnu/libxcb-dri3.so.0.0.0
7f7a287aa000-7f7a289a9000 ---p 00002000 08:02 16131253                   /usr/lib/x86_64-linux-gnu/libxcb-dri3.so.0.0.0
7f7a289a9000-7f7a289aa000 r--p 00001000 08:02 16131253                   /usr/lib/x86_64-linux-gnu/libxcb-dri3.so.0.0.0
7f7a289aa000-7f7a289ab000 rw-p 00002000 08:02 16131253                   /usr/lib/x86_64-linux-gnu/libxcb-dri3.so.0.0.0
7f7a289ab000-7f7a289d1000 r-xp 00000000 08:02 27660760                   /lib/x86_64-linux-gnu/libexpat.so.1.6.0
7f7a289d1000-7f7a28bd1000 ---p 00026000 08:02 27660760                   /lib/x86_64-linux-gnu/libexpat.so.1.6.0
7f7a28bd1000-7f7a28bd3000 r--p 00026000 08:02 27660760                   /lib/x86_64-linux-gnu/libexpat.so.1.6.0
7f7a28bd3000-7f7a28bd4000 rw-p 00028000 08:02 27660760                   /lib/x86_64-linux-gnu/libexpat.so.1.6.0
7f7a28bd4000-7f7a28c44000 r-xp 00000000 08:02 16386453                   /usr/lib/x86_64-linux-gnu/mesa/libGL.so.1.2.0
7f7a28c44000-7f7a28e43000 ---p 00070000 08:02 16386453                   /usr/lib/x86_64-linux-gnu/mesa/libGL.so.1.2.0
7f7a28e43000-7f7a28e46000 r--p 0006f000 08:02 16386453                   /usr/lib/x86_64-linux-gnu/mesa/libGL.so.1.2.0
7f7a28e46000-7f7a28e47000 rw-p 00072000 08:02 16386453                   /usr/lib/x86_64-linux-gnu/mesa/libGL.so.1.2.0
7f7a28e47000-7f7a28e48000 rw-p 00000000 00:00 0 
7f7a28e68000-7f7a28ed3000 r-xp 00000000 08:02 4849722                    /tmp/lwjglalvaro/3.1.6-build-14/liblwjgl_opengl.so
7f7a28ed3000-7f7a290d2000 ---p 0006b000 08:02 4849722                    /tmp/lwjglalvaro/3.1.6-build-14/liblwjgl_opengl.so
7f7a290d2000-7f7a290d3000 r--p 0006a000 08:02 4849722                    /tmp/lwjglalvaro/3.1.6-build-14/liblwjgl_opengl.so
7f7a290d3000-7f7a290d4000 rw-p 0006b000 08:02 4849722                    /tmp/lwjglalvaro/3.1.6-build-14/liblwjgl_opengl.so
7f7a290d4000-7f7a29128000 r-xp 00000000 08:02 4849721                    /tmp/lwjglalvaro/3.1.6-build-14/liblwjgl.so
7f7a29128000-7f7a29328000 ---p 00054000 08:02 4849721                    /tmp/lwjglalvaro/3.1.6-build-14/liblwjgl.so
7f7a29328000-7f7a29329000 r--p 00054000 08:02 4849721                    /tmp/lwjglalvaro/3.1.6-build-14/liblwjgl.so
7f7a29329000-7f7a2932a000 rw-p 00055000 08:02 4849721                    /tmp/lwjglalvaro/3.1.6-build-14/liblwjgl.so
7f7a2932a000-7f7a29340000 r-xp 00000000 08:02 16259173                   /usr/lib/jvm/java-8-openjdk-amd64/jre/lib/amd64/libnet.so
7f7a29340000-7f7a29540000 ---p 00016000 08:02 16259173                   /usr/lib/jvm/java-8-openjdk-amd64/jre/lib/amd64/libnet.so
7f7a29540000-7f7a29541000 r--p 00016000 08:02 16259173                   /usr/lib/jvm/java-8-openjdk-amd64/jre/lib/amd64/libnet.so
7f7a29541000-7f7a29542000 rw-p 00017000 08:02 16259173                   /usr/lib/jvm/java-8-openjdk-amd64/jre/lib/amd64/libnet.so
7f7a29542000-7f7a29553000 r-xp 00000000 08:02 16259243                   /usr/lib/jvm/java-8-openjdk-amd64/jre/lib/amd64/libnio.so
7f7a29553000-7f7a29753000 ---p 00011000 08:02 16259243                   /usr/lib/jvm/java-8-openjdk-amd64/jre/lib/amd64/libnio.so
7f7a29753000-7f7a29754000 r--p 00011000 08:02 16259243                   /usr/lib/jvm/java-8-openjdk-amd64/jre/lib/amd64/libnio.so
7f7a29754000-7f7a29755000 rw-p 00012000 08:02 16259243                   /usr/lib/jvm/java-8-openjdk-amd64/jre/lib/amd64/libnio.so
7f7a29755000-7f7a2975a000 r--s 00045000 08:02 9044378                    /home/alvaro/eclipse-workspace/game/library/lwjgl.jar
7f7a2975a000-7f7a2975c000 r--s 0000a000 08:02 9044374                    /home/alvaro/eclipse-workspace/game/library/lwjgl-zstd.jar
7f7a2975c000-7f7a2975d000 r--s 0000b000 08:02 9044373                    /home/alvaro/eclipse-workspace/game/library/lwjgl-zstd-sources.jar
7f7a2975d000-7f7a2975f000 r--s 00023000 08:02 9044372                    /home/alvaro/eclipse-workspace/game/library/lwjgl-zstd-natives-linux.jar
7f7a2975f000-7f7a29761000 r--s 00076000 08:02 9044371                    /home/alvaro/eclipse-workspace/game/library/lwjgl-zstd-javadoc.jar
7f7a29761000-7f7a29763000 r--s 0000c000 08:02 9044370                    /home/alvaro/eclipse-workspace/game/library/lwjgl-yoga.jar
7f7a29763000-7f7a29764000 r--s 00009000 08:02 9044369                    /home/alvaro/eclipse-workspace/game/library/lwjgl-yoga-sources.jar
7f7a29764000-7f7a29765000 r--s 0000a000 08:02 9044368                    /home/alvaro/eclipse-workspace/game/library/lwjgl-yoga-natives-linux.jar
7f7a29765000-7f7a29768000 r--s 00075000 08:02 9044367                    /home/alvaro/eclipse-workspace/game/library/lwjgl-yoga-javadoc.jar
7f7a29768000-7f7a29769000 r--s 00005000 08:02 9044366                    /home/alvaro/eclipse-workspace/game/library/lwjgl-xxhash.jar
7f7a29769000-7f7a2976a000 r--s 00003000 08:02 9044365                    /home/alvaro/eclipse-workspace/game/library/lwjgl-xxhash-sources.jar
7f7a2976a000-7f7a2976b000 r--s 00001000 08:02 9044364                    /home/alvaro/eclipse-workspace/game/library/lwjgl-xxhash-natives-linux.jar
7f7a2976b000-7f7a2976d000 r--s 00062000 08:02 9044363                    /home/alvaro/eclipse-workspace/game/library/lwjgl-xxhash-javadoc.jar
7f7a2976d000-7f7a29780000 r--s 0014d000 08:02 9044362                    /home/alvaro/eclipse-workspace/game/library/lwjgl-vulkan.jar
7f7a29780000-7f7a2978a000 r--s 0014e000 08:02 9044361                    /home/alvaro/eclipse-workspace/game/library/lwjgl-vulkan-sources.jar
7f7a2978a000-7f7a2979d000 r--s 0043d000 08:02 9044360                    /home/alvaro/eclipse-workspace/game/library/lwjgl-vulkan-javadoc.jar
7f7a2979d000-7f7a2979e000 r--s 00001000 08:02 9044359                    /home/alvaro/eclipse-workspace/game/library/lwjgl-tootle.jar
7f7a2979e000-7f7a2979f000 r--s 00002000 08:02 9044358                    /home/alvaro/eclipse-workspace/game/library/lwjgl-tootle-sources.jar
7f7a2979f000-7f7a297a0000 r--s 0000c000 08:02 9044357                    /home/alvaro/eclipse-workspace/game/library/lwjgl-tootle-natives-linux.jar
7f7a297a0000-7f7a297a2000 r--s 00059000 08:02 9044356                    /home/alvaro/eclipse-workspace/game/library/lwjgl-tootle-javadoc.jar
7f7a297a2000-7f7a297a3000 r--s 00001000 08:02 9044354                    /home/alvaro/eclipse-workspace/game/library/lwjgl-tinyfd.jar
7f7a297a3000-7f7a297a5000 r--s 00000000 08:02 9044355                    /home/alvaro/eclipse-workspace/game/library/lwjgl-tinyfd-sources.jar
7f7a297a5000-7f7a297a6000 r--s 00009000 08:02 9044353                    /home/alvaro/eclipse-workspace/game/library/lwjgl-tinyfd-natives-linux.jar
7f7a297a6000-7f7a297a9000 r--s 00057000 08:02 9044352                    /home/alvaro/eclipse-workspace/game/library/lwjgl-tinyfd-javadoc.jar
7f7a297a9000-7f7a297aa000 r--s 0000a000 08:02 9044351                    /home/alvaro/eclipse-workspace/game/library/lwjgl-tinyexr.jar
7f7a297aa000-7f7a297ac000 r--s 00006000 08:02 9044350                    /home/alvaro/eclipse-workspace/game/library/lwjgl-tinyexr-sources.jar
7f7a297ac000-7f7a297ad000 r--s 0000e000 08:02 9044349                    /home/alvaro/eclipse-workspace/game/library/lwjgl-tinyexr-natives-linux.jar
7f7a297ad000-7f7a297af000 r--s 0006d000 08:02 9044348                    /home/alvaro/eclipse-workspace/game/library/lwjgl-tinyexr-javadoc.jar
7f7a297af000-7f7a297b1000 r--s 00018000 08:02 9044347                    /home/alvaro/eclipse-workspace/game/library/lwjgl-stb.jar
7f7a297b1000-7f7a297b3000 r--s 00016000 08:02 9044345                    /home/alvaro/eclipse-workspace/game/library/lwjgl-stb-sources.jar
7f7a297b3000-7f7a297b4000 ---p 00000000 00:00 0 
7f7a297b4000-7f7a298b4000 rw-p 00000000 00:00 0 
7f7a298b4000-7f7a298b7000 ---p 00000000 00:00 0 
7f7a298b7000-7f7a299b5000 rw-p 00000000 00:00 0 
7f7a299b5000-7f7a299b8000 ---p 00000000 00:00 0 
7f7a299b8000-7f7a29ab6000 rw-p 00000000 00:00 0 
7f7a29ab6000-7f7a29ab9000 ---p 00000000 00:00 0 
7f7a29ab9000-7f7a29bb7000 rw-p 00000000 00:00 0 
7f7a29bb7000-7f7a29bba000 ---p 00000000 00:00 0 
7f7a29bba000-7f7a29cb8000 rw-p 00000000 00:00 0 
7f7a29cb8000-7f7a29cbb000 ---p 00000000 00:00 0 
7f7a29cbb000-7f7a29db9000 rw-p 00000000 00:00 0 
7f7a29db9000-7f7a29dbc000 ---p 00000000 00:00 0 
7f7a29dbc000-7f7a29eba000 rw-p 00000000 00:00 0 
7f7a29eba000-7f7a29ebd000 ---p 00000000 00:00 0 
7f7a29ebd000-7f7a29fbb000 rw-p 00000000 00:00 0 
7f7a29fbb000-7f7a29fbf000 r-xp 00000000 08:02 16259160                   /usr/lib/jvm/java-8-openjdk-amd64/jre/lib/amd64/libdt_socket.so
7f7a29fbf000-7f7a2a1be000 ---p 00004000 08:02 16259160                   /usr/lib/jvm/java-8-openjdk-amd64/jre/lib/amd64/libdt_socket.so
7f7a2a1be000-7f7a2a1bf000 r--p 00003000 08:02 16259160                   /usr/lib/jvm/java-8-openjdk-amd64/jre/lib/amd64/libdt_socket.so
7f7a2a1bf000-7f7a2a1c0000 rw-p 00004000 08:02 16259160                   /usr/lib/jvm/java-8-openjdk-amd64/jre/lib/amd64/libdt_socket.so
7f7a2a1c0000-7f7a2c000000 rw-p 00000000 00:00 0 
7f7a2c000000-7f7a2c021000 rw-p 00000000 00:00 0 
7f7a2c021000-7f7a30000000 ---p 00000000 00:00 0 
7f7a30000000-7f7a30001000 r--s 00031000 08:02 9044346                    /home/alvaro/eclipse-workspace/game/library/lwjgl-stb-natives-linux.jar
7f7a30001000-7f7a30004000 r--s 00098000 08:02 9044344                    /home/alvaro/eclipse-workspace/game/library/lwjgl-stb-javadoc.jar
7f7a30004000-7f7a30006000 r--s 00000000 08:02 9044343                    /home/alvaro/eclipse-workspace/game/library/lwjgl-sse.jar
7f7a30006000-7f7a30008000 r--s 00000000 08:02 9044342                    /home/alvaro/eclipse-workspace/game/library/lwjgl-sse-sources.jar
7f7a30008000-7f7a30009000 r--s 00000000 08:02 9044341                    /home/alvaro/eclipse-workspace/game/library/lwjgl-sse-natives-linux.jar
7f7a30009000-7f7a3000b000 r--s 00058000 08:02 9044340                    /home/alvaro/eclipse-workspace/game/library/lwjgl-sse-javadoc.jar
7f7a3000b000-7f7a3000e000 r--s 00039000 08:02 9044376                    /home/alvaro/eclipse-workspace/game/library/lwjgl-sources.jar
7f7a3000e000-7f7a30010000 r--s 00005000 08:02 9044339                    /home/alvaro/eclipse-workspace/game/library/lwjgl-rpmalloc.jar
7f7a30010000-7f7a30011000 r--s 00004000 08:02 9044338                    /home/alvaro/eclipse-workspace/game/library/lwjgl-rpmalloc-sources.jar
7f7a30011000-7f7a30012000 r--s 00002000 08:02 9044337                    /home/alvaro/eclipse-workspace/game/library/lwjgl-rpmalloc-natives-linux.jar
7f7a30012000-7f7a30014000 r--s 00065000 08:02 9044336                    /home/alvaro/eclipse-workspace/game/library/lwjgl-rpmalloc-javadoc.jar
7f7a30014000-7f7a30016000 r--s 00005000 08:02 9044335                    /home/alvaro/eclipse-workspace/game/library/lwjgl-remotery.jar
7f7a30016000-7f7a30017000 r--s 00004000 08:02 9044334                    /home/alvaro/eclipse-workspace/game/library/lwjgl-remotery-sources.jar
7f7a30017000-7f7a30018000 r--s 00006000 08:02 9044333                    /home/alvaro/eclipse-workspace/game/library/lwjgl-remotery-natives-linux.jar
7f7a30018000-7f7a3001a000 r--s 00064000 08:02 9044332                    /home/alvaro/eclipse-workspace/game/library/lwjgl-remotery-javadoc.jar
7f7a3001a000-7f7a3001b000 r--s 00002000 08:02 9044331                    /home/alvaro/eclipse-workspace/game/library/lwjgl-par.jar
7f7a3001b000-7f7a3001d000 r--s 00001000 08:02 9044330                    /home/alvaro/eclipse-workspace/game/library/lwjgl-par-sources.jar
7f7a3001d000-7f7a3001e000 r--s 00005000 08:02 9044329                    /home/alvaro/eclipse-workspace/game/library/lwjgl-par-natives-linux.jar
7f7a3001e000-7f7a30021000 r--s 0005a000 08:02 9044328                    /home/alvaro/eclipse-workspace/game/library/lwjgl-par-javadoc.jar
7f7a30021000-7f7a30026000 r--s 0004b000 08:02 9044327                    /home/alvaro/eclipse-workspace/game/library/lwjgl-openvr.jar
7f7a30026000-7f7a30029000 r--s 00038000 08:02 9044326                    /home/alvaro/eclipse-workspace/game/library/lwjgl-openvr-sources.jar
7f7a30029000-7f7a3002a000 r--s 0001c000 08:02 9044325                    /home/alvaro/eclipse-workspace/game/library/lwjgl-openvr-natives-linux.jar
7f7a3002a000-7f7a3002f000 r--s 00126000 08:02 9044324                    /home/alvaro/eclipse-workspace/game/library/lwjgl-openvr-javadoc.jar
7f7a3002f000-7f7a30036000 r--s 0004e000 08:02 9044323                    /home/alvaro/eclipse-workspace/game/library/lwjgl-opengles.jar
7f7a30036000-7f7a3003c000 r--s 0005c000 08:02 9044322                    /home/alvaro/eclipse-workspace/game/library/lwjgl-opengles-sources.jar
7f7a3003c000-7f7a3003d000 r--s 00008000 08:02 9044321                    /home/alvaro/eclipse-workspace/game/library/lwjgl-opengles-natives-linux.jar
7f7a3003d000-7f7a30044000 r--s 00164000 08:02 9044320                    /home/alvaro/eclipse-workspace/game/library/lwjgl-opengles-javadoc.jar
7f7a30044000-7f7a3004e000 r--s 000bf000 08:02 9044319                    /home/alvaro/eclipse-workspace/game/library/lwjgl-opengl.jar
7f7a3004e000-7f7a30057000 r--s 000fb000 08:02 9044318                    /home/alvaro/eclipse-workspace/game/library/lwjgl-opengl-sources.jar
7f7a30057000-7f7a30058000 r--s 00016000 08:02 9044317                    /home/alvaro/eclipse-workspace/game/library/lwjgl-opengl-natives-linux.jar
7f7a30058000-7f7a30063000 r--s 002c6000 08:02 9044315                    /home/alvaro/eclipse-workspace/game/library/lwjgl-opengl-javadoc.jar
7f7a30063000-7f7a30066000 r--s 00027000 08:02 9044316                    /home/alvaro/eclipse-workspace/game/library/lwjgl-opencl.jar
7f7a30066000-7f7a30069000 r--s 00035000 08:02 9044314                    /home/alvaro/eclipse-workspace/game/library/lwjgl-opencl-sources.jar
7f7a30069000-7f7a3006d000 r--s 000d5000 08:02 9044313                    /home/alvaro/eclipse-workspace/game/library/lwjgl-opencl-javadoc.jar
7f7a3006d000-7f7a30070000 r--s 00011000 08:02 9044312                    /home/alvaro/eclipse-workspace/game/library/lwjgl-openal.jar
7f7a30070000-7f7a30072000 r--s 00011000 08:02 9044311                    /home/alvaro/eclipse-workspace/game/library/lwjgl-openal-sources.jar
7f7a30072000-7f7a30073000 r--s 00077000 08:02 9044310                    /home/alvaro/eclipse-workspace/game/library/lwjgl-openal-natives-linux.jar
7f7a30073000-7f7a30076000 r--s 0008e000 08:02 9044309                    /home/alvaro/eclipse-workspace/game/library/lwjgl-openal-javadoc.jar
7f7a30076000-7f7a30078000 r--s 00015000 08:02 9044308                    /home/alvaro/eclipse-workspace/game/library/lwjgl-odbc.jar
7f7a30078000-7f7a30079000 r--s 00013000 08:02 9044307                    /home/alvaro/eclipse-workspace/game/library/lwjgl-odbc-sources.jar
7f7a30079000-7f7a3007c000 r--s 0009e000 08:02 9044306                    /home/alvaro/eclipse-workspace/game/library/lwjgl-odbc-javadoc.jar
7f7a3007c000-7f7a30081000 r--s 0005f000 08:02 9044305                    /home/alvaro/eclipse-workspace/game/library/lwjgl-nuklear.jar
7f7a30081000-7f7a30084000 r--s 00040000 08:02 9044304                    /home/alvaro/eclipse-workspace/game/library/lwjgl-nuklear-sources.jar
7f7a30084000-7f7a30085000 r--s 00022000 08:02 9044303                    /home/alvaro/eclipse-workspace/game/library/lwjgl-nuklear-natives-linux.jar
7f7a30085000-7f7a3008a000 r--s 0011b000 08:02 9044300                    /home/alvaro/eclipse-workspace/game/library/lwjgl-nuklear-javadoc.jar
7f7a3008a000-7f7a3008c000 r--s 00001000 08:02 9044294                    /home/alvaro/eclipse-workspace/game/library/lwjgl-nfd.jar
7f7a3008c000-7f7a3008d000 r--s 00001000 08:02 9044293                    /home/alvaro/eclipse-workspace/game/library/lwjgl-nfd-sources.jar
7f7a3008d000-7f7a3008e000 r--s 00001000 08:02 9044292                    /home/alvaro/eclipse-workspace/game/library/lwjgl-nfd-natives-linux.jar
7f7a3008e000-7f7a30090000 r--s 0005a000 08:02 9044291                    /home/alvaro/eclipse-workspace/game/library/lwjgl-nfd-javadoc.jar
7f7a30090000-7f7a30091000 r--s 00013000 08:02 9044377                    /home/alvaro/eclipse-workspace/game/library/lwjgl-natives-linux.jar
7f7a30091000-7f7a30093000 r--s 0000e000 08:02 9044290                    /home/alvaro/eclipse-workspace/game/library/lwjgl-nanovg.jar
7f7a30093000-7f7a30094000 r--s 0000c000 08:02 9044288                    /home/alvaro/eclipse-workspace/game/library/lwjgl-nanovg-sources.jar
7f7a30094000-7f7a30095000 r--s 00029000 08:02 9044289                    /home/alvaro/eclipse-workspace/game/library/lwjgl-nanovg-natives-linux.jar
7f7a30095000-7f7a30098000 r--s 0007b000 08:02 9044287                    /home/alvaro/eclipse-workspace/game/library/lwjgl-nanovg-javadoc.jar
7f7a30098000-7f7a3009a000 r--s 0000b000 08:02 9044286                    /home/alvaro/eclipse-workspace/game/library/lwjgl-lz4.jar
7f7a3009a000-7f7a3009b000 r--s 0000a000 08:02 9044284                    /home/alvaro/eclipse-workspace/game/library/lwjgl-lz4-sources.jar
7f7a3009b000-7f7a3009c000 r--s 0000e000 08:02 9044285                    /home/alvaro/eclipse-workspace/game/library/lwjgl-lz4-natives-linux.jar
7f7a3009c000-7f7a3009e000 r--s 00075000 08:02 9044283                    /home/alvaro/eclipse-workspace/game/library/lwjgl-lz4-javadoc.jar
7f7a3009e000-7f7a3009f000 r--s 00006000 08:02 9044282                    /home/alvaro/eclipse-workspace/game/library/lwjgl-lmdb.jar
7f7a3009f000-7f7a300a1000 r--s 00008000 08:02 9044281                    /home/alvaro/eclipse-workspace/game/library/lwjgl-lmdb-sources.jar
7f7a300a1000-7f7a300a3000 r--s 0000c000 08:02 9044280                    /home/alvaro/eclipse-workspace/game/library/lwjgl-lmdb-natives-linux.jar
7f7a300a3000-7f7a300a5000 r--s 0006b000 08:02 9044279                    /home/alvaro/eclipse-workspace/game/library/lwjgl-lmdb-javadoc.jar
7f7a300a5000-7f7a300a7000 r--s 00008000 08:02 9044278                    /home/alvaro/eclipse-workspace/game/library/lwjgl-jemalloc.jar
7f7a300a7000-7f7a300a8000 r--s 00007000 08:02 9044277                    /home/alvaro/eclipse-workspace/game/library/lwjgl-jemalloc-sources.jar
7f7a300a8000-7f7a300aa000 r--s 0001f000 08:02 9044276                    /home/alvaro/eclipse-workspace/game/library/lwjgl-jemalloc-natives-linux.jar
7f7a300aa000-7f7a300ac000 r--s 0006e000 08:02 9044275                    /home/alvaro/eclipse-workspace/game/library/lwjgl-jemalloc-javadoc.jar
7f7a300ac000-7f7a300ae000 r--s 00005000 08:02 9044274                    /home/alvaro/eclipse-workspace/game/library/lwjgl-jawt.jar
7f7a300ae000-7f7a300af000 r--s 00004000 08:02 9044273                    /home/alvaro/eclipse-workspace/game/library/lwjgl-jawt-sources.jar
7f7a300af000-7f7a300b2000 r--s 00066000 08:02 9044272                    /home/alvaro/eclipse-workspace/game/library/lwjgl-jawt-javadoc.jar
7f7a300b2000-7f7a300b7000 r--s 00116000 08:02 9044375                    /home/alvaro/eclipse-workspace/game/library/lwjgl-javadoc.jar
7f7a300b7000-7f7a300ba000 r--s 00019000 08:02 9044271                    /home/alvaro/eclipse-workspace/game/library/lwjgl-glfw.jar
7f7a300ba000-7f7a300bc000 r--s 00017000 08:02 9044270                    /home/alvaro/eclipse-workspace/game/library/lwjgl-glfw-sources.jar
7f7a300bc000-7f7a300be000 r--s 00022000 08:02 9044269                    /home/alvaro/eclipse-workspace/game/library/lwjgl-glfw-natives-linux.jar
7f7a300be000-7f7a300c1000 r--s 0009f000 08:02 9044268                    /home/alvaro/eclipse-workspace/game/library/lwjgl-glfw-javadoc.jar
7f7a300c1000-7f7a300c6000 r--s 0001e000 08:02 9044267                    /home/alvaro/eclipse-workspace/game/library/lwjgl-egl.jar
7f7a300c6000-7f7a300ca000 r--s 00022000 08:02 9044266                    /home/alvaro/eclipse-workspace/game/library/lwjgl-egl-sources.jar
7f7a300ca000-7f7a300cf000 r--s 000c9000 08:02 9044265                    /home/alvaro/eclipse-workspace/game/library/lwjgl-egl-javadoc.jar
7f7a300cf000-7f7a300d3000 r--s 00027000 08:02 9044262                    /home/alvaro/eclipse-workspace/game/library/lwjgl-bgfx.jar
7f7a300d3000-7f7a300d6000 r--s 0001e000 08:02 9044263                    /home/alvaro/eclipse-workspace/game/library/lwjgl-bgfx-sources.jar
7f7a300d6000-7f7a300d7000 r--s 00051000 08:02 9044264                    /home/alvaro/eclipse-workspace/game/library/lwjgl-bgfx-natives-linux.jar
7f7a300d7000-7f7a300db000 r--s 000bc000 08:02 9044261                    /home/alvaro/eclipse-workspace/game/library/lwjgl-bgfx-javadoc.jar
7f7a300db000-7f7a300df000 r--s 0002e000 08:02 9044258                    /home/alvaro/eclipse-workspace/game/library/lwjgl-assimp.jar
7f7a300df000-7f7a300e1000 r--s 00028000 08:02 9044259                    /home/alvaro/eclipse-workspace/game/library/lwjgl-assimp-sources.jar
7f7a300e1000-7f7a300e5000 r--s 000d9000 08:02 9044257                    /home/alvaro/eclipse-workspace/game/library/lwjgl-assimp-javadoc.jar
7f7a300e5000-7f7a300ea000 r--s 002f9000 08:02 16255900                   /usr/lib/jvm/java-8-openjdk-amd64/jre/lib/charsets.jar
7f7a300ea000-7f7a300ec000 r--s 00016000 08:02 16259254                   /usr/lib/jvm/java-8-openjdk-amd64/jre/lib/jce.jar
7f7a300ec000-7f7a300f1000 r--s 0009d000 08:02 16261948                   /usr/lib/jvm/java-8-openjdk-amd64/jre/lib/jsse.jar
7f7a300f1000-7f7a300f4000 ---p 00000000 00:00 0 
7f7a300f4000-7f7a301f2000 rw-p 00000000 00:00 0 
7f7a301f2000-7f7a301f5000 ---p 00000000 00:00 0 
7f7a301f5000-7f7a302f3000 rw-p 00000000 00:00 0 
7f7a302f3000-7f7a302f6000 ---p 00000000 00:00 0 
7f7a302f6000-7f7a303f4000 rw-p 00000000 00:00 0 
7f7a303f4000-7f7a303f5000 ---p 00000000 00:00 0 
7f7a303f5000-7f7a31000000 rw-p 00000000 00:00 0 
7f7a31000000-7f7a31270000 rwxp 00000000 00:00 0 
7f7a31270000-7f7a40000000 ---p 00000000 00:00 0 
7f7a40000000-7f7a40655000 rw-p 00000000 00:00 0 
7f7a40655000-7f7a44000000 ---p 00000000 00:00 0 
7f7a44000000-7f7a44001000 r--s 002ed000 08:02 9044260                    /home/alvaro/eclipse-workspace/game/library/lwjgl-assimp-natives-linux.jar
7f7a44001000-7f7a44014000 r--s 00346000 08:02 16259080                   /usr/lib/jvm/java-8-openjdk-amd64/jre/lib/resources.jar
7f7a44014000-7f7a4402f000 r--s 001d6000 08:02 16259076                   /usr/lib/jvm/java-8-openjdk-amd64/jre/lib/ext/nashorn.jar
7f7a4402f000-7f7a44030000 r--s 00010000 08:02 16255902                   /usr/lib/jvm/java-8-openjdk-amd64/jre/lib/ext/zipfs.jar
7f7a44030000-7f7a4403a000 r--s 00116000 08:02 16259078                   /usr/lib/jvm/java-8-openjdk-amd64/jre/lib/ext/localedata.jar
7f7a4403a000-7f7a44040000 r--s 0003b000 08:02 16259004                   /usr/lib/jvm/java-8-openjdk-amd64/jre/lib/ext/sunjce_provider.jar
7f7a44040000-7f7a4405b000 r--s 00394000 08:02 16258538                   /usr/lib/jvm/java-8-openjdk-amd64/jre/lib/ext/cldrdata.jar
7f7a4405b000-7f7a44504000 rw-p 00000000 00:00 0 
7f7a44504000-7f7a446d3000 r--s 03c2f000 08:02 16259259                   /usr/lib/jvm/java-8-openjdk-amd64/jre/lib/rt.jar
7f7a446d3000-7f7a44c89000 rw-p 00000000 00:00 0 
7f7a44c89000-7f7a44f49000 ---p 00000000 00:00 0 
7f7a44f49000-7f7a4512d000 rw-p 00000000 00:00 0 
7f7a4512d000-7f7a4512e000 ---p 00000000 00:00 0 
7f7a4512e000-7f7a4522e000 rw-p 00000000 00:00 0 
7f7a4522e000-7f7a4522f000 ---p 00000000 00:00 0 
7f7a4522f000-7f7a4532f000 rw-p 00000000 00:00 0 
7f7a4532f000-7f7a45330000 ---p 00000000 00:00 0 
7f7a45330000-7f7a45430000 rw-p 00000000 00:00 0 
7f7a45430000-7f7a45431000 ---p 00000000 00:00 0 
7f7a45431000-7f7a45546000 rw-p 00000000 00:00 0 
7f7a45546000-7f7a45674000 ---p 00000000 00:00 0 
7f7a45674000-7f7a45689000 rw-p 00000000 00:00 0 
7f7a45689000-7f7a457b6000 ---p 00000000 00:00 0 
7f7a457b6000-7f7a457c1000 rw-p 00000000 00:00 0 
7f7a457c1000-7f7a45858000 ---p 00000000 00:00 0 
7f7a45858000-7f7a45863000 rw-p 00000000 00:00 0 
7f7a45863000-7f7a45c19000 ---p 00000000 00:00 0 
7f7a45c19000-7f7a45c21000 r-xp 00000000 08:02 16259167                   /usr/lib/jvm/java-8-openjdk-amd64/jre/lib/amd64/libzip.so
7f7a45c21000-7f7a45e20000 ---p 00008000 08:02 16259167                   /usr/lib/jvm/java-8-openjdk-amd64/jre/lib/amd64/libzip.so
7f7a45e20000-7f7a45e21000 r--p 00007000 08:02 16259167                   /usr/lib/jvm/java-8-openjdk-amd64/jre/lib/amd64/libzip.so
7f7a45e21000-7f7a45e22000 rw-p 00008000 08:02 16259167                   /usr/lib/jvm/java-8-openjdk-amd64/jre/lib/amd64/libzip.so
7f7a45e22000-7f7a45e2d000 r-xp 00000000 08:02 27656288                   /lib/x86_64-linux-gnu/libnss_files-2.23.so
7f7a45e2d000-7f7a4602c000 ---p 0000b000 08:02 27656288                   /lib/x86_64-linux-gnu/libnss_files-2.23.so
7f7a4602c000-7f7a4602d000 r--p 0000a000 08:02 27656288                   /lib/x86_64-linux-gnu/libnss_files-2.23.so
7f7a4602d000-7f7a4602e000 rw-p 0000b000 08:02 27656288                   /lib/x86_64-linux-gnu/libnss_files-2.23.so
7f7a4602e000-7f7a46034000 rw-p 00000000 00:00 0 
7f7a46034000-7f7a4603f000 r-xp 00000000 08:02 27660746                   /lib/x86_64-linux-gnu/libnss_nis-2.23.so
7f7a4603f000-7f7a4623e000 ---p 0000b000 08:02 27660746                   /lib/x86_64-linux-gnu/libnss_nis-2.23.so
7f7a4623e000-7f7a4623f000 r--p 0000a000 08:02 27660746                   /lib/x86_64-linux-gnu/libnss_nis-2.23.so
7f7a4623f000-7f7a46240000 rw-p 0000b000 08:02 27660746                   /lib/x86_64-linux-gnu/libnss_nis-2.23.so
7f7a46240000-7f7a46256000 r-xp 00000000 08:02 27656206                   /lib/x86_64-linux-gnu/libnsl-2.23.so
7f7a46256000-7f7a46455000 ---p 00016000 08:02 27656206                   /lib/x86_64-linux-gnu/libnsl-2.23.so
7f7a46455000-7f7a46456000 r--p 00015000 08:02 27656206                   /lib/x86_64-linux-gnu/libnsl-2.23.so
7f7a46456000-7f7a46457000 rw-p 00016000 08:02 27656206                   /lib/x86_64-linux-gnu/libnsl-2.23.so
7f7a46457000-7f7a46459000 rw-p 00000000 00:00 0 
7f7a46459000-7f7a46461000 r-xp 00000000 08:02 27656283                   /lib/x86_64-linux-gnu/libnss_compat-2.23.so
7f7a46461000-7f7a46660000 ---p 00008000 08:02 27656283                   /lib/x86_64-linux-gnu/libnss_compat-2.23.so
7f7a46660000-7f7a46661000 r--p 00007000 08:02 27656283                   /lib/x86_64-linux-gnu/libnss_compat-2.23.so
7f7a46661000-7f7a46662000 rw-p 00008000 08:02 27656283                   /lib/x86_64-linux-gnu/libnss_compat-2.23.so
7f7a46662000-7f7a46baf000 r--p 00000000 08:02 16129176                   /usr/lib/locale/locale-archive
7f7a46baf000-7f7a46bb1000 r-xp 00000000 08:02 16259169                   /usr/lib/jvm/java-8-openjdk-amd64/jre/lib/amd64/libnpt.so
7f7a46bb1000-7f7a46db1000 ---p 00002000 08:02 16259169                   /usr/lib/jvm/java-8-openjdk-amd64/jre/lib/amd64/libnpt.so
7f7a46db1000-7f7a46db2000 r--p 00002000 08:02 16259169                   /usr/lib/jvm/java-8-openjdk-amd64/jre/lib/amd64/libnpt.so
7f7a46db2000-7f7a46db3000 rw-p 00003000 08:02 16259169                   /usr/lib/jvm/java-8-openjdk-amd64/jre/lib/amd64/libnpt.so
7f7a46db3000-7f7a46dee000 r-xp 00000000 08:02 16259163                   /usr/lib/jvm/java-8-openjdk-amd64/jre/lib/amd64/libjdwp.so
7f7a46dee000-7f7a46fee000 ---p 0003b000 08:02 16259163                   /usr/lib/jvm/java-8-openjdk-amd64/jre/lib/amd64/libjdwp.so
7f7a46fee000-7f7a46fef000 r--p 0003b000 08:02 16259163                   /usr/lib/jvm/java-8-openjdk-amd64/jre/lib/amd64/libjdwp.so
7f7a46fef000-7f7a46ff0000 rw-p 0003c000 08:02 16259163                   /usr/lib/jvm/java-8-openjdk-amd64/jre/lib/amd64/libjdwp.so
7f7a46ff0000-7f7a4701d000 r-xp 00000000 08:02 16259158                   /usr/lib/jvm/java-8-openjdk-amd64/jre/lib/amd64/libjava.so
7f7a4701d000-7f7a4721c000 ---p 0002d000 08:02 16259158                   /usr/lib/jvm/java-8-openjdk-amd64/jre/lib/amd64/libjava.so
7f7a4721c000-7f7a4721d000 r--p 0002c000 08:02 16259158                   /usr/lib/jvm/java-8-openjdk-amd64/jre/lib/amd64/libjava.so
7f7a4721d000-7f7a4721f000 rw-p 0002d000 08:02 16259158                   /usr/lib/jvm/java-8-openjdk-amd64/jre/lib/amd64/libjava.so
7f7a4721f000-7f7a4722e000 r-xp 00000000 08:02 16259082                   /usr/lib/jvm/java-8-openjdk-amd64/jre/lib/amd64/libverify.so
7f7a4722e000-7f7a4742d000 ---p 0000f000 08:02 16259082                   /usr/lib/jvm/java-8-openjdk-amd64/jre/lib/amd64/libverify.so
7f7a4742d000-7f7a4742f000 r--p 0000e000 08:02 16259082                   /usr/lib/jvm/java-8-openjdk-amd64/jre/lib/amd64/libverify.so
7f7a4742f000-7f7a47430000 rw-p 00010000 08:02 16259082                   /usr/lib/jvm/java-8-openjdk-amd64/jre/lib/amd64/libverify.so
7f7a47430000-7f7a47437000 r-xp 00000000 08:02 27660747                   /lib/x86_64-linux-gnu/librt-2.23.so
7f7a47437000-7f7a47636000 ---p 00007000 08:02 27660747                   /lib/x86_64-linux-gnu/librt-2.23.so
7f7a47636000-7f7a47637000 r--p 00006000 08:02 27660747                   /lib/x86_64-linux-gnu/librt-2.23.so
7f7a47637000-7f7a47638000 rw-p 00007000 08:02 27660747                   /lib/x86_64-linux-gnu/librt-2.23.so
7f7a47638000-7f7a4764e000 r-xp 00000000 08:02 27660767                   /lib/x86_64-linux-gnu/libgcc_s.so.1
7f7a4764e000-7f7a4784d000 ---p 00016000 08:02 27660767                   /lib/x86_64-linux-gnu/libgcc_s.so.1
7f7a4784d000-7f7a4784e000 rw-p 00015000 08:02 27660767                   /lib/x86_64-linux-gnu/libgcc_s.so.1
7f7a4784e000-7f7a47956000 r-xp 00000000 08:02 27656197                   /lib/x86_64-linux-gnu/libm-2.23.so
7f7a47956000-7f7a47b55000 ---p 00108000 08:02 27656197                   /lib/x86_64-linux-gnu/libm-2.23.so
7f7a47b55000-7f7a47b56000 r--p 00107000 08:02 27656197                   /lib/x86_64-linux-gnu/libm-2.23.so
7f7a47b56000-7f7a47b57000 rw-p 00108000 08:02 27656197                   /lib/x86_64-linux-gnu/libm-2.23.so
7f7a47b57000-7f7a47cc9000 r-xp 00000000 08:02 16121885                   /usr/lib/x86_64-linux-gnu/libstdc++.so.6.0.21
7f7a47cc9000-7f7a47ec9000 ---p 00172000 08:02 16121885                   /usr/lib/x86_64-linux-gnu/libstdc++.so.6.0.21
7f7a47ec9000-7f7a47ed3000 r--p 00172000 08:02 16121885                   /usr/lib/x86_64-linux-gnu/libstdc++.so.6.0.21
7f7a47ed3000-7f7a47ed5000 rw-p 0017c000 08:02 16121885                   /usr/lib/x86_64-linux-gnu/libstdc++.so.6.0.21
7f7a47ed5000-7f7a47ed9000 rw-p 00000000 00:00 0 
7f7a47ed9000-7f7a48b32000 r-xp 00000000 08:02 16259171                   /usr/lib/jvm/java-8-openjdk-amd64/jre/lib/amd64/server/libjvm.so
7f7a48b32000-7f7a48d32000 ---p 00c59000 08:02 16259171                   /usr/lib/jvm/java-8-openjdk-amd64/jre/lib/amd64/server/libjvm.so
7f7a48d32000-7f7a48dc5000 r--p 00c59000 08:02 16259171                   /usr/lib/jvm/java-8-openjdk-amd64/jre/lib/amd64/server/libjvm.so
7f7a48dc5000-7f7a48dee000 rw-p 00cec000 08:02 16259171                   /usr/lib/jvm/java-8-openjdk-amd64/jre/lib/amd64/server/libjvm.so
7f7a48dee000-7f7a48e1e000 rw-p 00000000 00:00 0 
7f7a48e1e000-7f7a48e36000 r-xp 00000000 08:02 27656217                   /lib/x86_64-linux-gnu/libpthread-2.23.so
7f7a48e36000-7f7a49035000 ---p 00018000 08:02 27656217                   /lib/x86_64-linux-gnu/libpthread-2.23.so
7f7a49035000-7f7a49036000 r--p 00017000 08:02 27656217                   /lib/x86_64-linux-gnu/libpthread-2.23.so
7f7a49036000-7f7a49037000 rw-p 00018000 08:02 27656217                   /lib/x86_64-linux-gnu/libpthread-2.23.so
7f7a49037000-7f7a4903b000 rw-p 00000000 00:00 0 
7f7a4903b000-7f7a4903e000 r-xp 00000000 08:02 27656277                   /lib/x86_64-linux-gnu/libdl-2.23.so
7f7a4903e000-7f7a4923d000 ---p 00003000 08:02 27656277                   /lib/x86_64-linux-gnu/libdl-2.23.so
7f7a4923d000-7f7a4923e000 r--p 00002000 08:02 27656277                   /lib/x86_64-linux-gnu/libdl-2.23.so
7f7a4923e000-7f7a4923f000 rw-p 00003000 08:02 27656277                   /lib/x86_64-linux-gnu/libdl-2.23.so
7f7a4923f000-7f7a49258000 r-xp 00000000 08:02 27660920                   /lib/x86_64-linux-gnu/libz.so.1.2.8
7f7a49258000-7f7a49457000 ---p 00019000 08:02 27660920                   /lib/x86_64-linux-gnu/libz.so.1.2.8
7f7a49457000-7f7a49458000 r--p 00018000 08:02 27660920                   /lib/x86_64-linux-gnu/libz.so.1.2.8
7f7a49458000-7f7a49459000 rw-p 00019000 08:02 27660920                   /lib/x86_64-linux-gnu/libz.so.1.2.8
7f7a49459000-7f7a49619000 r-xp 00000000 08:02 27656275                   /lib/x86_64-linux-gnu/libc-2.23.so
7f7a49619000-7f7a49819000 ---p 001c0000 08:02 27656275                   /lib/x86_64-linux-gnu/libc-2.23.so
7f7a49819000-7f7a4981d000 r--p 001c0000 08:02 27656275                   /lib/x86_64-linux-gnu/libc-2.23.so
7f7a4981d000-7f7a4981f000 rw-p 001c4000 08:02 27656275                   /lib/x86_64-linux-gnu/libc-2.23.so
7f7a4981f000-7f7a49823000 rw-p 00000000 00:00 0 
7f7a49823000-7f7a49830000 r-xp 00000000 08:02 16259168                   /usr/lib/jvm/java-8-openjdk-amd64/jre/lib/amd64/jli/libjli.so
7f7a49830000-7f7a49a30000 ---p 0000d000 08:02 16259168                   /usr/lib/jvm/java-8-openjdk-amd64/jre/lib/amd64/jli/libjli.so
7f7a49a30000-7f7a49a31000 r--p 0000d000 08:02 16259168                   /usr/lib/jvm/java-8-openjdk-amd64/jre/lib/amd64/jli/libjli.so
7f7a49a31000-7f7a49a32000 rw-p 0000e000 08:02 16259168                   /usr/lib/jvm/java-8-openjdk-amd64/jre/lib/amd64/jli/libjli.so
7f7a49a32000-7f7a49a58000 r-xp 00000000 08:02 27656209                   /lib/x86_64-linux-gnu/ld-2.23.so
7f7a49a58000-7f7a49a5b000 r--s 00038000 08:02 16258536                   /usr/lib/jvm/java-8-openjdk-amd64/jre/lib/ext/sunpkcs11.jar
7f7a49a5b000-7f7a49a5e000 r--s 0000f000 08:02 16259005                   /usr/lib/jvm/java-8-openjdk-amd64/jre/lib/ext/icedtea-sound.jar
7f7a49a5e000-7f7a49a60000 r--s 00001000 08:02 16258197                   /usr/lib/jvm/java-8-openjdk-amd64/jre/lib/ext/dnsns.jar
7f7a49a60000-7f7a49b31000 rw-p 00000000 00:00 0 
7f7a49b31000-7f7a49b34000 ---p 00000000 00:00 0 
7f7a49b34000-7f7a49c36000 rw-p 00000000 00:00 0 
7f7a49c36000-7f7a49c37000 r--s 0000a000 08:02 16259077                   /usr/lib/jvm/java-8-openjdk-amd64/jre/lib/ext/jaccess.jar
7f7a49c37000-7f7a49c39000 r--s 00008000 08:02 16255901                   /usr/lib/jvm/java-8-openjdk-amd64/jre/lib/ext/sunec.jar
7f7a49c39000-7f7a49c4c000 rw-p 00000000 00:00 0 
7f7a49c4c000-7f7a49c54000 rw-s 00000000 08:02 4849739                    /tmp/hsperfdata_alvaro/18265
7f7a49c54000-7f7a49c55000 rw-p 00000000 00:00 0 
7f7a49c55000-7f7a49c56000 r--p 00000000 00:00 0 
7f7a49c56000-7f7a49c57000 rw-p 00000000 00:00 0 
7f7a49c57000-7f7a49c58000 r--p 00025000 08:02 27656209                   /lib/x86_64-linux-gnu/ld-2.23.so
7f7a49c58000-7f7a49c59000 rw-p 00026000 08:02 27656209                   /lib/x86_64-linux-gnu/ld-2.23.so
7f7a49c59000-7f7a49c5a000 rw-p 00000000 00:00 0 
7ffceaa12000-7ffceaa35000 rw-p 00000000 00:00 0                          [stack]
7ffceaa3b000-7ffceaa3e000 r--p 00000000 00:00 0                          [vvar]
7ffceaa3e000-7ffceaa40000 r-xp 00000000 00:00 0                          [vdso]
ffffffffff600000-ffffffffff601000 r-xp 00000000 00:00 0                  [vsyscall]

VM Arguments:
jvm_args: -agentlib:jdwp=transport=dt_socket,suspend=y,address=localhost:38817 -Dfile.encoding=UTF-8 
java_command: main.Main
java_class_path (initial): /usr/lib/jvm/java-8-openjdk-amd64/jre/lib/resources.jar:/usr/lib/jvm/java-8-openjdk-amd64/jre/lib/rt.jar:/usr/lib/jvm/java-8-openjdk-amd64/jre/lib/jsse.jar:/usr/lib/jvm/java-8-openjdk-amd64/jre/lib/jce.jar:/usr/lib/jvm/java-8-openjdk-amd64/jre/lib/charsets.jar:/usr/lib/jvm/java-8-openjdk-amd64/jre/lib/ext/sunec.jar:/usr/lib/jvm/java-8-openjdk-amd64/jre/lib/ext/cldrdata.jar:/usr/lib/jvm/java-8-openjdk-amd64/jre/lib/ext/dnsns.jar:/usr/lib/jvm/java-8-openjdk-amd64/jre/lib/ext/icedtea-sound.jar:/usr/lib/jvm/java-8-openjdk-amd64/jre/lib/ext/jaccess.jar:/usr/lib/jvm/java-8-openjdk-amd64/jre/lib/ext/sunjce_provider.jar:/usr/lib/jvm/java-8-openjdk-amd64/jre/lib/ext/localedata.jar:/usr/lib/jvm/java-8-openjdk-amd64/jre/lib/ext/sunpkcs11.jar:/usr/lib/jvm/java-8-openjdk-amd64/jre/lib/ext/zipfs.jar:/usr/lib/jvm/java-8-openjdk-amd64/jre/lib/ext/nashorn.jar:/home/alvaro/eclipse-workspace/game/bin:/home/alvaro/eclipse-workspace/game/library/lwjgl-assimp-javadoc.jar:/home/alvaro/eclipse-workspace/game/library/lwjgl-assimp-natives-linux.jar:/home/alvaro/eclipse-workspace/game/library/lwjgl-assimp-sources.jar:/home/alvaro/eclipse-workspace/game/library/lwjgl-assimp.jar:/home/alvaro/eclipse-workspace/game/library/lwjgl-bgfx-javadoc.jar:/home/alvaro/eclipse-workspace/game/library/lwjgl-bgfx-natives-linux.jar:/home/alvaro/eclipse-workspace/game/library/lwjgl-bgfx-sources.jar:/home/alvaro/eclipse-workspace/game/library/lwjgl-bgfx.jar:/home/alvaro/eclipse-workspace/game/library/lwjgl-egl-javadoc.jar:/home/alvaro/eclipse-workspace/game/library/lwjgl-egl-sources.jar:/home/alvaro/eclipse-workspace/game/library/lwjgl-egl.jar:/home/alvaro/eclipse-workspace/game/library/lwjgl-glfw-javadoc.jar:/home/alvaro/eclipse-workspace/game/library/lwjgl-glfw-natives-linux.jar:/home/alvaro/eclipse-workspace/game/library/lwjgl-glfw-sources.jar:/home/alvaro/eclipse-workspace/game/library/lwjgl-glfw.jar:/home/alvaro/eclipse-workspace/game/library/lwjgl-javadoc.jar:/home/alvaro/eclip
Launcher Type: SUN_STANDARD

Environment Variables:
PATH=/home/alvaro/bin:/home/alvaro/.local/bin:/usr/local/sbin:/usr/local/bin:/usr/sbin:/usr/bin:/sbin:/bin:/usr/games:/usr/local/games:/snap/bin
SHELL=/bin/bash
DISPLAY=:0

Signal Handlers:
SIGSEGV: [libjvm.so+0xa6e6f0], sa_mask[0]=11111111011111111101111111111110, sa_flags=SA_RESTART|SA_SIGINFO
SIGBUS: [libjvm.so+0xa6e6f0], sa_mask[0]=11111111011111111101111111111110, sa_flags=SA_RESTART|SA_SIGINFO
SIGFPE: [libjvm.so+0x8b5d50], sa_mask[0]=11111111011111111101111111111110, sa_flags=SA_RESTART|SA_SIGINFO
SIGPIPE: [libjvm.so+0x8b5d50], sa_mask[0]=11111111011111111101111111111110, sa_flags=SA_RESTART|SA_SIGINFO
SIGXFSZ: [libjvm.so+0x8b5d50], sa_mask[0]=11111111011111111101111111111110, sa_flags=SA_RESTART|SA_SIGINFO
SIGILL: [libjvm.so+0x8b5d50], sa_mask[0]=11111111011111111101111111111110, sa_flags=SA_RESTART|SA_SIGINFO
SIGUSR1: SIG_DFL, sa_mask[0]=00000000000000000000000000000000, sa_flags=none
SIGUSR2: [libjvm.so+0x8b5c00], sa_mask[0]=00100000000000000000000000000000, sa_flags=SA_RESTART|SA_SIGINFO
SIGHUP: [libjvm.so+0x8b60d0], sa_mask[0]=11111111011111111101111111111110, sa_flags=SA_RESTART|SA_SIGINFO
SIGINT: [libjvm.so+0x8b60d0], sa_mask[0]=11111111011111111101111111111110, sa_flags=SA_RESTART|SA_SIGINFO
SIGTERM: [libjvm.so+0x8b60d0], sa_mask[0]=11111111011111111101111111111110, sa_flags=SA_RESTART|SA_SIGINFO
SIGQUIT: [libjvm.so+0x8b60d0], sa_mask[0]=11111111011111111101111111111110, sa_flags=SA_RESTART|SA_SIGINFO


---------------  S Y S T E M  ---------------

OS:DISTRIB_ID=Ubuntu
DISTRIB_RELEASE=16.04
DISTRIB_CODENAME=xenial
DISTRIB_DESCRIPTION="Ubuntu 16.04.5 LTS"

uname:Linux 4.15.0-29-generic #31~16.04.1-Ubuntu SMP Wed Jul 18 08:54:04 UTC 2018 x86_64
libc:glibc 2.23 NPTL 2.23 
rlimit: STACK 8192k, CORE 0k, NPROC 14993, NOFILE 1048576, AS infinity
load average:0,89 0,77 0,59

/proc/meminfo:
MemTotal:        3960288 kB
MemFree:          119172 kB
MemAvailable:     124760 kB
Buffers:           15376 kB
Cached:           405040 kB
SwapCached:       230508 kB
Active:          2988564 kB
Inactive:         640400 kB
Active(anon):    2876972 kB
Inactive(anon):   562472 kB
Active(file):     111592 kB
Inactive(file):    77928 kB
Unevictable:          64 kB
Mlocked:              64 kB
SwapTotal:       4115452 kB
SwapFree:        2669548 kB
Dirty:               268 kB
Writeback:             0 kB
AnonPages:       3199484 kB
Mapped:           214576 kB
Shmem:            230652 kB
Slab:              92592 kB
SReclaimable:      45580 kB
SUnreclaim:        47012 kB
KernelStack:       11456 kB
PageTables:        46392 kB
NFS_Unstable:          0 kB
Bounce:                0 kB
WritebackTmp:          0 kB
CommitLimit:     6095596 kB
Committed_AS:    9245540 kB
VmallocTotal:   34359738367 kB
VmallocUsed:           0 kB
VmallocChunk:          0 kB
HardwareCorrupted:     0 kB
AnonHugePages:         0 kB
ShmemHugePages:        0 kB
ShmemPmdMapped:        0 kB
CmaTotal:              0 kB
CmaFree:               0 kB
HugePages_Total:       0
HugePages_Free:        0
HugePages_Rsvd:        0
HugePages_Surp:        0
Hugepagesize:       2048 kB
DirectMap4k:      192256 kB
DirectMap2M:     3923968 kB
DirectMap1G:     1048576 kB


CPU:total 4 (initial active 4) (2 cores per cpu, 2 threads per core) family 6 model 69 stepping 1, cmov, cx8, fxsr, mmx, sse, sse2, sse3, ssse3, sse4.1, sse4.2, popcnt, avx, avx2, aes, clmul, erms, lzcnt, ht, tsc, tscinvbit, bmi1, bmi2

/proc/cpuinfo:
processor	: 0
vendor_id	: GenuineIntel
cpu family	: 6
model		: 69
model name	: Intel(R) Core(TM) i3-4030U CPU @ 1.90GHz
stepping	: 1
microcode	: 0x23
cpu MHz		: 1713.298
cache size	: 3072 KB
physical id	: 0
siblings	: 4
core id		: 0
cpu cores	: 2
apicid		: 0
initial apicid	: 0
fpu		: yes
fpu_exception	: yes
cpuid level	: 13
wp		: yes
flags		: fpu vme de pse tsc msr pae mce cx8 apic sep mtrr pge mca cmov pat pse36 clflush dts acpi mmx fxsr sse sse2 ss ht tm pbe syscall nx pdpe1gb rdtscp lm constant_tsc arch_perfmon pebs bts rep_good nopl xtopology nonstop_tsc cpuid aperfmperf pni pclmulqdq dtes64 monitor ds_cpl vmx est tm2 ssse3 sdbg fma cx16 xtpr pdcm pcid sse4_1 sse4_2 x2apic movbe popcnt tsc_deadline_timer aes xsave avx f16c rdrand lahf_lm abm cpuid_fault epb invpcid_single pti ibrs ibpb stibp tpr_shadow vnmi flexpriority ept vpid fsgsbase tsc_adjust bmi1 avx2 smep bmi2 erms invpcid xsaveopt dtherm ida arat pln pts
bugs		: cpu_meltdown spectre_v1 spectre_v2 spec_store_bypass
bogomips	: 3791.31
clflush size	: 64
cache_alignment	: 64
address sizes	: 39 bits physical, 48 bits virtual
power management:

processor	: 1
vendor_id	: GenuineIntel
cpu family	: 6
model		: 69
model name	: Intel(R) Core(TM) i3-4030U CPU @ 1.90GHz
stepping	: 1
microcode	: 0x23
cpu MHz		: 1605.467
cache size	: 3072 KB
physical id	: 0
siblings	: 4
core id		: 0
cpu cores	: 14
apicid		: 1
initial apicid	: 1
fpu		: yes
fpu_exception	: yes
cpuid level	: 13
wp		: yes
flags		: fpu vme de pse tsc msr pae mce cx8 apic sep mtrr pge mca cmov pat pse36 clflush dts acpi mmx fxsr sse sse2 ss ht tm pbe syscall nx pdpe1gb rdtscp lm constant_tsc arch_perfmon pebs bts rep_good nopl xtopology nonstop_tsc cpuid aperfmperf pni pclmulqdq dtes64 monitor ds_cpl vmx est tm2 ssse3 sdbg fma cx16 xtpr pdcm pcid sse4_1 sse4_2 x2apic movbe popcnt tsc_deadline_timer aes xsave avx f16c rdrand lahf_lm abm cpuid_fault epb invpcid_single pti ibrs ibpb stibp tpr_shadow vnmi flexpriority ept vpid fsgsbase tsc_adjust bmi1 avx2 smep bmi2 erms invpcid xsaveopt dtherm ida arat pln pts
bugs		: cpu_meltdown spectre_v1 spectre_v2 spec_store_bypass
bogomips	: 3791.31
clflush size	: 64
cache_alignment	: 64
address sizes	: 39 bits physical, 48 bits virtual
power management:

processor	: 2
vendor_id	: GenuineIntel
cpu family	: 6
model		: 69
model name	: Intel(R) Core(TM) i3-4030U CPU @ 1.90GHz
stepping	: 1
microcode	: 0x23
cpu MHz		: 1379.382
cache size	: 3072 KB
physical id	: 0
siblings	: 4
core id		: 1
cpu cores	: 26
apicid		: 2
initial apicid	: 2
fpu		: yes
fpu_exception	: yes
cpuid level	: 13
wp		: yes
flags		: fpu vme de pse tsc msr pae mce cx8 apic sep mtrr pge mca cmov pat pse36 clflush dts acpi mmx fxsr sse sse2 ss ht tm pbe syscall nx pdpe1gb rdtscp lm constant_tsc arch_perfmon pebs bts rep_good nopl xtopology nonstop_tsc cpuid aperfmperf pni pclmulqdq dtes64 monitor ds_cpl vmx est tm2 ssse3 sdbg fma cx16 xtpr pdcm pcid sse4_1 sse4_2 x2apic movbe popcnt tsc_deadline_timer aes xsave avx f16c rdrand lahf_lm abm cpuid_fault epb invpcid_single pti ibrs ibpb stibp tpr_shadow vnmi flexpriority ept vpid fsgsbase tsc_adjust bmi1 avx2 smep bmi2 erms invpcid xsaveopt dtherm ida arat pln pts
bugs		: cpu_meltdown spectre_v1 spectre_v2 spec_store_bypass
bogomips	: 3791.31
clflush size	: 64
cache_alignment	: 64
address sizes	: 39 bits physical, 48 bits virtual
power management:

processor	: 3
vendor_id	: GenuineIntel
cpu family	: 6
model		: 69
model name	: Intel(R) Core(TM) i3-4030U CPU @ 1.90GHz
stepping	: 1
microcode	: 0x23
cpu MHz		: 1614.822
cache size	: 3072 KB
physical id	: 0
siblings	: 4
core id		: 1
cpu cores	: 2
apicid		: 3
initial apicid	: 3
fpu		: yes
fpu_exception	: yes
cpuid level	: 13
wp		: yes
flags		: fpu vme de pse tsc msr pae mce cx8 apic sep mtrr pge mca cmov pat pse36 clflush dts acpi mmx fxsr sse sse2 ss ht tm pbe syscall nx pdpe1gb rdtscp lm constant_tsc arch_perfmon pebs bts rep_good nopl xtopology nonstop_tsc cpuid aperfmperf pni pclmulqdq dtes64 monitor ds_cpl vmx est tm2 ssse3 sdbg fma cx16 xtpr pdcm pcid sse4_1 sse4_2 x2apic movbe popcnt tsc_deadline_timer aes xsave avx f16c rdrand lahf_lm abm cpuid_fault epb invpcid_single pti ibrs ibpb stibp tpr_shadow vnmi flexpriority ept vpid fsgsbase tsc_adjust bmi1 avx2 smep bmi2 erms invpcid xsaveopt dtherm ida arat pln pts
bugs		: cpu_meltdown spectre_v1 spectre_v2 spec_store_bypass
bogomips	: 3791.31
clflush size	: 64
cache_alignment	: 64
address sizes	: 39 bits physical, 48 bits virtual
power management:



Memory: 4k page, physical 3960288k(119172k free), swap 4115452k(2669548k free)

vm_info: OpenJDK 64-Bit Server VM (25.171-b11) for linux-amd64 JRE (1.8.0_171-8u171-b11-0ubuntu0.16.04.1-b11), built on Apr 27 2018 17:19:03 by "buildd" with gcc 5.4.0 20160609

time: Tue Aug  7 18:36:59 2018
elapsed time: 3 seconds (0d 0h 0m 3s)

