#
# A fatal error has been detected by the Java Runtime Environment:
#
#  SIGBUS (0x7) at pc=0x00007f7904567d1a, pid=2390, tid=0x00007f7904744700
#
# JRE version: OpenJDK Runtime Environment (8.0_191-b12) (build 1.8.0_191-8u191-b12-2ubuntu0.16.04.1-b12)
# Java VM: OpenJDK 64-Bit Server VM (25.191-b12 mixed mode linux-amd64 compressed oops)
# Problematic frame:
# C  [ld-linux-x86-64.so.2+0x1dd1a]
#
# Failed to write core dump. Core dumps have been disabled. To enable core dumping, try "ulimit -c unlimited" before starting Java again
#
# If you would like to submit a bug report, please visit:
#   http://bugreport.java.com/bugreport/crash.jsp
# The crash happened outside the Java Virtual Machine in native code.
# See problematic frame for where to report the bug.
#

---------------  T H R E A D  ---------------

Current thread (0x00007f78fc011800):  JavaThread "main" [_thread_in_native, id=2397, stack(0x00007f7904644000,0x00007f7904745000)]

siginfo: si_signo: 7 (SIGBUS), si_code: 2 (BUS_ADRERR), si_addr: 0x00007f789f1ff038

Registers:
RAX=0x00007f789f1ff038, RBX=0x0000000000000003, RCX=0x0000000000000000, RDX=0x0000000000000008
RSP=0x00007f79047416a8, RBP=0x00007f7904741950, RSI=0x0000000000000000, RDI=0x00007f789f1ff038
R8 =0x00007f789f1ff040, R9 =0x0000000000056000, R10=0x00007f79047416e0, R11=0x00007f789f1ff040
R12=0x00007f78fc907e20, R13=0x00007f7904741a38, R14=0x0000000000000002, R15=0x0000000000000802
RIP=0x00007f7904567d1a, EFLAGS=0x0000000000010202, CSGSFS=0x002b000000000033, ERR=0x0000000000000006
  TRAPNO=0x000000000000000e

Top of Stack: (sp=0x00007f79047416a8)
0x00007f79047416a8:   00007f7904551168 0000000000000000
0x00007f79047416b8:   0000000000057000 0000000000056174
0x00007f79047416c8:   0000000000056174 0000000000000000
0x00007f79047416d8:   00007f7900000005 0000000000256000
0x00007f79047416e8:   0000000000258000 0000000000257038
0x00007f79047416f8:   0000000000257040 0000000000056000
0x00007f7904741708:   0000000000000003 0000000000000000
0x00007f7904741718:   0000007c00000077 00007f78fc011800
0x00007f7904741728:   00007f78fc011800 00007f7904741800
0x00007f7904741738:   00007f7904741a38 00007f790000000a
0x00007f7904741748:   00007f78fc000020 00000000000004c3
0x00007f7904741758:   00007f78fc000020 0000000000000033
0x00007f7904741768:   0000000000000032 00007f78fc907e20
0x00007f7904741778:   00007f78fc907e20 0000000000000000
0x00007f7904741788:   00007f7903ff5184 0000000000000000
0x00007f7904741798:   0000000000000033 0000000000000002
0x00007f79047417a8:   00007f7904555e98 00007f78fc907de0
0x00007f79047417b8:   0000000000000033 000000029000002f
0x00007f79047417c8:   0000000000000033 00007f78fc011e70
0x00007f79047417d8:   0000000000000000 00007f7904741950
0x00007f79047417e8:   0000000000000000 0000000090000001
0x00007f79047417f8:   0000000000000095 0000000000000802
0x00007f7904741808:   00007f790455050d 00007f78ea3db878
0x00007f7904741818:   00000003ec9d1030 00007f789f1ff040
0x00007f7904741828:   0000000000257040 00007f79047416e0
0x00007f7904741838:   00007f7904741810 00007f79047416b0
0x00007f7904741848:   0000000000000000 00007f79047419f0
0x00007f7904741858:   00000000004a009e 0000000000000006
0x00007f7904741868:   00007f789f1ff040 0000009501011800
0x00007f7904741878:   00007f7904771140 00007f78fc907de0
0x00007f7904741888:   00007f78fc907da0 0000000000000802
0x00007f7904741898:   00000000004a009e 0000000000000001 

Instructions: (pc=0x00007f7904567d1a)
0x00007f7904567cfa:   04 75 16 f6 c2 01 74 02 88 0f f6 c2 02 0f 84 67
0x00007f7904567d0a:   ff ff ff 66 89 4c 10 fe c3 89 0f 89 4c 17 fc c3
0x00007f7904567d1a:   48 89 0f 48 89 4c 17 f8 c3 66 2e 0f 1f 84 00 00
0x00007f7904567d2a:   00 00 00 0f 1f 00 48 83 fa 20 73 7a f6 c2 01 74 

Register to memory mapping:

RAX=0x00007f789f1ff038 is an unknown value
RBX=0x0000000000000003 is an unknown value
RCX=0x0000000000000000 is an unknown value
RDX=0x0000000000000008 is an unknown value
RSP=0x00007f79047416a8 is pointing into the stack for thread: 0x00007f78fc011800
RBP=0x00007f7904741950 is pointing into the stack for thread: 0x00007f78fc011800
RSI=0x0000000000000000 is an unknown value
RDI=0x00007f789f1ff038 is an unknown value
R8 =0x00007f789f1ff040 is an unknown value
R9 =0x0000000000056000 is an unknown value
R10=0x00007f79047416e0 is pointing into the stack for thread: 0x00007f78fc011800
R11=0x00007f789f1ff040 is an unknown value
R12=0x00007f78fc907e20 is an unknown value
R13=0x00007f7904741a38 is pointing into the stack for thread: 0x00007f78fc011800
R14=0x0000000000000002 is an unknown value
R15=0x0000000000000802 is an unknown value


Stack: [0x00007f7904644000,0x00007f7904745000],  sp=0x00007f79047416a8,  free space=1013k
Native frames: (J=compiled Java code, j=interpreted, Vv=VM code, C=native code)
C  [ld-linux-x86-64.so.2+0x1dd1a]
C  [ld-linux-x86-64.so.2+0x8c27]

Java frames: (J=compiled Java code, j=interpreted, Vv=VM code)
j  java.lang.ClassLoader$NativeLibrary.load(Ljava/lang/String;Z)V+0
j  java.lang.ClassLoader.loadLibrary0(Ljava/lang/Class;Ljava/io/File;)Z+328
j  java.lang.ClassLoader.loadLibrary(Ljava/lang/Class;Ljava/lang/String;Z)V+48
j  java.lang.Runtime.load0(Ljava/lang/Class;Ljava/lang/String;)V+57
j  java.lang.System.load(Ljava/lang/String;)V+7
j  org.lwjgl.opengl.GL$$Lambda$7.accept(Ljava/lang/Object;)V+4
j  org.lwjgl.system.Library.loadSystem(Ljava/util/function/Consumer;Ljava/lang/Class;Ljava/lang/String;Ljava/lang/String;Ljava/lang/String;)Z+53
j  org.lwjgl.system.Library.loadSystem(Ljava/util/function/Consumer;Ljava/lang/Class;Ljava/lang/String;Lorg/lwjgl/system/Configuration;)Z+23
j  org.lwjgl.system.Library.loadSystem(Ljava/util/function/Consumer;Ljava/util/function/Consumer;Ljava/lang/Class;Ljava/lang/String;)V+138
j  org.lwjgl.opengl.GL.<clinit>()V+38
v  ~StubRoutines::call_stub
j  main.Main.init()V+7
j  main.Main.start()V+1
j  main.Main.main([Ljava/lang/String;)V+9
v  ~StubRoutines::call_stub

---------------  P R O C E S S  ---------------

Java Threads: ( => current thread )
  0x00007f78fc0fb000 JavaThread "Service Thread" daemon [_thread_blocked, id=2471, stack(0x00007f78e86bf000,0x00007f78e87c0000)]
  0x00007f78fc0d5800 JavaThread "C1 CompilerThread2" daemon [_thread_blocked, id=2469, stack(0x00007f78e87c0000,0x00007f78e88c1000)]
  0x00007f78fc0d3800 JavaThread "C2 CompilerThread1" daemon [_thread_blocked, id=2467, stack(0x00007f78e88c1000,0x00007f78e89c2000)]
  0x00007f78fc0d0800 JavaThread "C2 CompilerThread0" daemon [_thread_blocked, id=2466, stack(0x00007f78e89c2000,0x00007f78e8ac3000)]
  0x00007f78bc001000 JavaThread "JDWP Command Reader" daemon [_thread_in_native, id=2451, stack(0x00007f78e8ac3000,0x00007f78e8bc4000)]
  0x00007f78fc0ce800 JavaThread "JDWP Event Helper Thread" daemon [_thread_blocked, id=2450, stack(0x00007f78e8bc4000,0x00007f78e8cc5000)]
  0x00007f78fc0cb000 JavaThread "JDWP Transport Listener: dt_socket" daemon [_thread_blocked, id=2446, stack(0x00007f78e8cc5000,0x00007f78e8dc6000)]
  0x00007f78fc0bd000 JavaThread "Signal Dispatcher" daemon [_thread_blocked, id=2429, stack(0x00007f78e8fcb000,0x00007f78e90cc000)]
  0x00007f78fc08b000 JavaThread "Finalizer" daemon [_thread_blocked, id=2413, stack(0x00007f78e90cc000,0x00007f78e91cd000)]
  0x00007f78fc088800 JavaThread "Reference Handler" daemon [_thread_blocked, id=2411, stack(0x00007f78e91cd000,0x00007f78e92ce000)]
=>0x00007f78fc011800 JavaThread "main" [_thread_in_native, id=2397, stack(0x00007f7904644000,0x00007f7904745000)]

Other Threads:
  0x00007f78fc07f000 VMThread [stack: 0x00007f78e92ce000,0x00007f78e93cf000] [id=2410]
  0x00007f78fc0fd000 WatcherThread [stack: 0x00007f78e85be000,0x00007f78e86bf000] [id=2474]

VM state:not at safepoint (normal execution)

VM Mutex/Monitor currently owned by a thread: None

Heap:
 PSYoungGen      total 18432K, used 12807K [0x00000000ebd80000, 0x00000000ed200000, 0x0000000100000000)
  eden space 15872K, 80% used [0x00000000ebd80000,0x00000000eca01de8,0x00000000ecd00000)
  from space 2560K, 0% used [0x00000000ecf80000,0x00000000ecf80000,0x00000000ed200000)
  to   space 2560K, 0% used [0x00000000ecd00000,0x00000000ecd00000,0x00000000ecf80000)
 ParOldGen       total 42496K, used 0K [0x00000000c3800000, 0x00000000c6180000, 0x00000000ebd80000)
  object space 42496K, 0% used [0x00000000c3800000,0x00000000c3800000,0x00000000c6180000)
 Metaspace       used 6042K, capacity 6324K, committed 6400K, reserved 1056768K
  class space    used 626K, capacity 708K, committed 768K, reserved 1048576K

Card table byte_map: [0x00007f7900183000,0x00007f7900368000] byte_map_base: 0x00007f78ffb67000

Marking Bits: (ParMarkBitMap*) 0x00007f7903919520
 Begin Bits: [0x00007f78eadbc000, 0x00007f78ebcdc000)
 End Bits:   [0x00007f78ebcdc000, 0x00007f78ecbfc000)

Polling page: 0x00007f790476d000

CodeCache: size=245760Kb used=2790Kb max_used=2796Kb free=242969Kb
 bounds [0x00007f78ed000000, 0x00007f78ed2c0000, 0x00007f78fc000000]
 total_blobs=1278 nmethods=571 adapters=630
 compilation: enabled

Compilation events (10 events):
Event: 4,061 Thread 0x00007f78fc0d5800  565       3       java.lang.invoke.LambdaForm::uncustomize (58 bytes)
Event: 4,061 Thread 0x00007f78fc0d5800 nmethod 565 0x00007f78ed2b7450 code [0x00007f78ed2b75c0, 0x00007f78ed2b7870]
Event: 4,062 Thread 0x00007f78fc0d5800  567       3       java.lang.invoke.MethodType::parameterCount (6 bytes)
Event: 4,062 Thread 0x00007f78fc0d5800 nmethod 567 0x00007f78ed2b70d0 code [0x00007f78ed2b7240, 0x00007f78ed2b7390]
Event: 4,063 Thread 0x00007f78fc0d5800  568       3       sun.nio.fs.UnixPath::checkNotNul (16 bytes)
Event: 4,063 Thread 0x00007f78fc0d5800 nmethod 568 0x00007f78ed2b6c50 code [0x00007f78ed2b6dc0, 0x00007f78ed2b6fc8]
Event: 4,063 Thread 0x00007f78fc0d5800  569       3       java.nio.charset.CoderResult::isUnderflow (13 bytes)
Event: 4,063 Thread 0x00007f78fc0d5800 nmethod 569 0x00007f78ed2b68d0 code [0x00007f78ed2b6a40, 0x00007f78ed2b6bf0]
Event: 4,109 Thread 0x00007f78fc0d5800  571       3       java.io.UnixFileSystem::parentOrNull (118 bytes)
Event: 4,110 Thread 0x00007f78fc0d5800 nmethod 571 0x00007f78ed2b5410 code [0x00007f78ed2b5620, 0x00007f78ed2b6088]

GC Heap History (0 events):
No events

Deoptimization events (4 events):
Event: 1,812 Thread 0x00007f78fc011800 Uncommon trap: reason=unstable_if action=reinterpret pc=0x00007f78ed077f84 method=java.lang.String.hashCode()I @ 14
Event: 2,326 Thread 0x00007f78fc011800 Uncommon trap: reason=unstable_if action=reinterpret pc=0x00007f78ed1255e0 method=java.lang.String.indexOf(II)I @ 49
Event: 2,767 Thread 0x00007f78fc011800 Uncommon trap: reason=unstable_if action=reinterpret pc=0x00007f78ed1cb9b4 method=java.lang.String.indexOf([CII[CIII)I @ 134
Event: 3,585 Thread 0x00007f78fc011800 Uncommon trap: reason=unstable_if action=reinterpret pc=0x00007f78ed207788 method=java.lang.String.replace(CC)Ljava/lang/String; @ 26

Classes redefined (0 events):
No events

Internal exceptions (10 events):
Event: 2,980 Thread 0x00007f78fc011800 Exception <a 'java/security/PrivilegedActionException'> (0x00000000ec4cf680) thrown at [/build/openjdk-8-6jqSe7/openjdk-8-8u191-b12/src/hotspot/src/share/vm/prims/jvm.cpp, line 1429]
Event: 2,980 Thread 0x00007f78fc011800 Exception <a 'java/security/PrivilegedActionException'> (0x00000000ec4cf890) thrown at [/build/openjdk-8-6jqSe7/openjdk-8-8u191-b12/src/hotspot/src/share/vm/prims/jvm.cpp, line 1429]
Event: 2,981 Thread 0x00007f78fc011800 Exception <a 'java/security/PrivilegedActionException'> (0x00000000ec4d1918) thrown at [/build/openjdk-8-6jqSe7/openjdk-8-8u191-b12/src/hotspot/src/share/vm/prims/jvm.cpp, line 1429]
Event: 2,981 Thread 0x00007f78fc011800 Exception <a 'java/security/PrivilegedActionException'> (0x00000000ec4d1b28) thrown at [/build/openjdk-8-6jqSe7/openjdk-8-8u191-b12/src/hotspot/src/share/vm/prims/jvm.cpp, line 1429]
Event: 2,981 Thread 0x00007f78fc011800 Exception <a 'java/security/PrivilegedActionException'> (0x00000000ec4d2600) thrown at [/build/openjdk-8-6jqSe7/openjdk-8-8u191-b12/src/hotspot/src/share/vm/prims/jvm.cpp, line 1429]
Event: 2,981 Thread 0x00007f78fc011800 Exception <a 'java/security/PrivilegedActionException'> (0x00000000ec4d2810) thrown at [/build/openjdk-8-6jqSe7/openjdk-8-8u191-b12/src/hotspot/src/share/vm/prims/jvm.cpp, line 1429]
Event: 3,747 Thread 0x00007f78fc011800 Exception <a 'sun/nio/fs/UnixException'> (0x00000000ec91c268) thrown at [/build/openjdk-8-6jqSe7/openjdk-8-8u191-b12/src/hotspot/src/share/vm/prims/jni.cpp, line 709]
Event: 4,063 Thread 0x00007f78fc011800 Exception <a 'sun/nio/fs/UnixException'> (0x00000000ec9c95c8) thrown at [/build/openjdk-8-6jqSe7/openjdk-8-8u191-b12/src/hotspot/src/share/vm/prims/jni.cpp, line 709]
Event: 4,064 Thread 0x00007f78fc011800 Exception <a 'sun/nio/fs/UnixException'> (0x00000000ec9ca0a0) thrown at [/build/openjdk-8-6jqSe7/openjdk-8-8u191-b12/src/hotspot/src/share/vm/prims/jni.cpp, line 709]
Event: 4,064 Thread 0x00007f78fc011800 Exception <a 'sun/nio/fs/UnixException'> (0x00000000ec9ce018) thrown at [/build/openjdk-8-6jqSe7/openjdk-8-8u191-b12/src/hotspot/src/share/vm/prims/jni.cpp, line 709]

Events (10 events):
Event: 3,840 Thread 0x00007f78fc011800 DEOPT PACKING pc=0x00007f78ed1ee8b4 sp=0x00007f7904740da0
Event: 3,840 Thread 0x00007f78fc011800 DEOPT UNPACKING pc=0x00007f78ed0474c4 sp=0x00007f7904740be0 mode 1
Event: 4,059 loading class org/lwjgl/opengl/GL$ICDStatic
Event: 4,059 loading class org/lwjgl/opengl/GL$ICDStatic done
Event: 4,059 Thread 0x00007f78fc011800 DEOPT PACKING pc=0x00007f78ed1eeb14 sp=0x00007f79047420c0
Event: 4,059 Thread 0x00007f78fc011800 DEOPT UNPACKING pc=0x00007f78ed0474c4 sp=0x00007f7904741f00 mode 1
Event: 4,059 Thread 0x00007f78fc011800 DEOPT PACKING pc=0x00007f78ed1ee8b4 sp=0x00007f7904742250
Event: 4,059 Thread 0x00007f78fc011800 DEOPT UNPACKING pc=0x00007f78ed0474c4 sp=0x00007f7904742090 mode 1
Event: 4,063 loading class java/nio/file/NoSuchFileException
Event: 4,063 loading class java/nio/file/NoSuchFileException done


Dynamic libraries:
00400000-00401000 r-xp 00000000 08:02 16279720                           /usr/lib/jvm/java-8-openjdk-amd64/jre/bin/java
00600000-00601000 r--p 00000000 08:02 16279720                           /usr/lib/jvm/java-8-openjdk-amd64/jre/bin/java
00601000-00602000 rw-p 00001000 08:02 16279720                           /usr/lib/jvm/java-8-openjdk-amd64/jre/bin/java
010ec000-0110d000 rw-p 00000000 00:00 0                                  [heap]
c3800000-c6180000 rw-p 00000000 00:00 0 
c6180000-ebd80000 ---p 00000000 00:00 0 
ebd80000-ed200000 rw-p 00000000 00:00 0 
ed200000-100000000 ---p 00000000 00:00 0 
100000000-1000c0000 rw-p 00000000 00:00 0 
1000c0000-140000000 ---p 00000000 00:00 0 
7f789efa8000-7f789efff000 r-xp 00000000 08:02 4849822                    /tmp/lwjglalvaro/3.2.0-build-12/liblwjgl_opengl.so
7f789efff000-7f789f1fe000 ---p 00057000 08:02 4849822                    /tmp/lwjglalvaro/3.2.0-build-12/liblwjgl_opengl.so
7f789f1fe000-7f789f200000 rw-p 00056000 08:02 4849822                    /tmp/lwjglalvaro/3.2.0-build-12/liblwjgl_opengl.so
7f789f200000-7f789fa00000 rw-p 00000000 00:00 0 
7f789fa10000-7f789fa5c000 r-xp 00000000 08:02 4849823                    /tmp/lwjglalvaro/3.2.0-build-12/libjemalloc.so
7f789fa5c000-7f789fc5c000 ---p 0004c000 08:02 4849823                    /tmp/lwjglalvaro/3.2.0-build-12/libjemalloc.so
7f789fc5c000-7f789fc61000 r--p 0004c000 08:02 4849823                    /tmp/lwjglalvaro/3.2.0-build-12/libjemalloc.so
7f789fc61000-7f789fc62000 rw-p 00051000 08:02 4849823                    /tmp/lwjglalvaro/3.2.0-build-12/libjemalloc.so
7f789fc62000-7f789fe71000 rw-p 00000000 00:00 0 
7f789fe71000-7f789fe79000 r-xp 00000000 08:02 16130840                   /usr/lib/x86_64-linux-gnu/libpciaccess.so.0.11.1
7f789fe79000-7f78a0079000 ---p 00008000 08:02 16130840                   /usr/lib/x86_64-linux-gnu/libpciaccess.so.0.11.1
7f78a0079000-7f78a007a000 r--p 00008000 08:02 16130840                   /usr/lib/x86_64-linux-gnu/libpciaccess.so.0.11.1
7f78a007a000-7f78a007b000 rw-p 00009000 08:02 16130840                   /usr/lib/x86_64-linux-gnu/libpciaccess.so.0.11.1
7f78a007b000-7f78a0086000 r-xp 00000000 08:02 16122321                   /usr/lib/x86_64-linux-gnu/libdrm_radeon.so.1.0.1
7f78a0086000-7f78a0285000 ---p 0000b000 08:02 16122321                   /usr/lib/x86_64-linux-gnu/libdrm_radeon.so.1.0.1
7f78a0285000-7f78a0286000 r--p 0000a000 08:02 16122321                   /usr/lib/x86_64-linux-gnu/libdrm_radeon.so.1.0.1
7f78a0286000-7f78a0287000 rw-p 0000b000 08:02 16122321                   /usr/lib/x86_64-linux-gnu/libdrm_radeon.so.1.0.1
7f78a0287000-7f78a028e000 r-xp 00000000 08:02 16122583                   /usr/lib/x86_64-linux-gnu/libdrm_nouveau.so.2.0.0
7f78a028e000-7f78a048d000 ---p 00007000 08:02 16122583                   /usr/lib/x86_64-linux-gnu/libdrm_nouveau.so.2.0.0
7f78a048d000-7f78a048e000 r--p 00006000 08:02 16122583                   /usr/lib/x86_64-linux-gnu/libdrm_nouveau.so.2.0.0
7f78a048e000-7f78a048f000 rw-p 00007000 08:02 16122583                   /usr/lib/x86_64-linux-gnu/libdrm_nouveau.so.2.0.0
7f78a048f000-7f78a04b1000 r-xp 00000000 08:02 16121903                   /usr/lib/x86_64-linux-gnu/libdrm_intel.so.1.0.0
7f78a04b1000-7f78a06b1000 ---p 00022000 08:02 16121903                   /usr/lib/x86_64-linux-gnu/libdrm_intel.so.1.0.0
7f78a06b1000-7f78a06b2000 r--p 00022000 08:02 16121903                   /usr/lib/x86_64-linux-gnu/libdrm_intel.so.1.0.0
7f78a06b2000-7f78a06b3000 rw-p 00023000 08:02 16121903                   /usr/lib/x86_64-linux-gnu/libdrm_intel.so.1.0.0
7f78a06b3000-7f78a0f93000 r-xp 00000000 08:02 16386213                   /usr/lib/x86_64-linux-gnu/dri/i965_dri.so
7f78a0f93000-7f78a1193000 ---p 008e0000 08:02 16386213                   /usr/lib/x86_64-linux-gnu/dri/i965_dri.so
7f78a1193000-7f78a11e3000 r--p 008e0000 08:02 16386213                   /usr/lib/x86_64-linux-gnu/dri/i965_dri.so
7f78a11e3000-7f78a11ee000 rw-p 00930000 08:02 16386213                   /usr/lib/x86_64-linux-gnu/dri/i965_dri.so
7f78a11ee000-7f78a1293000 rw-p 00000000 00:00 0 
7f78a1293000-7f78a12a3000 r-xp 00000000 08:02 16125346                   /usr/lib/x86_64-linux-gnu/libdrm.so.2.4.0
7f78a12a3000-7f78a14a3000 ---p 00010000 08:02 16125346                   /usr/lib/x86_64-linux-gnu/libdrm.so.2.4.0
7f78a14a3000-7f78a14a4000 r--p 00010000 08:02 16125346                   /usr/lib/x86_64-linux-gnu/libdrm.so.2.4.0
7f78a14a4000-7f78a14a5000 rw-p 00011000 08:02 16125346                   /usr/lib/x86_64-linux-gnu/libdrm.so.2.4.0
7f78a14a5000-7f78a14a9000 r-xp 00000000 08:02 16131251                   /usr/lib/x86_64-linux-gnu/libxcb-dri2.so.0.0.0
7f78a14a9000-7f78a16a8000 ---p 00004000 08:02 16131251                   /usr/lib/x86_64-linux-gnu/libxcb-dri2.so.0.0.0
7f78a16a8000-7f78a16a9000 r--p 00003000 08:02 16131251                   /usr/lib/x86_64-linux-gnu/libxcb-dri2.so.0.0.0
7f78a16a9000-7f78a16aa000 rw-p 00004000 08:02 16131251                   /usr/lib/x86_64-linux-gnu/libxcb-dri2.so.0.0.0
7f78a16aa000-7f78a16c1000 r-xp 00000000 08:02 16131255                   /usr/lib/x86_64-linux-gnu/libxcb-glx.so.0.0.0
7f78a16c1000-7f78a18c0000 ---p 00017000 08:02 16131255                   /usr/lib/x86_64-linux-gnu/libxcb-glx.so.0.0.0
7f78a18c0000-7f78a18c2000 r--p 00016000 08:02 16131255                   /usr/lib/x86_64-linux-gnu/libxcb-glx.so.0.0.0
7f78a18c2000-7f78a18c3000 rw-p 00018000 08:02 16131255                   /usr/lib/x86_64-linux-gnu/libxcb-glx.so.0.0.0
7f78a18c3000-7f78a18c5000 r-xp 00000000 08:02 16129874                   /usr/lib/x86_64-linux-gnu/libXdamage.so.1.1.0
7f78a18c5000-7f78a1ac4000 ---p 00002000 08:02 16129874                   /usr/lib/x86_64-linux-gnu/libXdamage.so.1.1.0
7f78a1ac4000-7f78a1ac5000 r--p 00001000 08:02 16129874                   /usr/lib/x86_64-linux-gnu/libXdamage.so.1.1.0
7f78a1ac5000-7f78a1ac6000 rw-p 00002000 08:02 16129874                   /usr/lib/x86_64-linux-gnu/libXdamage.so.1.1.0
7f78a1ac6000-7f78a1af2000 r-xp 00000000 08:02 16125379                   /usr/lib/x86_64-linux-gnu/libglapi.so.0.0.0
7f78a1af2000-7f78a1cf1000 ---p 0002c000 08:02 16125379                   /usr/lib/x86_64-linux-gnu/libglapi.so.0.0.0
7f78a1cf1000-7f78a1cf5000 r--p 0002b000 08:02 16125379                   /usr/lib/x86_64-linux-gnu/libglapi.so.0.0.0
7f78a1cf5000-7f78a1cf6000 rw-p 0002f000 08:02 16125379                   /usr/lib/x86_64-linux-gnu/libglapi.so.0.0.0
7f78a1cf6000-7f78a1cf7000 rw-p 00000000 00:00 0 
7f78a1cf7000-7f78a1cf8000 r-xp 00000000 08:02 16131295                   /usr/lib/x86_64-linux-gnu/libxshmfence.so.1.0.0
7f78a1cf8000-7f78a1ef8000 ---p 00001000 08:02 16131295                   /usr/lib/x86_64-linux-gnu/libxshmfence.so.1.0.0
7f78a1ef8000-7f78a1ef9000 r--p 00001000 08:02 16131295                   /usr/lib/x86_64-linux-gnu/libxshmfence.so.1.0.0
7f78a1ef9000-7f78a1efa000 rw-p 00002000 08:02 16131295                   /usr/lib/x86_64-linux-gnu/libxshmfence.so.1.0.0
7f78a1efa000-7f78a1eff000 r-xp 00000000 08:02 16131275                   /usr/lib/x86_64-linux-gnu/libxcb-sync.so.1.0.0
7f78a1eff000-7f78a20ff000 ---p 00005000 08:02 16131275                   /usr/lib/x86_64-linux-gnu/libxcb-sync.so.1.0.0
7f78a20ff000-7f78a2100000 r--p 00005000 08:02 16131275                   /usr/lib/x86_64-linux-gnu/libxcb-sync.so.1.0.0
7f78a2100000-7f78a2101000 rw-p 00006000 08:02 16131275                   /usr/lib/x86_64-linux-gnu/libxcb-sync.so.1.0.0
7f78a2101000-7f78a2103000 r-xp 00000000 08:02 16131263                   /usr/lib/x86_64-linux-gnu/libxcb-present.so.0.0.0
7f78a2103000-7f78a2302000 ---p 00002000 08:02 16131263                   /usr/lib/x86_64-linux-gnu/libxcb-present.so.0.0.0
7f78a2302000-7f78a2303000 r--p 00001000 08:02 16131263                   /usr/lib/x86_64-linux-gnu/libxcb-present.so.0.0.0
7f78a2303000-7f78a2304000 rw-p 00002000 08:02 16131263                   /usr/lib/x86_64-linux-gnu/libxcb-present.so.0.0.0
7f78a2304000-7f78a2306000 r-xp 00000000 08:02 16131253                   /usr/lib/x86_64-linux-gnu/libxcb-dri3.so.0.0.0
7f78a2306000-7f78a2505000 ---p 00002000 08:02 16131253                   /usr/lib/x86_64-linux-gnu/libxcb-dri3.so.0.0.0
7f78a2505000-7f78a2506000 r--p 00001000 08:02 16131253                   /usr/lib/x86_64-linux-gnu/libxcb-dri3.so.0.0.0
7f78a2506000-7f78a2507000 rw-p 00002000 08:02 16131253                   /usr/lib/x86_64-linux-gnu/libxcb-dri3.so.0.0.0
7f78a2507000-7f78a252d000 r-xp 00000000 08:02 27660760                   /lib/x86_64-linux-gnu/libexpat.so.1.6.0
7f78a252d000-7f78a272d000 ---p 00026000 08:02 27660760                   /lib/x86_64-linux-gnu/libexpat.so.1.6.0
7f78a272d000-7f78a272f000 r--p 00026000 08:02 27660760                   /lib/x86_64-linux-gnu/libexpat.so.1.6.0
7f78a272f000-7f78a2730000 rw-p 00028000 08:02 27660760                   /lib/x86_64-linux-gnu/libexpat.so.1.6.0
7f78a2730000-7f78a27a0000 r-xp 00000000 08:02 16386453                   /usr/lib/x86_64-linux-gnu/mesa/libGL.so.1.2.0
7f78a27a0000-7f78a299f000 ---p 00070000 08:02 16386453                   /usr/lib/x86_64-linux-gnu/mesa/libGL.so.1.2.0
7f78a299f000-7f78a29a2000 r--p 0006f000 08:02 16386453                   /usr/lib/x86_64-linux-gnu/mesa/libGL.so.1.2.0
7f78a29a2000-7f78a29a3000 rw-p 00072000 08:02 16386453                   /usr/lib/x86_64-linux-gnu/mesa/libGL.so.1.2.0
7f78a29a3000-7f78a29a4000 rw-p 00000000 00:00 0 
7f78a29a4000-7f78a29a5000 r-xp 00000000 08:02 16125431                   /usr/lib/x86_64-linux-gnu/libX11-xcb.so.1.0.0
7f78a29a5000-7f78a2ba4000 ---p 00001000 08:02 16125431                   /usr/lib/x86_64-linux-gnu/libX11-xcb.so.1.0.0
7f78a2ba4000-7f78a2ba5000 r--p 00000000 08:02 16125431                   /usr/lib/x86_64-linux-gnu/libX11-xcb.so.1.0.0
7f78a2ba5000-7f78a2ba6000 rw-p 00001000 08:02 16125431                   /usr/lib/x86_64-linux-gnu/libX11-xcb.so.1.0.0
7f78a2ba6000-7f78a2ba8000 r-xp 00000000 08:02 16129890                   /usr/lib/x86_64-linux-gnu/libXinerama.so.1.0.0
7f78a2ba8000-7f78a2da7000 ---p 00002000 08:02 16129890                   /usr/lib/x86_64-linux-gnu/libXinerama.so.1.0.0
7f78a2da7000-7f78a2da8000 r--p 00001000 08:02 16129890                   /usr/lib/x86_64-linux-gnu/libXinerama.so.1.0.0
7f78a2da8000-7f78a2da9000 rw-p 00002000 08:02 16129890                   /usr/lib/x86_64-linux-gnu/libXinerama.so.1.0.0
7f78a2da9000-7f78a2dae000 r-xp 00000000 08:02 16129880                   /usr/lib/x86_64-linux-gnu/libXfixes.so.3.1.0
7f78a2dae000-7f78a2fad000 ---p 00005000 08:02 16129880                   /usr/lib/x86_64-linux-gnu/libXfixes.so.3.1.0
7f78a2fad000-7f78a2fae000 r--p 00004000 08:02 16129880                   /usr/lib/x86_64-linux-gnu/libXfixes.so.3.1.0
7f78a2fae000-7f78a2faf000 rw-p 00005000 08:02 16129880                   /usr/lib/x86_64-linux-gnu/libXfixes.so.3.1.0
7f78a2faf000-7f78a2fb8000 r-xp 00000000 08:02 16122522                   /usr/lib/x86_64-linux-gnu/libXcursor.so.1.0.2
7f78a2fb8000-7f78a31b7000 ---p 00009000 08:02 16122522                   /usr/lib/x86_64-linux-gnu/libXcursor.so.1.0.2
7f78a31b7000-7f78a31b8000 r--p 00008000 08:02 16122522                   /usr/lib/x86_64-linux-gnu/libXcursor.so.1.0.2
7f78a31b8000-7f78a31b9000 rw-p 00009000 08:02 16122522                   /usr/lib/x86_64-linux-gnu/libXcursor.so.1.0.2
7f78a31b9000-7f78a31c2000 r-xp 00000000 08:02 16129900                   /usr/lib/x86_64-linux-gnu/libXrender.so.1.3.0
7f78a31c2000-7f78a33c1000 ---p 00009000 08:02 16129900                   /usr/lib/x86_64-linux-gnu/libXrender.so.1.3.0
7f78a33c1000-7f78a33c2000 r--p 00008000 08:02 16129900                   /usr/lib/x86_64-linux-gnu/libXrender.so.1.3.0
7f78a33c2000-7f78a33c3000 rw-p 00009000 08:02 16129900                   /usr/lib/x86_64-linux-gnu/libXrender.so.1.3.0
7f78a33c3000-7f78a33cd000 r-xp 00000000 08:02 16129898                   /usr/lib/x86_64-linux-gnu/libXrandr.so.2.2.0
7f78a33cd000-7f78a35cc000 ---p 0000a000 08:02 16129898                   /usr/lib/x86_64-linux-gnu/libXrandr.so.2.2.0
7f78a35cc000-7f78a35cd000 r--p 00009000 08:02 16129898                   /usr/lib/x86_64-linux-gnu/libXrandr.so.2.2.0
7f78a35cd000-7f78a35ce000 rw-p 0000a000 08:02 16129898                   /usr/lib/x86_64-linux-gnu/libXrandr.so.2.2.0
7f78a35ce000-7f78a35dd000 r-xp 00000000 08:02 16129888                   /usr/lib/x86_64-linux-gnu/libXi.so.6.1.0
7f78a35dd000-7f78a37dc000 ---p 0000f000 08:02 16129888                   /usr/lib/x86_64-linux-gnu/libXi.so.6.1.0
7f78a37dc000-7f78a37dd000 r--p 0000e000 08:02 16129888                   /usr/lib/x86_64-linux-gnu/libXi.so.6.1.0
7f78a37dd000-7f78a37de000 rw-p 0000f000 08:02 16129888                   /usr/lib/x86_64-linux-gnu/libXi.so.6.1.0
7f78a37de000-7f78a37ef000 r-xp 00000000 08:02 16129878                   /usr/lib/x86_64-linux-gnu/libXext.so.6.4.0
7f78a37ef000-7f78a39ee000 ---p 00011000 08:02 16129878                   /usr/lib/x86_64-linux-gnu/libXext.so.6.4.0
7f78a39ee000-7f78a39ef000 r--p 00010000 08:02 16129878                   /usr/lib/x86_64-linux-gnu/libXext.so.6.4.0
7f78a39ef000-7f78a39f0000 rw-p 00011000 08:02 16129878                   /usr/lib/x86_64-linux-gnu/libXext.so.6.4.0
7f78a39f0000-7f78a39f5000 r-xp 00000000 08:02 16129916                   /usr/lib/x86_64-linux-gnu/libXxf86vm.so.1.0.0
7f78a39f5000-7f78a3bf4000 ---p 00005000 08:02 16129916                   /usr/lib/x86_64-linux-gnu/libXxf86vm.so.1.0.0
7f78a3bf4000-7f78a3bf5000 r--p 00004000 08:02 16129916                   /usr/lib/x86_64-linux-gnu/libXxf86vm.so.1.0.0
7f78a3bf5000-7f78a3bf6000 rw-p 00005000 08:02 16129916                   /usr/lib/x86_64-linux-gnu/libXxf86vm.so.1.0.0
7f78a3bf6000-7f78a3bfb000 r-xp 00000000 08:02 16129876                   /usr/lib/x86_64-linux-gnu/libXdmcp.so.6.0.0
7f78a3bfb000-7f78a3dfa000 ---p 00005000 08:02 16129876                   /usr/lib/x86_64-linux-gnu/libXdmcp.so.6.0.0
7f78a3dfa000-7f78a3dfb000 r--p 00004000 08:02 16129876                   /usr/lib/x86_64-linux-gnu/libXdmcp.so.6.0.0
7f78a3dfb000-7f78a3dfc000 rw-p 00005000 08:02 16129876                   /usr/lib/x86_64-linux-gnu/libXdmcp.so.6.0.0
7f78a3dfc000-7f78a3dfe000 r-xp 00000000 08:02 16129865                   /usr/lib/x86_64-linux-gnu/libXau.so.6.0.0
7f78a3dfe000-7f78a3ffe000 ---p 00002000 08:02 16129865                   /usr/lib/x86_64-linux-gnu/libXau.so.6.0.0
7f78a3ffe000-7f78a3fff000 r--p 00002000 08:02 16129865                   /usr/lib/x86_64-linux-gnu/libXau.so.6.0.0
7f78a3fff000-7f78a4000000 rw-p 00003000 08:02 16129865                   /usr/lib/x86_64-linux-gnu/libXau.so.6.0.0
7f78a4000000-7f78a4021000 rw-p 00000000 00:00 0 
7f78a4021000-7f78a8000000 ---p 00000000 00:00 0 
7f78a8000000-7f78a8021000 rw-p 00000000 00:00 0 
7f78a8021000-7f78ac000000 ---p 00000000 00:00 0 
7f78ac000000-7f78ac305000 rw-p 00000000 00:00 0 
7f78ac305000-7f78b0000000 ---p 00000000 00:00 0 
7f78b0000000-7f78b029e000 rw-p 00000000 00:00 0 
7f78b029e000-7f78b4000000 ---p 00000000 00:00 0 
7f78b4000000-7f78b4021000 rw-p 00000000 00:00 0 
7f78b4021000-7f78b8000000 ---p 00000000 00:00 0 
7f78b8000000-7f78b8304000 rw-p 00000000 00:00 0 
7f78b8304000-7f78bc000000 ---p 00000000 00:00 0 
7f78bc000000-7f78bc021000 rw-p 00000000 00:00 0 
7f78bc021000-7f78c0000000 ---p 00000000 00:00 0 
7f78c0000000-7f78c0021000 rw-p 00000000 00:00 0 
7f78c0021000-7f78c4000000 ---p 00000000 00:00 0 
7f78c4000000-7f78c4021000 rw-p 00000000 00:00 0 
7f78c4021000-7f78c8000000 ---p 00000000 00:00 0 
7f78c8000000-7f78c8021000 rw-p 00000000 00:00 0 
7f78c8021000-7f78cc000000 ---p 00000000 00:00 0 
7f78cc000000-7f78cc021000 rw-p 00000000 00:00 0 
7f78cc021000-7f78d0000000 ---p 00000000 00:00 0 
7f78d0000000-7f78d0021000 rw-p 00000000 00:00 0 
7f78d0021000-7f78d4000000 ---p 00000000 00:00 0 
7f78d4000000-7f78d4021000 rw-p 00000000 00:00 0 
7f78d4021000-7f78d8000000 ---p 00000000 00:00 0 
7f78d8000000-7f78d8021000 rw-p 00000000 00:00 0 
7f78d8021000-7f78dc000000 ---p 00000000 00:00 0 
7f78dc000000-7f78dc021000 rw-p 00000000 00:00 0 
7f78dc021000-7f78e0000000 ---p 00000000 00:00 0 
7f78e01fe000-7f78e021f000 r-xp 00000000 08:02 16131283                   /usr/lib/x86_64-linux-gnu/libxcb.so.1.1.0
7f78e021f000-7f78e041e000 ---p 00021000 08:02 16131283                   /usr/lib/x86_64-linux-gnu/libxcb.so.1.1.0
7f78e041e000-7f78e041f000 r--p 00020000 08:02 16131283                   /usr/lib/x86_64-linux-gnu/libxcb.so.1.1.0
7f78e041f000-7f78e0420000 rw-p 00021000 08:02 16131283                   /usr/lib/x86_64-linux-gnu/libxcb.so.1.1.0
7f78e0420000-7f78e0555000 r-xp 00000000 08:02 16127219                   /usr/lib/x86_64-linux-gnu/libX11.so.6.3.0
7f78e0555000-7f78e0755000 ---p 00135000 08:02 16127219                   /usr/lib/x86_64-linux-gnu/libX11.so.6.3.0
7f78e0755000-7f78e0756000 r--p 00135000 08:02 16127219                   /usr/lib/x86_64-linux-gnu/libX11.so.6.3.0
7f78e0756000-7f78e075a000 rw-p 00136000 08:02 16127219                   /usr/lib/x86_64-linux-gnu/libX11.so.6.3.0
7f78e075a000-7f78e079c000 r-xp 00000000 08:02 4849815                    /tmp/lwjglalvaro/3.2.0-build-12/libglfw.so
7f78e079c000-7f78e099b000 ---p 00042000 08:02 4849815                    /tmp/lwjglalvaro/3.2.0-build-12/libglfw.so
7f78e099b000-7f78e099c000 r--p 00041000 08:02 4849815                    /tmp/lwjglalvaro/3.2.0-build-12/libglfw.so
7f78e099c000-7f78e099e000 rw-p 00042000 08:02 4849815                    /tmp/lwjglalvaro/3.2.0-build-12/libglfw.so
7f78e099e000-7f78e09bf000 rw-p 00000000 00:00 0 
7f78e09bf000-7f78e0a17000 r-xp 00000000 08:02 4849813                    /tmp/lwjglalvaro/3.2.0-build-12/liblwjgl.so
7f78e0a17000-7f78e0c16000 ---p 00058000 08:02 4849813                    /tmp/lwjglalvaro/3.2.0-build-12/liblwjgl.so
7f78e0c16000-7f78e0c17000 r--p 00057000 08:02 4849813                    /tmp/lwjglalvaro/3.2.0-build-12/liblwjgl.so
7f78e0c17000-7f78e0c18000 rw-p 00058000 08:02 4849813                    /tmp/lwjglalvaro/3.2.0-build-12/liblwjgl.so
7f78e0c18000-7f78e3c19000 rw-p 00000000 00:00 0 
7f78e3c19000-7f78e3c30000 r-xp 00000000 08:02 16279654                   /usr/lib/jvm/java-8-openjdk-amd64/jre/lib/amd64/libnet.so
7f78e3c30000-7f78e3e2f000 ---p 00017000 08:02 16279654                   /usr/lib/jvm/java-8-openjdk-amd64/jre/lib/amd64/libnet.so
7f78e3e2f000-7f78e3e30000 r--p 00016000 08:02 16279654                   /usr/lib/jvm/java-8-openjdk-amd64/jre/lib/amd64/libnet.so
7f78e3e30000-7f78e3e31000 rw-p 00017000 08:02 16279654                   /usr/lib/jvm/java-8-openjdk-amd64/jre/lib/amd64/libnet.so
7f78e3e31000-7f78e4000000 r--s 03c33000 08:02 16264145                   /usr/lib/jvm/java-8-openjdk-amd64/jre/lib/rt.jar
7f78e4000000-7f78e4021000 rw-p 00000000 00:00 0 
7f78e4021000-7f78e8000000 ---p 00000000 00:00 0 
7f78e8149000-7f78e816e000 r--p 00000000 08:02 17961138                   /usr/share/locale-langpack/es/LC_MESSAGES/libc.mo
7f78e816e000-7f78e8175000 r--s 00000000 08:02 16386989                   /usr/lib/x86_64-linux-gnu/gconv/gconv-modules.cache
7f78e81b9000-7f78e81bc000 r-xp 00000000 00:00 0 
7f78e81bc000-7f78e81c0000 rw-s 00000000 00:19 394                        /i915 (deleted)
7f78e81c0000-7f78e81c5000 rw-s 00000000 00:19 393                        /i915 (deleted)
7f78e81c5000-7f78e81c6000 rw-s 00000000 00:05 35893                      /memfd:xshmfence (deleted)
7f78e81c6000-7f78e81ca000 rw-s 00000000 00:19 385                        /i915 (deleted)
7f78e81ca000-7f78e81ce000 rw-s 00000000 00:19 383                        /i915 (deleted)
7f78e81ce000-7f78e81d3000 rw-s 00000000 00:19 382                        /i915 (deleted)
7f78e81d3000-7f78e81f2000 r--s 00213000 08:02 8658339                    /home/alvaro/git/GameEngine/game/library/lwjglx-debug-1.0.0.jar
7f78e81f2000-7f78e81f5000 r--s 00053000 08:02 8658341                    /home/alvaro/git/GameEngine/game/library/lwjglx-debug-1.0.0-sources.jar
7f78e81f5000-7f78e81f9000 r--s 0005c000 08:02 8658340                    /home/alvaro/git/GameEngine/game/library/lwjglx-debug-1.0.0-javadoc.jar
7f78e81f9000-7f78e81fb000 r--s 0000c000 08:02 8658335                    /home/alvaro/git/GameEngine/game/library/lwjgl-vma.jar
7f78e81fb000-7f78e81fd000 r--s 0000e000 08:02 8658338                    /home/alvaro/git/GameEngine/game/library/lwjgl-vma-sources.jar
7f78e81fd000-7f78e81fe000 r--s 00009000 08:02 8658337                    /home/alvaro/git/GameEngine/game/library/lwjgl-vma-natives-linux.jar
7f78e81fe000-7f78e8200000 r--s 00083000 08:02 8658336                    /home/alvaro/git/GameEngine/game/library/lwjgl-vma-javadoc.jar
7f78e8200000-7f78e8203000 r--s 00095000 08:02 8658332                    /home/alvaro/git/GameEngine/game/library/joml-1.9.11.jar
7f78e8203000-7f78e8205000 r--s 00098000 08:02 8658334                    /home/alvaro/git/GameEngine/game/library/joml-1.9.11-sources.jar
7f78e8205000-7f78e820a000 r--s 0018a000 08:02 8658333                    /home/alvaro/git/GameEngine/game/library/joml-1.9.11-javadoc.jar
7f78e820a000-7f78e821b000 r-xp 00000000 08:02 16279711                   /usr/lib/jvm/java-8-openjdk-amd64/jre/lib/amd64/libnio.so
7f78e821b000-7f78e841b000 ---p 00011000 08:02 16279711                   /usr/lib/jvm/java-8-openjdk-amd64/jre/lib/amd64/libnio.so
7f78e841b000-7f78e841c000 r--p 00011000 08:02 16279711                   /usr/lib/jvm/java-8-openjdk-amd64/jre/lib/amd64/libnio.so
7f78e841c000-7f78e841d000 rw-p 00012000 08:02 16279711                   /usr/lib/jvm/java-8-openjdk-amd64/jre/lib/amd64/libnio.so
7f78e841d000-7f78e8422000 r--s 00048000 08:02 8658331                    /home/alvaro/git/GameEngine/game/library/lwjgl.jar
7f78e8422000-7f78e8424000 r--s 0000a000 08:02 8658327                    /home/alvaro/git/GameEngine/game/library/lwjgl-zstd.jar
7f78e8424000-7f78e8425000 r--s 0000b000 08:02 8658326                    /home/alvaro/git/GameEngine/game/library/lwjgl-zstd-sources.jar
7f78e8425000-7f78e8426000 r--s 00030000 08:02 8658325                    /home/alvaro/git/GameEngine/game/library/lwjgl-zstd-natives-linux.jar
7f78e8426000-7f78e8428000 r--s 0007d000 08:02 8658324                    /home/alvaro/git/GameEngine/game/library/lwjgl-zstd-javadoc.jar
7f78e8428000-7f78e842a000 r--s 0000d000 08:02 8658323                    /home/alvaro/git/GameEngine/game/library/lwjgl-yoga.jar
7f78e842a000-7f78e842c000 r--s 00009000 08:02 8658322                    /home/alvaro/git/GameEngine/game/library/lwjgl-yoga-sources.jar
7f78e842c000-7f78e842d000 r--s 0000d000 08:02 8658321                    /home/alvaro/git/GameEngine/game/library/lwjgl-yoga-natives-linux.jar
7f78e842d000-7f78e842f000 r--s 00080000 08:02 8658320                    /home/alvaro/git/GameEngine/game/library/lwjgl-yoga-javadoc.jar
7f78e842f000-7f78e8430000 r--s 00005000 08:02 8658319                    /home/alvaro/git/GameEngine/game/library/lwjgl-xxhash.jar
7f78e8430000-7f78e8431000 r--s 00003000 08:02 8658318                    /home/alvaro/git/GameEngine/game/library/lwjgl-xxhash-sources.jar
7f78e8431000-7f78e8432000 r--s 00001000 08:02 8658317                    /home/alvaro/git/GameEngine/game/library/lwjgl-xxhash-natives-linux.jar
7f78e8432000-7f78e8434000 r--s 00065000 08:02 8658316                    /home/alvaro/git/GameEngine/game/library/lwjgl-xxhash-javadoc.jar
7f78e8434000-7f78e844c000 r--s 001b8000 08:02 8658315                    /home/alvaro/git/GameEngine/game/library/lwjgl-vulkan.jar
7f78e844c000-7f78e845a000 r--s 001a1000 08:02 8658314                    /home/alvaro/git/GameEngine/game/library/lwjgl-vulkan-sources.jar
7f78e845a000-7f78e8472000 r--s 0062a000 08:02 8658313                    /home/alvaro/git/GameEngine/game/library/lwjgl-vulkan-javadoc.jar
7f78e8472000-7f78e8473000 r--s 00001000 08:02 8658312                    /home/alvaro/git/GameEngine/game/library/lwjgl-tootle.jar
7f78e8473000-7f78e8474000 r--s 00002000 08:02 8658311                    /home/alvaro/git/GameEngine/game/library/lwjgl-tootle-sources.jar
7f78e8474000-7f78e8475000 r--s 0000d000 08:02 8658310                    /home/alvaro/git/GameEngine/game/library/lwjgl-tootle-natives-linux.jar
7f78e8475000-7f78e8478000 r--s 0005a000 08:02 8658309                    /home/alvaro/git/GameEngine/game/library/lwjgl-tootle-javadoc.jar
7f78e8478000-7f78e8479000 r--s 00001000 08:02 8658307                    /home/alvaro/git/GameEngine/game/library/lwjgl-tinyfd.jar
7f78e8479000-7f78e847a000 r--s 00001000 08:02 8658308                    /home/alvaro/git/GameEngine/game/library/lwjgl-tinyfd-sources.jar
7f78e847a000-7f78e847b000 r--s 00009000 08:02 8658306                    /home/alvaro/git/GameEngine/game/library/lwjgl-tinyfd-natives-linux.jar
7f78e847b000-7f78e847d000 r--s 00059000 08:02 8658305                    /home/alvaro/git/GameEngine/game/library/lwjgl-tinyfd-javadoc.jar
7f78e847d000-7f78e847e000 r--s 0000a000 08:02 8658304                    /home/alvaro/git/GameEngine/game/library/lwjgl-tinyexr.jar
7f78e847e000-7f78e8480000 r--s 00006000 08:02 8658303                    /home/alvaro/git/GameEngine/game/library/lwjgl-tinyexr-sources.jar
7f78e8480000-7f78e8482000 r--s 0000d000 08:02 8658302                    /home/alvaro/git/GameEngine/game/library/lwjgl-tinyexr-natives-linux.jar
7f78e8482000-7f78e8484000 r--s 00073000 08:02 8658301                    /home/alvaro/git/GameEngine/game/library/lwjgl-tinyexr-javadoc.jar
7f78e8484000-7f78e8486000 r--s 00018000 08:02 8658300                    /home/alvaro/git/GameEngine/game/library/lwjgl-stb.jar
7f78e8486000-7f78e8488000 r--s 00016000 08:02 8658298                    /home/alvaro/git/GameEngine/game/library/lwjgl-stb-sources.jar
7f78e8488000-7f78e8489000 r--s 00030000 08:02 8658299                    /home/alvaro/git/GameEngine/game/library/lwjgl-stb-natives-linux.jar
7f78e8489000-7f78e848c000 r--s 000a6000 08:02 8658297                    /home/alvaro/git/GameEngine/game/library/lwjgl-stb-javadoc.jar
7f78e848c000-7f78e848e000 r--s 00000000 08:02 8658296                    /home/alvaro/git/GameEngine/game/library/lwjgl-sse.jar
7f78e848e000-7f78e8490000 r--s 00000000 08:02 8658295                    /home/alvaro/git/GameEngine/game/library/lwjgl-sse-sources.jar
7f78e8490000-7f78e8491000 r--s 00000000 08:02 8658294                    /home/alvaro/git/GameEngine/game/library/lwjgl-sse-natives-linux.jar
7f78e8491000-7f78e8493000 r--s 00059000 08:02 8658293                    /home/alvaro/git/GameEngine/game/library/lwjgl-sse-javadoc.jar
7f78e8493000-7f78e8496000 r--s 0003a000 08:02 8658329                    /home/alvaro/git/GameEngine/game/library/lwjgl-sources.jar
7f78e8496000-7f78e8498000 r--s 00004000 08:02 8658292                    /home/alvaro/git/GameEngine/game/library/lwjgl-rpmalloc.jar
7f78e8498000-7f78e849a000 r--s 00003000 08:02 8658291                    /home/alvaro/git/GameEngine/game/library/lwjgl-rpmalloc-sources.jar
7f78e849a000-7f78e849b000 r--s 00002000 08:02 8658290                    /home/alvaro/git/GameEngine/game/library/lwjgl-rpmalloc-natives-linux.jar
7f78e849b000-7f78e849d000 r--s 00065000 08:02 8658289                    /home/alvaro/git/GameEngine/game/library/lwjgl-rpmalloc-javadoc.jar
7f78e849d000-7f78e849e000 r--s 00005000 08:02 8658288                    /home/alvaro/git/GameEngine/game/library/lwjgl-remotery.jar
7f78e849e000-7f78e84a0000 r--s 00003000 08:02 8658287                    /home/alvaro/git/GameEngine/game/library/lwjgl-remotery-sources.jar
7f78e84a0000-7f78e84a1000 r--s 00006000 08:02 8658286                    /home/alvaro/git/GameEngine/game/library/lwjgl-remotery-natives-linux.jar
7f78e84a1000-7f78e84a3000 r--s 00065000 08:02 8658285                    /home/alvaro/git/GameEngine/game/library/lwjgl-remotery-javadoc.jar
7f78e84a3000-7f78e84a4000 r--s 00002000 08:02 8658284                    /home/alvaro/git/GameEngine/game/library/lwjgl-par.jar
7f78e84a4000-7f78e84a6000 r--s 00001000 08:02 8658283                    /home/alvaro/git/GameEngine/game/library/lwjgl-par-sources.jar
7f78e84a6000-7f78e84a7000 r--s 00005000 08:02 8658282                    /home/alvaro/git/GameEngine/game/library/lwjgl-par-natives-linux.jar
7f78e84a7000-7f78e84a9000 r--s 0005d000 08:02 8658281                    /home/alvaro/git/GameEngine/game/library/lwjgl-par-javadoc.jar
7f78e84a9000-7f78e84ae000 r--s 0005c000 08:02 8658280                    /home/alvaro/git/GameEngine/game/library/lwjgl-openvr.jar
7f78e84ae000-7f78e84b2000 r--s 00042000 08:02 8658279                    /home/alvaro/git/GameEngine/game/library/lwjgl-openvr-sources.jar
7f78e84b2000-7f78e84b3000 r--s 0001d000 08:02 8658278                    /home/alvaro/git/GameEngine/game/library/lwjgl-openvr-natives-linux.jar
7f78e84b3000-7f78e84ba000 r--s 00177000 08:02 8658277                    /home/alvaro/git/GameEngine/game/library/lwjgl-openvr-javadoc.jar
7f78e84ba000-7f78e84c1000 r--s 0004f000 08:02 8658276                    /home/alvaro/git/GameEngine/game/library/lwjgl-opengles.jar
7f78e84c1000-7f78e84c7000 r--s 0005e000 08:02 8658275                    /home/alvaro/git/GameEngine/game/library/lwjgl-opengles-sources.jar
7f78e84c7000-7f78e84c8000 r--s 00008000 08:02 8658274                    /home/alvaro/git/GameEngine/game/library/lwjgl-opengles-natives-linux.jar
7f78e84c8000-7f78e84cf000 r--s 0018b000 08:02 8658273                    /home/alvaro/git/GameEngine/game/library/lwjgl-opengles-javadoc.jar
7f78e84cf000-7f78e84da000 r--s 000d7000 08:02 8658272                    /home/alvaro/git/GameEngine/game/library/lwjgl-opengl.jar
7f78e84da000-7f78e84e4000 r--s 00125000 08:02 8658271                    /home/alvaro/git/GameEngine/game/library/lwjgl-opengl-sources.jar
7f78e84e4000-7f78e84e5000 r--s 00012000 08:02 8658270                    /home/alvaro/git/GameEngine/game/library/lwjgl-opengl-natives-linux.jar
7f78e84e5000-7f78e84f1000 r--s 00413000 08:02 8658268                    /home/alvaro/git/GameEngine/game/library/lwjgl-opengl-javadoc.jar
7f78e84f1000-7f78e84f4000 r--s 00027000 08:02 8658269                    /home/alvaro/git/GameEngine/game/library/lwjgl-opencl.jar
7f78e84f4000-7f78e84f8000 r--s 00035000 08:02 8658267                    /home/alvaro/git/GameEngine/game/library/lwjgl-opencl-sources.jar
7f78e84f8000-7f78e84fc000 r--s 000ee000 08:02 8658266                    /home/alvaro/git/GameEngine/game/library/lwjgl-opencl-javadoc.jar
7f78e84fc000-7f78e84ff000 r--s 00011000 08:02 8658265                    /home/alvaro/git/GameEngine/game/library/lwjgl-openal.jar
7f78e84ff000-7f78e8501000 r--s 00011000 08:02 8658264                    /home/alvaro/git/GameEngine/game/library/lwjgl-openal-sources.jar
7f78e8501000-7f78e8502000 r--s 00073000 08:02 8658263                    /home/alvaro/git/GameEngine/game/library/lwjgl-openal-natives-linux.jar
7f78e8502000-7f78e8505000 r--s 00094000 08:02 8658262                    /home/alvaro/git/GameEngine/game/library/lwjgl-openal-javadoc.jar
7f78e8505000-7f78e8507000 r--s 00015000 08:02 8658261                    /home/alvaro/git/GameEngine/game/library/lwjgl-odbc.jar
7f78e8507000-7f78e8509000 r--s 00012000 08:02 8658260                    /home/alvaro/git/GameEngine/game/library/lwjgl-odbc-sources.jar
7f78e8509000-7f78e850c000 r--s 000aa000 08:02 8658259                    /home/alvaro/git/GameEngine/game/library/lwjgl-odbc-javadoc.jar
7f78e850c000-7f78e8512000 r--s 00064000 08:02 8658258                    /home/alvaro/git/GameEngine/game/library/lwjgl-nuklear.jar
7f78e8512000-7f78e8516000 r--s 00041000 08:02 8658257                    /home/alvaro/git/GameEngine/game/library/lwjgl-nuklear-sources.jar
7f78e8516000-7f78e8517000 r--s 00025000 08:02 8658256                    /home/alvaro/git/GameEngine/game/library/lwjgl-nuklear-natives-linux.jar
7f78e8517000-7f78e851c000 r--s 00158000 08:02 8658255                    /home/alvaro/git/GameEngine/game/library/lwjgl-nuklear-javadoc.jar
7f78e851c000-7f78e851e000 r--s 00001000 08:02 8658254                    /home/alvaro/git/GameEngine/game/library/lwjgl-nfd.jar
7f78e851e000-7f78e851f000 r--s 00001000 08:02 8658253                    /home/alvaro/git/GameEngine/game/library/lwjgl-nfd-sources.jar
7f78e851f000-7f78e8520000 r--s 00001000 08:02 8658252                    /home/alvaro/git/GameEngine/game/library/lwjgl-nfd-natives-linux.jar
7f78e8520000-7f78e8522000 r--s 0005b000 08:02 8658251                    /home/alvaro/git/GameEngine/game/library/lwjgl-nfd-javadoc.jar
7f78e8522000-7f78e8523000 r--s 00014000 08:02 8658330                    /home/alvaro/git/GameEngine/game/library/lwjgl-natives-linux.jar
7f78e8523000-7f78e8525000 r--s 0000e000 08:02 8658250                    /home/alvaro/git/GameEngine/game/library/lwjgl-nanovg.jar
7f78e8525000-7f78e8526000 r--s 0000c000 08:02 8658248                    /home/alvaro/git/GameEngine/game/library/lwjgl-nanovg-sources.jar
7f78e8526000-7f78e8527000 r--s 0002d000 08:02 8658249                    /home/alvaro/git/GameEngine/game/library/lwjgl-nanovg-natives-linux.jar
7f78e8527000-7f78e852a000 r--s 00083000 08:02 8658247                    /home/alvaro/git/GameEngine/game/library/lwjgl-nanovg-javadoc.jar
7f78e852a000-7f78e852c000 r--s 0000b000 08:02 8658246                    /home/alvaro/git/GameEngine/game/library/lwjgl-lz4.jar
7f78e852c000-7f78e852e000 r--s 0000a000 08:02 8658244                    /home/alvaro/git/GameEngine/game/library/lwjgl-lz4-sources.jar
7f78e852e000-7f78e8530000 r--s 0000e000 08:02 8658245                    /home/alvaro/git/GameEngine/game/library/lwjgl-lz4-natives-linux.jar
7f78e8530000-7f78e8532000 r--s 0007c000 08:02 8658243                    /home/alvaro/git/GameEngine/game/library/lwjgl-lz4-javadoc.jar
7f78e8532000-7f78e8534000 r--s 00006000 08:02 8658242                    /home/alvaro/git/GameEngine/game/library/lwjgl-lmdb.jar
7f78e8534000-7f78e8536000 r--s 00008000 08:02 8658241                    /home/alvaro/git/GameEngine/game/library/lwjgl-lmdb-sources.jar
7f78e8536000-7f78e8537000 r--s 0000e000 08:02 8658240                    /home/alvaro/git/GameEngine/game/library/lwjgl-lmdb-natives-linux.jar
7f78e8537000-7f78e853a000 r--s 0006e000 08:02 8658239                    /home/alvaro/git/GameEngine/game/library/lwjgl-lmdb-javadoc.jar
7f78e853a000-7f78e853c000 r--s 00008000 08:02 8658238                    /home/alvaro/git/GameEngine/game/library/lwjgl-jemalloc.jar
7f78e853c000-7f78e853d000 r--s 00007000 08:02 8658237                    /home/alvaro/git/GameEngine/game/library/lwjgl-jemalloc-sources.jar
7f78e853d000-7f78e853e000 r--s 00022000 08:02 8658236                    /home/alvaro/git/GameEngine/game/library/lwjgl-jemalloc-natives-linux.jar
7f78e853e000-7f78e8541000 r--s 0006f000 08:02 8658235                    /home/alvaro/git/GameEngine/game/library/lwjgl-jemalloc-javadoc.jar
7f78e8541000-7f78e8542000 r--s 00005000 08:02 8658234                    /home/alvaro/git/GameEngine/game/library/lwjgl-jawt.jar
7f78e8542000-7f78e8543000 r--s 00004000 08:02 8658233                    /home/alvaro/git/GameEngine/game/library/lwjgl-jawt-sources.jar
7f78e8543000-7f78e8546000 r--s 00068000 08:02 8658232                    /home/alvaro/git/GameEngine/game/library/lwjgl-jawt-javadoc.jar
7f78e8546000-7f78e854b000 r--s 00136000 08:02 8658328                    /home/alvaro/git/GameEngine/game/library/lwjgl-javadoc.jar
7f78e854b000-7f78e854f000 r--s 00019000 08:02 8658231                    /home/alvaro/git/GameEngine/game/library/lwjgl-glfw.jar
7f78e854f000-7f78e8551000 r--s 00017000 08:02 8658230                    /home/alvaro/git/GameEngine/game/library/lwjgl-glfw-sources.jar
7f78e8551000-7f78e8552000 r--s 00025000 08:02 8658229                    /home/alvaro/git/GameEngine/game/library/lwjgl-glfw-natives-linux.jar
7f78e8552000-7f78e8556000 r--s 000a7000 08:02 8658228                    /home/alvaro/git/GameEngine/game/library/lwjgl-glfw-javadoc.jar
7f78e8556000-7f78e855a000 r--s 0001f000 08:02 8658227                    /home/alvaro/git/GameEngine/game/library/lwjgl-egl.jar
7f78e855a000-7f78e855e000 r--s 00023000 08:02 8658226                    /home/alvaro/git/GameEngine/game/library/lwjgl-egl-sources.jar
7f78e855e000-7f78e8563000 r--s 000d6000 08:02 8658225                    /home/alvaro/git/GameEngine/game/library/lwjgl-egl-javadoc.jar
7f78e8563000-7f78e8567000 r--s 00025000 08:02 8658222                    /home/alvaro/git/GameEngine/game/library/lwjgl-bgfx.jar
7f78e8567000-7f78e8569000 r--s 0001f000 08:02 8658223                    /home/alvaro/git/GameEngine/game/library/lwjgl-bgfx-sources.jar
7f78e8569000-7f78e856a000 r--s 00050000 08:02 8658224                    /home/alvaro/git/GameEngine/game/library/lwjgl-bgfx-natives-linux.jar
7f78e856a000-7f78e856d000 r--s 000c9000 08:02 8658221                    /home/alvaro/git/GameEngine/game/library/lwjgl-bgfx-javadoc.jar
7f78e856d000-7f78e8570000 r--s 00030000 08:02 8658218                    /home/alvaro/git/GameEngine/game/library/lwjgl-assimp.jar
7f78e8570000-7f78e8572000 r--s 00029000 08:02 8658219                    /home/alvaro/git/GameEngine/game/library/lwjgl-assimp-sources.jar
7f78e8572000-7f78e8576000 r--s 000f0000 08:02 8658217                    /home/alvaro/git/GameEngine/game/library/lwjgl-assimp-javadoc.jar
7f78e8576000-7f78e857b000 r--s 002f9000 08:02 16261264                   /usr/lib/jvm/java-8-openjdk-amd64/jre/lib/charsets.jar
7f78e857b000-7f78e8580000 r--s 000a0000 08:02 16279715                   /usr/lib/jvm/java-8-openjdk-amd64/jre/lib/jsse.jar
7f78e8580000-7f78e8593000 r--s 00346000 08:02 16279714                   /usr/lib/jvm/java-8-openjdk-amd64/jre/lib/resources.jar
7f78e8593000-7f78e85ae000 r--s 001d6000 08:02 16261274                   /usr/lib/jvm/java-8-openjdk-amd64/jre/lib/ext/nashorn.jar
7f78e85ae000-7f78e85b8000 r--s 00116000 08:02 16264125                   /usr/lib/jvm/java-8-openjdk-amd64/jre/lib/ext/localedata.jar
7f78e85b8000-7f78e85be000 r--s 0003b000 08:02 16264121                   /usr/lib/jvm/java-8-openjdk-amd64/jre/lib/ext/sunjce_provider.jar
7f78e85be000-7f78e85bf000 ---p 00000000 00:00 0 
7f78e85bf000-7f78e86bf000 rw-p 00000000 00:00 0 
7f78e86bf000-7f78e86c2000 ---p 00000000 00:00 0 
7f78e86c2000-7f78e87c0000 rw-p 00000000 00:00 0 
7f78e87c0000-7f78e87c3000 ---p 00000000 00:00 0 
7f78e87c3000-7f78e88c1000 rw-p 00000000 00:00 0 
7f78e88c1000-7f78e88c4000 ---p 00000000 00:00 0 
7f78e88c4000-7f78e89c2000 rw-p 00000000 00:00 0 
7f78e89c2000-7f78e89c5000 ---p 00000000 00:00 0 
7f78e89c5000-7f78e8ac3000 rw-p 00000000 00:00 0 
7f78e8ac3000-7f78e8ac6000 ---p 00000000 00:00 0 
7f78e8ac6000-7f78e8bc4000 rw-p 00000000 00:00 0 
7f78e8bc4000-7f78e8bc7000 ---p 00000000 00:00 0 
7f78e8bc7000-7f78e8cc5000 rw-p 00000000 00:00 0 
7f78e8cc5000-7f78e8cc8000 ---p 00000000 00:00 0 
7f78e8cc8000-7f78e8dc6000 rw-p 00000000 00:00 0 
7f78e8dc6000-7f78e8dca000 r-xp 00000000 08:02 16279672                   /usr/lib/jvm/java-8-openjdk-amd64/jre/lib/amd64/libdt_socket.so
7f78e8dca000-7f78e8fc9000 ---p 00004000 08:02 16279672                   /usr/lib/jvm/java-8-openjdk-amd64/jre/lib/amd64/libdt_socket.so
7f78e8fc9000-7f78e8fca000 r--p 00003000 08:02 16279672                   /usr/lib/jvm/java-8-openjdk-amd64/jre/lib/amd64/libdt_socket.so
7f78e8fca000-7f78e8fcb000 rw-p 00004000 08:02 16279672                   /usr/lib/jvm/java-8-openjdk-amd64/jre/lib/amd64/libdt_socket.so
7f78e8fcb000-7f78e8fce000 ---p 00000000 00:00 0 
7f78e8fce000-7f78e90cc000 rw-p 00000000 00:00 0 
7f78e90cc000-7f78e90cf000 ---p 00000000 00:00 0 
7f78e90cf000-7f78e91cd000 rw-p 00000000 00:00 0 
7f78e91cd000-7f78e91d0000 ---p 00000000 00:00 0 
7f78e91d0000-7f78e92ce000 rw-p 00000000 00:00 0 
7f78e92ce000-7f78e92cf000 ---p 00000000 00:00 0 
7f78e92cf000-7f78ea958000 rw-p 00000000 00:00 0 
7f78ea958000-7f78eabd8000 ---p 00000000 00:00 0 
7f78eabd8000-7f78ecbfc000 rw-p 00000000 00:00 0 
7f78ecbfc000-7f78ecbfd000 ---p 00000000 00:00 0 
7f78ecbfd000-7f78eccfd000 rw-p 00000000 00:00 0 
7f78eccfd000-7f78eccfe000 ---p 00000000 00:00 0 
7f78eccfe000-7f78ecdfe000 rw-p 00000000 00:00 0 
7f78ecdfe000-7f78ecdff000 ---p 00000000 00:00 0 
7f78ecdff000-7f78eceff000 rw-p 00000000 00:00 0 
7f78eceff000-7f78ecf00000 ---p 00000000 00:00 0 
7f78ecf00000-7f78ed000000 rw-p 00000000 00:00 0 
7f78ed000000-7f78ed2c0000 rwxp 00000000 00:00 0 
7f78ed2c0000-7f78fc000000 ---p 00000000 00:00 0 
7f78fc000000-7f78fc924000 rw-p 00000000 00:00 0 
7f78fc924000-7f7900000000 ---p 00000000 00:00 0 
7f7900000000-7f7900001000 r--s 00322000 08:02 8658220                    /home/alvaro/git/GameEngine/game/library/lwjgl-assimp-natives-linux.jar
7f7900001000-7f7900003000 r--s 00016000 08:02 16264133                   /usr/lib/jvm/java-8-openjdk-amd64/jre/lib/jce.jar
7f7900003000-7f7900004000 r--s 00010000 08:02 16264109                   /usr/lib/jvm/java-8-openjdk-amd64/jre/lib/ext/zipfs.jar
7f7900004000-7f790001f000 r--s 00394000 08:02 16264119                   /usr/lib/jvm/java-8-openjdk-amd64/jre/lib/ext/cldrdata.jar
7f790001f000-7f7900055000 rw-p 00000000 00:00 0 
7f7900055000-7f7900183000 ---p 00000000 00:00 0 
7f7900183000-7f7900198000 rw-p 00000000 00:00 0 
7f7900198000-7f79002c5000 ---p 00000000 00:00 0 
7f79002c5000-7f79002d0000 rw-p 00000000 00:00 0 
7f79002d0000-7f7900367000 ---p 00000000 00:00 0 
7f7900367000-7f7900373000 rw-p 00000000 00:00 0 
7f7900373000-7f7900728000 ---p 00000000 00:00 0 
7f7900728000-7f7900730000 r-xp 00000000 08:02 16279674                   /usr/lib/jvm/java-8-openjdk-amd64/jre/lib/amd64/libzip.so
7f7900730000-7f790092f000 ---p 00008000 08:02 16279674                   /usr/lib/jvm/java-8-openjdk-amd64/jre/lib/amd64/libzip.so
7f790092f000-7f7900930000 r--p 00007000 08:02 16279674                   /usr/lib/jvm/java-8-openjdk-amd64/jre/lib/amd64/libzip.so
7f7900930000-7f7900931000 rw-p 00008000 08:02 16279674                   /usr/lib/jvm/java-8-openjdk-amd64/jre/lib/amd64/libzip.so
7f7900931000-7f790093c000 r-xp 00000000 08:02 27656288                   /lib/x86_64-linux-gnu/libnss_files-2.23.so
7f790093c000-7f7900b3b000 ---p 0000b000 08:02 27656288                   /lib/x86_64-linux-gnu/libnss_files-2.23.so
7f7900b3b000-7f7900b3c000 r--p 0000a000 08:02 27656288                   /lib/x86_64-linux-gnu/libnss_files-2.23.so
7f7900b3c000-7f7900b3d000 rw-p 0000b000 08:02 27656288                   /lib/x86_64-linux-gnu/libnss_files-2.23.so
7f7900b3d000-7f7900b43000 rw-p 00000000 00:00 0 
7f7900b43000-7f7900b4e000 r-xp 00000000 08:02 27660746                   /lib/x86_64-linux-gnu/libnss_nis-2.23.so
7f7900b4e000-7f7900d4d000 ---p 0000b000 08:02 27660746                   /lib/x86_64-linux-gnu/libnss_nis-2.23.so
7f7900d4d000-7f7900d4e000 r--p 0000a000 08:02 27660746                   /lib/x86_64-linux-gnu/libnss_nis-2.23.so
7f7900d4e000-7f7900d4f000 rw-p 0000b000 08:02 27660746                   /lib/x86_64-linux-gnu/libnss_nis-2.23.so
7f7900d4f000-7f7900d65000 r-xp 00000000 08:02 27656206                   /lib/x86_64-linux-gnu/libnsl-2.23.so
7f7900d65000-7f7900f64000 ---p 00016000 08:02 27656206                   /lib/x86_64-linux-gnu/libnsl-2.23.so
7f7900f64000-7f7900f65000 r--p 00015000 08:02 27656206                   /lib/x86_64-linux-gnu/libnsl-2.23.so
7f7900f65000-7f7900f66000 rw-p 00016000 08:02 27656206                   /lib/x86_64-linux-gnu/libnsl-2.23.so
7f7900f66000-7f7900f68000 rw-p 00000000 00:00 0 
7f7900f68000-7f7900f70000 r-xp 00000000 08:02 27656283                   /lib/x86_64-linux-gnu/libnss_compat-2.23.so
7f7900f70000-7f790116f000 ---p 00008000 08:02 27656283                   /lib/x86_64-linux-gnu/libnss_compat-2.23.so
7f790116f000-7f7901170000 r--p 00007000 08:02 27656283                   /lib/x86_64-linux-gnu/libnss_compat-2.23.so
7f7901170000-7f7901171000 rw-p 00008000 08:02 27656283                   /lib/x86_64-linux-gnu/libnss_compat-2.23.so
7f7901171000-7f79016be000 r--p 00000000 08:02 16129176                   /usr/lib/locale/locale-archive
7f79016be000-7f79016c0000 r-xp 00000000 08:02 16279666                   /usr/lib/jvm/java-8-openjdk-amd64/jre/lib/amd64/libnpt.so
7f79016c0000-7f79018c0000 ---p 00002000 08:02 16279666                   /usr/lib/jvm/java-8-openjdk-amd64/jre/lib/amd64/libnpt.so
7f79018c0000-7f79018c1000 r--p 00002000 08:02 16279666                   /usr/lib/jvm/java-8-openjdk-amd64/jre/lib/amd64/libnpt.so
7f79018c1000-7f79018c2000 rw-p 00003000 08:02 16279666                   /usr/lib/jvm/java-8-openjdk-amd64/jre/lib/amd64/libnpt.so
7f79018c2000-7f79018fd000 r-xp 00000000 08:02 16279688                   /usr/lib/jvm/java-8-openjdk-amd64/jre/lib/amd64/libjdwp.so
7f79018fd000-7f7901afd000 ---p 0003b000 08:02 16279688                   /usr/lib/jvm/java-8-openjdk-amd64/jre/lib/amd64/libjdwp.so
7f7901afd000-7f7901afe000 r--p 0003b000 08:02 16279688                   /usr/lib/jvm/java-8-openjdk-amd64/jre/lib/amd64/libjdwp.so
7f7901afe000-7f7901aff000 rw-p 0003c000 08:02 16279688                   /usr/lib/jvm/java-8-openjdk-amd64/jre/lib/amd64/libjdwp.so
7f7901aff000-7f7901b2c000 r-xp 00000000 08:02 16279682                   /usr/lib/jvm/java-8-openjdk-amd64/jre/lib/amd64/libjava.so
7f7901b2c000-7f7901d2b000 ---p 0002d000 08:02 16279682                   /usr/lib/jvm/java-8-openjdk-amd64/jre/lib/amd64/libjava.so
7f7901d2b000-7f7901d2c000 r--p 0002c000 08:02 16279682                   /usr/lib/jvm/java-8-openjdk-amd64/jre/lib/amd64/libjava.so
7f7901d2c000-7f7901d2e000 rw-p 0002d000 08:02 16279682                   /usr/lib/jvm/java-8-openjdk-amd64/jre/lib/amd64/libjava.so
7f7901d2e000-7f7901d3d000 r-xp 00000000 08:02 16279690                   /usr/lib/jvm/java-8-openjdk-amd64/jre/lib/amd64/libverify.so
7f7901d3d000-7f7901f3c000 ---p 0000f000 08:02 16279690                   /usr/lib/jvm/java-8-openjdk-amd64/jre/lib/amd64/libverify.so
7f7901f3c000-7f7901f3e000 r--p 0000e000 08:02 16279690                   /usr/lib/jvm/java-8-openjdk-amd64/jre/lib/amd64/libverify.so
7f7901f3e000-7f7901f3f000 rw-p 00010000 08:02 16279690                   /usr/lib/jvm/java-8-openjdk-amd64/jre/lib/amd64/libverify.so
7f7901f3f000-7f7901f46000 r-xp 00000000 08:02 27660747                   /lib/x86_64-linux-gnu/librt-2.23.so
7f7901f46000-7f7902145000 ---p 00007000 08:02 27660747                   /lib/x86_64-linux-gnu/librt-2.23.so
7f7902145000-7f7902146000 r--p 00006000 08:02 27660747                   /lib/x86_64-linux-gnu/librt-2.23.so
7f7902146000-7f7902147000 rw-p 00007000 08:02 27660747                   /lib/x86_64-linux-gnu/librt-2.23.so
7f7902147000-7f790215d000 r-xp 00000000 08:02 27660767                   /lib/x86_64-linux-gnu/libgcc_s.so.1
7f790215d000-7f790235c000 ---p 00016000 08:02 27660767                   /lib/x86_64-linux-gnu/libgcc_s.so.1
7f790235c000-7f790235d000 rw-p 00015000 08:02 27660767                   /lib/x86_64-linux-gnu/libgcc_s.so.1
7f790235d000-7f7902465000 r-xp 00000000 08:02 27656197                   /lib/x86_64-linux-gnu/libm-2.23.so
7f7902465000-7f7902664000 ---p 00108000 08:02 27656197                   /lib/x86_64-linux-gnu/libm-2.23.so
7f7902664000-7f7902665000 r--p 00107000 08:02 27656197                   /lib/x86_64-linux-gnu/libm-2.23.so
7f7902665000-7f7902666000 rw-p 00108000 08:02 27656197                   /lib/x86_64-linux-gnu/libm-2.23.so
7f7902666000-7f79027d8000 r-xp 00000000 08:02 16121885                   /usr/lib/x86_64-linux-gnu/libstdc++.so.6.0.21
7f79027d8000-7f79029d8000 ---p 00172000 08:02 16121885                   /usr/lib/x86_64-linux-gnu/libstdc++.so.6.0.21
7f79029d8000-7f79029e2000 r--p 00172000 08:02 16121885                   /usr/lib/x86_64-linux-gnu/libstdc++.so.6.0.21
7f79029e2000-7f79029e4000 rw-p 0017c000 08:02 16121885                   /usr/lib/x86_64-linux-gnu/libstdc++.so.6.0.21
7f79029e4000-7f79029e8000 rw-p 00000000 00:00 0 
7f79029e8000-7f7903649000 r-xp 00000000 08:02 16279700                   /usr/lib/jvm/java-8-openjdk-amd64/jre/lib/amd64/server/libjvm.so
7f7903649000-7f7903849000 ---p 00c61000 08:02 16279700                   /usr/lib/jvm/java-8-openjdk-amd64/jre/lib/amd64/server/libjvm.so
7f7903849000-7f79038dd000 r--p 00c61000 08:02 16279700                   /usr/lib/jvm/java-8-openjdk-amd64/jre/lib/amd64/server/libjvm.so
7f79038dd000-7f7903906000 rw-p 00cf5000 08:02 16279700                   /usr/lib/jvm/java-8-openjdk-amd64/jre/lib/amd64/server/libjvm.so
7f7903906000-7f7903936000 rw-p 00000000 00:00 0 
7f7903936000-7f790394e000 r-xp 00000000 08:02 27656217                   /lib/x86_64-linux-gnu/libpthread-2.23.so
7f790394e000-7f7903b4d000 ---p 00018000 08:02 27656217                   /lib/x86_64-linux-gnu/libpthread-2.23.so
7f7903b4d000-7f7903b4e000 r--p 00017000 08:02 27656217                   /lib/x86_64-linux-gnu/libpthread-2.23.so
7f7903b4e000-7f7903b4f000 rw-p 00018000 08:02 27656217                   /lib/x86_64-linux-gnu/libpthread-2.23.so
7f7903b4f000-7f7903b53000 rw-p 00000000 00:00 0 
7f7903b53000-7f7903b56000 r-xp 00000000 08:02 27656277                   /lib/x86_64-linux-gnu/libdl-2.23.so
7f7903b56000-7f7903d55000 ---p 00003000 08:02 27656277                   /lib/x86_64-linux-gnu/libdl-2.23.so
7f7903d55000-7f7903d56000 r--p 00002000 08:02 27656277                   /lib/x86_64-linux-gnu/libdl-2.23.so
7f7903d56000-7f7903d57000 rw-p 00003000 08:02 27656277                   /lib/x86_64-linux-gnu/libdl-2.23.so
7f7903d57000-7f7903d70000 r-xp 00000000 08:02 27660920                   /lib/x86_64-linux-gnu/libz.so.1.2.8
7f7903d70000-7f7903f6f000 ---p 00019000 08:02 27660920                   /lib/x86_64-linux-gnu/libz.so.1.2.8
7f7903f6f000-7f7903f70000 r--p 00018000 08:02 27660920                   /lib/x86_64-linux-gnu/libz.so.1.2.8
7f7903f70000-7f7903f71000 rw-p 00019000 08:02 27660920                   /lib/x86_64-linux-gnu/libz.so.1.2.8
7f7903f71000-7f7904131000 r-xp 00000000 08:02 27656275                   /lib/x86_64-linux-gnu/libc-2.23.so
7f7904131000-7f7904331000 ---p 001c0000 08:02 27656275                   /lib/x86_64-linux-gnu/libc-2.23.so
7f7904331000-7f7904335000 r--p 001c0000 08:02 27656275                   /lib/x86_64-linux-gnu/libc-2.23.so
7f7904335000-7f7904337000 rw-p 001c4000 08:02 27656275                   /lib/x86_64-linux-gnu/libc-2.23.so
7f7904337000-7f790433b000 rw-p 00000000 00:00 0 
7f790433b000-7f7904348000 r-xp 00000000 08:02 16279684                   /usr/lib/jvm/java-8-openjdk-amd64/jre/lib/amd64/jli/libjli.so
7f7904348000-7f7904548000 ---p 0000d000 08:02 16279684                   /usr/lib/jvm/java-8-openjdk-amd64/jre/lib/amd64/jli/libjli.so
7f7904548000-7f7904549000 r--p 0000d000 08:02 16279684                   /usr/lib/jvm/java-8-openjdk-amd64/jre/lib/amd64/jli/libjli.so
7f7904549000-7f790454a000 rw-p 0000e000 08:02 16279684                   /usr/lib/jvm/java-8-openjdk-amd64/jre/lib/amd64/jli/libjli.so
7f790454a000-7f7904570000 r-xp 00000000 08:02 27656209                   /lib/x86_64-linux-gnu/ld-2.23.so
7f7904570000-7f7904573000 r--s 00038000 08:02 16261275                   /usr/lib/jvm/java-8-openjdk-amd64/jre/lib/ext/sunpkcs11.jar
7f7904573000-7f7904644000 rw-p 00000000 00:00 0 
7f7904644000-7f7904647000 ---p 00000000 00:00 0 
7f7904647000-7f7904749000 rw-p 00000000 00:00 0 
7f7904749000-7f790474a000 r--s 0000a000 08:02 16264117                   /usr/lib/jvm/java-8-openjdk-amd64/jre/lib/ext/jaccess.jar
7f790474a000-7f790474d000 r--s 0000f000 08:02 16264123                   /usr/lib/jvm/java-8-openjdk-amd64/jre/lib/ext/icedtea-sound.jar
7f790474d000-7f790474f000 r--s 00001000 08:02 16264113                   /usr/lib/jvm/java-8-openjdk-amd64/jre/lib/ext/dnsns.jar
7f790474f000-7f7904751000 r--s 00008000 08:02 16261276                   /usr/lib/jvm/java-8-openjdk-amd64/jre/lib/ext/sunec.jar
7f7904751000-7f7904764000 rw-p 00000000 00:00 0 
7f7904764000-7f790476c000 rw-s 00000000 08:02 4849794                    /tmp/hsperfdata_alvaro/2390
7f790476c000-7f790476d000 rw-p 00000000 00:00 0 
7f790476d000-7f790476e000 r--p 00000000 00:00 0 
7f790476e000-7f790476f000 rw-p 00000000 00:00 0 
7f790476f000-7f7904770000 r--p 00025000 08:02 27656209                   /lib/x86_64-linux-gnu/ld-2.23.so
7f7904770000-7f7904771000 rw-p 00026000 08:02 27656209                   /lib/x86_64-linux-gnu/ld-2.23.so
7f7904771000-7f7904772000 rw-p 00000000 00:00 0 
7ffd27e88000-7ffd27eab000 rw-p 00000000 00:00 0                          [stack]
7ffd27ff0000-7ffd27ff3000 r--p 00000000 00:00 0                          [vvar]
7ffd27ff3000-7ffd27ff5000 r-xp 00000000 00:00 0                          [vdso]
ffffffffff600000-ffffffffff601000 r-xp 00000000 00:00 0                  [vsyscall]

VM Arguments:
jvm_args: -agentlib:jdwp=transport=dt_socket,suspend=y,address=localhost:42441 -Dfile.encoding=UTF-8 
java_command: main.Main
java_class_path (initial): /usr/lib/jvm/java-8-openjdk-amd64/jre/lib/resources.jar:/usr/lib/jvm/java-8-openjdk-amd64/jre/lib/rt.jar:/usr/lib/jvm/java-8-openjdk-amd64/jre/lib/jsse.jar:/usr/lib/jvm/java-8-openjdk-amd64/jre/lib/jce.jar:/usr/lib/jvm/java-8-openjdk-amd64/jre/lib/charsets.jar:/usr/lib/jvm/java-8-openjdk-amd64/jre/lib/ext/sunec.jar:/usr/lib/jvm/java-8-openjdk-amd64/jre/lib/ext/cldrdata.jar:/usr/lib/jvm/java-8-openjdk-amd64/jre/lib/ext/dnsns.jar:/usr/lib/jvm/java-8-openjdk-amd64/jre/lib/ext/icedtea-sound.jar:/usr/lib/jvm/java-8-openjdk-amd64/jre/lib/ext/jaccess.jar:/usr/lib/jvm/java-8-openjdk-amd64/jre/lib/ext/sunjce_provider.jar:/usr/lib/jvm/java-8-openjdk-amd64/jre/lib/ext/localedata.jar:/usr/lib/jvm/java-8-openjdk-amd64/jre/lib/ext/sunpkcs11.jar:/usr/lib/jvm/java-8-openjdk-amd64/jre/lib/ext/zipfs.jar:/usr/lib/jvm/java-8-openjdk-amd64/jre/lib/ext/nashorn.jar:/home/alvaro/git/GameEngine/game/bin:/home/alvaro/git/GameEngine/game/library/lwjgl-assimp-javadoc.jar:/home/alvaro/git/GameEngine/game/library/lwjgl-assimp-natives-linux.jar:/home/alvaro/git/GameEngine/game/library/lwjgl-assimp-sources.jar:/home/alvaro/git/GameEngine/game/library/lwjgl-assimp.jar:/home/alvaro/git/GameEngine/game/library/lwjgl-bgfx-javadoc.jar:/home/alvaro/git/GameEngine/game/library/lwjgl-bgfx-natives-linux.jar:/home/alvaro/git/GameEngine/game/library/lwjgl-bgfx-sources.jar:/home/alvaro/git/GameEngine/game/library/lwjgl-bgfx.jar:/home/alvaro/git/GameEngine/game/library/lwjgl-egl-javadoc.jar:/home/alvaro/git/GameEngine/game/library/lwjgl-egl-sources.jar:/home/alvaro/git/GameEngine/game/library/lwjgl-egl.jar:/home/alvaro/git/GameEngine/game/library/lwjgl-glfw-javadoc.jar:/home/alvaro/git/GameEngine/game/library/lwjgl-glfw-natives-linux.jar:/home/alvaro/git/GameEngine/game/library/lwjgl-glfw-sources.jar:/home/alvaro/git/GameEngine/game/library/lwjgl-glfw.jar:/home/alvaro/git/GameEngine/game/library/lwjgl-javadoc.jar:/home/alvaro/git/GameEngine/game/library/lwjgl-jawt-javadoc.jar:/home
Launcher Type: SUN_STANDARD

Environment Variables:
PATH=/home/alvaro/bin:/home/alvaro/.local/bin:/usr/local/sbin:/usr/local/bin:/usr/sbin:/usr/bin:/sbin:/bin:/usr/games:/usr/local/games:/snap/bin
SHELL=/bin/bash
DISPLAY=:0

Signal Handlers:
SIGSEGV: [libjvm.so+0xa74ca0], sa_mask[0]=11111111011111111101111111111110, sa_flags=SA_RESTART|SA_SIGINFO
SIGBUS: [libjvm.so+0xa74ca0], sa_mask[0]=11111111011111111101111111111110, sa_flags=SA_RESTART|SA_SIGINFO
SIGFPE: [libjvm.so+0x8bbcf0], sa_mask[0]=11111111011111111101111111111110, sa_flags=SA_RESTART|SA_SIGINFO
SIGPIPE: [libjvm.so+0x8bbcf0], sa_mask[0]=11111111011111111101111111111110, sa_flags=SA_RESTART|SA_SIGINFO
SIGXFSZ: [libjvm.so+0x8bbcf0], sa_mask[0]=11111111011111111101111111111110, sa_flags=SA_RESTART|SA_SIGINFO
SIGILL: [libjvm.so+0x8bbcf0], sa_mask[0]=11111111011111111101111111111110, sa_flags=SA_RESTART|SA_SIGINFO
SIGUSR1: SIG_DFL, sa_mask[0]=00000000000000000000000000000000, sa_flags=none
SIGUSR2: [libjvm.so+0x8bbba0], sa_mask[0]=00100000000000000000000000000000, sa_flags=SA_RESTART|SA_SIGINFO
SIGHUP: [libjvm.so+0x8bc230], sa_mask[0]=11111111011111111101111111111110, sa_flags=SA_RESTART|SA_SIGINFO
SIGINT: [libjvm.so+0x8bc230], sa_mask[0]=11111111011111111101111111111110, sa_flags=SA_RESTART|SA_SIGINFO
SIGTERM: [libjvm.so+0x8bc230], sa_mask[0]=11111111011111111101111111111110, sa_flags=SA_RESTART|SA_SIGINFO
SIGQUIT: [libjvm.so+0x8bc230], sa_mask[0]=11111111011111111101111111111110, sa_flags=SA_RESTART|SA_SIGINFO


---------------  S Y S T E M  ---------------

OS:DISTRIB_ID=Ubuntu
DISTRIB_RELEASE=16.04
DISTRIB_CODENAME=xenial
DISTRIB_DESCRIPTION="Ubuntu 16.04.5 LTS"

uname:Linux 4.15.0-46-generic #49~16.04.1-Ubuntu SMP Tue Feb 12 17:45:24 UTC 2019 x86_64
libc:glibc 2.23 NPTL 2.23 
rlimit: STACK 8192k, CORE 0k, NPROC 14987, NOFILE 1048576, AS infinity
load average:2,10 1,21 0,66

/proc/meminfo:
MemTotal:        3960268 kB
MemFree:          908748 kB
MemAvailable:    2198928 kB
Buffers:          592008 kB
Cached:           885980 kB
SwapCached:            0 kB
Active:          1949252 kB
Inactive:         697604 kB
Active(anon):    1170456 kB
Inactive(anon):   177476 kB
Active(file):     778796 kB
Inactive(file):   520128 kB
Unevictable:          32 kB
Mlocked:              32 kB
SwapTotal:       4115452 kB
SwapFree:        4115452 kB
Dirty:              2752 kB
Writeback:             0 kB
AnonPages:       1169312 kB
Mapped:           225568 kB
Shmem:            178712 kB
Slab:             317808 kB
SReclaimable:     282572 kB
SUnreclaim:        35236 kB
KernelStack:        8672 kB
PageTables:        28968 kB
NFS_Unstable:          0 kB
Bounce:                0 kB
WritebackTmp:          0 kB
CommitLimit:     6095584 kB
Committed_AS:    4445720 kB
VmallocTotal:   34359738367 kB
VmallocUsed:           0 kB
VmallocChunk:          0 kB
HardwareCorrupted:     0 kB
AnonHugePages:         0 kB
ShmemHugePages:        0 kB
ShmemPmdMapped:        0 kB
CmaTotal:              0 kB
CmaFree:               0 kB
HugePages_Total:       0
HugePages_Free:        0
HugePages_Rsvd:        0
HugePages_Surp:        0
Hugepagesize:       2048 kB
DirectMap4k:      122624 kB
DirectMap2M:     2945024 kB
DirectMap1G:     2097152 kB

container (cgroup) information:
container_type: cgroupv1
cpu_cpuset_cpus: 0-3
cpu_memory_nodes: 0
active_processor_count: 4
cpu_quota: -1
cpu_period: 100000
cpu_shares: -1
memory_limit_in_bytes: -1
memory_and_swap_limit_in_bytes: -2
memory_soft_limit_in_bytes: -1
memory_usage_in_bytes: 2711330816
memory_max_usage_in_bytes: 0


CPU:total 4 (initial active 4) (2 cores per cpu, 2 threads per core) family 6 model 69 stepping 1, cmov, cx8, fxsr, mmx, sse, sse2, sse3, ssse3, sse4.1, sse4.2, popcnt, avx, avx2, aes, clmul, erms, lzcnt, ht, tsc, tscinvbit, bmi1, bmi2

/proc/cpuinfo:
processor	: 0
vendor_id	: GenuineIntel
cpu family	: 6
model		: 69
model name	: Intel(R) Core(TM) i3-4030U CPU @ 1.90GHz
stepping	: 1
microcode	: 0x24
cpu MHz		: 1895.629
cache size	: 3072 KB
physical id	: 0
siblings	: 4
core id		: 0
cpu cores	: 2
apicid		: 0
initial apicid	: 0
fpu		: yes
fpu_exception	: yes
cpuid level	: 13
wp		: yes
flags		: fpu vme de pse tsc msr pae mce cx8 apic sep mtrr pge mca cmov pat pse36 clflush dts acpi mmx fxsr sse sse2 ss ht tm pbe syscall nx pdpe1gb rdtscp lm constant_tsc arch_perfmon pebs bts rep_good nopl xtopology nonstop_tsc cpuid aperfmperf pni pclmulqdq dtes64 monitor ds_cpl vmx est tm2 ssse3 sdbg fma cx16 xtpr pdcm pcid sse4_1 sse4_2 x2apic movbe popcnt tsc_deadline_timer aes xsave avx f16c rdrand lahf_lm abm cpuid_fault epb invpcid_single pti ssbd ibrs ibpb stibp tpr_shadow vnmi flexpriority ept vpid fsgsbase tsc_adjust bmi1 avx2 smep bmi2 erms invpcid xsaveopt dtherm ida arat pln pts flush_l1d
bugs		: cpu_meltdown spectre_v1 spectre_v2 spec_store_bypass l1tf
bogomips	: 3791.26
clflush size	: 64
cache_alignment	: 64
address sizes	: 39 bits physical, 48 bits virtual
power management:

processor	: 1
vendor_id	: GenuineIntel
cpu family	: 6
model		: 69
model name	: Intel(R) Core(TM) i3-4030U CPU @ 1.90GHz
stepping	: 1
microcode	: 0x24
cpu MHz		: 1895.630
cache size	: 3072 KB
physical id	: 0
siblings	: 4
core id		: 0
cpu cores	: 2
apicid		: 1
initial apicid	: 1
fpu		: yes
fpu_exception	: yes
cpuid level	: 13
wp		: yes
flags		: fpu vme de pse tsc msr pae mce cx8 apic sep mtrr pge mca cmov pat pse36 clflush dts acpi mmx fxsr sse sse2 ss ht tm pbe syscall nx pdpe1gb rdtscp lm constant_tsc arch_perfmon pebs bts rep_good nopl xtopology nonstop_tsc cpuid aperfmperf pni pclmulqdq dtes64 monitor ds_cpl vmx est tm2 ssse3 sdbg fma cx16 xtpr pdcm pcid sse4_1 sse4_2 x2apic movbe popcnt tsc_deadline_timer aes xsave avx f16c rdrand lahf_lm abm cpuid_fault epb invpcid_single pti ssbd ibrs ibpb stibp tpr_shadow vnmi flexpriority ept vpid fsgsbase tsc_adjust bmi1 avx2 smep bmi2 erms invpcid xsaveopt dtherm ida arat pln pts flush_l1d
bugs		: cpu_meltdown spectre_v1 spectre_v2 spec_store_bypass l1tf
bogomips	: 3791.26
clflush size	: 64
cache_alignment	: 64
address sizes	: 39 bits physical, 48 bits virtual
power management:

processor	: 2
vendor_id	: GenuineIntel
cpu family	: 6
model		: 69
model name	: Intel(R) Core(TM) i3-4030U CPU @ 1.90GHz
stepping	: 1
microcode	: 0x24
cpu MHz		: 1895.630
cache size	: 3072 KB
physical id	: 0
siblings	: 4
core id		: 1
cpu cores	: 2
apicid		: 2
initial apicid	: 2
fpu		: yes
fpu_exception	: yes
cpuid level	: 13
wp		: yes
flags		: fpu vme de pse tsc msr pae mce cx8 apic sep mtrr pge mca cmov pat pse36 clflush dts acpi mmx fxsr sse sse2 ss ht tm pbe syscall nx pdpe1gb rdtscp lm constant_tsc arch_perfmon pebs bts rep_good nopl xtopology nonstop_tsc cpuid aperfmperf pni pclmulqdq dtes64 monitor ds_cpl vmx est tm2 ssse3 sdbg fma cx16 xtpr pdcm pcid sse4_1 sse4_2 x2apic movbe popcnt tsc_deadline_timer aes xsave avx f16c rdrand lahf_lm abm cpuid_fault epb invpcid_single pti ssbd ibrs ibpb stibp tpr_shadow vnmi flexpriority ept vpid fsgsbase tsc_adjust bmi1 avx2 smep bmi2 erms invpcid xsaveopt dtherm ida arat pln pts flush_l1d
bugs		: cpu_meltdown spectre_v1 spectre_v2 spec_store_bypass l1tf
bogomips	: 3791.26
clflush size	: 64
cache_alignment	: 64
address sizes	: 39 bits physical, 48 bits virtual
power management:

processor	: 3
vendor_id	: GenuineIntel
cpu family	: 6
model		: 69
model name	: Intel(R) Core(TM) i3-4030U CPU @ 1.90GHz
stepping	: 1
microcode	: 0x24
cpu MHz		: 1895.630
cache size	: 3072 KB
physical id	: 0
siblings	: 4
core id		: 1
cpu cores	: 2
apicid		: 3
initial apicid	: 3
fpu		: yes
fpu_exception	: yes
cpuid level	: 13
wp		: yes
flags		: fpu vme de pse tsc msr pae mce cx8 apic sep mtrr pge mca cmov pat pse36 clflush dts acpi mmx fxsr sse sse2 ss ht tm pbe syscall nx pdpe1gb rdtscp lm constant_tsc arch_perfmon pebs bts rep_good nopl xtopology nonstop_tsc cpuid aperfmperf pni pclmulqdq dtes64 monitor ds_cpl vmx est tm2 ssse3 sdbg fma cx16 xtpr pdcm pcid sse4_1 sse4_2 x2apic movbe popcnt tsc_deadline_timer aes xsave avx f16c rdrand lahf_lm abm cpuid_fault epb invpcid_single pti ssbd ibrs ibpb stibp tpr_shadow vnmi flexpriority ept vpid fsgsbase tsc_adjust bmi1 avx2 smep bmi2 erms invpcid xsaveopt dtherm ida arat pln pts flush_l1d
bugs		: cpu_meltdown spectre_v1 spectre_v2 spec_store_bypass l1tf
bogomips	: 3791.26
clflush size	: 64
cache_alignment	: 64
address sizes	: 39 bits physical, 48 bits virtual
power management:



Memory: 4k page, physical 3960268k(908748k free), swap 4115452k(4115452k free)

vm_info: OpenJDK 64-Bit Server VM (25.191-b12) for linux-amd64 JRE (1.8.0_191-8u191-b12-2ubuntu0.16.04.1-b12), built on Jan 14 2019 21:59:52 by "buildd" with gcc 5.4.0 20160609

time: Wed Mar 13 11:10:46 2019
elapsed time: 4 seconds (0d 0h 0m 4s)

