#
# A fatal error has been detected by the Java Runtime Environment:
#
#  SIGBUS (0x7) at pc=0x00007f7a9d74dc94, pid=2391, tid=0x00007f7a9d92a700
#
# JRE version: OpenJDK Runtime Environment (8.0_191-b12) (build 1.8.0_191-8u191-b12-2ubuntu0.16.04.1-b12)
# Java VM: OpenJDK 64-Bit Server VM (25.191-b12 mixed mode linux-amd64 compressed oops)
# Problematic frame:
# C  [ld-linux-x86-64.so.2+0x1dc94]
#
# Failed to write core dump. Core dumps have been disabled. To enable core dumping, try "ulimit -c unlimited" before starting Java again
#
# If you would like to submit a bug report, please visit:
#   http://bugreport.java.com/bugreport/crash.jsp
# The crash happened outside the Java Virtual Machine in native code.
# See problematic frame for where to report the bug.
#

---------------  T H R E A D  ---------------

Current thread (0x00007f7a94011800):  JavaThread "main" [_thread_in_native, id=2394, stack(0x00007f7a9d82a000,0x00007f7a9d92b000)]

siginfo: si_signo: 7 (SIGBUS), si_code: 2 (BUS_ADRERR), si_addr: 0x00007f7a38eb83e1

Registers:
RAX=0x00007f7a38eb83e1, RBX=0x0000000000000003, RCX=0x00007f7a38eb8421, RDX=0x0000000000000c1f
RSP=0x00007f7a9d926938, RBP=0x00007f7a9d926c10, RSI=0x0000000000000000, RDI=0x00007f7a38eb83e1
R8 =0x00007f7a390c75f8, R9 =0x000000000004c000, R10=0x00007f7a9d926970, R11=0x00007f7a38eb9000
R12=0x00007f7a948c50a0, R13=0x00007f7a9d926cf8, R14=0x0000000000000002, R15=0x0000000000000802
RIP=0x00007f7a9d74dc94, EFLAGS=0x0000000000010202, CSGSFS=0x002b000000000033, ERR=0x0000000000000006
  TRAPNO=0x000000000000000e

Top of Stack: (sp=0x00007f7a9d926938)
0x00007f7a9d926938:   00007f7a9d737168 0000000000000000
0x00007f7a9d926948:   000000000004c000 000000000004baf4
0x00007f7a9d926958:   000000000004baf4 0000000000000000
0x00007f7a9d926968:   0000000000000005 000000000024c000
0x00007f7a9d926978:   0000000000252000 00000000002513e1
0x00007f7a9d926988:   00000000004605f8 000000000004c000
0x00007f7a9d926998:   00007f7a00000003 ffff8085626d9611
0x00007f7a9d9269a8:   00007f7a9d9269ef 0000000000000001
0x00007f7a9d9269b8:   0000003100000004 0000000000000000
0x00007f7a9d9269c8:   0000000000000000 0000006e0000005b
0x00007f7a9d9269d8:   0000000000000000 0000000000000000
0x00007f7a9d9269e8:   0000007c00000077 5d0aaadafaf095b1
0x00007f7a9d9269f8:   bfd1f20fcf0737a7 fa1f979518f28cb5
0x00007f7a9d926a08:   00007f7a94000020 00000000000004bf
0x00007f7a9d926a18:   00007f7a94000020 000000000000002f
0x00007f7a9d926a28:   000000000000002e 00007f7a948c50a0
0x00007f7a9d926a38:   00007f7a948c50a0 0000000000000000
0x00007f7a9d926a48:   00007f7a9d1db184 0000000000000000
0x00007f7a9d926a58:   000000000000002f 0000000000000002
0x00007f7a9d926a68:   00007f7a9d73be98 00007f7a948c2e20
0x00007f7a9d926a78:   000000000000002f 000000029000002f
0x00007f7a9d926a88:   000000000000002f 00007f7a9d926af0
0x00007f7a9d926a98:   0000000000000000 00007f7a9d926c10
0x00007f7a9d926aa8:   0000000000000000 0000000090000001
0x00007f7a9d926ab8:   0000000000000095 0000000000000802
0x00007f7a9d926ac8:   00007f7a9d73650d 00007f7a94010340
0x00007f7a9d926ad8:   0000000398820598 00007f7a390c75f8
0x00007f7a9d926ae8:   00000000004605f8 00007f7a9d926970
0x00007f7a9d926af8:   00007f7a9d926ad0 00007f7a9d926940
0x00007f7a9d926b08:   0000000000000000 00007f7a9d926cb0
0x00007f7a9d926b18:   00000000004a009f 0000000000000006
0x00007f7a9d926b28:   00007f7a38eb9000 0000009501000000 

Instructions: (pc=0x00007f7a9d74dc94)
0x00007f7a9d74dc74:   f3 c3 66 2e 0f 1f 84 00 00 00 00 00 f3 0f 7f 47
0x00007f7a9d74dc84:   10 f3 0f 7f 44 17 e0 c3 0f 1f 40 00 48 8d 4f 40
0x00007f7a9d74dc94:   f3 0f 7f 07 48 83 e1 c0 f3 0f 7f 44 17 f0 f3 0f
0x00007f7a9d74dca4:   7f 47 10 f3 0f 7f 44 17 e0 f3 0f 7f 47 20 f3 0f 

Register to memory mapping:

RAX=0x00007f7a38eb83e1 is an unknown value
RBX=0x0000000000000003 is an unknown value
RCX=0x00007f7a38eb8421 is an unknown value
RDX=0x0000000000000c1f is an unknown value
RSP=0x00007f7a9d926938 is pointing into the stack for thread: 0x00007f7a94011800
RBP=0x00007f7a9d926c10 is pointing into the stack for thread: 0x00007f7a94011800
RSI=0x0000000000000000 is an unknown value
RDI=0x00007f7a38eb83e1 is an unknown value
R8 =0x00007f7a390c75f8 is an unknown value
R9 =0x000000000004c000 is an unknown value
R10=0x00007f7a9d926970 is pointing into the stack for thread: 0x00007f7a94011800
R11=0x00007f7a38eb9000 is an unknown value
R12=0x00007f7a948c50a0 is an unknown value
R13=0x00007f7a9d926cf8 is pointing into the stack for thread: 0x00007f7a94011800
R14=0x0000000000000002 is an unknown value
R15=0x0000000000000802 is an unknown value


Stack: [0x00007f7a9d82a000,0x00007f7a9d92b000],  sp=0x00007f7a9d926938,  free space=1010k
Native frames: (J=compiled Java code, j=interpreted, Vv=VM code, C=native code)
C  [ld-linux-x86-64.so.2+0x1dc94]
C  [ld-linux-x86-64.so.2+0x8c27]

Java frames: (J=compiled Java code, j=interpreted, Vv=VM code)
j  org.lwjgl.system.linux.DynamicLinkLoader.ndlopen(JI)J+0
j  org.lwjgl.system.linux.DynamicLinkLoader.dlopen(Ljava/nio/ByteBuffer;I)J+15
j  org.lwjgl.system.linux.LinuxLibrary.loadLibrary(Ljava/lang/String;)J+13
j  org.lwjgl.system.linux.LinuxLibrary.<init>(Ljava/lang/String;)V+3
j  org.lwjgl.system.APIUtil.apiCreateLibrary(Ljava/lang/String;)Lorg/lwjgl/system/SharedLibrary;+50
j  org.lwjgl.system.Library.loadNative(Ljava/lang/Class;Ljava/lang/String;Ljava/lang/String;Ljava/lang/String;)Lorg/lwjgl/system/SharedLibrary;+45
j  org.lwjgl.system.Library.loadNative(Ljava/lang/Class;Ljava/lang/String;Lorg/lwjgl/system/Configuration;)Lorg/lwjgl/system/SharedLibrary;+19
j  org.lwjgl.system.Library.loadNative(Ljava/lang/Class;Ljava/lang/String;Z)Lorg/lwjgl/system/SharedLibrary;+134
j  org.lwjgl.system.jemalloc.JEmalloc.<clinit>()V+24
v  ~StubRoutines::call_stub
j  org.lwjgl.system.jemalloc.JEmallocAllocator.<clinit>()V+0
v  ~StubRoutines::call_stub
j  java.lang.Class.forName0(Ljava/lang/String;ZLjava/lang/ClassLoader;Ljava/lang/Class;)Ljava/lang/Class;+0
j  java.lang.Class.forName(Ljava/lang/String;)Ljava/lang/Class;+11
j  org.lwjgl.system.MemoryManage.getInstance()Lorg/lwjgl/system/MemoryUtil$MemoryAllocator;+81
j  org.lwjgl.system.MemoryUtil$LazyInit.<clinit>()V+0
v  ~StubRoutines::call_stub
j  org.lwjgl.system.MemoryUtil.getAllocator(Z)Lorg/lwjgl/system/MemoryUtil$MemoryAllocator;+10
j  org.lwjgl.system.MemoryUtil.getAllocator()Lorg/lwjgl/system/MemoryUtil$MemoryAllocator;+1
j  org.lwjgl.system.Callback.<clinit>()V+320
v  ~StubRoutines::call_stub
j  org.lwjgl.system.CallbackI.address()J+7
j  org.lwjgl.system.MemoryUtil.memAddressSafe(Lorg/lwjgl/system/Pointer;)J+9
j  org.lwjgl.glfw.GLFW.glfwSetKeyCallback(JLorg/lwjgl/glfw/GLFWKeyCallbackI;)Lorg/lwjgl/glfw/GLFWKeyCallback;+2
j  main.Ventana.createWindow()V+116
j  main.Main.init()V+4
j  main.Main.start()V+1
j  main.Main.main([Ljava/lang/String;)V+9
v  ~StubRoutines::call_stub

---------------  P R O C E S S  ---------------

Java Threads: ( => current thread )
  0x00007f7a940d9000 JavaThread "Service Thread" daemon [_thread_blocked, id=2480, stack(0x00007f7a816a2000,0x00007f7a817a3000)]
  0x00007f7a940d5800 JavaThread "C1 CompilerThread2" daemon [_thread_blocked, id=2479, stack(0x00007f7a817a3000,0x00007f7a818a4000)]
  0x00007f7a940d3800 JavaThread "C2 CompilerThread1" daemon [_thread_in_native, id=2477, stack(0x00007f7a818a4000,0x00007f7a819a5000)]
  0x00007f7a940d0800 JavaThread "C2 CompilerThread0" daemon [_thread_in_native, id=2475, stack(0x00007f7a819a5000,0x00007f7a81aa6000)]
  0x00007f7a60001000 JavaThread "JDWP Command Reader" daemon [_thread_in_native, id=2452, stack(0x00007f7a81aa6000,0x00007f7a81ba7000)]
  0x00007f7a940ce800 JavaThread "JDWP Event Helper Thread" daemon [_thread_blocked, id=2448, stack(0x00007f7a81ba7000,0x00007f7a81ca8000)]
  0x00007f7a940cb000 JavaThread "JDWP Transport Listener: dt_socket" daemon [_thread_blocked, id=2447, stack(0x00007f7a81ca8000,0x00007f7a81da9000)]
  0x00007f7a940bd000 JavaThread "Signal Dispatcher" daemon [_thread_blocked, id=2432, stack(0x00007f7a81fae000,0x00007f7a820af000)]
  0x00007f7a9408b000 JavaThread "Finalizer" daemon [_thread_blocked, id=2421, stack(0x00007f7a820af000,0x00007f7a821b0000)]
  0x00007f7a94088800 JavaThread "Reference Handler" daemon [_thread_blocked, id=2420, stack(0x00007f7a821b0000,0x00007f7a822b1000)]
=>0x00007f7a94011800 JavaThread "main" [_thread_in_native, id=2394, stack(0x00007f7a9d82a000,0x00007f7a9d92b000)]

Other Threads:
  0x00007f7a9407f000 VMThread [stack: 0x00007f7a822b1000,0x00007f7a823b2000] [id=2415]
  0x00007f7a940db000 WatcherThread [stack: 0x00007f7a815a1000,0x00007f7a816a2000] [id=2481]

VM state:not at safepoint (normal execution)

VM Mutex/Monitor currently owned by a thread: None

Heap:
 PSYoungGen      total 18432K, used 12173K [0x00000000ebd80000, 0x00000000ed200000, 0x0000000100000000)
  eden space 15872K, 76% used [0x00000000ebd80000,0x00000000ec963510,0x00000000ecd00000)
  from space 2560K, 0% used [0x00000000ecf80000,0x00000000ecf80000,0x00000000ed200000)
  to   space 2560K, 0% used [0x00000000ecd00000,0x00000000ecd00000,0x00000000ecf80000)
 ParOldGen       total 42496K, used 0K [0x00000000c3800000, 0x00000000c6180000, 0x00000000ebd80000)
  object space 42496K, 0% used [0x00000000c3800000,0x00000000c3800000,0x00000000c6180000)
 Metaspace       used 5909K, capacity 6090K, committed 6400K, reserved 1056768K
  class space    used 615K, capacity 673K, committed 768K, reserved 1048576K

Card table byte_map: [0x00007f7a99369000,0x00007f7a9954e000] byte_map_base: 0x00007f7a98d4d000

Marking Bits: (ParMarkBitMap*) 0x00007f7a9caff520
 Begin Bits: [0x00007f7a831c0000, 0x00007f7a840e0000)
 End Bits:   [0x00007f7a840e0000, 0x00007f7a85000000)

Polling page: 0x00007f7a9d953000

CodeCache: size=245760Kb used=2577Kb max_used=2592Kb free=243182Kb
 bounds [0x00007f7a85000000, 0x00007f7a85290000, 0x00007f7a94000000]
 total_blobs=1242 nmethods=540 adapters=625
 compilation: enabled

Compilation events (10 events):
Event: 3,629 Thread 0x00007f7a940d5800  541       3       java.nio.Buffer::flip (20 bytes)
Event: 3,629 Thread 0x00007f7a940d5800 nmethod 541 0x00007f7a8527d090 code [0x00007f7a8527d1e0, 0x00007f7a8527d350]
Event: 3,730 Thread 0x00007f7a940d3800 nmethod 529 0x00007f7a85285290 code [0x00007f7a852855e0, 0x00007f7a85287240]
Event: 3,730 Thread 0x00007f7a940d3800  517       4       java.util.zip.ZipCoder::getBytes (192 bytes)
Event: 3,761 Thread 0x00007f7a940d5800  542       3       sun.misc.SharedSecrets::getJavaLangAccess (4 bytes)
Event: 3,761 Thread 0x00007f7a940d5800 nmethod 542 0x00007f7a8527cd90 code [0x00007f7a8527cee0, 0x00007f7a8527d010]
Event: 3,766 Thread 0x00007f7a940d5800  543       3       sun.nio.ch.Util::isBufferTooLarge (15 bytes)
Event: 3,767 Thread 0x00007f7a940d5800 nmethod 543 0x00007f7a8527ca10 code [0x00007f7a8527cb80, 0x00007f7a8527cd10]
Event: 3,767 Thread 0x00007f7a940d5800  544       3       java.nio.channels.spi.AbstractInterruptibleChannel::blockedOn (13 bytes)
Event: 3,768 Thread 0x00007f7a940d5800 nmethod 544 0x00007f7a8527c110 code [0x00007f7a8527c2a0, 0x00007f7a8527c7b0]

GC Heap History (0 events):
No events

Deoptimization events (4 events):
Event: 1,827 Thread 0x00007f7a94011800 Uncommon trap: reason=unstable_if action=reinterpret pc=0x00007f7a8506bec4 method=java.lang.String.hashCode()I @ 14
Event: 2,320 Thread 0x00007f7a94011800 Uncommon trap: reason=unstable_if action=reinterpret pc=0x00007f7a85120e20 method=java.lang.String.indexOf(II)I @ 49
Event: 2,753 Thread 0x00007f7a94011800 Uncommon trap: reason=unstable_if action=reinterpret pc=0x00007f7a851b60f4 method=java.lang.String.indexOf([CII[CIII)I @ 134
Event: 3,456 Thread 0x00007f7a94011800 Uncommon trap: reason=unstable_if action=reinterpret pc=0x00007f7a851fbe48 method=java.lang.String.replace(CC)Ljava/lang/String; @ 26

Classes redefined (0 events):
No events

Internal exceptions (10 events):
Event: 2,561 Thread 0x00007f7a94011800 Exception <a 'java/lang/NoSuchFieldError': method resolution failed> (0x00000000ec2f71a0) thrown at [/build/openjdk-8-6jqSe7/openjdk-8-8u191-b12/src/hotspot/src/share/vm/prims/methodHandles.cpp, line 1167]
Event: 2,894 Thread 0x00007f7a94011800 Exception <a 'java/security/PrivilegedActionException'> (0x00000000ec4cf788) thrown at [/build/openjdk-8-6jqSe7/openjdk-8-8u191-b12/src/hotspot/src/share/vm/prims/jvm.cpp, line 1429]
Event: 2,894 Thread 0x00007f7a94011800 Exception <a 'java/security/PrivilegedActionException'> (0x00000000ec4cf998) thrown at [/build/openjdk-8-6jqSe7/openjdk-8-8u191-b12/src/hotspot/src/share/vm/prims/jvm.cpp, line 1429]
Event: 2,895 Thread 0x00007f7a94011800 Exception <a 'java/security/PrivilegedActionException'> (0x00000000ec4d1a20) thrown at [/build/openjdk-8-6jqSe7/openjdk-8-8u191-b12/src/hotspot/src/share/vm/prims/jvm.cpp, line 1429]
Event: 2,895 Thread 0x00007f7a94011800 Exception <a 'java/security/PrivilegedActionException'> (0x00000000ec4d1c30) thrown at [/build/openjdk-8-6jqSe7/openjdk-8-8u191-b12/src/hotspot/src/share/vm/prims/jvm.cpp, line 1429]
Event: 2,895 Thread 0x00007f7a94011800 Exception <a 'java/security/PrivilegedActionException'> (0x00000000ec4d2708) thrown at [/build/openjdk-8-6jqSe7/openjdk-8-8u191-b12/src/hotspot/src/share/vm/prims/jvm.cpp, line 1429]
Event: 2,895 Thread 0x00007f7a94011800 Exception <a 'java/security/PrivilegedActionException'> (0x00000000ec4d2918) thrown at [/build/openjdk-8-6jqSe7/openjdk-8-8u191-b12/src/hotspot/src/share/vm/prims/jvm.cpp, line 1429]
Event: 3,608 Thread 0x00007f7a94011800 Exception <a 'sun/nio/fs/UnixException'> (0x00000000ec914248) thrown at [/build/openjdk-8-6jqSe7/openjdk-8-8u191-b12/src/hotspot/src/share/vm/prims/jni.cpp, line 709]
Event: 3,610 Thread 0x00007f7a94011800 Exception <a 'sun/nio/fs/UnixException'> (0x00000000ec9150a8) thrown at [/build/openjdk-8-6jqSe7/openjdk-8-8u191-b12/src/hotspot/src/share/vm/prims/jni.cpp, line 709]
Event: 3,611 Thread 0x00007f7a94011800 Exception <a 'sun/nio/fs/UnixException'> (0x00000000ec919718) thrown at [/build/openjdk-8-6jqSe7/openjdk-8-8u191-b12/src/hotspot/src/share/vm/prims/jni.cpp, line 709]

Events (10 events):
Event: 3,607 Executing VM operation: Deoptimize
Event: 3,608 Executing VM operation: Deoptimize done
Event: 3,610 loading class java/nio/file/NoSuchFileException
Event: 3,610 loading class java/nio/file/FileSystemException
Event: 3,610 loading class java/nio/file/FileSystemException done
Event: 3,610 loading class java/nio/file/NoSuchFileException done
Event: 3,610 loading class java/nio/file/FileAlreadyExistsException
Event: 3,611 loading class java/nio/file/FileAlreadyExistsException done
Event: 3,611 loading class java/nio/file/StandardCopyOption
Event: 3,611 loading class java/nio/file/StandardCopyOption done


Dynamic libraries:
00400000-00401000 r-xp 00000000 08:02 16279720                           /usr/lib/jvm/java-8-openjdk-amd64/jre/bin/java
00600000-00601000 r--p 00000000 08:02 16279720                           /usr/lib/jvm/java-8-openjdk-amd64/jre/bin/java
00601000-00602000 rw-p 00001000 08:02 16279720                           /usr/lib/jvm/java-8-openjdk-amd64/jre/bin/java
01ff2000-02013000 rw-p 00000000 00:00 0                                  [heap]
c3800000-c6180000 rw-p 00000000 00:00 0 
c6180000-ebd80000 ---p 00000000 00:00 0 
ebd80000-ed200000 rw-p 00000000 00:00 0 
ed200000-100000000 ---p 00000000 00:00 0 
100000000-1000c0000 rw-p 00000000 00:00 0 
1000c0000-140000000 ---p 00000000 00:00 0 
7f7a38c67000-7f7a38cb3000 r-xp 00000000 08:02 4849823                    /tmp/lwjglalvaro/3.2.0-build-12/libjemalloc.so
7f7a38cb3000-7f7a38eb3000 ---p 0004c000 08:02 4849823                    /tmp/lwjglalvaro/3.2.0-build-12/libjemalloc.so
7f7a38eb3000-7f7a38eb9000 rw-p 0004c000 08:02 4849823                    /tmp/lwjglalvaro/3.2.0-build-12/libjemalloc.so
7f7a38eb9000-7f7a390c8000 r-xp 00252000 08:02 4849823                    /tmp/lwjglalvaro/3.2.0-build-12/libjemalloc.so
7f7a390c8000-7f7a390d0000 r-xp 00000000 08:02 16130840                   /usr/lib/x86_64-linux-gnu/libpciaccess.so.0.11.1
7f7a390d0000-7f7a392d0000 ---p 00008000 08:02 16130840                   /usr/lib/x86_64-linux-gnu/libpciaccess.so.0.11.1
7f7a392d0000-7f7a392d1000 r--p 00008000 08:02 16130840                   /usr/lib/x86_64-linux-gnu/libpciaccess.so.0.11.1
7f7a392d1000-7f7a392d2000 rw-p 00009000 08:02 16130840                   /usr/lib/x86_64-linux-gnu/libpciaccess.so.0.11.1
7f7a392d2000-7f7a392dd000 r-xp 00000000 08:02 16122321                   /usr/lib/x86_64-linux-gnu/libdrm_radeon.so.1.0.1
7f7a392dd000-7f7a394dc000 ---p 0000b000 08:02 16122321                   /usr/lib/x86_64-linux-gnu/libdrm_radeon.so.1.0.1
7f7a394dc000-7f7a394dd000 r--p 0000a000 08:02 16122321                   /usr/lib/x86_64-linux-gnu/libdrm_radeon.so.1.0.1
7f7a394dd000-7f7a394de000 rw-p 0000b000 08:02 16122321                   /usr/lib/x86_64-linux-gnu/libdrm_radeon.so.1.0.1
7f7a394de000-7f7a394e5000 r-xp 00000000 08:02 16122583                   /usr/lib/x86_64-linux-gnu/libdrm_nouveau.so.2.0.0
7f7a394e5000-7f7a396e4000 ---p 00007000 08:02 16122583                   /usr/lib/x86_64-linux-gnu/libdrm_nouveau.so.2.0.0
7f7a396e4000-7f7a396e5000 r--p 00006000 08:02 16122583                   /usr/lib/x86_64-linux-gnu/libdrm_nouveau.so.2.0.0
7f7a396e5000-7f7a396e6000 rw-p 00007000 08:02 16122583                   /usr/lib/x86_64-linux-gnu/libdrm_nouveau.so.2.0.0
7f7a396e6000-7f7a39708000 r-xp 00000000 08:02 16121903                   /usr/lib/x86_64-linux-gnu/libdrm_intel.so.1.0.0
7f7a39708000-7f7a39908000 ---p 00022000 08:02 16121903                   /usr/lib/x86_64-linux-gnu/libdrm_intel.so.1.0.0
7f7a39908000-7f7a39909000 r--p 00022000 08:02 16121903                   /usr/lib/x86_64-linux-gnu/libdrm_intel.so.1.0.0
7f7a39909000-7f7a3990a000 rw-p 00023000 08:02 16121903                   /usr/lib/x86_64-linux-gnu/libdrm_intel.so.1.0.0
7f7a3990a000-7f7a3a1ea000 r-xp 00000000 08:02 16386213                   /usr/lib/x86_64-linux-gnu/dri/i965_dri.so
7f7a3a1ea000-7f7a3a3ea000 ---p 008e0000 08:02 16386213                   /usr/lib/x86_64-linux-gnu/dri/i965_dri.so
7f7a3a3ea000-7f7a3a43a000 r--p 008e0000 08:02 16386213                   /usr/lib/x86_64-linux-gnu/dri/i965_dri.so
7f7a3a43a000-7f7a3a445000 rw-p 00930000 08:02 16386213                   /usr/lib/x86_64-linux-gnu/dri/i965_dri.so
7f7a3a445000-7f7a3a4ea000 rw-p 00000000 00:00 0 
7f7a3a4ea000-7f7a3a4fa000 r-xp 00000000 08:02 16125346                   /usr/lib/x86_64-linux-gnu/libdrm.so.2.4.0
7f7a3a4fa000-7f7a3a6fa000 ---p 00010000 08:02 16125346                   /usr/lib/x86_64-linux-gnu/libdrm.so.2.4.0
7f7a3a6fa000-7f7a3a6fb000 r--p 00010000 08:02 16125346                   /usr/lib/x86_64-linux-gnu/libdrm.so.2.4.0
7f7a3a6fb000-7f7a3a6fc000 rw-p 00011000 08:02 16125346                   /usr/lib/x86_64-linux-gnu/libdrm.so.2.4.0
7f7a3a6fc000-7f7a3a700000 r-xp 00000000 08:02 16131251                   /usr/lib/x86_64-linux-gnu/libxcb-dri2.so.0.0.0
7f7a3a700000-7f7a3a8ff000 ---p 00004000 08:02 16131251                   /usr/lib/x86_64-linux-gnu/libxcb-dri2.so.0.0.0
7f7a3a8ff000-7f7a3a900000 r--p 00003000 08:02 16131251                   /usr/lib/x86_64-linux-gnu/libxcb-dri2.so.0.0.0
7f7a3a900000-7f7a3a901000 rw-p 00004000 08:02 16131251                   /usr/lib/x86_64-linux-gnu/libxcb-dri2.so.0.0.0
7f7a3a901000-7f7a3a918000 r-xp 00000000 08:02 16131255                   /usr/lib/x86_64-linux-gnu/libxcb-glx.so.0.0.0
7f7a3a918000-7f7a3ab17000 ---p 00017000 08:02 16131255                   /usr/lib/x86_64-linux-gnu/libxcb-glx.so.0.0.0
7f7a3ab17000-7f7a3ab19000 r--p 00016000 08:02 16131255                   /usr/lib/x86_64-linux-gnu/libxcb-glx.so.0.0.0
7f7a3ab19000-7f7a3ab1a000 rw-p 00018000 08:02 16131255                   /usr/lib/x86_64-linux-gnu/libxcb-glx.so.0.0.0
7f7a3ab1a000-7f7a3ab1c000 r-xp 00000000 08:02 16129874                   /usr/lib/x86_64-linux-gnu/libXdamage.so.1.1.0
7f7a3ab1c000-7f7a3ad1b000 ---p 00002000 08:02 16129874                   /usr/lib/x86_64-linux-gnu/libXdamage.so.1.1.0
7f7a3ad1b000-7f7a3ad1c000 r--p 00001000 08:02 16129874                   /usr/lib/x86_64-linux-gnu/libXdamage.so.1.1.0
7f7a3ad1c000-7f7a3ad1d000 rw-p 00002000 08:02 16129874                   /usr/lib/x86_64-linux-gnu/libXdamage.so.1.1.0
7f7a3ad1d000-7f7a3ad49000 r-xp 00000000 08:02 16125379                   /usr/lib/x86_64-linux-gnu/libglapi.so.0.0.0
7f7a3ad49000-7f7a3af48000 ---p 0002c000 08:02 16125379                   /usr/lib/x86_64-linux-gnu/libglapi.so.0.0.0
7f7a3af48000-7f7a3af4c000 r--p 0002b000 08:02 16125379                   /usr/lib/x86_64-linux-gnu/libglapi.so.0.0.0
7f7a3af4c000-7f7a3af4d000 rw-p 0002f000 08:02 16125379                   /usr/lib/x86_64-linux-gnu/libglapi.so.0.0.0
7f7a3af4d000-7f7a3af4e000 rw-p 00000000 00:00 0 
7f7a3af4e000-7f7a3af4f000 r-xp 00000000 08:02 16131295                   /usr/lib/x86_64-linux-gnu/libxshmfence.so.1.0.0
7f7a3af4f000-7f7a3b14f000 ---p 00001000 08:02 16131295                   /usr/lib/x86_64-linux-gnu/libxshmfence.so.1.0.0
7f7a3b14f000-7f7a3b150000 r--p 00001000 08:02 16131295                   /usr/lib/x86_64-linux-gnu/libxshmfence.so.1.0.0
7f7a3b150000-7f7a3b151000 rw-p 00002000 08:02 16131295                   /usr/lib/x86_64-linux-gnu/libxshmfence.so.1.0.0
7f7a3b151000-7f7a3b156000 r-xp 00000000 08:02 16131275                   /usr/lib/x86_64-linux-gnu/libxcb-sync.so.1.0.0
7f7a3b156000-7f7a3b356000 ---p 00005000 08:02 16131275                   /usr/lib/x86_64-linux-gnu/libxcb-sync.so.1.0.0
7f7a3b356000-7f7a3b357000 r--p 00005000 08:02 16131275                   /usr/lib/x86_64-linux-gnu/libxcb-sync.so.1.0.0
7f7a3b357000-7f7a3b358000 rw-p 00006000 08:02 16131275                   /usr/lib/x86_64-linux-gnu/libxcb-sync.so.1.0.0
7f7a3b358000-7f7a3b35a000 r-xp 00000000 08:02 16131263                   /usr/lib/x86_64-linux-gnu/libxcb-present.so.0.0.0
7f7a3b35a000-7f7a3b559000 ---p 00002000 08:02 16131263                   /usr/lib/x86_64-linux-gnu/libxcb-present.so.0.0.0
7f7a3b559000-7f7a3b55a000 r--p 00001000 08:02 16131263                   /usr/lib/x86_64-linux-gnu/libxcb-present.so.0.0.0
7f7a3b55a000-7f7a3b55b000 rw-p 00002000 08:02 16131263                   /usr/lib/x86_64-linux-gnu/libxcb-present.so.0.0.0
7f7a3b55b000-7f7a3b55d000 r-xp 00000000 08:02 16131253                   /usr/lib/x86_64-linux-gnu/libxcb-dri3.so.0.0.0
7f7a3b55d000-7f7a3b75c000 ---p 00002000 08:02 16131253                   /usr/lib/x86_64-linux-gnu/libxcb-dri3.so.0.0.0
7f7a3b75c000-7f7a3b75d000 r--p 00001000 08:02 16131253                   /usr/lib/x86_64-linux-gnu/libxcb-dri3.so.0.0.0
7f7a3b75d000-7f7a3b75e000 rw-p 00002000 08:02 16131253                   /usr/lib/x86_64-linux-gnu/libxcb-dri3.so.0.0.0
7f7a3b75e000-7f7a3b784000 r-xp 00000000 08:02 27660760                   /lib/x86_64-linux-gnu/libexpat.so.1.6.0
7f7a3b784000-7f7a3b984000 ---p 00026000 08:02 27660760                   /lib/x86_64-linux-gnu/libexpat.so.1.6.0
7f7a3b984000-7f7a3b986000 r--p 00026000 08:02 27660760                   /lib/x86_64-linux-gnu/libexpat.so.1.6.0
7f7a3b986000-7f7a3b987000 rw-p 00028000 08:02 27660760                   /lib/x86_64-linux-gnu/libexpat.so.1.6.0
7f7a3b987000-7f7a3b9f7000 r-xp 00000000 08:02 16386453                   /usr/lib/x86_64-linux-gnu/mesa/libGL.so.1.2.0
7f7a3b9f7000-7f7a3bbf6000 ---p 00070000 08:02 16386453                   /usr/lib/x86_64-linux-gnu/mesa/libGL.so.1.2.0
7f7a3bbf6000-7f7a3bbf9000 r--p 0006f000 08:02 16386453                   /usr/lib/x86_64-linux-gnu/mesa/libGL.so.1.2.0
7f7a3bbf9000-7f7a3bbfa000 rw-p 00072000 08:02 16386453                   /usr/lib/x86_64-linux-gnu/mesa/libGL.so.1.2.0
7f7a3bbfa000-7f7a3bbfb000 rw-p 00000000 00:00 0 
7f7a3bbfb000-7f7a3bbfc000 r-xp 00000000 08:02 16125431                   /usr/lib/x86_64-linux-gnu/libX11-xcb.so.1.0.0
7f7a3bbfc000-7f7a3bdfb000 ---p 00001000 08:02 16125431                   /usr/lib/x86_64-linux-gnu/libX11-xcb.so.1.0.0
7f7a3bdfb000-7f7a3bdfc000 r--p 00000000 08:02 16125431                   /usr/lib/x86_64-linux-gnu/libX11-xcb.so.1.0.0
7f7a3bdfc000-7f7a3bdfd000 rw-p 00001000 08:02 16125431                   /usr/lib/x86_64-linux-gnu/libX11-xcb.so.1.0.0
7f7a3bdfd000-7f7a3bdff000 r-xp 00000000 08:02 16129890                   /usr/lib/x86_64-linux-gnu/libXinerama.so.1.0.0
7f7a3bdff000-7f7a3bffe000 ---p 00002000 08:02 16129890                   /usr/lib/x86_64-linux-gnu/libXinerama.so.1.0.0
7f7a3bffe000-7f7a3bfff000 r--p 00001000 08:02 16129890                   /usr/lib/x86_64-linux-gnu/libXinerama.so.1.0.0
7f7a3bfff000-7f7a3c000000 rw-p 00002000 08:02 16129890                   /usr/lib/x86_64-linux-gnu/libXinerama.so.1.0.0
7f7a3c000000-7f7a3c021000 rw-p 00000000 00:00 0 
7f7a3c021000-7f7a40000000 ---p 00000000 00:00 0 
7f7a401b2000-7f7a401b7000 r-xp 00000000 08:02 16129880                   /usr/lib/x86_64-linux-gnu/libXfixes.so.3.1.0
7f7a401b7000-7f7a403b6000 ---p 00005000 08:02 16129880                   /usr/lib/x86_64-linux-gnu/libXfixes.so.3.1.0
7f7a403b6000-7f7a403b7000 r--p 00004000 08:02 16129880                   /usr/lib/x86_64-linux-gnu/libXfixes.so.3.1.0
7f7a403b7000-7f7a403b8000 rw-p 00005000 08:02 16129880                   /usr/lib/x86_64-linux-gnu/libXfixes.so.3.1.0
7f7a403b8000-7f7a403c1000 r-xp 00000000 08:02 16122522                   /usr/lib/x86_64-linux-gnu/libXcursor.so.1.0.2
7f7a403c1000-7f7a405c0000 ---p 00009000 08:02 16122522                   /usr/lib/x86_64-linux-gnu/libXcursor.so.1.0.2
7f7a405c0000-7f7a405c1000 r--p 00008000 08:02 16122522                   /usr/lib/x86_64-linux-gnu/libXcursor.so.1.0.2
7f7a405c1000-7f7a405c2000 rw-p 00009000 08:02 16122522                   /usr/lib/x86_64-linux-gnu/libXcursor.so.1.0.2
7f7a405c2000-7f7a405cb000 r-xp 00000000 08:02 16129900                   /usr/lib/x86_64-linux-gnu/libXrender.so.1.3.0
7f7a405cb000-7f7a407ca000 ---p 00009000 08:02 16129900                   /usr/lib/x86_64-linux-gnu/libXrender.so.1.3.0
7f7a407ca000-7f7a407cb000 r--p 00008000 08:02 16129900                   /usr/lib/x86_64-linux-gnu/libXrender.so.1.3.0
7f7a407cb000-7f7a407cc000 rw-p 00009000 08:02 16129900                   /usr/lib/x86_64-linux-gnu/libXrender.so.1.3.0
7f7a407cc000-7f7a407d6000 r-xp 00000000 08:02 16129898                   /usr/lib/x86_64-linux-gnu/libXrandr.so.2.2.0
7f7a407d6000-7f7a409d5000 ---p 0000a000 08:02 16129898                   /usr/lib/x86_64-linux-gnu/libXrandr.so.2.2.0
7f7a409d5000-7f7a409d6000 r--p 00009000 08:02 16129898                   /usr/lib/x86_64-linux-gnu/libXrandr.so.2.2.0
7f7a409d6000-7f7a409d7000 rw-p 0000a000 08:02 16129898                   /usr/lib/x86_64-linux-gnu/libXrandr.so.2.2.0
7f7a409d7000-7f7a409e6000 r-xp 00000000 08:02 16129888                   /usr/lib/x86_64-linux-gnu/libXi.so.6.1.0
7f7a409e6000-7f7a40be5000 ---p 0000f000 08:02 16129888                   /usr/lib/x86_64-linux-gnu/libXi.so.6.1.0
7f7a40be5000-7f7a40be6000 r--p 0000e000 08:02 16129888                   /usr/lib/x86_64-linux-gnu/libXi.so.6.1.0
7f7a40be6000-7f7a40be7000 rw-p 0000f000 08:02 16129888                   /usr/lib/x86_64-linux-gnu/libXi.so.6.1.0
7f7a40be7000-7f7a40bf8000 r-xp 00000000 08:02 16129878                   /usr/lib/x86_64-linux-gnu/libXext.so.6.4.0
7f7a40bf8000-7f7a40df7000 ---p 00011000 08:02 16129878                   /usr/lib/x86_64-linux-gnu/libXext.so.6.4.0
7f7a40df7000-7f7a40df8000 r--p 00010000 08:02 16129878                   /usr/lib/x86_64-linux-gnu/libXext.so.6.4.0
7f7a40df8000-7f7a40df9000 rw-p 00011000 08:02 16129878                   /usr/lib/x86_64-linux-gnu/libXext.so.6.4.0
7f7a40df9000-7f7a40dfe000 r-xp 00000000 08:02 16129916                   /usr/lib/x86_64-linux-gnu/libXxf86vm.so.1.0.0
7f7a40dfe000-7f7a40ffd000 ---p 00005000 08:02 16129916                   /usr/lib/x86_64-linux-gnu/libXxf86vm.so.1.0.0
7f7a40ffd000-7f7a40ffe000 r--p 00004000 08:02 16129916                   /usr/lib/x86_64-linux-gnu/libXxf86vm.so.1.0.0
7f7a40ffe000-7f7a40fff000 rw-p 00005000 08:02 16129916                   /usr/lib/x86_64-linux-gnu/libXxf86vm.so.1.0.0
7f7a40fff000-7f7a44000000 rw-p 00000000 00:00 0 
7f7a44000000-7f7a443a4000 rw-p 00000000 00:00 0 
7f7a443a4000-7f7a48000000 ---p 00000000 00:00 0 
7f7a48000000-7f7a48021000 rw-p 00000000 00:00 0 
7f7a48021000-7f7a4c000000 ---p 00000000 00:00 0 
7f7a4c000000-7f7a4c28c000 rw-p 00000000 00:00 0 
7f7a4c28c000-7f7a50000000 ---p 00000000 00:00 0 
7f7a50000000-7f7a501c9000 rw-p 00000000 00:00 0 
7f7a501c9000-7f7a54000000 ---p 00000000 00:00 0 
7f7a54000000-7f7a54021000 rw-p 00000000 00:00 0 
7f7a54021000-7f7a58000000 ---p 00000000 00:00 0 
7f7a58000000-7f7a58021000 rw-p 00000000 00:00 0 
7f7a58021000-7f7a5c000000 ---p 00000000 00:00 0 
7f7a5c000000-7f7a5c021000 rw-p 00000000 00:00 0 
7f7a5c021000-7f7a60000000 ---p 00000000 00:00 0 
7f7a60000000-7f7a60021000 rw-p 00000000 00:00 0 
7f7a60021000-7f7a64000000 ---p 00000000 00:00 0 
7f7a64000000-7f7a64021000 rw-p 00000000 00:00 0 
7f7a64021000-7f7a68000000 ---p 00000000 00:00 0 
7f7a68000000-7f7a68021000 rw-p 00000000 00:00 0 
7f7a68021000-7f7a6c000000 ---p 00000000 00:00 0 
7f7a6c000000-7f7a6c021000 rw-p 00000000 00:00 0 
7f7a6c021000-7f7a70000000 ---p 00000000 00:00 0 
7f7a70000000-7f7a70021000 rw-p 00000000 00:00 0 
7f7a70021000-7f7a74000000 ---p 00000000 00:00 0 
7f7a74000000-7f7a74021000 rw-p 00000000 00:00 0 
7f7a74021000-7f7a78000000 ---p 00000000 00:00 0 
7f7a78000000-7f7a78021000 rw-p 00000000 00:00 0 
7f7a78021000-7f7a7c000000 ---p 00000000 00:00 0 
7f7a7c000000-7f7a7c021000 rw-p 00000000 00:00 0 
7f7a7c021000-7f7a80000000 ---p 00000000 00:00 0 
7f7a80099000-7f7a80114000 rw-p 00000000 00:00 0 
7f7a80114000-7f7a80139000 r--p 00000000 08:02 17961138                   /usr/share/locale-langpack/es/LC_MESSAGES/libc.mo
7f7a80189000-7f7a8018e000 r-xp 00000000 08:02 16129876                   /usr/lib/x86_64-linux-gnu/libXdmcp.so.6.0.0
7f7a8018e000-7f7a8038d000 ---p 00005000 08:02 16129876                   /usr/lib/x86_64-linux-gnu/libXdmcp.so.6.0.0
7f7a8038d000-7f7a8038e000 r--p 00004000 08:02 16129876                   /usr/lib/x86_64-linux-gnu/libXdmcp.so.6.0.0
7f7a8038e000-7f7a8038f000 rw-p 00005000 08:02 16129876                   /usr/lib/x86_64-linux-gnu/libXdmcp.so.6.0.0
7f7a8038f000-7f7a80391000 r-xp 00000000 08:02 16129865                   /usr/lib/x86_64-linux-gnu/libXau.so.6.0.0
7f7a80391000-7f7a80591000 ---p 00002000 08:02 16129865                   /usr/lib/x86_64-linux-gnu/libXau.so.6.0.0
7f7a80591000-7f7a80592000 r--p 00002000 08:02 16129865                   /usr/lib/x86_64-linux-gnu/libXau.so.6.0.0
7f7a80592000-7f7a80593000 rw-p 00003000 08:02 16129865                   /usr/lib/x86_64-linux-gnu/libXau.so.6.0.0
7f7a80593000-7f7a805b4000 r-xp 00000000 08:02 16131283                   /usr/lib/x86_64-linux-gnu/libxcb.so.1.1.0
7f7a805b4000-7f7a807b3000 ---p 00021000 08:02 16131283                   /usr/lib/x86_64-linux-gnu/libxcb.so.1.1.0
7f7a807b3000-7f7a807b4000 r--p 00020000 08:02 16131283                   /usr/lib/x86_64-linux-gnu/libxcb.so.1.1.0
7f7a807b4000-7f7a807b5000 rw-p 00021000 08:02 16131283                   /usr/lib/x86_64-linux-gnu/libxcb.so.1.1.0
7f7a807b5000-7f7a808ea000 r-xp 00000000 08:02 16127219                   /usr/lib/x86_64-linux-gnu/libX11.so.6.3.0
7f7a808ea000-7f7a80aea000 ---p 00135000 08:02 16127219                   /usr/lib/x86_64-linux-gnu/libX11.so.6.3.0
7f7a80aea000-7f7a80aeb000 r--p 00135000 08:02 16127219                   /usr/lib/x86_64-linux-gnu/libX11.so.6.3.0
7f7a80aeb000-7f7a80aef000 rw-p 00136000 08:02 16127219                   /usr/lib/x86_64-linux-gnu/libX11.so.6.3.0
7f7a80af6000-7f7a80afa000 rw-s 00000000 00:19 340                        /i915 (deleted)
7f7a80afa000-7f7a80aff000 rw-s 00000000 00:19 339                        /i915 (deleted)
7f7a80aff000-7f7a80b00000 rw-s 00000000 00:05 34888                      /memfd:xshmfence (deleted)
7f7a80b00000-7f7a80b04000 rw-s 00000000 00:19 325                        /i915 (deleted)
7f7a80b04000-7f7a80b08000 rw-s 00000000 00:19 321                        /i915 (deleted)
7f7a80b08000-7f7a80b0d000 rw-s 00000000 00:19 317                        /i915 (deleted)
7f7a80b0d000-7f7a80b14000 r--s 00000000 08:02 16386989                   /usr/lib/x86_64-linux-gnu/gconv/gconv-modules.cache
7f7a80b14000-7f7a80b56000 r-xp 00000000 08:02 4849815                    /tmp/lwjglalvaro/3.2.0-build-12/libglfw.so
7f7a80b56000-7f7a80d55000 ---p 00042000 08:02 4849815                    /tmp/lwjglalvaro/3.2.0-build-12/libglfw.so
7f7a80d55000-7f7a80d56000 r--p 00041000 08:02 4849815                    /tmp/lwjglalvaro/3.2.0-build-12/libglfw.so
7f7a80d56000-7f7a80d58000 rw-p 00042000 08:02 4849815                    /tmp/lwjglalvaro/3.2.0-build-12/libglfw.so
7f7a80d58000-7f7a80d79000 rw-p 00000000 00:00 0 
7f7a80d79000-7f7a80d98000 r--s 00213000 08:02 8658339                    /home/alvaro/git/GameEngine/game/library/lwjglx-debug-1.0.0.jar
7f7a80d98000-7f7a80d9b000 r--s 00053000 08:02 8658341                    /home/alvaro/git/GameEngine/game/library/lwjglx-debug-1.0.0-sources.jar
7f7a80d9b000-7f7a80d9f000 r--s 0005c000 08:02 8658340                    /home/alvaro/git/GameEngine/game/library/lwjglx-debug-1.0.0-javadoc.jar
7f7a80d9f000-7f7a80da1000 r--s 0000c000 08:02 8658335                    /home/alvaro/git/GameEngine/game/library/lwjgl-vma.jar
7f7a80da1000-7f7a80da3000 r--s 0000e000 08:02 8658338                    /home/alvaro/git/GameEngine/game/library/lwjgl-vma-sources.jar
7f7a80da3000-7f7a80da4000 r--s 00009000 08:02 8658337                    /home/alvaro/git/GameEngine/game/library/lwjgl-vma-natives-linux.jar
7f7a80da4000-7f7a80da6000 r--s 00083000 08:02 8658336                    /home/alvaro/git/GameEngine/game/library/lwjgl-vma-javadoc.jar
7f7a80da6000-7f7a80da9000 r--s 00095000 08:02 8658332                    /home/alvaro/git/GameEngine/game/library/joml-1.9.11.jar
7f7a80da9000-7f7a80dab000 r--s 00098000 08:02 8658334                    /home/alvaro/git/GameEngine/game/library/joml-1.9.11-sources.jar
7f7a80dab000-7f7a80db0000 r--s 0018a000 08:02 8658333                    /home/alvaro/git/GameEngine/game/library/joml-1.9.11-javadoc.jar
7f7a80db0000-7f7a80e08000 r-xp 00000000 08:02 4849813                    /tmp/lwjglalvaro/3.2.0-build-12/liblwjgl.so
7f7a80e08000-7f7a81007000 ---p 00058000 08:02 4849813                    /tmp/lwjglalvaro/3.2.0-build-12/liblwjgl.so
7f7a81007000-7f7a81008000 r--p 00057000 08:02 4849813                    /tmp/lwjglalvaro/3.2.0-build-12/liblwjgl.so
7f7a81008000-7f7a81009000 rw-p 00058000 08:02 4849813                    /tmp/lwjglalvaro/3.2.0-build-12/liblwjgl.so
7f7a81009000-7f7a81020000 r-xp 00000000 08:02 16279654                   /usr/lib/jvm/java-8-openjdk-amd64/jre/lib/amd64/libnet.so
7f7a81020000-7f7a8121f000 ---p 00017000 08:02 16279654                   /usr/lib/jvm/java-8-openjdk-amd64/jre/lib/amd64/libnet.so
7f7a8121f000-7f7a81220000 r--p 00016000 08:02 16279654                   /usr/lib/jvm/java-8-openjdk-amd64/jre/lib/amd64/libnet.so
7f7a81220000-7f7a81221000 rw-p 00017000 08:02 16279654                   /usr/lib/jvm/java-8-openjdk-amd64/jre/lib/amd64/libnet.so
7f7a81221000-7f7a81232000 r-xp 00000000 08:02 16279711                   /usr/lib/jvm/java-8-openjdk-amd64/jre/lib/amd64/libnio.so
7f7a81232000-7f7a81432000 ---p 00011000 08:02 16279711                   /usr/lib/jvm/java-8-openjdk-amd64/jre/lib/amd64/libnio.so
7f7a81432000-7f7a81433000 r--p 00011000 08:02 16279711                   /usr/lib/jvm/java-8-openjdk-amd64/jre/lib/amd64/libnio.so
7f7a81433000-7f7a81434000 rw-p 00012000 08:02 16279711                   /usr/lib/jvm/java-8-openjdk-amd64/jre/lib/amd64/libnio.so
7f7a81434000-7f7a81439000 r--s 00048000 08:02 8658331                    /home/alvaro/git/GameEngine/game/library/lwjgl.jar
7f7a81439000-7f7a8143b000 r--s 0000a000 08:02 8658327                    /home/alvaro/git/GameEngine/game/library/lwjgl-zstd.jar
7f7a8143b000-7f7a8143c000 r--s 0000b000 08:02 8658326                    /home/alvaro/git/GameEngine/game/library/lwjgl-zstd-sources.jar
7f7a8143c000-7f7a8143d000 r--s 00030000 08:02 8658325                    /home/alvaro/git/GameEngine/game/library/lwjgl-zstd-natives-linux.jar
7f7a8143d000-7f7a8143f000 r--s 0007d000 08:02 8658324                    /home/alvaro/git/GameEngine/game/library/lwjgl-zstd-javadoc.jar
7f7a8143f000-7f7a81441000 r--s 0000d000 08:02 8658323                    /home/alvaro/git/GameEngine/game/library/lwjgl-yoga.jar
7f7a81441000-7f7a81443000 r--s 00009000 08:02 8658322                    /home/alvaro/git/GameEngine/game/library/lwjgl-yoga-sources.jar
7f7a81443000-7f7a81444000 r--s 0000d000 08:02 8658321                    /home/alvaro/git/GameEngine/game/library/lwjgl-yoga-natives-linux.jar
7f7a81444000-7f7a81446000 r--s 00080000 08:02 8658320                    /home/alvaro/git/GameEngine/game/library/lwjgl-yoga-javadoc.jar
7f7a81446000-7f7a81447000 r--s 00005000 08:02 8658319                    /home/alvaro/git/GameEngine/game/library/lwjgl-xxhash.jar
7f7a81447000-7f7a81448000 r--s 00003000 08:02 8658318                    /home/alvaro/git/GameEngine/game/library/lwjgl-xxhash-sources.jar
7f7a81448000-7f7a81449000 r--s 00001000 08:02 8658317                    /home/alvaro/git/GameEngine/game/library/lwjgl-xxhash-natives-linux.jar
7f7a81449000-7f7a8144b000 r--s 00065000 08:02 8658316                    /home/alvaro/git/GameEngine/game/library/lwjgl-xxhash-javadoc.jar
7f7a8144b000-7f7a81463000 r--s 001b8000 08:02 8658315                    /home/alvaro/git/GameEngine/game/library/lwjgl-vulkan.jar
7f7a81463000-7f7a81471000 r--s 001a1000 08:02 8658314                    /home/alvaro/git/GameEngine/game/library/lwjgl-vulkan-sources.jar
7f7a81471000-7f7a81489000 r--s 0062a000 08:02 8658313                    /home/alvaro/git/GameEngine/game/library/lwjgl-vulkan-javadoc.jar
7f7a81489000-7f7a8148a000 r--s 00001000 08:02 8658312                    /home/alvaro/git/GameEngine/game/library/lwjgl-tootle.jar
7f7a8148a000-7f7a8148b000 r--s 00002000 08:02 8658311                    /home/alvaro/git/GameEngine/game/library/lwjgl-tootle-sources.jar
7f7a8148b000-7f7a8148c000 r--s 0000d000 08:02 8658310                    /home/alvaro/git/GameEngine/game/library/lwjgl-tootle-natives-linux.jar
7f7a8148c000-7f7a8148f000 r--s 0005a000 08:02 8658309                    /home/alvaro/git/GameEngine/game/library/lwjgl-tootle-javadoc.jar
7f7a8148f000-7f7a81490000 r--s 00001000 08:02 8658307                    /home/alvaro/git/GameEngine/game/library/lwjgl-tinyfd.jar
7f7a81490000-7f7a81491000 r--s 00001000 08:02 8658308                    /home/alvaro/git/GameEngine/game/library/lwjgl-tinyfd-sources.jar
7f7a81491000-7f7a81492000 r--s 00009000 08:02 8658306                    /home/alvaro/git/GameEngine/game/library/lwjgl-tinyfd-natives-linux.jar
7f7a81492000-7f7a81494000 r--s 00059000 08:02 8658305                    /home/alvaro/git/GameEngine/game/library/lwjgl-tinyfd-javadoc.jar
7f7a81494000-7f7a81495000 r--s 0000a000 08:02 8658304                    /home/alvaro/git/GameEngine/game/library/lwjgl-tinyexr.jar
7f7a81495000-7f7a81497000 r--s 00006000 08:02 8658303                    /home/alvaro/git/GameEngine/game/library/lwjgl-tinyexr-sources.jar
7f7a81497000-7f7a81499000 r--s 0000d000 08:02 8658302                    /home/alvaro/git/GameEngine/game/library/lwjgl-tinyexr-natives-linux.jar
7f7a81499000-7f7a8149b000 r--s 00073000 08:02 8658301                    /home/alvaro/git/GameEngine/game/library/lwjgl-tinyexr-javadoc.jar
7f7a8149b000-7f7a8149d000 r--s 00018000 08:02 8658300                    /home/alvaro/git/GameEngine/game/library/lwjgl-stb.jar
7f7a8149d000-7f7a8149f000 r--s 00016000 08:02 8658298                    /home/alvaro/git/GameEngine/game/library/lwjgl-stb-sources.jar
7f7a8149f000-7f7a814a0000 r--s 00030000 08:02 8658299                    /home/alvaro/git/GameEngine/game/library/lwjgl-stb-natives-linux.jar
7f7a814a0000-7f7a814a3000 r--s 000a6000 08:02 8658297                    /home/alvaro/git/GameEngine/game/library/lwjgl-stb-javadoc.jar
7f7a814a3000-7f7a814a5000 r--s 00000000 08:02 8658296                    /home/alvaro/git/GameEngine/game/library/lwjgl-sse.jar
7f7a814a5000-7f7a814a7000 r--s 00000000 08:02 8658295                    /home/alvaro/git/GameEngine/game/library/lwjgl-sse-sources.jar
7f7a814a7000-7f7a814a8000 r--s 00000000 08:02 8658294                    /home/alvaro/git/GameEngine/game/library/lwjgl-sse-natives-linux.jar
7f7a814a8000-7f7a814aa000 r--s 00059000 08:02 8658293                    /home/alvaro/git/GameEngine/game/library/lwjgl-sse-javadoc.jar
7f7a814aa000-7f7a814ad000 r--s 0003a000 08:02 8658329                    /home/alvaro/git/GameEngine/game/library/lwjgl-sources.jar
7f7a814ad000-7f7a814af000 r--s 00004000 08:02 8658292                    /home/alvaro/git/GameEngine/game/library/lwjgl-rpmalloc.jar
7f7a814af000-7f7a814b1000 r--s 00003000 08:02 8658291                    /home/alvaro/git/GameEngine/game/library/lwjgl-rpmalloc-sources.jar
7f7a814b1000-7f7a814b2000 r--s 00002000 08:02 8658290                    /home/alvaro/git/GameEngine/game/library/lwjgl-rpmalloc-natives-linux.jar
7f7a814b2000-7f7a814b4000 r--s 00065000 08:02 8658289                    /home/alvaro/git/GameEngine/game/library/lwjgl-rpmalloc-javadoc.jar
7f7a814b4000-7f7a814b5000 r--s 00005000 08:02 8658288                    /home/alvaro/git/GameEngine/game/library/lwjgl-remotery.jar
7f7a814b5000-7f7a814b7000 r--s 00003000 08:02 8658287                    /home/alvaro/git/GameEngine/game/library/lwjgl-remotery-sources.jar
7f7a814b7000-7f7a814b8000 r--s 00006000 08:02 8658286                    /home/alvaro/git/GameEngine/game/library/lwjgl-remotery-natives-linux.jar
7f7a814b8000-7f7a814ba000 r--s 00065000 08:02 8658285                    /home/alvaro/git/GameEngine/game/library/lwjgl-remotery-javadoc.jar
7f7a814ba000-7f7a814bb000 r--s 00002000 08:02 8658284                    /home/alvaro/git/GameEngine/game/library/lwjgl-par.jar
7f7a814bb000-7f7a814bd000 r--s 00001000 08:02 8658283                    /home/alvaro/git/GameEngine/game/library/lwjgl-par-sources.jar
7f7a814bd000-7f7a814be000 r--s 00005000 08:02 8658282                    /home/alvaro/git/GameEngine/game/library/lwjgl-par-natives-linux.jar
7f7a814be000-7f7a814c0000 r--s 0005d000 08:02 8658281                    /home/alvaro/git/GameEngine/game/library/lwjgl-par-javadoc.jar
7f7a814c0000-7f7a814c5000 r--s 0005c000 08:02 8658280                    /home/alvaro/git/GameEngine/game/library/lwjgl-openvr.jar
7f7a814c5000-7f7a814c9000 r--s 00042000 08:02 8658279                    /home/alvaro/git/GameEngine/game/library/lwjgl-openvr-sources.jar
7f7a814c9000-7f7a814ca000 r--s 0001d000 08:02 8658278                    /home/alvaro/git/GameEngine/game/library/lwjgl-openvr-natives-linux.jar
7f7a814ca000-7f7a814d1000 r--s 00177000 08:02 8658277                    /home/alvaro/git/GameEngine/game/library/lwjgl-openvr-javadoc.jar
7f7a814d1000-7f7a814d8000 r--s 0004f000 08:02 8658276                    /home/alvaro/git/GameEngine/game/library/lwjgl-opengles.jar
7f7a814d8000-7f7a814de000 r--s 0005e000 08:02 8658275                    /home/alvaro/git/GameEngine/game/library/lwjgl-opengles-sources.jar
7f7a814de000-7f7a814df000 r--s 00008000 08:02 8658274                    /home/alvaro/git/GameEngine/game/library/lwjgl-opengles-natives-linux.jar
7f7a814df000-7f7a814e6000 r--s 0018b000 08:02 8658273                    /home/alvaro/git/GameEngine/game/library/lwjgl-opengles-javadoc.jar
7f7a814e6000-7f7a814f1000 r--s 000d7000 08:02 8658272                    /home/alvaro/git/GameEngine/game/library/lwjgl-opengl.jar
7f7a814f1000-7f7a814fb000 r--s 00125000 08:02 8658271                    /home/alvaro/git/GameEngine/game/library/lwjgl-opengl-sources.jar
7f7a814fb000-7f7a814fc000 r--s 00012000 08:02 8658270                    /home/alvaro/git/GameEngine/game/library/lwjgl-opengl-natives-linux.jar
7f7a814fc000-7f7a81508000 r--s 00413000 08:02 8658268                    /home/alvaro/git/GameEngine/game/library/lwjgl-opengl-javadoc.jar
7f7a81508000-7f7a8150b000 r--s 00027000 08:02 8658269                    /home/alvaro/git/GameEngine/game/library/lwjgl-opencl.jar
7f7a8150b000-7f7a8150f000 r--s 00035000 08:02 8658267                    /home/alvaro/git/GameEngine/game/library/lwjgl-opencl-sources.jar
7f7a8150f000-7f7a81513000 r--s 000ee000 08:02 8658266                    /home/alvaro/git/GameEngine/game/library/lwjgl-opencl-javadoc.jar
7f7a81513000-7f7a81516000 r--s 00011000 08:02 8658265                    /home/alvaro/git/GameEngine/game/library/lwjgl-openal.jar
7f7a81516000-7f7a81518000 r--s 00011000 08:02 8658264                    /home/alvaro/git/GameEngine/game/library/lwjgl-openal-sources.jar
7f7a81518000-7f7a81519000 r--s 00073000 08:02 8658263                    /home/alvaro/git/GameEngine/game/library/lwjgl-openal-natives-linux.jar
7f7a81519000-7f7a8151c000 r--s 00094000 08:02 8658262                    /home/alvaro/git/GameEngine/game/library/lwjgl-openal-javadoc.jar
7f7a8151c000-7f7a8151e000 r--s 00015000 08:02 8658261                    /home/alvaro/git/GameEngine/game/library/lwjgl-odbc.jar
7f7a8151e000-7f7a81520000 r--s 00012000 08:02 8658260                    /home/alvaro/git/GameEngine/game/library/lwjgl-odbc-sources.jar
7f7a81520000-7f7a81523000 r--s 000aa000 08:02 8658259                    /home/alvaro/git/GameEngine/game/library/lwjgl-odbc-javadoc.jar
7f7a81523000-7f7a81529000 r--s 00064000 08:02 8658258                    /home/alvaro/git/GameEngine/game/library/lwjgl-nuklear.jar
7f7a81529000-7f7a8152d000 r--s 00041000 08:02 8658257                    /home/alvaro/git/GameEngine/game/library/lwjgl-nuklear-sources.jar
7f7a8152d000-7f7a8152e000 r--s 00025000 08:02 8658256                    /home/alvaro/git/GameEngine/game/library/lwjgl-nuklear-natives-linux.jar
7f7a8152e000-7f7a81533000 r--s 00158000 08:02 8658255                    /home/alvaro/git/GameEngine/game/library/lwjgl-nuklear-javadoc.jar
7f7a81533000-7f7a81535000 r--s 00001000 08:02 8658254                    /home/alvaro/git/GameEngine/game/library/lwjgl-nfd.jar
7f7a81535000-7f7a81536000 r--s 00001000 08:02 8658253                    /home/alvaro/git/GameEngine/game/library/lwjgl-nfd-sources.jar
7f7a81536000-7f7a81537000 r--s 00001000 08:02 8658252                    /home/alvaro/git/GameEngine/game/library/lwjgl-nfd-natives-linux.jar
7f7a81537000-7f7a81539000 r--s 0005b000 08:02 8658251                    /home/alvaro/git/GameEngine/game/library/lwjgl-nfd-javadoc.jar
7f7a81539000-7f7a8153a000 r--s 00014000 08:02 8658330                    /home/alvaro/git/GameEngine/game/library/lwjgl-natives-linux.jar
7f7a8153a000-7f7a8153c000 r--s 0000e000 08:02 8658250                    /home/alvaro/git/GameEngine/game/library/lwjgl-nanovg.jar
7f7a8153c000-7f7a8153d000 r--s 0000c000 08:02 8658248                    /home/alvaro/git/GameEngine/game/library/lwjgl-nanovg-sources.jar
7f7a8153d000-7f7a8153e000 r--s 0002d000 08:02 8658249                    /home/alvaro/git/GameEngine/game/library/lwjgl-nanovg-natives-linux.jar
7f7a8153e000-7f7a81541000 r--s 00083000 08:02 8658247                    /home/alvaro/git/GameEngine/game/library/lwjgl-nanovg-javadoc.jar
7f7a81541000-7f7a81543000 r--s 0000b000 08:02 8658246                    /home/alvaro/git/GameEngine/game/library/lwjgl-lz4.jar
7f7a81543000-7f7a81545000 r--s 0000a000 08:02 8658244                    /home/alvaro/git/GameEngine/game/library/lwjgl-lz4-sources.jar
7f7a81545000-7f7a81547000 r--s 0000e000 08:02 8658245                    /home/alvaro/git/GameEngine/game/library/lwjgl-lz4-natives-linux.jar
7f7a81547000-7f7a81549000 r--s 0007c000 08:02 8658243                    /home/alvaro/git/GameEngine/game/library/lwjgl-lz4-javadoc.jar
7f7a81549000-7f7a8154b000 r--s 00006000 08:02 8658242                    /home/alvaro/git/GameEngine/game/library/lwjgl-lmdb.jar
7f7a8154b000-7f7a8154d000 r--s 00008000 08:02 8658241                    /home/alvaro/git/GameEngine/game/library/lwjgl-lmdb-sources.jar
7f7a8154d000-7f7a8154e000 r--s 0000e000 08:02 8658240                    /home/alvaro/git/GameEngine/game/library/lwjgl-lmdb-natives-linux.jar
7f7a8154e000-7f7a81551000 r--s 0006e000 08:02 8658239                    /home/alvaro/git/GameEngine/game/library/lwjgl-lmdb-javadoc.jar
7f7a81551000-7f7a81553000 r--s 00008000 08:02 8658238                    /home/alvaro/git/GameEngine/game/library/lwjgl-jemalloc.jar
7f7a81553000-7f7a81554000 r--s 00007000 08:02 8658237                    /home/alvaro/git/GameEngine/game/library/lwjgl-jemalloc-sources.jar
7f7a81554000-7f7a81555000 r--s 00022000 08:02 8658236                    /home/alvaro/git/GameEngine/game/library/lwjgl-jemalloc-natives-linux.jar
7f7a81555000-7f7a81558000 r--s 0006f000 08:02 8658235                    /home/alvaro/git/GameEngine/game/library/lwjgl-jemalloc-javadoc.jar
7f7a81558000-7f7a81559000 r--s 00005000 08:02 8658234                    /home/alvaro/git/GameEngine/game/library/lwjgl-jawt.jar
7f7a81559000-7f7a8155a000 r--s 00004000 08:02 8658233                    /home/alvaro/git/GameEngine/game/library/lwjgl-jawt-sources.jar
7f7a8155a000-7f7a8155d000 r--s 00068000 08:02 8658232                    /home/alvaro/git/GameEngine/game/library/lwjgl-jawt-javadoc.jar
7f7a8155d000-7f7a81562000 r--s 00136000 08:02 8658328                    /home/alvaro/git/GameEngine/game/library/lwjgl-javadoc.jar
7f7a81562000-7f7a81566000 r--s 00019000 08:02 8658231                    /home/alvaro/git/GameEngine/game/library/lwjgl-glfw.jar
7f7a81566000-7f7a81568000 r--s 00017000 08:02 8658230                    /home/alvaro/git/GameEngine/game/library/lwjgl-glfw-sources.jar
7f7a81568000-7f7a81569000 r--s 00025000 08:02 8658229                    /home/alvaro/git/GameEngine/game/library/lwjgl-glfw-natives-linux.jar
7f7a81569000-7f7a8156d000 r--s 000a7000 08:02 8658228                    /home/alvaro/git/GameEngine/game/library/lwjgl-glfw-javadoc.jar
7f7a8156d000-7f7a81571000 r--s 0001f000 08:02 8658227                    /home/alvaro/git/GameEngine/game/library/lwjgl-egl.jar
7f7a81571000-7f7a81575000 r--s 00023000 08:02 8658226                    /home/alvaro/git/GameEngine/game/library/lwjgl-egl-sources.jar
7f7a81575000-7f7a8157a000 r--s 000d6000 08:02 8658225                    /home/alvaro/git/GameEngine/game/library/lwjgl-egl-javadoc.jar
7f7a8157a000-7f7a8157e000 r--s 00025000 08:02 8658222                    /home/alvaro/git/GameEngine/game/library/lwjgl-bgfx.jar
7f7a8157e000-7f7a81580000 r--s 0001f000 08:02 8658223                    /home/alvaro/git/GameEngine/game/library/lwjgl-bgfx-sources.jar
7f7a81580000-7f7a81581000 r--s 00050000 08:02 8658224                    /home/alvaro/git/GameEngine/game/library/lwjgl-bgfx-natives-linux.jar
7f7a81581000-7f7a81584000 r--s 000c9000 08:02 8658221                    /home/alvaro/git/GameEngine/game/library/lwjgl-bgfx-javadoc.jar
7f7a81584000-7f7a81587000 r--s 00030000 08:02 8658218                    /home/alvaro/git/GameEngine/game/library/lwjgl-assimp.jar
7f7a81587000-7f7a81589000 r--s 00029000 08:02 8658219                    /home/alvaro/git/GameEngine/game/library/lwjgl-assimp-sources.jar
7f7a81589000-7f7a8158a000 r--s 00322000 08:02 8658220                    /home/alvaro/git/GameEngine/game/library/lwjgl-assimp-natives-linux.jar
7f7a8158a000-7f7a8158e000 r--s 000f0000 08:02 8658217                    /home/alvaro/git/GameEngine/game/library/lwjgl-assimp-javadoc.jar
7f7a8158e000-7f7a815a1000 r--s 00346000 08:02 16279714                   /usr/lib/jvm/java-8-openjdk-amd64/jre/lib/resources.jar
7f7a815a1000-7f7a815a2000 ---p 00000000 00:00 0 
7f7a815a2000-7f7a816a2000 rw-p 00000000 00:00 0 
7f7a816a2000-7f7a816a5000 ---p 00000000 00:00 0 
7f7a816a5000-7f7a817a3000 rw-p 00000000 00:00 0 
7f7a817a3000-7f7a817a6000 ---p 00000000 00:00 0 
7f7a817a6000-7f7a818a4000 rw-p 00000000 00:00 0 
7f7a818a4000-7f7a818a7000 ---p 00000000 00:00 0 
7f7a818a7000-7f7a819a5000 rw-p 00000000 00:00 0 
7f7a819a5000-7f7a819a8000 ---p 00000000 00:00 0 
7f7a819a8000-7f7a81aa6000 rw-p 00000000 00:00 0 
7f7a81aa6000-7f7a81aa9000 ---p 00000000 00:00 0 
7f7a81aa9000-7f7a81ba7000 rw-p 00000000 00:00 0 
7f7a81ba7000-7f7a81baa000 ---p 00000000 00:00 0 
7f7a81baa000-7f7a81ca8000 rw-p 00000000 00:00 0 
7f7a81ca8000-7f7a81cab000 ---p 00000000 00:00 0 
7f7a81cab000-7f7a81da9000 rw-p 00000000 00:00 0 
7f7a81da9000-7f7a81dad000 r-xp 00000000 08:02 16279672                   /usr/lib/jvm/java-8-openjdk-amd64/jre/lib/amd64/libdt_socket.so
7f7a81dad000-7f7a81fac000 ---p 00004000 08:02 16279672                   /usr/lib/jvm/java-8-openjdk-amd64/jre/lib/amd64/libdt_socket.so
7f7a81fac000-7f7a81fad000 r--p 00003000 08:02 16279672                   /usr/lib/jvm/java-8-openjdk-amd64/jre/lib/amd64/libdt_socket.so
7f7a81fad000-7f7a81fae000 rw-p 00004000 08:02 16279672                   /usr/lib/jvm/java-8-openjdk-amd64/jre/lib/amd64/libdt_socket.so
7f7a81fae000-7f7a81fb1000 ---p 00000000 00:00 0 
7f7a81fb1000-7f7a820af000 rw-p 00000000 00:00 0 
7f7a820af000-7f7a820b2000 ---p 00000000 00:00 0 
7f7a820b2000-7f7a821b0000 rw-p 00000000 00:00 0 
7f7a821b0000-7f7a821b3000 ---p 00000000 00:00 0 
7f7a821b3000-7f7a822b1000 rw-p 00000000 00:00 0 
7f7a822b1000-7f7a822b2000 ---p 00000000 00:00 0 
7f7a822b2000-7f7a85000000 rw-p 00000000 00:00 0 
7f7a85000000-7f7a85290000 rwxp 00000000 00:00 0 
7f7a85290000-7f7a94000000 ---p 00000000 00:00 0 
7f7a94000000-7f7a948d0000 rw-p 00000000 00:00 0 
7f7a948d0000-7f7a98000000 ---p 00000000 00:00 0 
7f7a98000000-7f7a98005000 r--s 002f9000 08:02 16261264                   /usr/lib/jvm/java-8-openjdk-amd64/jre/lib/charsets.jar
7f7a98005000-7f7a98007000 r--s 00016000 08:02 16264133                   /usr/lib/jvm/java-8-openjdk-amd64/jre/lib/jce.jar
7f7a98007000-7f7a9800c000 r--s 000a0000 08:02 16279715                   /usr/lib/jvm/java-8-openjdk-amd64/jre/lib/jsse.jar
7f7a9800c000-7f7a98027000 r--s 001d6000 08:02 16261274                   /usr/lib/jvm/java-8-openjdk-amd64/jre/lib/ext/nashorn.jar
7f7a98027000-7f7a98028000 r--s 00010000 08:02 16264109                   /usr/lib/jvm/java-8-openjdk-amd64/jre/lib/ext/zipfs.jar
7f7a98028000-7f7a98032000 r--s 00116000 08:02 16264125                   /usr/lib/jvm/java-8-openjdk-amd64/jre/lib/ext/localedata.jar
7f7a98032000-7f7a98038000 r--s 0003b000 08:02 16264121                   /usr/lib/jvm/java-8-openjdk-amd64/jre/lib/ext/sunjce_provider.jar
7f7a98038000-7f7a98053000 r--s 00394000 08:02 16264119                   /usr/lib/jvm/java-8-openjdk-amd64/jre/lib/ext/cldrdata.jar
7f7a98053000-7f7a981f9000 rw-p 00000000 00:00 0 
7f7a981f9000-7f7a983c8000 r--s 03c33000 08:02 16264145                   /usr/lib/jvm/java-8-openjdk-amd64/jre/lib/rt.jar
7f7a983c8000-7f7a989be000 rw-p 00000000 00:00 0 
7f7a989be000-7f7a98c3e000 ---p 00000000 00:00 0 
7f7a98c3e000-7f7a98e22000 rw-p 00000000 00:00 0 
7f7a98e22000-7f7a98e23000 ---p 00000000 00:00 0 
7f7a98e23000-7f7a98f23000 rw-p 00000000 00:00 0 
7f7a98f23000-7f7a98f24000 ---p 00000000 00:00 0 
7f7a98f24000-7f7a99024000 rw-p 00000000 00:00 0 
7f7a99024000-7f7a99025000 ---p 00000000 00:00 0 
7f7a99025000-7f7a99125000 rw-p 00000000 00:00 0 
7f7a99125000-7f7a99126000 ---p 00000000 00:00 0 
7f7a99126000-7f7a9923b000 rw-p 00000000 00:00 0 
7f7a9923b000-7f7a99369000 ---p 00000000 00:00 0 
7f7a99369000-7f7a9937e000 rw-p 00000000 00:00 0 
7f7a9937e000-7f7a994ab000 ---p 00000000 00:00 0 
7f7a994ab000-7f7a994b6000 rw-p 00000000 00:00 0 
7f7a994b6000-7f7a9954d000 ---p 00000000 00:00 0 
7f7a9954d000-7f7a99559000 rw-p 00000000 00:00 0 
7f7a99559000-7f7a9990e000 ---p 00000000 00:00 0 
7f7a9990e000-7f7a99916000 r-xp 00000000 08:02 16279674                   /usr/lib/jvm/java-8-openjdk-amd64/jre/lib/amd64/libzip.so
7f7a99916000-7f7a99b15000 ---p 00008000 08:02 16279674                   /usr/lib/jvm/java-8-openjdk-amd64/jre/lib/amd64/libzip.so
7f7a99b15000-7f7a99b16000 r--p 00007000 08:02 16279674                   /usr/lib/jvm/java-8-openjdk-amd64/jre/lib/amd64/libzip.so
7f7a99b16000-7f7a99b17000 rw-p 00008000 08:02 16279674                   /usr/lib/jvm/java-8-openjdk-amd64/jre/lib/amd64/libzip.so
7f7a99b17000-7f7a99b22000 r-xp 00000000 08:02 27656288                   /lib/x86_64-linux-gnu/libnss_files-2.23.so
7f7a99b22000-7f7a99d21000 ---p 0000b000 08:02 27656288                   /lib/x86_64-linux-gnu/libnss_files-2.23.so
7f7a99d21000-7f7a99d22000 r--p 0000a000 08:02 27656288                   /lib/x86_64-linux-gnu/libnss_files-2.23.so
7f7a99d22000-7f7a99d23000 rw-p 0000b000 08:02 27656288                   /lib/x86_64-linux-gnu/libnss_files-2.23.so
7f7a99d23000-7f7a99d29000 rw-p 00000000 00:00 0 
7f7a99d29000-7f7a99d34000 r-xp 00000000 08:02 27660746                   /lib/x86_64-linux-gnu/libnss_nis-2.23.so
7f7a99d34000-7f7a99f33000 ---p 0000b000 08:02 27660746                   /lib/x86_64-linux-gnu/libnss_nis-2.23.so
7f7a99f33000-7f7a99f34000 r--p 0000a000 08:02 27660746                   /lib/x86_64-linux-gnu/libnss_nis-2.23.so
7f7a99f34000-7f7a99f35000 rw-p 0000b000 08:02 27660746                   /lib/x86_64-linux-gnu/libnss_nis-2.23.so
7f7a99f35000-7f7a99f4b000 r-xp 00000000 08:02 27656206                   /lib/x86_64-linux-gnu/libnsl-2.23.so
7f7a99f4b000-7f7a9a14a000 ---p 00016000 08:02 27656206                   /lib/x86_64-linux-gnu/libnsl-2.23.so
7f7a9a14a000-7f7a9a14b000 r--p 00015000 08:02 27656206                   /lib/x86_64-linux-gnu/libnsl-2.23.so
7f7a9a14b000-7f7a9a14c000 rw-p 00016000 08:02 27656206                   /lib/x86_64-linux-gnu/libnsl-2.23.so
7f7a9a14c000-7f7a9a14e000 rw-p 00000000 00:00 0 
7f7a9a14e000-7f7a9a156000 r-xp 00000000 08:02 27656283                   /lib/x86_64-linux-gnu/libnss_compat-2.23.so
7f7a9a156000-7f7a9a355000 ---p 00008000 08:02 27656283                   /lib/x86_64-linux-gnu/libnss_compat-2.23.so
7f7a9a355000-7f7a9a356000 r--p 00007000 08:02 27656283                   /lib/x86_64-linux-gnu/libnss_compat-2.23.so
7f7a9a356000-7f7a9a357000 rw-p 00008000 08:02 27656283                   /lib/x86_64-linux-gnu/libnss_compat-2.23.so
7f7a9a357000-7f7a9a8a4000 r--p 00000000 08:02 16129176                   /usr/lib/locale/locale-archive
7f7a9a8a4000-7f7a9a8a6000 r-xp 00000000 08:02 16279666                   /usr/lib/jvm/java-8-openjdk-amd64/jre/lib/amd64/libnpt.so
7f7a9a8a6000-7f7a9aaa6000 ---p 00002000 08:02 16279666                   /usr/lib/jvm/java-8-openjdk-amd64/jre/lib/amd64/libnpt.so
7f7a9aaa6000-7f7a9aaa7000 r--p 00002000 08:02 16279666                   /usr/lib/jvm/java-8-openjdk-amd64/jre/lib/amd64/libnpt.so
7f7a9aaa7000-7f7a9aaa8000 rw-p 00003000 08:02 16279666                   /usr/lib/jvm/java-8-openjdk-amd64/jre/lib/amd64/libnpt.so
7f7a9aaa8000-7f7a9aae3000 r-xp 00000000 08:02 16279688                   /usr/lib/jvm/java-8-openjdk-amd64/jre/lib/amd64/libjdwp.so
7f7a9aae3000-7f7a9ace3000 ---p 0003b000 08:02 16279688                   /usr/lib/jvm/java-8-openjdk-amd64/jre/lib/amd64/libjdwp.so
7f7a9ace3000-7f7a9ace4000 r--p 0003b000 08:02 16279688                   /usr/lib/jvm/java-8-openjdk-amd64/jre/lib/amd64/libjdwp.so
7f7a9ace4000-7f7a9ace5000 rw-p 0003c000 08:02 16279688                   /usr/lib/jvm/java-8-openjdk-amd64/jre/lib/amd64/libjdwp.so
7f7a9ace5000-7f7a9ad12000 r-xp 00000000 08:02 16279682                   /usr/lib/jvm/java-8-openjdk-amd64/jre/lib/amd64/libjava.so
7f7a9ad12000-7f7a9af11000 ---p 0002d000 08:02 16279682                   /usr/lib/jvm/java-8-openjdk-amd64/jre/lib/amd64/libjava.so
7f7a9af11000-7f7a9af12000 r--p 0002c000 08:02 16279682                   /usr/lib/jvm/java-8-openjdk-amd64/jre/lib/amd64/libjava.so
7f7a9af12000-7f7a9af14000 rw-p 0002d000 08:02 16279682                   /usr/lib/jvm/java-8-openjdk-amd64/jre/lib/amd64/libjava.so
7f7a9af14000-7f7a9af23000 r-xp 00000000 08:02 16279690                   /usr/lib/jvm/java-8-openjdk-amd64/jre/lib/amd64/libverify.so
7f7a9af23000-7f7a9b122000 ---p 0000f000 08:02 16279690                   /usr/lib/jvm/java-8-openjdk-amd64/jre/lib/amd64/libverify.so
7f7a9b122000-7f7a9b124000 r--p 0000e000 08:02 16279690                   /usr/lib/jvm/java-8-openjdk-amd64/jre/lib/amd64/libverify.so
7f7a9b124000-7f7a9b125000 rw-p 00010000 08:02 16279690                   /usr/lib/jvm/java-8-openjdk-amd64/jre/lib/amd64/libverify.so
7f7a9b125000-7f7a9b12c000 r-xp 00000000 08:02 27660747                   /lib/x86_64-linux-gnu/librt-2.23.so
7f7a9b12c000-7f7a9b32b000 ---p 00007000 08:02 27660747                   /lib/x86_64-linux-gnu/librt-2.23.so
7f7a9b32b000-7f7a9b32c000 r--p 00006000 08:02 27660747                   /lib/x86_64-linux-gnu/librt-2.23.so
7f7a9b32c000-7f7a9b32d000 rw-p 00007000 08:02 27660747                   /lib/x86_64-linux-gnu/librt-2.23.so
7f7a9b32d000-7f7a9b343000 r-xp 00000000 08:02 27660767                   /lib/x86_64-linux-gnu/libgcc_s.so.1
7f7a9b343000-7f7a9b542000 ---p 00016000 08:02 27660767                   /lib/x86_64-linux-gnu/libgcc_s.so.1
7f7a9b542000-7f7a9b543000 rw-p 00015000 08:02 27660767                   /lib/x86_64-linux-gnu/libgcc_s.so.1
7f7a9b543000-7f7a9b64b000 r-xp 00000000 08:02 27656197                   /lib/x86_64-linux-gnu/libm-2.23.so
7f7a9b64b000-7f7a9b84a000 ---p 00108000 08:02 27656197                   /lib/x86_64-linux-gnu/libm-2.23.so
7f7a9b84a000-7f7a9b84b000 r--p 00107000 08:02 27656197                   /lib/x86_64-linux-gnu/libm-2.23.so
7f7a9b84b000-7f7a9b84c000 rw-p 00108000 08:02 27656197                   /lib/x86_64-linux-gnu/libm-2.23.so
7f7a9b84c000-7f7a9b9be000 r-xp 00000000 08:02 16121885                   /usr/lib/x86_64-linux-gnu/libstdc++.so.6.0.21
7f7a9b9be000-7f7a9bbbe000 ---p 00172000 08:02 16121885                   /usr/lib/x86_64-linux-gnu/libstdc++.so.6.0.21
7f7a9bbbe000-7f7a9bbc8000 r--p 00172000 08:02 16121885                   /usr/lib/x86_64-linux-gnu/libstdc++.so.6.0.21
7f7a9bbc8000-7f7a9bbca000 rw-p 0017c000 08:02 16121885                   /usr/lib/x86_64-linux-gnu/libstdc++.so.6.0.21
7f7a9bbca000-7f7a9bbce000 rw-p 00000000 00:00 0 
7f7a9bbce000-7f7a9c82f000 r-xp 00000000 08:02 16279700                   /usr/lib/jvm/java-8-openjdk-amd64/jre/lib/amd64/server/libjvm.so
7f7a9c82f000-7f7a9ca2f000 ---p 00c61000 08:02 16279700                   /usr/lib/jvm/java-8-openjdk-amd64/jre/lib/amd64/server/libjvm.so
7f7a9ca2f000-7f7a9cac3000 r--p 00c61000 08:02 16279700                   /usr/lib/jvm/java-8-openjdk-amd64/jre/lib/amd64/server/libjvm.so
7f7a9cac3000-7f7a9caec000 rw-p 00cf5000 08:02 16279700                   /usr/lib/jvm/java-8-openjdk-amd64/jre/lib/amd64/server/libjvm.so
7f7a9caec000-7f7a9cb1c000 rw-p 00000000 00:00 0 
7f7a9cb1c000-7f7a9cb34000 r-xp 00000000 08:02 27656217                   /lib/x86_64-linux-gnu/libpthread-2.23.so
7f7a9cb34000-7f7a9cd33000 ---p 00018000 08:02 27656217                   /lib/x86_64-linux-gnu/libpthread-2.23.so
7f7a9cd33000-7f7a9cd34000 r--p 00017000 08:02 27656217                   /lib/x86_64-linux-gnu/libpthread-2.23.so
7f7a9cd34000-7f7a9cd35000 rw-p 00018000 08:02 27656217                   /lib/x86_64-linux-gnu/libpthread-2.23.so
7f7a9cd35000-7f7a9cd39000 rw-p 00000000 00:00 0 
7f7a9cd39000-7f7a9cd3c000 r-xp 00000000 08:02 27656277                   /lib/x86_64-linux-gnu/libdl-2.23.so
7f7a9cd3c000-7f7a9cf3b000 ---p 00003000 08:02 27656277                   /lib/x86_64-linux-gnu/libdl-2.23.so
7f7a9cf3b000-7f7a9cf3c000 r--p 00002000 08:02 27656277                   /lib/x86_64-linux-gnu/libdl-2.23.so
7f7a9cf3c000-7f7a9cf3d000 rw-p 00003000 08:02 27656277                   /lib/x86_64-linux-gnu/libdl-2.23.so
7f7a9cf3d000-7f7a9cf56000 r-xp 00000000 08:02 27660920                   /lib/x86_64-linux-gnu/libz.so.1.2.8
7f7a9cf56000-7f7a9d155000 ---p 00019000 08:02 27660920                   /lib/x86_64-linux-gnu/libz.so.1.2.8
7f7a9d155000-7f7a9d156000 r--p 00018000 08:02 27660920                   /lib/x86_64-linux-gnu/libz.so.1.2.8
7f7a9d156000-7f7a9d157000 rw-p 00019000 08:02 27660920                   /lib/x86_64-linux-gnu/libz.so.1.2.8
7f7a9d157000-7f7a9d317000 r-xp 00000000 08:02 27656275                   /lib/x86_64-linux-gnu/libc-2.23.so
7f7a9d317000-7f7a9d517000 ---p 001c0000 08:02 27656275                   /lib/x86_64-linux-gnu/libc-2.23.so
7f7a9d517000-7f7a9d51b000 r--p 001c0000 08:02 27656275                   /lib/x86_64-linux-gnu/libc-2.23.so
7f7a9d51b000-7f7a9d51d000 rw-p 001c4000 08:02 27656275                   /lib/x86_64-linux-gnu/libc-2.23.so
7f7a9d51d000-7f7a9d521000 rw-p 00000000 00:00 0 
7f7a9d521000-7f7a9d52e000 r-xp 00000000 08:02 16279684                   /usr/lib/jvm/java-8-openjdk-amd64/jre/lib/amd64/jli/libjli.so
7f7a9d52e000-7f7a9d72e000 ---p 0000d000 08:02 16279684                   /usr/lib/jvm/java-8-openjdk-amd64/jre/lib/amd64/jli/libjli.so
7f7a9d72e000-7f7a9d72f000 r--p 0000d000 08:02 16279684                   /usr/lib/jvm/java-8-openjdk-amd64/jre/lib/amd64/jli/libjli.so
7f7a9d72f000-7f7a9d730000 rw-p 0000e000 08:02 16279684                   /usr/lib/jvm/java-8-openjdk-amd64/jre/lib/amd64/jli/libjli.so
7f7a9d730000-7f7a9d756000 r-xp 00000000 08:02 27656209                   /lib/x86_64-linux-gnu/ld-2.23.so
7f7a9d756000-7f7a9d759000 r--s 00038000 08:02 16261275                   /usr/lib/jvm/java-8-openjdk-amd64/jre/lib/ext/sunpkcs11.jar
7f7a9d759000-7f7a9d82a000 rw-p 00000000 00:00 0 
7f7a9d82a000-7f7a9d82d000 ---p 00000000 00:00 0 
7f7a9d82d000-7f7a9d92f000 rw-p 00000000 00:00 0 
7f7a9d92f000-7f7a9d930000 r--s 0000a000 08:02 16264117                   /usr/lib/jvm/java-8-openjdk-amd64/jre/lib/ext/jaccess.jar
7f7a9d930000-7f7a9d933000 r--s 0000f000 08:02 16264123                   /usr/lib/jvm/java-8-openjdk-amd64/jre/lib/ext/icedtea-sound.jar
7f7a9d933000-7f7a9d935000 r--s 00001000 08:02 16264113                   /usr/lib/jvm/java-8-openjdk-amd64/jre/lib/ext/dnsns.jar
7f7a9d935000-7f7a9d937000 r--s 00008000 08:02 16261276                   /usr/lib/jvm/java-8-openjdk-amd64/jre/lib/ext/sunec.jar
7f7a9d937000-7f7a9d94a000 rw-p 00000000 00:00 0 
7f7a9d94a000-7f7a9d952000 rw-s 00000000 08:02 4849809                    /tmp/hsperfdata_alvaro/2391
7f7a9d952000-7f7a9d953000 rw-p 00000000 00:00 0 
7f7a9d953000-7f7a9d954000 r--p 00000000 00:00 0 
7f7a9d954000-7f7a9d955000 rw-p 00000000 00:00 0 
7f7a9d955000-7f7a9d956000 r--p 00025000 08:02 27656209                   /lib/x86_64-linux-gnu/ld-2.23.so
7f7a9d956000-7f7a9d957000 rw-p 00026000 08:02 27656209                   /lib/x86_64-linux-gnu/ld-2.23.so
7f7a9d957000-7f7a9d958000 rw-p 00000000 00:00 0 
7ffd5edf7000-7ffd5ee1a000 rw-p 00000000 00:00 0                          [stack]
7ffd5efa8000-7ffd5efab000 r--p 00000000 00:00 0                          [vvar]
7ffd5efab000-7ffd5efad000 r-xp 00000000 00:00 0                          [vdso]
ffffffffff600000-ffffffffff601000 r-xp 00000000 00:00 0                  [vsyscall]

VM Arguments:
jvm_args: -agentlib:jdwp=transport=dt_socket,suspend=y,address=localhost:44215 -Dfile.encoding=UTF-8 
java_command: main.Main
java_class_path (initial): /usr/lib/jvm/java-8-openjdk-amd64/jre/lib/resources.jar:/usr/lib/jvm/java-8-openjdk-amd64/jre/lib/rt.jar:/usr/lib/jvm/java-8-openjdk-amd64/jre/lib/jsse.jar:/usr/lib/jvm/java-8-openjdk-amd64/jre/lib/jce.jar:/usr/lib/jvm/java-8-openjdk-amd64/jre/lib/charsets.jar:/usr/lib/jvm/java-8-openjdk-amd64/jre/lib/ext/sunec.jar:/usr/lib/jvm/java-8-openjdk-amd64/jre/lib/ext/cldrdata.jar:/usr/lib/jvm/java-8-openjdk-amd64/jre/lib/ext/dnsns.jar:/usr/lib/jvm/java-8-openjdk-amd64/jre/lib/ext/icedtea-sound.jar:/usr/lib/jvm/java-8-openjdk-amd64/jre/lib/ext/jaccess.jar:/usr/lib/jvm/java-8-openjdk-amd64/jre/lib/ext/sunjce_provider.jar:/usr/lib/jvm/java-8-openjdk-amd64/jre/lib/ext/localedata.jar:/usr/lib/jvm/java-8-openjdk-amd64/jre/lib/ext/sunpkcs11.jar:/usr/lib/jvm/java-8-openjdk-amd64/jre/lib/ext/zipfs.jar:/usr/lib/jvm/java-8-openjdk-amd64/jre/lib/ext/nashorn.jar:/home/alvaro/git/GameEngine/game/bin:/home/alvaro/git/GameEngine/game/library/lwjgl-assimp-javadoc.jar:/home/alvaro/git/GameEngine/game/library/lwjgl-assimp-natives-linux.jar:/home/alvaro/git/GameEngine/game/library/lwjgl-assimp-sources.jar:/home/alvaro/git/GameEngine/game/library/lwjgl-assimp.jar:/home/alvaro/git/GameEngine/game/library/lwjgl-bgfx-javadoc.jar:/home/alvaro/git/GameEngine/game/library/lwjgl-bgfx-natives-linux.jar:/home/alvaro/git/GameEngine/game/library/lwjgl-bgfx-sources.jar:/home/alvaro/git/GameEngine/game/library/lwjgl-bgfx.jar:/home/alvaro/git/GameEngine/game/library/lwjgl-egl-javadoc.jar:/home/alvaro/git/GameEngine/game/library/lwjgl-egl-sources.jar:/home/alvaro/git/GameEngine/game/library/lwjgl-egl.jar:/home/alvaro/git/GameEngine/game/library/lwjgl-glfw-javadoc.jar:/home/alvaro/git/GameEngine/game/library/lwjgl-glfw-natives-linux.jar:/home/alvaro/git/GameEngine/game/library/lwjgl-glfw-sources.jar:/home/alvaro/git/GameEngine/game/library/lwjgl-glfw.jar:/home/alvaro/git/GameEngine/game/library/lwjgl-javadoc.jar:/home/alvaro/git/GameEngine/game/library/lwjgl-jawt-javadoc.jar:/home
Launcher Type: SUN_STANDARD

Environment Variables:
PATH=/home/alvaro/bin:/home/alvaro/.local/bin:/usr/local/sbin:/usr/local/bin:/usr/sbin:/usr/bin:/sbin:/bin:/usr/games:/usr/local/games:/snap/bin
SHELL=/bin/bash
DISPLAY=:0

Signal Handlers:
SIGSEGV: [libjvm.so+0xa74ca0], sa_mask[0]=11111111011111111101111111111110, sa_flags=SA_RESTART|SA_SIGINFO
SIGBUS: [libjvm.so+0xa74ca0], sa_mask[0]=11111111011111111101111111111110, sa_flags=SA_RESTART|SA_SIGINFO
SIGFPE: [libjvm.so+0x8bbcf0], sa_mask[0]=11111111011111111101111111111110, sa_flags=SA_RESTART|SA_SIGINFO
SIGPIPE: [libjvm.so+0x8bbcf0], sa_mask[0]=11111111011111111101111111111110, sa_flags=SA_RESTART|SA_SIGINFO
SIGXFSZ: [libjvm.so+0x8bbcf0], sa_mask[0]=11111111011111111101111111111110, sa_flags=SA_RESTART|SA_SIGINFO
SIGILL: [libjvm.so+0x8bbcf0], sa_mask[0]=11111111011111111101111111111110, sa_flags=SA_RESTART|SA_SIGINFO
SIGUSR1: SIG_DFL, sa_mask[0]=00000000000000000000000000000000, sa_flags=none
SIGUSR2: [libjvm.so+0x8bbba0], sa_mask[0]=00100000000000000000000000000000, sa_flags=SA_RESTART|SA_SIGINFO
SIGHUP: [libjvm.so+0x8bc230], sa_mask[0]=11111111011111111101111111111110, sa_flags=SA_RESTART|SA_SIGINFO
SIGINT: [libjvm.so+0x8bc230], sa_mask[0]=11111111011111111101111111111110, sa_flags=SA_RESTART|SA_SIGINFO
SIGTERM: [libjvm.so+0x8bc230], sa_mask[0]=11111111011111111101111111111110, sa_flags=SA_RESTART|SA_SIGINFO
SIGQUIT: [libjvm.so+0x8bc230], sa_mask[0]=11111111011111111101111111111110, sa_flags=SA_RESTART|SA_SIGINFO


---------------  S Y S T E M  ---------------

OS:DISTRIB_ID=Ubuntu
DISTRIB_RELEASE=16.04
DISTRIB_CODENAME=xenial
DISTRIB_DESCRIPTION="Ubuntu 16.04.5 LTS"

uname:Linux 4.15.0-46-generic #49~16.04.1-Ubuntu SMP Tue Feb 12 17:45:24 UTC 2019 x86_64
libc:glibc 2.23 NPTL 2.23 
rlimit: STACK 8192k, CORE 0k, NPROC 14987, NOFILE 1048576, AS infinity
load average:2,10 1,21 0,66

/proc/meminfo:
MemTotal:        3960268 kB
MemFree:          917980 kB
MemAvailable:    2207112 kB
Buffers:          591816 kB
Cached:           885492 kB
SwapCached:            0 kB
Active:          1941848 kB
Inactive:         697268 kB
Active(anon):    1163260 kB
Inactive(anon):   177776 kB
Active(file):     778588 kB
Inactive(file):   519492 kB
Unevictable:          32 kB
Mlocked:              32 kB
SwapTotal:       4115452 kB
SwapFree:        4115452 kB
Dirty:              2368 kB
Writeback:             0 kB
AnonPages:       1162324 kB
Mapped:           222336 kB
Shmem:            178864 kB
Slab:             317472 kB
SReclaimable:     282368 kB
SUnreclaim:        35104 kB
KernelStack:        8656 kB
PageTables:        28868 kB
NFS_Unstable:          0 kB
Bounce:                0 kB
WritebackTmp:          0 kB
CommitLimit:     6095584 kB
Committed_AS:    4441828 kB
VmallocTotal:   34359738367 kB
VmallocUsed:           0 kB
VmallocChunk:          0 kB
HardwareCorrupted:     0 kB
AnonHugePages:         0 kB
ShmemHugePages:        0 kB
ShmemPmdMapped:        0 kB
CmaTotal:              0 kB
CmaFree:               0 kB
HugePages_Total:       0
HugePages_Free:        0
HugePages_Rsvd:        0
HugePages_Surp:        0
Hugepagesize:       2048 kB
DirectMap4k:      122624 kB
DirectMap2M:     2945024 kB
DirectMap1G:     2097152 kB

container (cgroup) information:
container_type: cgroupv1
cpu_cpuset_cpus: 0-3
cpu_memory_nodes: 0
active_processor_count: 4
cpu_quota: -1
cpu_period: 100000
cpu_shares: -1
memory_limit_in_bytes: -1
memory_and_swap_limit_in_bytes: -2
memory_soft_limit_in_bytes: -1
memory_usage_in_bytes: 2703011840
memory_max_usage_in_bytes: 0


CPU:total 4 (initial active 4) (2 cores per cpu, 2 threads per core) family 6 model 69 stepping 1, cmov, cx8, fxsr, mmx, sse, sse2, sse3, ssse3, sse4.1, sse4.2, popcnt, avx, avx2, aes, clmul, erms, lzcnt, ht, tsc, tscinvbit, bmi1, bmi2

/proc/cpuinfo:
processor	: 0
vendor_id	: GenuineIntel
cpu family	: 6
model		: 69
model name	: Intel(R) Core(TM) i3-4030U CPU @ 1.90GHz
stepping	: 1
microcode	: 0x24
cpu MHz		: 1895.630
cache size	: 3072 KB
physical id	: 0
siblings	: 4
core id		: 0
cpu cores	: 2
apicid		: 0
initial apicid	: 0
fpu		: yes
fpu_exception	: yes
cpuid level	: 13
wp		: yes
flags		: fpu vme de pse tsc msr pae mce cx8 apic sep mtrr pge mca cmov pat pse36 clflush dts acpi mmx fxsr sse sse2 ss ht tm pbe syscall nx pdpe1gb rdtscp lm constant_tsc arch_perfmon pebs bts rep_good nopl xtopology nonstop_tsc cpuid aperfmperf pni pclmulqdq dtes64 monitor ds_cpl vmx est tm2 ssse3 sdbg fma cx16 xtpr pdcm pcid sse4_1 sse4_2 x2apic movbe popcnt tsc_deadline_timer aes xsave avx f16c rdrand lahf_lm abm cpuid_fault epb invpcid_single pti ssbd ibrs ibpb stibp tpr_shadow vnmi flexpriority ept vpid fsgsbase tsc_adjust bmi1 avx2 smep bmi2 erms invpcid xsaveopt dtherm ida arat pln pts flush_l1d
bugs		: cpu_meltdown spectre_v1 spectre_v2 spec_store_bypass l1tf
bogomips	: 3791.26
clflush size	: 64
cache_alignment	: 64
address sizes	: 39 bits physical, 48 bits virtual
power management:

processor	: 1
vendor_id	: GenuineIntel
cpu family	: 6
model		: 69
model name	: Intel(R) Core(TM) i3-4030U CPU @ 1.90GHz
stepping	: 1
microcode	: 0x24
cpu MHz		: 1895.629
cache size	: 3072 KB
physical id	: 0
siblings	: 4
core id		: 0
cpu cores	: 2
apicid		: 1
initial apicid	: 1
fpu		: yes
fpu_exception	: yes
cpuid level	: 13
wp		: yes
flags		: fpu vme de pse tsc msr pae mce cx8 apic sep mtrr pge mca cmov pat pse36 clflush dts acpi mmx fxsr sse sse2 ss ht tm pbe syscall nx pdpe1gb rdtscp lm constant_tsc arch_perfmon pebs bts rep_good nopl xtopology nonstop_tsc cpuid aperfmperf pni pclmulqdq dtes64 monitor ds_cpl vmx est tm2 ssse3 sdbg fma cx16 xtpr pdcm pcid sse4_1 sse4_2 x2apic movbe popcnt tsc_deadline_timer aes xsave avx f16c rdrand lahf_lm abm cpuid_fault epb invpcid_single pti ssbd ibrs ibpb stibp tpr_shadow vnmi flexpriority ept vpid fsgsbase tsc_adjust bmi1 avx2 smep bmi2 erms invpcid xsaveopt dtherm ida arat pln pts flush_l1d
bugs		: cpu_meltdown spectre_v1 spectre_v2 spec_store_bypass l1tf
bogomips	: 3791.26
clflush size	: 64
cache_alignment	: 64
address sizes	: 39 bits physical, 48 bits virtual
power management:

processor	: 2
vendor_id	: GenuineIntel
cpu family	: 6
model		: 69
model name	: Intel(R) Core(TM) i3-4030U CPU @ 1.90GHz
stepping	: 1
microcode	: 0x24
cpu MHz		: 1895.628
cache size	: 3072 KB
physical id	: 0
siblings	: 4
core id		: 1
cpu cores	: 2
apicid		: 2
initial apicid	: 2
fpu		: yes
fpu_exception	: yes
cpuid level	: 13
wp		: yes
flags		: fpu vme de pse tsc msr pae mce cx8 apic sep mtrr pge mca cmov pat pse36 clflush dts acpi mmx fxsr sse sse2 ss ht tm pbe syscall nx pdpe1gb rdtscp lm constant_tsc arch_perfmon pebs bts rep_good nopl xtopology nonstop_tsc cpuid aperfmperf pni pclmulqdq dtes64 monitor ds_cpl vmx est tm2 ssse3 sdbg fma cx16 xtpr pdcm pcid sse4_1 sse4_2 x2apic movbe popcnt tsc_deadline_timer aes xsave avx f16c rdrand lahf_lm abm cpuid_fault epb invpcid_single pti ssbd ibrs ibpb stibp tpr_shadow vnmi flexpriority ept vpid fsgsbase tsc_adjust bmi1 avx2 smep bmi2 erms invpcid xsaveopt dtherm ida arat pln pts flush_l1d
bugs		: cpu_meltdown spectre_v1 spectre_v2 spec_store_bypass l1tf
bogomips	: 3791.26
clflush size	: 64
cache_alignment	: 64
address sizes	: 39 bits physical, 48 bits virtual
power management:

processor	: 3
vendor_id	: GenuineIntel
cpu family	: 6
model		: 69
model name	: Intel(R) Core(TM) i3-4030U CPU @ 1.90GHz
stepping	: 1
microcode	: 0x24
cpu MHz		: 1895.629
cache size	: 3072 KB
physical id	: 0
siblings	: 4
core id		: 1
cpu cores	: 2
apicid		: 3
initial apicid	: 3
fpu		: yes
fpu_exception	: yes
cpuid level	: 13
wp		: yes
flags		: fpu vme de pse tsc msr pae mce cx8 apic sep mtrr pge mca cmov pat pse36 clflush dts acpi mmx fxsr sse sse2 ss ht tm pbe syscall nx pdpe1gb rdtscp lm constant_tsc arch_perfmon pebs bts rep_good nopl xtopology nonstop_tsc cpuid aperfmperf pni pclmulqdq dtes64 monitor ds_cpl vmx est tm2 ssse3 sdbg fma cx16 xtpr pdcm pcid sse4_1 sse4_2 x2apic movbe popcnt tsc_deadline_timer aes xsave avx f16c rdrand lahf_lm abm cpuid_fault epb invpcid_single pti ssbd ibrs ibpb stibp tpr_shadow vnmi flexpriority ept vpid fsgsbase tsc_adjust bmi1 avx2 smep bmi2 erms invpcid xsaveopt dtherm ida arat pln pts flush_l1d
bugs		: cpu_meltdown spectre_v1 spectre_v2 spec_store_bypass l1tf
bogomips	: 3791.26
clflush size	: 64
cache_alignment	: 64
address sizes	: 39 bits physical, 48 bits virtual
power management:



Memory: 4k page, physical 3960268k(916768k free), swap 4115452k(4115452k free)

vm_info: OpenJDK 64-Bit Server VM (25.191-b12) for linux-amd64 JRE (1.8.0_191-8u191-b12-2ubuntu0.16.04.1-b12), built on Jan 14 2019 21:59:52 by "buildd" with gcc 5.4.0 20160609

time: Wed Mar 13 11:10:45 2019
elapsed time: 3 seconds (0d 0h 0m 3s)

