#
# A fatal error has been detected by the Java Runtime Environment:
#
#  SIGSEGV (0xb) at pc=0x00007f58d05f7e99, pid=9983, tid=0x00007f58f1380700
#
# JRE version: OpenJDK Runtime Environment (8.0_181-b13) (build 1.8.0_181-8u181-b13-0ubuntu0.16.04.1-b13)
# Java VM: OpenJDK 64-Bit Server VM (25.181-b13 mixed mode linux-amd64 compressed oops)
# Problematic frame:
# C  [liblwjgl_opengl.so+0x45e99]  Java_org_lwjgl_opengl_GL20_glCreateShader+0x9
#
# Failed to write core dump. Core dumps have been disabled. To enable core dumping, try "ulimit -c unlimited" before starting Java again
#
# If you would like to submit a bug report, please visit:
#   http://bugreport.java.com/bugreport/crash.jsp
# The crash happened outside the Java Virtual Machine in native code.
# See problematic frame for where to report the bug.
#

---------------  T H R E A D  ---------------

Current thread (0x00007f58e8011000):  JavaThread "main" [_thread_in_native, id=9985, stack(0x00007f58f1280000,0x00007f58f1381000)]

siginfo: si_signo: 11 (SIGSEGV), si_code: 1 (SEGV_MAPERR), si_addr: 0x00000000000008a8

Registers:
RAX=0x0000000000000000, RBX=0x00007f58d8c1fc98, RCX=0x0000000000000003, RDX=0x0000000000008b31
RSP=0x00007f58f137f728, RBP=0x00007f58f137f780, RSI=0x00007f58f137f790, RDI=0x0000000000008b31
R8 =0x00007f58d8c1fc98, R9 =0x0000000000000004, R10=0x00007f58d90207bc, R11=0x00007f58eff87c90
R12=0x0000000000000000, R13=0x00007f58d8c1fc88, R14=0x00007f58f137f7a0, R15=0x00007f58e8011000
RIP=0x00007f58d05f7e99, EFLAGS=0x0000000000010287, CSGSFS=0x002b000000000033, ERR=0x0000000000000004
  TRAPNO=0x000000000000000e

Top of Stack: (sp=0x00007f58f137f728)
0x00007f58f137f728:   00007f58d90207e8 fffffffe00000000
0x00007f58f137f738:   00007f58d9020222 00007f58f137f740
0x00007f58f137f748:   00007f58d8c1fc88 00007f58f137f7a0
0x00007f58f137f758:   00007f58d8c40b08 0000000000000000
0x00007f58f137f768:   00007f58d8c1fc98 0000000000000000
0x00007f58f137f778:   00007f58f137f7a0 00007f58f137f7e8
0x00007f58f137f788:   00007f58d9007ae0 00000000ec3fe208
0x00007f58f137f798:   00007f58d9016a76 0000000000008b31
0x00007f58f137f7a8:   00007f58f137f7a8 00007f58d8c08320
0x00007f58f137f7b8:   00007f58f137f818 00007f58d8c084b8
0x00007f58f137f7c8:   0000000000000000 00007f58d8c083d8
0x00007f58f137f7d8:   00007f58f137f7a0 00007f58f137f810
0x00007f58f137f7e8:   00007f58f137f868 00007f58d9007ae0
0x00007f58f137f7f8:   0000000000000000 00000000ec3c7ee8
0x00007f58f137f808:   00000000ec3c7ce0 0000000000008b31
0x00007f58f137f818:   00000000ec14a098 00000000ec3c7b00
0x00007f58f137f828:   00007f58f137f828 00007f58d8c07930
0x00007f58f137f838:   00007f58f137f888 00007f58d8c084b8
0x00007f58f137f848:   0000000000000000 00007f58d8c079a8
0x00007f58f137f858:   00007f58f137f810 00007f58f137f878
0x00007f58f137f868:   00007f58f137f8d0 00007f58d900809d
0x00007f58f137f878:   00000000ec14a100 00000000ec14a098
0x00007f58f137f888:   00000000ec3c7b00 00007f58f137f890
0x00007f58f137f898:   00007f58d8c06b2d 00007f58f137f8e0
0x00007f58f137f8a8:   00007f58d8c08b00 0000000000000000
0x00007f58f137f8b8:   00007f58d8c06b48 00007f58f137f878
0x00007f58f137f8c8:   00007f58f137f8e0 00007f58f137f938
0x00007f58f137f8d8:   00007f58d900809d 00000000ec3c7b00
0x00007f58f137f8e8:   00000000ec3c7b00 00000000ec142420
0x00007f58f137f8f8:   00007f58f137f8f8 00007f58d8c05ec1
0x00007f58f137f908:   00007f58f137f948 00007f58d8c063f0
0x00007f58f137f918:   0000000000000000 00007f58d8c05ee0 

Instructions: (pc=0x00007f58d05f7e99)
0x00007f58d05f7e79:   48 8b 80 00 0a 00 00 ff e0 66 66 66 66 66 2e 0f
0x00007f58d05f7e89:   1f 84 00 00 00 00 00 48 8b 07 89 d7 48 8b 40 18
0x00007f58d05f7e99:   48 8b 80 a8 08 00 00 ff e0 66 66 66 66 66 2e 0f
0x00007f58d05f7ea9:   1f 84 00 00 00 00 00 48 8b 07 89 d7 48 8b 40 18 

Register to memory mapping:

RAX=0x0000000000000000 is an unknown value
RBX={method} {0x00007f58d8c1fc98} 'glCreateShader' '(I)I' in 'org/lwjgl/opengl/GL20'
RCX=0x0000000000000003 is an unknown value
RDX=0x0000000000008b31 is an unknown value
RSP=0x00007f58f137f728 is pointing into the stack for thread: 0x00007f58e8011000
RBP=0x00007f58f137f780 is pointing into the stack for thread: 0x00007f58e8011000
RSI=0x00007f58f137f790 is pointing into the stack for thread: 0x00007f58e8011000
RDI=0x0000000000008b31 is an unknown value
R8 ={method} {0x00007f58d8c1fc98} 'glCreateShader' '(I)I' in 'org/lwjgl/opengl/GL20'
R9 =0x0000000000000004 is an unknown value
R10=0x00007f58d90207bc is at code_begin+1596 in an Interpreter codelet
method entry point (kind = native)  [0x00007f58d9020180, 0x00007f58d9021160]  4064 bytes
R11=0x00007f58eff87c90: <offset 0x964c90> in /usr/lib/jvm/java-8-openjdk-amd64/jre/lib/amd64/server/libjvm.so at 0x00007f58ef623000
R12=0x0000000000000000 is an unknown value
R13=0x00007f58d8c1fc88 is pointing into metadata
R14=0x00007f58f137f7a0 is pointing into the stack for thread: 0x00007f58e8011000
R15=0x00007f58e8011000 is a thread


Stack: [0x00007f58f1280000,0x00007f58f1381000],  sp=0x00007f58f137f728,  free space=1021k
Native frames: (J=compiled Java code, j=interpreted, Vv=VM code, C=native code)
C  [liblwjgl_opengl.so+0x45e99]  Java_org_lwjgl_opengl_GL20_glCreateShader+0x9
j  shader.Shader.loadShader(Ljava/lang/String;I)I+88
j  shader.Shader.<init>(Ljava/lang/String;Ljava/lang/String;)V+8
j  fontRendering.FontShader.<init>()V+5
j  fontRendering.FontRenderer.<init>()V+9
j  fontRendering.TextMaster.init(Lgraphics/Loader;)V+8
j  main.Main.main([Ljava/lang/String;)V+12
v  ~StubRoutines::call_stub
V  [libjvm.so+0x666a0b]
V  [libjvm.so+0x6886fe]
V  [libjvm.so+0x68b02f]
C  [libjli.so+0x3552]
C  [libjli.so+0x74ed]
C  [libpthread.so.0+0x76ba]  start_thread+0xca

Java frames: (J=compiled Java code, j=interpreted, Vv=VM code)
j  org.lwjgl.opengl.GL20.glCreateShader(I)I+0
j  shader.Shader.loadShader(Ljava/lang/String;I)I+88
j  shader.Shader.<init>(Ljava/lang/String;Ljava/lang/String;)V+8
j  fontRendering.FontShader.<init>()V+5
j  fontRendering.FontRenderer.<init>()V+9
j  fontRendering.TextMaster.init(Lgraphics/Loader;)V+8
j  main.Main.main([Ljava/lang/String;)V+12
v  ~StubRoutines::call_stub

---------------  P R O C E S S  ---------------

Java Threads: ( => current thread )
  0x00007f58e80d8800 JavaThread "Service Thread" daemon [_thread_blocked, id=10011, stack(0x00007f58d10ac000,0x00007f58d11ad000)]
  0x00007f58e80d5000 JavaThread "C1 CompilerThread2" daemon [_thread_blocked, id=10010, stack(0x00007f58d11ad000,0x00007f58d12ae000)]
  0x00007f58e80d3000 JavaThread "C2 CompilerThread1" daemon [_thread_blocked, id=10009, stack(0x00007f58d12ae000,0x00007f58d13af000)]
  0x00007f58e80d0800 JavaThread "C2 CompilerThread0" daemon [_thread_blocked, id=10008, stack(0x00007f58d13af000,0x00007f58d14b0000)]
  0x00007f58a4001000 JavaThread "JDWP Command Reader" daemon [_thread_in_native, id=10005, stack(0x00007f58d14b0000,0x00007f58d15b1000)]
  0x00007f58e80ce000 JavaThread "JDWP Event Helper Thread" daemon [_thread_blocked, id=10004, stack(0x00007f58d15b1000,0x00007f58d16b2000)]
  0x00007f58e80ca800 JavaThread "JDWP Transport Listener: dt_socket" daemon [_thread_blocked, id=10003, stack(0x00007f58d16b2000,0x00007f58d17b3000)]
  0x00007f58e80bc800 JavaThread "Signal Dispatcher" daemon [_thread_blocked, id=9999, stack(0x00007f58d19b8000,0x00007f58d1ab9000)]
  0x00007f58e808b000 JavaThread "Finalizer" daemon [_thread_blocked, id=9998, stack(0x00007f58d1ab9000,0x00007f58d1bba000)]
  0x00007f58e8086800 JavaThread "Reference Handler" daemon [_thread_blocked, id=9997, stack(0x00007f58d1bba000,0x00007f58d1cbb000)]
=>0x00007f58e8011000 JavaThread "main" [_thread_in_native, id=9985, stack(0x00007f58f1280000,0x00007f58f1381000)]

Other Threads:
  0x00007f58e807e800 VMThread [stack: 0x00007f58d1cbb000,0x00007f58d1dbc000] [id=9996]
  0x00007f58e80db000 WatcherThread [stack: 0x00007f58d0fab000,0x00007f58d10ac000] [id=10012]

VM state:not at safepoint (normal execution)

VM Mutex/Monitor currently owned by a thread: None

Heap:
 PSYoungGen      total 18432K, used 10897K [0x00000000ebd80000, 0x00000000ed200000, 0x0000000100000000)
  eden space 15872K, 68% used [0x00000000ebd80000,0x00000000ec824680,0x00000000ecd00000)
  from space 2560K, 0% used [0x00000000ecf80000,0x00000000ecf80000,0x00000000ed200000)
  to   space 2560K, 0% used [0x00000000ecd00000,0x00000000ecd00000,0x00000000ecf80000)
 ParOldGen       total 42496K, used 0K [0x00000000c3800000, 0x00000000c6180000, 0x00000000ebd80000)
  object space 42496K, 0% used [0x00000000c3800000,0x00000000c3800000,0x00000000c6180000)
 Metaspace       used 5776K, capacity 6004K, committed 6144K, reserved 1056768K
  class space    used 619K, capacity 708K, committed 768K, reserved 1048576K

Card table byte_map: [0x00007f58ecdbe000,0x00007f58ecfa3000] byte_map_base: 0x00007f58ec7a2000

Marking Bits: (ParMarkBitMap*) 0x00007f58f05503a0
 Begin Bits: [0x00007f58d21c0000, 0x00007f58d30e0000)
 End Bits:   [0x00007f58d30e0000, 0x00007f58d4000000)

Polling page: 0x00007f58f13a4000

CodeCache: size=245760Kb used=2411Kb max_used=2411Kb free=243348Kb
 bounds [0x00007f58d9000000, 0x00007f58d9270000, 0x00007f58e8000000]
 total_blobs=838 nmethods=526 adapters=235
 compilation: enabled

Compilation events (10 events):
Event: 2,557 Thread 0x00007f58e80d3000  517       4       java.lang.String::indexOf (166 bytes)
Event: 2,567 Thread 0x00007f58e80d3000 nmethod 517 0x00007f58d9231210 code [0x00007f58d9231380, 0x00007f58d9231a18]
Event: 2,567 Thread 0x00007f58e80d3000  521   !   4       sun.misc.URLClassPath$JarLoader::ensureOpen (36 bytes)
Event: 2,569 Thread 0x00007f58e80d3000 nmethod 521 0x00007f58d9240f10 code [0x00007f58d92410a0, 0x00007f58d9241258]
Event: 2,578 Thread 0x00007f58e80d0800 nmethod 515 0x00007f58d924c3d0 code [0x00007f58d924c6e0, 0x00007f58d924e320]
Event: 2,755 Thread 0x00007f58e80d5000  524       3       java.util.WeakHashMap::remove (133 bytes)
Event: 2,756 Thread 0x00007f58e80d5000 nmethod 524 0x00007f58d924b210 code [0x00007f58d924b400, 0x00007f58d924bee8]
Event: 2,756 Thread 0x00007f58e80d5000  525       3       sun.net.www.protocol.file.Handler::parseURL (18 bytes)
Event: 2,757 Thread 0x00007f58e80d5000 nmethod 525 0x00007f58d9240a10 code [0x00007f58d9240b80, 0x00007f58d9240df8]
Event: 2,757 Thread 0x00007f58e80d5000  526       3       java.net.URLStreamHandler::parseURL (1193 bytes)

GC Heap History (0 events):
No events

Deoptimization events (3 events):
Event: 1,223 Thread 0x00007f58e8011000 Uncommon trap: reason=unstable_if action=reinterpret pc=0x00007f58d9120e84 method=java.lang.String.hashCode()I @ 14
Event: 1,427 Thread 0x00007f58e8011000 Uncommon trap: reason=unstable_if action=reinterpret pc=0x00007f58d912ab20 method=java.lang.String.indexOf(II)I @ 49
Event: 1,698 Thread 0x00007f58e8011000 Uncommon trap: reason=unstable_if action=reinterpret pc=0x00007f58d91cc3e4 method=java.lang.String.indexOf([CII[CIII)I @ 134

Classes redefined (0 events):
No events

Internal exceptions (10 events):
Event: 1,473 Thread 0x00007f58e8011000 Exception <a 'java/lang/NoSuchMethodError': java.lang.Object.lambda$static$0(Ljava/lang/String;)Ljava/lang/Boolean;> (0x00000000ec2ac520) thrown at [/build/openjdk-8-pREaNj/openjdk-8-8u181-b13/src/hotspot/src/share/vm/interpreter/linkResolver.cpp, line 62
Event: 1,508 Thread 0x00007f58e8011000 Exception <a 'java/lang/NoSuchFieldError': method resolution failed> (0x00000000ec3243e8) thrown at [/build/openjdk-8-pREaNj/openjdk-8-8u181-b13/src/hotspot/src/share/vm/prims/methodHandles.cpp, line 1167]
Event: 1,513 Thread 0x00007f58e8011000 Exception <a 'java/lang/NoSuchFieldError': method resolution failed> (0x00000000ec331798) thrown at [/build/openjdk-8-pREaNj/openjdk-8-8u181-b13/src/hotspot/src/share/vm/prims/methodHandles.cpp, line 1167]
Event: 1,872 Thread 0x00007f58e8011000 Exception <a 'java/security/PrivilegedActionException'> (0x00000000ec528828) thrown at [/build/openjdk-8-pREaNj/openjdk-8-8u181-b13/src/hotspot/src/share/vm/prims/jvm.cpp, line 1435]
Event: 1,872 Thread 0x00007f58e8011000 Exception <a 'java/security/PrivilegedActionException'> (0x00000000ec528a38) thrown at [/build/openjdk-8-pREaNj/openjdk-8-8u181-b13/src/hotspot/src/share/vm/prims/jvm.cpp, line 1435]
Event: 1,872 Thread 0x00007f58e8011000 Exception <a 'java/security/PrivilegedActionException'> (0x00000000ec52aac0) thrown at [/build/openjdk-8-pREaNj/openjdk-8-8u181-b13/src/hotspot/src/share/vm/prims/jvm.cpp, line 1435]
Event: 1,872 Thread 0x00007f58e8011000 Exception <a 'java/security/PrivilegedActionException'> (0x00000000ec52acd0) thrown at [/build/openjdk-8-pREaNj/openjdk-8-8u181-b13/src/hotspot/src/share/vm/prims/jvm.cpp, line 1435]
Event: 1,872 Thread 0x00007f58e8011000 Exception <a 'java/security/PrivilegedActionException'> (0x00000000ec52b7a8) thrown at [/build/openjdk-8-pREaNj/openjdk-8-8u181-b13/src/hotspot/src/share/vm/prims/jvm.cpp, line 1435]
Event: 1,872 Thread 0x00007f58e8011000 Exception <a 'java/security/PrivilegedActionException'> (0x00000000ec52b9b8) thrown at [/build/openjdk-8-pREaNj/openjdk-8-8u181-b13/src/hotspot/src/share/vm/prims/jvm.cpp, line 1435]
Event: 2,477 Thread 0x00007f58e8011000 Exception <a 'sun/nio/fs/UnixException'> (0x00000000ec655d90) thrown at [/build/openjdk-8-pREaNj/openjdk-8-8u181-b13/src/hotspot/src/share/vm/prims/jni.cpp, line 709]

Events (10 events):
Event: 2,755 Thread 0x00007f58e8011000 DEOPT PACKING pc=0x00007f58d91de894 sp=0x00007f58f137b7e0
Event: 2,755 Thread 0x00007f58e8011000 DEOPT UNPACKING pc=0x00007f58d90474c4 sp=0x00007f58f137b620 mode 1
Event: 2,755 Thread 0x00007f58e8011000 DEOPT PACKING pc=0x00007f58d91de634 sp=0x00007f58f137b970
Event: 2,755 Thread 0x00007f58e8011000 DEOPT UNPACKING pc=0x00007f58d90474c4 sp=0x00007f58f137b7c8 mode 1
Event: 2,756 loading class org/lwjgl/system/SharedLibrary$Delegate
Event: 2,756 loading class org/lwjgl/system/SharedLibrary$Delegate done
Event: 2,756 Thread 0x00007f58e8011000 DEOPT PACKING pc=0x00007f58d91de894 sp=0x00007f58f1379840
Event: 2,756 Thread 0x00007f58e8011000 DEOPT UNPACKING pc=0x00007f58d90474c4 sp=0x00007f58f1379680 mode 1
Event: 2,756 Thread 0x00007f58e8011000 DEOPT PACKING pc=0x00007f58d91de634 sp=0x00007f58f13799d0
Event: 2,756 Thread 0x00007f58e8011000 DEOPT UNPACKING pc=0x00007f58d90474c4 sp=0x00007f58f1379828 mode 1


Dynamic libraries:
00400000-00401000 r-xp 00000000 08:02 16264077                           /usr/lib/jvm/java-8-openjdk-amd64/jre/bin/java
00600000-00601000 r--p 00000000 08:02 16264077                           /usr/lib/jvm/java-8-openjdk-amd64/jre/bin/java
00601000-00602000 rw-p 00001000 08:02 16264077                           /usr/lib/jvm/java-8-openjdk-amd64/jre/bin/java
007ff000-00820000 rw-p 00000000 00:00 0                                  [heap]
c3800000-c6180000 rw-p 00000000 00:00 0 
c6180000-ebd80000 ---p 00000000 00:00 0 
ebd80000-ed200000 rw-p 00000000 00:00 0 
ed200000-100000000 ---p 00000000 00:00 0 
100000000-1000c0000 rw-p 00000000 00:00 0 
1000c0000-140000000 ---p 00000000 00:00 0 
7f588c000000-7f588c021000 rw-p 00000000 00:00 0 
7f588c021000-7f5890000000 ---p 00000000 00:00 0 
7f5890000000-7f5890021000 rw-p 00000000 00:00 0 
7f5890021000-7f5894000000 ---p 00000000 00:00 0 
7f5894000000-7f58941ba000 rw-p 00000000 00:00 0 
7f58941ba000-7f5898000000 ---p 00000000 00:00 0 
7f5898000000-7f5898252000 rw-p 00000000 00:00 0 
7f5898252000-7f589c000000 ---p 00000000 00:00 0 
7f589c000000-7f589c021000 rw-p 00000000 00:00 0 
7f589c021000-7f58a0000000 ---p 00000000 00:00 0 
7f58a0000000-7f58a021a000 rw-p 00000000 00:00 0 
7f58a021a000-7f58a4000000 ---p 00000000 00:00 0 
7f58a4000000-7f58a4021000 rw-p 00000000 00:00 0 
7f58a4021000-7f58a8000000 ---p 00000000 00:00 0 
7f58a8000000-7f58a8021000 rw-p 00000000 00:00 0 
7f58a8021000-7f58ac000000 ---p 00000000 00:00 0 
7f58ac000000-7f58ac021000 rw-p 00000000 00:00 0 
7f58ac021000-7f58b0000000 ---p 00000000 00:00 0 
7f58b0000000-7f58b0021000 rw-p 00000000 00:00 0 
7f58b0021000-7f58b4000000 ---p 00000000 00:00 0 
7f58b4000000-7f58b4021000 rw-p 00000000 00:00 0 
7f58b4021000-7f58b8000000 ---p 00000000 00:00 0 
7f58b8000000-7f58b8021000 rw-p 00000000 00:00 0 
7f58b8021000-7f58bc000000 ---p 00000000 00:00 0 
7f58bc000000-7f58bc021000 rw-p 00000000 00:00 0 
7f58bc021000-7f58c0000000 ---p 00000000 00:00 0 
7f58c2a5c000-7f58c2a61000 r-xp 00000000 08:02 16129876                   /usr/lib/x86_64-linux-gnu/libXdmcp.so.6.0.0
7f58c2a61000-7f58c2c60000 ---p 00005000 08:02 16129876                   /usr/lib/x86_64-linux-gnu/libXdmcp.so.6.0.0
7f58c2c60000-7f58c2c61000 r--p 00004000 08:02 16129876                   /usr/lib/x86_64-linux-gnu/libXdmcp.so.6.0.0
7f58c2c61000-7f58c2c62000 rw-p 00005000 08:02 16129876                   /usr/lib/x86_64-linux-gnu/libXdmcp.so.6.0.0
7f58c2c62000-7f58c2c64000 r-xp 00000000 08:02 16129865                   /usr/lib/x86_64-linux-gnu/libXau.so.6.0.0
7f58c2c64000-7f58c2e64000 ---p 00002000 08:02 16129865                   /usr/lib/x86_64-linux-gnu/libXau.so.6.0.0
7f58c2e64000-7f58c2e65000 r--p 00002000 08:02 16129865                   /usr/lib/x86_64-linux-gnu/libXau.so.6.0.0
7f58c2e65000-7f58c2e66000 rw-p 00003000 08:02 16129865                   /usr/lib/x86_64-linux-gnu/libXau.so.6.0.0
7f58c2e66000-7f58c2e76000 r-xp 00000000 08:02 16125346                   /usr/lib/x86_64-linux-gnu/libdrm.so.2.4.0
7f58c2e76000-7f58c3076000 ---p 00010000 08:02 16125346                   /usr/lib/x86_64-linux-gnu/libdrm.so.2.4.0
7f58c3076000-7f58c3077000 r--p 00010000 08:02 16125346                   /usr/lib/x86_64-linux-gnu/libdrm.so.2.4.0
7f58c3077000-7f58c3078000 rw-p 00011000 08:02 16125346                   /usr/lib/x86_64-linux-gnu/libdrm.so.2.4.0
7f58c3078000-7f58c307d000 r-xp 00000000 08:02 16129916                   /usr/lib/x86_64-linux-gnu/libXxf86vm.so.1.0.0
7f58c307d000-7f58c327c000 ---p 00005000 08:02 16129916                   /usr/lib/x86_64-linux-gnu/libXxf86vm.so.1.0.0
7f58c327c000-7f58c327d000 r--p 00004000 08:02 16129916                   /usr/lib/x86_64-linux-gnu/libXxf86vm.so.1.0.0
7f58c327d000-7f58c327e000 rw-p 00005000 08:02 16129916                   /usr/lib/x86_64-linux-gnu/libXxf86vm.so.1.0.0
7f58c327e000-7f58c329f000 r-xp 00000000 08:02 16131283                   /usr/lib/x86_64-linux-gnu/libxcb.so.1.1.0
7f58c329f000-7f58c349e000 ---p 00021000 08:02 16131283                   /usr/lib/x86_64-linux-gnu/libxcb.so.1.1.0
7f58c349e000-7f58c349f000 r--p 00020000 08:02 16131283                   /usr/lib/x86_64-linux-gnu/libxcb.so.1.1.0
7f58c349f000-7f58c34a0000 rw-p 00021000 08:02 16131283                   /usr/lib/x86_64-linux-gnu/libxcb.so.1.1.0
7f58c34a0000-7f58c34a4000 r-xp 00000000 08:02 16131251                   /usr/lib/x86_64-linux-gnu/libxcb-dri2.so.0.0.0
7f58c34a4000-7f58c36a3000 ---p 00004000 08:02 16131251                   /usr/lib/x86_64-linux-gnu/libxcb-dri2.so.0.0.0
7f58c36a3000-7f58c36a4000 r--p 00003000 08:02 16131251                   /usr/lib/x86_64-linux-gnu/libxcb-dri2.so.0.0.0
7f58c36a4000-7f58c36a5000 rw-p 00004000 08:02 16131251                   /usr/lib/x86_64-linux-gnu/libxcb-dri2.so.0.0.0
7f58c36a5000-7f58c36bc000 r-xp 00000000 08:02 16131255                   /usr/lib/x86_64-linux-gnu/libxcb-glx.so.0.0.0
7f58c36bc000-7f58c38bb000 ---p 00017000 08:02 16131255                   /usr/lib/x86_64-linux-gnu/libxcb-glx.so.0.0.0
7f58c38bb000-7f58c38bd000 r--p 00016000 08:02 16131255                   /usr/lib/x86_64-linux-gnu/libxcb-glx.so.0.0.0
7f58c38bd000-7f58c38be000 rw-p 00018000 08:02 16131255                   /usr/lib/x86_64-linux-gnu/libxcb-glx.so.0.0.0
7f58c38be000-7f58c39f3000 r-xp 00000000 08:02 16129861                   /usr/lib/x86_64-linux-gnu/libX11.so.6.3.0
7f58c39f3000-7f58c3bf3000 ---p 00135000 08:02 16129861                   /usr/lib/x86_64-linux-gnu/libX11.so.6.3.0
7f58c3bf3000-7f58c3bf4000 r--p 00135000 08:02 16129861                   /usr/lib/x86_64-linux-gnu/libX11.so.6.3.0
7f58c3bf4000-7f58c3bf8000 rw-p 00136000 08:02 16129861                   /usr/lib/x86_64-linux-gnu/libX11.so.6.3.0
7f58c3bf8000-7f58c3bf9000 r-xp 00000000 08:02 16129859                   /usr/lib/x86_64-linux-gnu/libX11-xcb.so.1.0.0
7f58c3bf9000-7f58c3df8000 ---p 00001000 08:02 16129859                   /usr/lib/x86_64-linux-gnu/libX11-xcb.so.1.0.0
7f58c3df8000-7f58c3df9000 r--p 00000000 08:02 16129859                   /usr/lib/x86_64-linux-gnu/libX11-xcb.so.1.0.0
7f58c3df9000-7f58c3dfa000 rw-p 00001000 08:02 16129859                   /usr/lib/x86_64-linux-gnu/libX11-xcb.so.1.0.0
7f58c3dfa000-7f58c3dff000 r-xp 00000000 08:02 16129880                   /usr/lib/x86_64-linux-gnu/libXfixes.so.3.1.0
7f58c3dff000-7f58c3ffe000 ---p 00005000 08:02 16129880                   /usr/lib/x86_64-linux-gnu/libXfixes.so.3.1.0
7f58c3ffe000-7f58c3fff000 r--p 00004000 08:02 16129880                   /usr/lib/x86_64-linux-gnu/libXfixes.so.3.1.0
7f58c3fff000-7f58c4000000 rw-p 00005000 08:02 16129880                   /usr/lib/x86_64-linux-gnu/libXfixes.so.3.1.0
7f58c4000000-7f58c4021000 rw-p 00000000 00:00 0 
7f58c4021000-7f58c8000000 ---p 00000000 00:00 0 
7f58c81a9000-7f58c81ab000 r-xp 00000000 08:02 16129874                   /usr/lib/x86_64-linux-gnu/libXdamage.so.1.1.0
7f58c81ab000-7f58c83aa000 ---p 00002000 08:02 16129874                   /usr/lib/x86_64-linux-gnu/libXdamage.so.1.1.0
7f58c83aa000-7f58c83ab000 r--p 00001000 08:02 16129874                   /usr/lib/x86_64-linux-gnu/libXdamage.so.1.1.0
7f58c83ab000-7f58c83ac000 rw-p 00002000 08:02 16129874                   /usr/lib/x86_64-linux-gnu/libXdamage.so.1.1.0
7f58c83ac000-7f58c83bd000 r-xp 00000000 08:02 16129878                   /usr/lib/x86_64-linux-gnu/libXext.so.6.4.0
7f58c83bd000-7f58c85bc000 ---p 00011000 08:02 16129878                   /usr/lib/x86_64-linux-gnu/libXext.so.6.4.0
7f58c85bc000-7f58c85bd000 r--p 00010000 08:02 16129878                   /usr/lib/x86_64-linux-gnu/libXext.so.6.4.0
7f58c85bd000-7f58c85be000 rw-p 00011000 08:02 16129878                   /usr/lib/x86_64-linux-gnu/libXext.so.6.4.0
7f58c85be000-7f58c85ea000 r-xp 00000000 08:02 16125379                   /usr/lib/x86_64-linux-gnu/libglapi.so.0.0.0
7f58c85ea000-7f58c87e9000 ---p 0002c000 08:02 16125379                   /usr/lib/x86_64-linux-gnu/libglapi.so.0.0.0
7f58c87e9000-7f58c87ed000 r--p 0002b000 08:02 16125379                   /usr/lib/x86_64-linux-gnu/libglapi.so.0.0.0
7f58c87ed000-7f58c87ee000 rw-p 0002f000 08:02 16125379                   /usr/lib/x86_64-linux-gnu/libglapi.so.0.0.0
7f58c87ee000-7f58c87ef000 rw-p 00000000 00:00 0 
7f58c87ef000-7f58c87f0000 r-xp 00000000 08:02 16131295                   /usr/lib/x86_64-linux-gnu/libxshmfence.so.1.0.0
7f58c87f0000-7f58c89f0000 ---p 00001000 08:02 16131295                   /usr/lib/x86_64-linux-gnu/libxshmfence.so.1.0.0
7f58c89f0000-7f58c89f1000 r--p 00001000 08:02 16131295                   /usr/lib/x86_64-linux-gnu/libxshmfence.so.1.0.0
7f58c89f1000-7f58c89f2000 rw-p 00002000 08:02 16131295                   /usr/lib/x86_64-linux-gnu/libxshmfence.so.1.0.0
7f58c89f2000-7f58c89f7000 r-xp 00000000 08:02 16131275                   /usr/lib/x86_64-linux-gnu/libxcb-sync.so.1.0.0
7f58c89f7000-7f58c8bf7000 ---p 00005000 08:02 16131275                   /usr/lib/x86_64-linux-gnu/libxcb-sync.so.1.0.0
7f58c8bf7000-7f58c8bf8000 r--p 00005000 08:02 16131275                   /usr/lib/x86_64-linux-gnu/libxcb-sync.so.1.0.0
7f58c8bf8000-7f58c8bf9000 rw-p 00006000 08:02 16131275                   /usr/lib/x86_64-linux-gnu/libxcb-sync.so.1.0.0
7f58c8bf9000-7f58c8bfb000 r-xp 00000000 08:02 16131263                   /usr/lib/x86_64-linux-gnu/libxcb-present.so.0.0.0
7f58c8bfb000-7f58c8dfa000 ---p 00002000 08:02 16131263                   /usr/lib/x86_64-linux-gnu/libxcb-present.so.0.0.0
7f58c8dfa000-7f58c8dfb000 r--p 00001000 08:02 16131263                   /usr/lib/x86_64-linux-gnu/libxcb-present.so.0.0.0
7f58c8dfb000-7f58c8dfc000 rw-p 00002000 08:02 16131263                   /usr/lib/x86_64-linux-gnu/libxcb-present.so.0.0.0
7f58c8dfc000-7f58c8dfe000 r-xp 00000000 08:02 16131253                   /usr/lib/x86_64-linux-gnu/libxcb-dri3.so.0.0.0
7f58c8dfe000-7f58c8ffd000 ---p 00002000 08:02 16131253                   /usr/lib/x86_64-linux-gnu/libxcb-dri3.so.0.0.0
7f58c8ffd000-7f58c8ffe000 r--p 00001000 08:02 16131253                   /usr/lib/x86_64-linux-gnu/libxcb-dri3.so.0.0.0
7f58c8ffe000-7f58c8fff000 rw-p 00002000 08:02 16131253                   /usr/lib/x86_64-linux-gnu/libxcb-dri3.so.0.0.0
7f58c8fff000-7f58cc000000 rw-p 00000000 00:00 0 
7f58cc000000-7f58cc021000 rw-p 00000000 00:00 0 
7f58cc021000-7f58d0000000 ---p 00000000 00:00 0 
7f58d00f5000-7f58d011b000 r-xp 00000000 08:02 27660760                   /lib/x86_64-linux-gnu/libexpat.so.1.6.0
7f58d011b000-7f58d031b000 ---p 00026000 08:02 27660760                   /lib/x86_64-linux-gnu/libexpat.so.1.6.0
7f58d031b000-7f58d031d000 r--p 00026000 08:02 27660760                   /lib/x86_64-linux-gnu/libexpat.so.1.6.0
7f58d031d000-7f58d031e000 rw-p 00028000 08:02 27660760                   /lib/x86_64-linux-gnu/libexpat.so.1.6.0
7f58d031e000-7f58d038e000 r-xp 00000000 08:02 16386453                   /usr/lib/x86_64-linux-gnu/mesa/libGL.so.1.2.0
7f58d038e000-7f58d058d000 ---p 00070000 08:02 16386453                   /usr/lib/x86_64-linux-gnu/mesa/libGL.so.1.2.0
7f58d058d000-7f58d0590000 r--p 0006f000 08:02 16386453                   /usr/lib/x86_64-linux-gnu/mesa/libGL.so.1.2.0
7f58d0590000-7f58d0591000 rw-p 00072000 08:02 16386453                   /usr/lib/x86_64-linux-gnu/mesa/libGL.so.1.2.0
7f58d0591000-7f58d0592000 rw-p 00000000 00:00 0 
7f58d05b2000-7f58d061d000 r-xp 00000000 08:02 4849705                    /tmp/lwjglalvaro/3.1.6-build-14/liblwjgl_opengl.so
7f58d061d000-7f58d081c000 ---p 0006b000 08:02 4849705                    /tmp/lwjglalvaro/3.1.6-build-14/liblwjgl_opengl.so
7f58d081c000-7f58d081d000 r--p 0006a000 08:02 4849705                    /tmp/lwjglalvaro/3.1.6-build-14/liblwjgl_opengl.so
7f58d081d000-7f58d081e000 rw-p 0006b000 08:02 4849705                    /tmp/lwjglalvaro/3.1.6-build-14/liblwjgl_opengl.so
7f58d081e000-7f58d0872000 r-xp 00000000 08:02 4849698                    /tmp/lwjglalvaro/3.1.6-build-14/liblwjgl.so
7f58d0872000-7f58d0a72000 ---p 00054000 08:02 4849698                    /tmp/lwjglalvaro/3.1.6-build-14/liblwjgl.so
7f58d0a72000-7f58d0a73000 r--p 00054000 08:02 4849698                    /tmp/lwjglalvaro/3.1.6-build-14/liblwjgl.so
7f58d0a73000-7f58d0a74000 rw-p 00055000 08:02 4849698                    /tmp/lwjglalvaro/3.1.6-build-14/liblwjgl.so
7f58d0a74000-7f58d0a8b000 r-xp 00000000 08:02 16258534                   /usr/lib/jvm/java-8-openjdk-amd64/jre/lib/amd64/libnet.so
7f58d0a8b000-7f58d0c8a000 ---p 00017000 08:02 16258534                   /usr/lib/jvm/java-8-openjdk-amd64/jre/lib/amd64/libnet.so
7f58d0c8a000-7f58d0c8b000 r--p 00016000 08:02 16258534                   /usr/lib/jvm/java-8-openjdk-amd64/jre/lib/amd64/libnet.so
7f58d0c8b000-7f58d0c8c000 rw-p 00017000 08:02 16258534                   /usr/lib/jvm/java-8-openjdk-amd64/jre/lib/amd64/libnet.so
7f58d0c8c000-7f58d0c9d000 r-xp 00000000 08:02 16264038                   /usr/lib/jvm/java-8-openjdk-amd64/jre/lib/amd64/libnio.so
7f58d0c9d000-7f58d0e9d000 ---p 00011000 08:02 16264038                   /usr/lib/jvm/java-8-openjdk-amd64/jre/lib/amd64/libnio.so
7f58d0e9d000-7f58d0e9e000 r--p 00011000 08:02 16264038                   /usr/lib/jvm/java-8-openjdk-amd64/jre/lib/amd64/libnio.so
7f58d0e9e000-7f58d0e9f000 rw-p 00012000 08:02 16264038                   /usr/lib/jvm/java-8-openjdk-amd64/jre/lib/amd64/libnio.so
7f58d0e9f000-7f58d0ea4000 r--s 00045000 08:02 9044378                    /home/alvaro/eclipse-workspace/game/library/lwjgl.jar
7f58d0ea4000-7f58d0ea6000 r--s 0000a000 08:02 9044374                    /home/alvaro/eclipse-workspace/game/library/lwjgl-zstd.jar
7f58d0ea6000-7f58d0ea7000 r--s 0000b000 08:02 9044373                    /home/alvaro/eclipse-workspace/game/library/lwjgl-zstd-sources.jar
7f58d0ea7000-7f58d0ea9000 r--s 00023000 08:02 9044372                    /home/alvaro/eclipse-workspace/game/library/lwjgl-zstd-natives-linux.jar
7f58d0ea9000-7f58d0eab000 r--s 00076000 08:02 9044371                    /home/alvaro/eclipse-workspace/game/library/lwjgl-zstd-javadoc.jar
7f58d0eab000-7f58d0ead000 r--s 0000c000 08:02 9044370                    /home/alvaro/eclipse-workspace/game/library/lwjgl-yoga.jar
7f58d0ead000-7f58d0eae000 r--s 00009000 08:02 9044369                    /home/alvaro/eclipse-workspace/game/library/lwjgl-yoga-sources.jar
7f58d0eae000-7f58d0eaf000 r--s 0000a000 08:02 9044368                    /home/alvaro/eclipse-workspace/game/library/lwjgl-yoga-natives-linux.jar
7f58d0eaf000-7f58d0eb2000 r--s 00075000 08:02 9044367                    /home/alvaro/eclipse-workspace/game/library/lwjgl-yoga-javadoc.jar
7f58d0eb2000-7f58d0eb3000 r--s 00005000 08:02 9044366                    /home/alvaro/eclipse-workspace/game/library/lwjgl-xxhash.jar
7f58d0eb3000-7f58d0eb4000 r--s 00003000 08:02 9044365                    /home/alvaro/eclipse-workspace/game/library/lwjgl-xxhash-sources.jar
7f58d0eb4000-7f58d0eb5000 r--s 00001000 08:02 9044364                    /home/alvaro/eclipse-workspace/game/library/lwjgl-xxhash-natives-linux.jar
7f58d0eb5000-7f58d0eb7000 r--s 00062000 08:02 9044363                    /home/alvaro/eclipse-workspace/game/library/lwjgl-xxhash-javadoc.jar
7f58d0eb7000-7f58d0eca000 r--s 0014d000 08:02 9044362                    /home/alvaro/eclipse-workspace/game/library/lwjgl-vulkan.jar
7f58d0eca000-7f58d0ed4000 r--s 0014e000 08:02 9044361                    /home/alvaro/eclipse-workspace/game/library/lwjgl-vulkan-sources.jar
7f58d0ed4000-7f58d0ee7000 r--s 0043d000 08:02 9044360                    /home/alvaro/eclipse-workspace/game/library/lwjgl-vulkan-javadoc.jar
7f58d0ee7000-7f58d0ee8000 r--s 00001000 08:02 9044359                    /home/alvaro/eclipse-workspace/game/library/lwjgl-tootle.jar
7f58d0ee8000-7f58d0ee9000 r--s 00002000 08:02 9044358                    /home/alvaro/eclipse-workspace/game/library/lwjgl-tootle-sources.jar
7f58d0ee9000-7f58d0eea000 r--s 0000c000 08:02 9044357                    /home/alvaro/eclipse-workspace/game/library/lwjgl-tootle-natives-linux.jar
7f58d0eea000-7f58d0eec000 r--s 00059000 08:02 9044356                    /home/alvaro/eclipse-workspace/game/library/lwjgl-tootle-javadoc.jar
7f58d0eec000-7f58d0eed000 r--s 00001000 08:02 9044354                    /home/alvaro/eclipse-workspace/game/library/lwjgl-tinyfd.jar
7f58d0eed000-7f58d0eef000 r--s 00000000 08:02 9044355                    /home/alvaro/eclipse-workspace/game/library/lwjgl-tinyfd-sources.jar
7f58d0eef000-7f58d0ef0000 r--s 00009000 08:02 9044353                    /home/alvaro/eclipse-workspace/game/library/lwjgl-tinyfd-natives-linux.jar
7f58d0ef0000-7f58d0ef3000 r--s 00057000 08:02 9044352                    /home/alvaro/eclipse-workspace/game/library/lwjgl-tinyfd-javadoc.jar
7f58d0ef3000-7f58d0ef4000 r--s 0000a000 08:02 9044351                    /home/alvaro/eclipse-workspace/game/library/lwjgl-tinyexr.jar
7f58d0ef4000-7f58d0ef6000 r--s 00006000 08:02 9044350                    /home/alvaro/eclipse-workspace/game/library/lwjgl-tinyexr-sources.jar
7f58d0ef6000-7f58d0ef7000 r--s 0000e000 08:02 9044349                    /home/alvaro/eclipse-workspace/game/library/lwjgl-tinyexr-natives-linux.jar
7f58d0ef7000-7f58d0ef9000 r--s 0006d000 08:02 9044348                    /home/alvaro/eclipse-workspace/game/library/lwjgl-tinyexr-javadoc.jar
7f58d0ef9000-7f58d0efb000 r--s 00018000 08:02 9044347                    /home/alvaro/eclipse-workspace/game/library/lwjgl-stb.jar
7f58d0efb000-7f58d0efd000 r--s 00016000 08:02 9044345                    /home/alvaro/eclipse-workspace/game/library/lwjgl-stb-sources.jar
7f58d0efd000-7f58d0efe000 r--s 00031000 08:02 9044346                    /home/alvaro/eclipse-workspace/game/library/lwjgl-stb-natives-linux.jar
7f58d0efe000-7f58d0f01000 r--s 00098000 08:02 9044344                    /home/alvaro/eclipse-workspace/game/library/lwjgl-stb-javadoc.jar
7f58d0f01000-7f58d0f03000 r--s 00000000 08:02 9044343                    /home/alvaro/eclipse-workspace/game/library/lwjgl-sse.jar
7f58d0f03000-7f58d0f05000 r--s 00000000 08:02 9044342                    /home/alvaro/eclipse-workspace/game/library/lwjgl-sse-sources.jar
7f58d0f05000-7f58d0f06000 r--s 00000000 08:02 9044341                    /home/alvaro/eclipse-workspace/game/library/lwjgl-sse-natives-linux.jar
7f58d0f06000-7f58d0f08000 r--s 00058000 08:02 9044340                    /home/alvaro/eclipse-workspace/game/library/lwjgl-sse-javadoc.jar
7f58d0f08000-7f58d0f0b000 r--s 00039000 08:02 9044376                    /home/alvaro/eclipse-workspace/game/library/lwjgl-sources.jar
7f58d0f0b000-7f58d0f0d000 r--s 00005000 08:02 9044339                    /home/alvaro/eclipse-workspace/game/library/lwjgl-rpmalloc.jar
7f58d0f0d000-7f58d0f0e000 r--s 00004000 08:02 9044338                    /home/alvaro/eclipse-workspace/game/library/lwjgl-rpmalloc-sources.jar
7f58d0f0e000-7f58d0f0f000 r--s 00002000 08:02 9044337                    /home/alvaro/eclipse-workspace/game/library/lwjgl-rpmalloc-natives-linux.jar
7f58d0f0f000-7f58d0f11000 r--s 00065000 08:02 9044336                    /home/alvaro/eclipse-workspace/game/library/lwjgl-rpmalloc-javadoc.jar
7f58d0f11000-7f58d0f13000 r--s 00005000 08:02 9044335                    /home/alvaro/eclipse-workspace/game/library/lwjgl-remotery.jar
7f58d0f13000-7f58d0f14000 r--s 00004000 08:02 9044334                    /home/alvaro/eclipse-workspace/game/library/lwjgl-remotery-sources.jar
7f58d0f14000-7f58d0f15000 r--s 00006000 08:02 9044333                    /home/alvaro/eclipse-workspace/game/library/lwjgl-remotery-natives-linux.jar
7f58d0f15000-7f58d0f17000 r--s 00064000 08:02 9044332                    /home/alvaro/eclipse-workspace/game/library/lwjgl-remotery-javadoc.jar
7f58d0f17000-7f58d0f18000 r--s 00002000 08:02 9044331                    /home/alvaro/eclipse-workspace/game/library/lwjgl-par.jar
7f58d0f18000-7f58d0f1a000 r--s 00001000 08:02 9044330                    /home/alvaro/eclipse-workspace/game/library/lwjgl-par-sources.jar
7f58d0f1a000-7f58d0f1b000 r--s 00005000 08:02 9044329                    /home/alvaro/eclipse-workspace/game/library/lwjgl-par-natives-linux.jar
7f58d0f1b000-7f58d0f1e000 r--s 0005a000 08:02 9044328                    /home/alvaro/eclipse-workspace/game/library/lwjgl-par-javadoc.jar
7f58d0f1e000-7f58d0f23000 r--s 0004b000 08:02 9044327                    /home/alvaro/eclipse-workspace/game/library/lwjgl-openvr.jar
7f58d0f23000-7f58d0f26000 r--s 00038000 08:02 9044326                    /home/alvaro/eclipse-workspace/game/library/lwjgl-openvr-sources.jar
7f58d0f26000-7f58d0f27000 r--s 0001c000 08:02 9044325                    /home/alvaro/eclipse-workspace/game/library/lwjgl-openvr-natives-linux.jar
7f58d0f27000-7f58d0f2c000 r--s 00126000 08:02 9044324                    /home/alvaro/eclipse-workspace/game/library/lwjgl-openvr-javadoc.jar
7f58d0f2c000-7f58d0f33000 r--s 0004e000 08:02 9044323                    /home/alvaro/eclipse-workspace/game/library/lwjgl-opengles.jar
7f58d0f33000-7f58d0f39000 r--s 0005c000 08:02 9044322                    /home/alvaro/eclipse-workspace/game/library/lwjgl-opengles-sources.jar
7f58d0f39000-7f58d0f3a000 r--s 00008000 08:02 9044321                    /home/alvaro/eclipse-workspace/game/library/lwjgl-opengles-natives-linux.jar
7f58d0f3a000-7f58d0f41000 r--s 00164000 08:02 9044320                    /home/alvaro/eclipse-workspace/game/library/lwjgl-opengles-javadoc.jar
7f58d0f41000-7f58d0f4b000 r--s 000bf000 08:02 9044319                    /home/alvaro/eclipse-workspace/game/library/lwjgl-opengl.jar
7f58d0f4b000-7f58d0f54000 r--s 000fb000 08:02 9044318                    /home/alvaro/eclipse-workspace/game/library/lwjgl-opengl-sources.jar
7f58d0f54000-7f58d0f55000 r--s 00016000 08:02 9044317                    /home/alvaro/eclipse-workspace/game/library/lwjgl-opengl-natives-linux.jar
7f58d0f55000-7f58d0f60000 r--s 002c6000 08:02 9044315                    /home/alvaro/eclipse-workspace/game/library/lwjgl-opengl-javadoc.jar
7f58d0f60000-7f58d0f63000 r--s 00027000 08:02 9044316                    /home/alvaro/eclipse-workspace/game/library/lwjgl-opencl.jar
7f58d0f63000-7f58d0f66000 r--s 00035000 08:02 9044314                    /home/alvaro/eclipse-workspace/game/library/lwjgl-opencl-sources.jar
7f58d0f66000-7f58d0f6a000 r--s 000d5000 08:02 9044313                    /home/alvaro/eclipse-workspace/game/library/lwjgl-opencl-javadoc.jar
7f58d0f6a000-7f58d0f6d000 r--s 00011000 08:02 9044312                    /home/alvaro/eclipse-workspace/game/library/lwjgl-openal.jar
7f58d0f6d000-7f58d0f6f000 r--s 00011000 08:02 9044311                    /home/alvaro/eclipse-workspace/game/library/lwjgl-openal-sources.jar
7f58d0f6f000-7f58d0f70000 r--s 00077000 08:02 9044310                    /home/alvaro/eclipse-workspace/game/library/lwjgl-openal-natives-linux.jar
7f58d0f70000-7f58d0f73000 r--s 0008e000 08:02 9044309                    /home/alvaro/eclipse-workspace/game/library/lwjgl-openal-javadoc.jar
7f58d0f73000-7f58d0f75000 r--s 00015000 08:02 9044308                    /home/alvaro/eclipse-workspace/game/library/lwjgl-odbc.jar
7f58d0f75000-7f58d0f76000 r--s 00013000 08:02 9044307                    /home/alvaro/eclipse-workspace/game/library/lwjgl-odbc-sources.jar
7f58d0f76000-7f58d0f79000 r--s 0009e000 08:02 9044306                    /home/alvaro/eclipse-workspace/game/library/lwjgl-odbc-javadoc.jar
7f58d0f79000-7f58d0f7e000 r--s 0005f000 08:02 9044305                    /home/alvaro/eclipse-workspace/game/library/lwjgl-nuklear.jar
7f58d0f7e000-7f58d0f81000 r--s 00040000 08:02 9044304                    /home/alvaro/eclipse-workspace/game/library/lwjgl-nuklear-sources.jar
7f58d0f81000-7f58d0f82000 r--s 00022000 08:02 9044303                    /home/alvaro/eclipse-workspace/game/library/lwjgl-nuklear-natives-linux.jar
7f58d0f82000-7f58d0f87000 r--s 0011b000 08:02 9044300                    /home/alvaro/eclipse-workspace/game/library/lwjgl-nuklear-javadoc.jar
7f58d0f87000-7f58d0f89000 r--s 00001000 08:02 9044294                    /home/alvaro/eclipse-workspace/game/library/lwjgl-nfd.jar
7f58d0f89000-7f58d0f8a000 r--s 00001000 08:02 9044293                    /home/alvaro/eclipse-workspace/game/library/lwjgl-nfd-sources.jar
7f58d0f8a000-7f58d0f8b000 r--s 00001000 08:02 9044292                    /home/alvaro/eclipse-workspace/game/library/lwjgl-nfd-natives-linux.jar
7f58d0f8b000-7f58d0f8d000 r--s 0005a000 08:02 9044291                    /home/alvaro/eclipse-workspace/game/library/lwjgl-nfd-javadoc.jar
7f58d0f8d000-7f58d0f8e000 r--s 00013000 08:02 9044377                    /home/alvaro/eclipse-workspace/game/library/lwjgl-natives-linux.jar
7f58d0f8e000-7f58d0f90000 r--s 0000e000 08:02 9044290                    /home/alvaro/eclipse-workspace/game/library/lwjgl-nanovg.jar
7f58d0f90000-7f58d0f91000 r--s 0000c000 08:02 9044288                    /home/alvaro/eclipse-workspace/game/library/lwjgl-nanovg-sources.jar
7f58d0f91000-7f58d0f92000 r--s 00029000 08:02 9044289                    /home/alvaro/eclipse-workspace/game/library/lwjgl-nanovg-natives-linux.jar
7f58d0f92000-7f58d0f95000 r--s 0007b000 08:02 9044287                    /home/alvaro/eclipse-workspace/game/library/lwjgl-nanovg-javadoc.jar
7f58d0f95000-7f58d0f97000 r--s 0000b000 08:02 9044286                    /home/alvaro/eclipse-workspace/game/library/lwjgl-lz4.jar
7f58d0f97000-7f58d0f98000 r--s 0000a000 08:02 9044284                    /home/alvaro/eclipse-workspace/game/library/lwjgl-lz4-sources.jar
7f58d0f98000-7f58d0f99000 r--s 0000e000 08:02 9044285                    /home/alvaro/eclipse-workspace/game/library/lwjgl-lz4-natives-linux.jar
7f58d0f99000-7f58d0f9b000 r--s 00075000 08:02 9044283                    /home/alvaro/eclipse-workspace/game/library/lwjgl-lz4-javadoc.jar
7f58d0f9b000-7f58d0f9c000 r--s 00006000 08:02 9044282                    /home/alvaro/eclipse-workspace/game/library/lwjgl-lmdb.jar
7f58d0f9c000-7f58d0f9e000 r--s 00008000 08:02 9044281                    /home/alvaro/eclipse-workspace/game/library/lwjgl-lmdb-sources.jar
7f58d0f9e000-7f58d0fa0000 r--s 0000c000 08:02 9044280                    /home/alvaro/eclipse-workspace/game/library/lwjgl-lmdb-natives-linux.jar
7f58d0fa0000-7f58d0fa2000 r--s 0006b000 08:02 9044279                    /home/alvaro/eclipse-workspace/game/library/lwjgl-lmdb-javadoc.jar
7f58d0fa2000-7f58d0fa4000 r--s 00008000 08:02 9044278                    /home/alvaro/eclipse-workspace/game/library/lwjgl-jemalloc.jar
7f58d0fa4000-7f58d0fa5000 r--s 00007000 08:02 9044277                    /home/alvaro/eclipse-workspace/game/library/lwjgl-jemalloc-sources.jar
7f58d0fa5000-7f58d0fa7000 r--s 0001f000 08:02 9044276                    /home/alvaro/eclipse-workspace/game/library/lwjgl-jemalloc-natives-linux.jar
7f58d0fa7000-7f58d0fa9000 r--s 0006e000 08:02 9044275                    /home/alvaro/eclipse-workspace/game/library/lwjgl-jemalloc-javadoc.jar
7f58d0fa9000-7f58d0fab000 r--s 00005000 08:02 9044274                    /home/alvaro/eclipse-workspace/game/library/lwjgl-jawt.jar
7f58d0fab000-7f58d0fac000 ---p 00000000 00:00 0 
7f58d0fac000-7f58d10ac000 rw-p 00000000 00:00 0 
7f58d10ac000-7f58d10af000 ---p 00000000 00:00 0 
7f58d10af000-7f58d11ad000 rw-p 00000000 00:00 0 
7f58d11ad000-7f58d11b0000 ---p 00000000 00:00 0 
7f58d11b0000-7f58d12ae000 rw-p 00000000 00:00 0 
7f58d12ae000-7f58d12b1000 ---p 00000000 00:00 0 
7f58d12b1000-7f58d13af000 rw-p 00000000 00:00 0 
7f58d13af000-7f58d13b2000 ---p 00000000 00:00 0 
7f58d13b2000-7f58d14b0000 rw-p 00000000 00:00 0 
7f58d14b0000-7f58d14b3000 ---p 00000000 00:00 0 
7f58d14b3000-7f58d15b1000 rw-p 00000000 00:00 0 
7f58d15b1000-7f58d15b4000 ---p 00000000 00:00 0 
7f58d15b4000-7f58d16b2000 rw-p 00000000 00:00 0 
7f58d16b2000-7f58d16b5000 ---p 00000000 00:00 0 
7f58d16b5000-7f58d17b3000 rw-p 00000000 00:00 0 
7f58d17b3000-7f58d17b7000 r-xp 00000000 08:02 16264042                   /usr/lib/jvm/java-8-openjdk-amd64/jre/lib/amd64/libdt_socket.so
7f58d17b7000-7f58d19b6000 ---p 00004000 08:02 16264042                   /usr/lib/jvm/java-8-openjdk-amd64/jre/lib/amd64/libdt_socket.so
7f58d19b6000-7f58d19b7000 r--p 00003000 08:02 16264042                   /usr/lib/jvm/java-8-openjdk-amd64/jre/lib/amd64/libdt_socket.so
7f58d19b7000-7f58d19b8000 rw-p 00004000 08:02 16264042                   /usr/lib/jvm/java-8-openjdk-amd64/jre/lib/amd64/libdt_socket.so
7f58d19b8000-7f58d19bb000 ---p 00000000 00:00 0 
7f58d19bb000-7f58d1ab9000 rw-p 00000000 00:00 0 
7f58d1ab9000-7f58d1abc000 ---p 00000000 00:00 0 
7f58d1abc000-7f58d1bba000 rw-p 00000000 00:00 0 
7f58d1bba000-7f58d1bbd000 ---p 00000000 00:00 0 
7f58d1bbd000-7f58d1cbb000 rw-p 00000000 00:00 0 
7f58d1cbb000-7f58d1cbc000 ---p 00000000 00:00 0 
7f58d1cbc000-7f58d4000000 rw-p 00000000 00:00 0 
7f58d4000000-7f58d4021000 rw-p 00000000 00:00 0 
7f58d4021000-7f58d8000000 ---p 00000000 00:00 0 
7f58d8000000-7f58d8001000 r--s 00004000 08:02 9044273                    /home/alvaro/eclipse-workspace/game/library/lwjgl-jawt-sources.jar
7f58d8001000-7f58d8004000 r--s 00066000 08:02 9044272                    /home/alvaro/eclipse-workspace/game/library/lwjgl-jawt-javadoc.jar
7f58d8004000-7f58d8009000 r--s 00116000 08:02 9044375                    /home/alvaro/eclipse-workspace/game/library/lwjgl-javadoc.jar
7f58d8009000-7f58d800c000 r--s 00019000 08:02 9044271                    /home/alvaro/eclipse-workspace/game/library/lwjgl-glfw.jar
7f58d800c000-7f58d800e000 r--s 00017000 08:02 9044270                    /home/alvaro/eclipse-workspace/game/library/lwjgl-glfw-sources.jar
7f58d800e000-7f58d8010000 r--s 00022000 08:02 9044269                    /home/alvaro/eclipse-workspace/game/library/lwjgl-glfw-natives-linux.jar
7f58d8010000-7f58d8013000 r--s 0009f000 08:02 9044268                    /home/alvaro/eclipse-workspace/game/library/lwjgl-glfw-javadoc.jar
7f58d8013000-7f58d8018000 r--s 0001e000 08:02 9044267                    /home/alvaro/eclipse-workspace/game/library/lwjgl-egl.jar
7f58d8018000-7f58d801c000 r--s 00022000 08:02 9044266                    /home/alvaro/eclipse-workspace/game/library/lwjgl-egl-sources.jar
7f58d801c000-7f58d8021000 r--s 000c9000 08:02 9044265                    /home/alvaro/eclipse-workspace/game/library/lwjgl-egl-javadoc.jar
7f58d8021000-7f58d8025000 r--s 00027000 08:02 9044262                    /home/alvaro/eclipse-workspace/game/library/lwjgl-bgfx.jar
7f58d8025000-7f58d8028000 r--s 0001e000 08:02 9044263                    /home/alvaro/eclipse-workspace/game/library/lwjgl-bgfx-sources.jar
7f58d8028000-7f58d8029000 r--s 00051000 08:02 9044264                    /home/alvaro/eclipse-workspace/game/library/lwjgl-bgfx-natives-linux.jar
7f58d8029000-7f58d802d000 r--s 000bc000 08:02 9044261                    /home/alvaro/eclipse-workspace/game/library/lwjgl-bgfx-javadoc.jar
7f58d802d000-7f58d8031000 r--s 0002e000 08:02 9044258                    /home/alvaro/eclipse-workspace/game/library/lwjgl-assimp.jar
7f58d8031000-7f58d8033000 r--s 00028000 08:02 9044259                    /home/alvaro/eclipse-workspace/game/library/lwjgl-assimp-sources.jar
7f58d8033000-7f58d8037000 r--s 000d9000 08:02 9044257                    /home/alvaro/eclipse-workspace/game/library/lwjgl-assimp-javadoc.jar
7f58d8037000-7f58d803c000 r--s 002f9000 08:02 16264060                   /usr/lib/jvm/java-8-openjdk-amd64/jre/lib/charsets.jar
7f58d803c000-7f58d803e000 r--s 00016000 08:02 16258528                   /usr/lib/jvm/java-8-openjdk-amd64/jre/lib/jce.jar
7f58d803e000-7f58d8043000 r--s 0009d000 08:02 16255874                   /usr/lib/jvm/java-8-openjdk-amd64/jre/lib/jsse.jar
7f58d8043000-7f58d8056000 r--s 00346000 08:02 16255876                   /usr/lib/jvm/java-8-openjdk-amd64/jre/lib/resources.jar
7f58d8056000-7f58d8071000 r--s 001d6000 08:02 16258517                   /usr/lib/jvm/java-8-openjdk-amd64/jre/lib/ext/nashorn.jar
7f58d8071000-7f58d807b000 r--s 00116000 08:02 16258522                   /usr/lib/jvm/java-8-openjdk-amd64/jre/lib/ext/localedata.jar
7f58d807b000-7f58d8096000 r--s 00394000 08:02 16258518                   /usr/lib/jvm/java-8-openjdk-amd64/jre/lib/ext/cldrdata.jar
7f58d8096000-7f58d8d40000 rw-p 00000000 00:00 0 
7f58d8d40000-7f58d9000000 ---p 00000000 00:00 0 
7f58d9000000-7f58d9270000 rwxp 00000000 00:00 0 
7f58d9270000-7f58e8000000 ---p 00000000 00:00 0 
7f58e8000000-7f58e867d000 rw-p 00000000 00:00 0 
7f58e867d000-7f58ec000000 ---p 00000000 00:00 0 
7f58ec000000-7f58ec001000 r--s 002ed000 08:02 9044260                    /home/alvaro/eclipse-workspace/game/library/lwjgl-assimp-natives-linux.jar
7f58ec001000-7f58ec002000 r--s 00010000 08:02 16258521                   /usr/lib/jvm/java-8-openjdk-amd64/jre/lib/ext/zipfs.jar
7f58ec002000-7f58ec008000 r--s 0003b000 08:02 16258523                   /usr/lib/jvm/java-8-openjdk-amd64/jre/lib/ext/sunjce_provider.jar
7f58ec008000-7f58ec44e000 rw-p 00000000 00:00 0 
7f58ec44e000-7f58ec61d000 r--s 03c32000 08:02 16255875                   /usr/lib/jvm/java-8-openjdk-amd64/jre/lib/rt.jar
7f58ec61d000-7f58ec877000 rw-p 00000000 00:00 0 
7f58ec877000-7f58ec878000 ---p 00000000 00:00 0 
7f58ec878000-7f58ec978000 rw-p 00000000 00:00 0 
7f58ec978000-7f58ec979000 ---p 00000000 00:00 0 
7f58ec979000-7f58eca79000 rw-p 00000000 00:00 0 
7f58eca79000-7f58eca7a000 ---p 00000000 00:00 0 
7f58eca7a000-7f58ecb7a000 rw-p 00000000 00:00 0 
7f58ecb7a000-7f58ecb7b000 ---p 00000000 00:00 0 
7f58ecb7b000-7f58ecc90000 rw-p 00000000 00:00 0 
7f58ecc90000-7f58ecdbe000 ---p 00000000 00:00 0 
7f58ecdbe000-7f58ecdd3000 rw-p 00000000 00:00 0 
7f58ecdd3000-7f58ecf00000 ---p 00000000 00:00 0 
7f58ecf00000-7f58ecf0b000 rw-p 00000000 00:00 0 
7f58ecf0b000-7f58ecfa2000 ---p 00000000 00:00 0 
7f58ecfa2000-7f58ecfad000 rw-p 00000000 00:00 0 
7f58ecfad000-7f58ed363000 ---p 00000000 00:00 0 
7f58ed363000-7f58ed36b000 r-xp 00000000 08:02 16264031                   /usr/lib/jvm/java-8-openjdk-amd64/jre/lib/amd64/libzip.so
7f58ed36b000-7f58ed56a000 ---p 00008000 08:02 16264031                   /usr/lib/jvm/java-8-openjdk-amd64/jre/lib/amd64/libzip.so
7f58ed56a000-7f58ed56b000 r--p 00007000 08:02 16264031                   /usr/lib/jvm/java-8-openjdk-amd64/jre/lib/amd64/libzip.so
7f58ed56b000-7f58ed56c000 rw-p 00008000 08:02 16264031                   /usr/lib/jvm/java-8-openjdk-amd64/jre/lib/amd64/libzip.so
7f58ed56c000-7f58ed577000 r-xp 00000000 08:02 27656288                   /lib/x86_64-linux-gnu/libnss_files-2.23.so
7f58ed577000-7f58ed776000 ---p 0000b000 08:02 27656288                   /lib/x86_64-linux-gnu/libnss_files-2.23.so
7f58ed776000-7f58ed777000 r--p 0000a000 08:02 27656288                   /lib/x86_64-linux-gnu/libnss_files-2.23.so
7f58ed777000-7f58ed778000 rw-p 0000b000 08:02 27656288                   /lib/x86_64-linux-gnu/libnss_files-2.23.so
7f58ed778000-7f58ed77e000 rw-p 00000000 00:00 0 
7f58ed77e000-7f58ed789000 r-xp 00000000 08:02 27660746                   /lib/x86_64-linux-gnu/libnss_nis-2.23.so
7f58ed789000-7f58ed988000 ---p 0000b000 08:02 27660746                   /lib/x86_64-linux-gnu/libnss_nis-2.23.so
7f58ed988000-7f58ed989000 r--p 0000a000 08:02 27660746                   /lib/x86_64-linux-gnu/libnss_nis-2.23.so
7f58ed989000-7f58ed98a000 rw-p 0000b000 08:02 27660746                   /lib/x86_64-linux-gnu/libnss_nis-2.23.so
7f58ed98a000-7f58ed9a0000 r-xp 00000000 08:02 27656206                   /lib/x86_64-linux-gnu/libnsl-2.23.so
7f58ed9a0000-7f58edb9f000 ---p 00016000 08:02 27656206                   /lib/x86_64-linux-gnu/libnsl-2.23.so
7f58edb9f000-7f58edba0000 r--p 00015000 08:02 27656206                   /lib/x86_64-linux-gnu/libnsl-2.23.so
7f58edba0000-7f58edba1000 rw-p 00016000 08:02 27656206                   /lib/x86_64-linux-gnu/libnsl-2.23.so
7f58edba1000-7f58edba3000 rw-p 00000000 00:00 0 
7f58edba3000-7f58edbab000 r-xp 00000000 08:02 27656283                   /lib/x86_64-linux-gnu/libnss_compat-2.23.so
7f58edbab000-7f58eddaa000 ---p 00008000 08:02 27656283                   /lib/x86_64-linux-gnu/libnss_compat-2.23.so
7f58eddaa000-7f58eddab000 r--p 00007000 08:02 27656283                   /lib/x86_64-linux-gnu/libnss_compat-2.23.so
7f58eddab000-7f58eddac000 rw-p 00008000 08:02 27656283                   /lib/x86_64-linux-gnu/libnss_compat-2.23.so
7f58eddac000-7f58ee2f9000 r--p 00000000 08:02 16129176                   /usr/lib/locale/locale-archive
7f58ee2f9000-7f58ee2fb000 r-xp 00000000 08:02 16264043                   /usr/lib/jvm/java-8-openjdk-amd64/jre/lib/amd64/libnpt.so
7f58ee2fb000-7f58ee4fb000 ---p 00002000 08:02 16264043                   /usr/lib/jvm/java-8-openjdk-amd64/jre/lib/amd64/libnpt.so
7f58ee4fb000-7f58ee4fc000 r--p 00002000 08:02 16264043                   /usr/lib/jvm/java-8-openjdk-amd64/jre/lib/amd64/libnpt.so
7f58ee4fc000-7f58ee4fd000 rw-p 00003000 08:02 16264043                   /usr/lib/jvm/java-8-openjdk-amd64/jre/lib/amd64/libnpt.so
7f58ee4fd000-7f58ee538000 r-xp 00000000 08:02 16264040                   /usr/lib/jvm/java-8-openjdk-amd64/jre/lib/amd64/libjdwp.so
7f58ee538000-7f58ee738000 ---p 0003b000 08:02 16264040                   /usr/lib/jvm/java-8-openjdk-amd64/jre/lib/amd64/libjdwp.so
7f58ee738000-7f58ee739000 r--p 0003b000 08:02 16264040                   /usr/lib/jvm/java-8-openjdk-amd64/jre/lib/amd64/libjdwp.so
7f58ee739000-7f58ee73a000 rw-p 0003c000 08:02 16264040                   /usr/lib/jvm/java-8-openjdk-amd64/jre/lib/amd64/libjdwp.so
7f58ee73a000-7f58ee767000 r-xp 00000000 08:02 16264048                   /usr/lib/jvm/java-8-openjdk-amd64/jre/lib/amd64/libjava.so
7f58ee767000-7f58ee966000 ---p 0002d000 08:02 16264048                   /usr/lib/jvm/java-8-openjdk-amd64/jre/lib/amd64/libjava.so
7f58ee966000-7f58ee967000 r--p 0002c000 08:02 16264048                   /usr/lib/jvm/java-8-openjdk-amd64/jre/lib/amd64/libjava.so
7f58ee967000-7f58ee969000 rw-p 0002d000 08:02 16264048                   /usr/lib/jvm/java-8-openjdk-amd64/jre/lib/amd64/libjava.so
7f58ee969000-7f58ee978000 r-xp 00000000 08:02 16264036                   /usr/lib/jvm/java-8-openjdk-amd64/jre/lib/amd64/libverify.so
7f58ee978000-7f58eeb77000 ---p 0000f000 08:02 16264036                   /usr/lib/jvm/java-8-openjdk-amd64/jre/lib/amd64/libverify.so
7f58eeb77000-7f58eeb79000 r--p 0000e000 08:02 16264036                   /usr/lib/jvm/java-8-openjdk-amd64/jre/lib/amd64/libverify.so
7f58eeb79000-7f58eeb7a000 rw-p 00010000 08:02 16264036                   /usr/lib/jvm/java-8-openjdk-amd64/jre/lib/amd64/libverify.so
7f58eeb7a000-7f58eeb81000 r-xp 00000000 08:02 27660747                   /lib/x86_64-linux-gnu/librt-2.23.so
7f58eeb81000-7f58eed80000 ---p 00007000 08:02 27660747                   /lib/x86_64-linux-gnu/librt-2.23.so
7f58eed80000-7f58eed81000 r--p 00006000 08:02 27660747                   /lib/x86_64-linux-gnu/librt-2.23.so
7f58eed81000-7f58eed82000 rw-p 00007000 08:02 27660747                   /lib/x86_64-linux-gnu/librt-2.23.so
7f58eed82000-7f58eed98000 r-xp 00000000 08:02 27660767                   /lib/x86_64-linux-gnu/libgcc_s.so.1
7f58eed98000-7f58eef97000 ---p 00016000 08:02 27660767                   /lib/x86_64-linux-gnu/libgcc_s.so.1
7f58eef97000-7f58eef98000 rw-p 00015000 08:02 27660767                   /lib/x86_64-linux-gnu/libgcc_s.so.1
7f58eef98000-7f58ef0a0000 r-xp 00000000 08:02 27656197                   /lib/x86_64-linux-gnu/libm-2.23.so
7f58ef0a0000-7f58ef29f000 ---p 00108000 08:02 27656197                   /lib/x86_64-linux-gnu/libm-2.23.so
7f58ef29f000-7f58ef2a0000 r--p 00107000 08:02 27656197                   /lib/x86_64-linux-gnu/libm-2.23.so
7f58ef2a0000-7f58ef2a1000 rw-p 00108000 08:02 27656197                   /lib/x86_64-linux-gnu/libm-2.23.so
7f58ef2a1000-7f58ef413000 r-xp 00000000 08:02 16121885                   /usr/lib/x86_64-linux-gnu/libstdc++.so.6.0.21
7f58ef413000-7f58ef613000 ---p 00172000 08:02 16121885                   /usr/lib/x86_64-linux-gnu/libstdc++.so.6.0.21
7f58ef613000-7f58ef61d000 r--p 00172000 08:02 16121885                   /usr/lib/x86_64-linux-gnu/libstdc++.so.6.0.21
7f58ef61d000-7f58ef61f000 rw-p 0017c000 08:02 16121885                   /usr/lib/x86_64-linux-gnu/libstdc++.so.6.0.21
7f58ef61f000-7f58ef623000 rw-p 00000000 00:00 0 
7f58ef623000-7f58f0280000 r-xp 00000000 08:02 16258530                   /usr/lib/jvm/java-8-openjdk-amd64/jre/lib/amd64/server/libjvm.so
7f58f0280000-7f58f0480000 ---p 00c5d000 08:02 16258530                   /usr/lib/jvm/java-8-openjdk-amd64/jre/lib/amd64/server/libjvm.so
7f58f0480000-7f58f0514000 r--p 00c5d000 08:02 16258530                   /usr/lib/jvm/java-8-openjdk-amd64/jre/lib/amd64/server/libjvm.so
7f58f0514000-7f58f053d000 rw-p 00cf1000 08:02 16258530                   /usr/lib/jvm/java-8-openjdk-amd64/jre/lib/amd64/server/libjvm.so
7f58f053d000-7f58f056d000 rw-p 00000000 00:00 0 
7f58f056d000-7f58f0585000 r-xp 00000000 08:02 27656217                   /lib/x86_64-linux-gnu/libpthread-2.23.so
7f58f0585000-7f58f0784000 ---p 00018000 08:02 27656217                   /lib/x86_64-linux-gnu/libpthread-2.23.so
7f58f0784000-7f58f0785000 r--p 00017000 08:02 27656217                   /lib/x86_64-linux-gnu/libpthread-2.23.so
7f58f0785000-7f58f0786000 rw-p 00018000 08:02 27656217                   /lib/x86_64-linux-gnu/libpthread-2.23.so
7f58f0786000-7f58f078a000 rw-p 00000000 00:00 0 
7f58f078a000-7f58f078d000 r-xp 00000000 08:02 27656277                   /lib/x86_64-linux-gnu/libdl-2.23.so
7f58f078d000-7f58f098c000 ---p 00003000 08:02 27656277                   /lib/x86_64-linux-gnu/libdl-2.23.so
7f58f098c000-7f58f098d000 r--p 00002000 08:02 27656277                   /lib/x86_64-linux-gnu/libdl-2.23.so
7f58f098d000-7f58f098e000 rw-p 00003000 08:02 27656277                   /lib/x86_64-linux-gnu/libdl-2.23.so
7f58f098e000-7f58f09a7000 r-xp 00000000 08:02 27660920                   /lib/x86_64-linux-gnu/libz.so.1.2.8
7f58f09a7000-7f58f0ba6000 ---p 00019000 08:02 27660920                   /lib/x86_64-linux-gnu/libz.so.1.2.8
7f58f0ba6000-7f58f0ba7000 r--p 00018000 08:02 27660920                   /lib/x86_64-linux-gnu/libz.so.1.2.8
7f58f0ba7000-7f58f0ba8000 rw-p 00019000 08:02 27660920                   /lib/x86_64-linux-gnu/libz.so.1.2.8
7f58f0ba8000-7f58f0d68000 r-xp 00000000 08:02 27656275                   /lib/x86_64-linux-gnu/libc-2.23.so
7f58f0d68000-7f58f0f68000 ---p 001c0000 08:02 27656275                   /lib/x86_64-linux-gnu/libc-2.23.so
7f58f0f68000-7f58f0f6c000 r--p 001c0000 08:02 27656275                   /lib/x86_64-linux-gnu/libc-2.23.so
7f58f0f6c000-7f58f0f6e000 rw-p 001c4000 08:02 27656275                   /lib/x86_64-linux-gnu/libc-2.23.so
7f58f0f6e000-7f58f0f72000 rw-p 00000000 00:00 0 
7f58f0f72000-7f58f0f7f000 r-xp 00000000 08:02 16264033                   /usr/lib/jvm/java-8-openjdk-amd64/jre/lib/amd64/jli/libjli.so
7f58f0f7f000-7f58f117f000 ---p 0000d000 08:02 16264033                   /usr/lib/jvm/java-8-openjdk-amd64/jre/lib/amd64/jli/libjli.so
7f58f117f000-7f58f1180000 r--p 0000d000 08:02 16264033                   /usr/lib/jvm/java-8-openjdk-amd64/jre/lib/amd64/jli/libjli.so
7f58f1180000-7f58f1181000 rw-p 0000e000 08:02 16264033                   /usr/lib/jvm/java-8-openjdk-amd64/jre/lib/amd64/jli/libjli.so
7f58f1181000-7f58f11a7000 r-xp 00000000 08:02 27656209                   /lib/x86_64-linux-gnu/ld-2.23.so
7f58f11a7000-7f58f11aa000 r--s 00038000 08:02 16258519                   /usr/lib/jvm/java-8-openjdk-amd64/jre/lib/ext/sunpkcs11.jar
7f58f11aa000-7f58f11ad000 r--s 0000f000 08:02 16258516                   /usr/lib/jvm/java-8-openjdk-amd64/jre/lib/ext/icedtea-sound.jar
7f58f11ad000-7f58f11af000 r--s 00001000 08:02 16258520                   /usr/lib/jvm/java-8-openjdk-amd64/jre/lib/ext/dnsns.jar
7f58f11af000-7f58f1280000 rw-p 00000000 00:00 0 
7f58f1280000-7f58f1283000 ---p 00000000 00:00 0 
7f58f1283000-7f58f1385000 rw-p 00000000 00:00 0 
7f58f1385000-7f58f1386000 r--s 0000a000 08:02 16258525                   /usr/lib/jvm/java-8-openjdk-amd64/jre/lib/ext/jaccess.jar
7f58f1386000-7f58f1388000 r--s 00008000 08:02 16258524                   /usr/lib/jvm/java-8-openjdk-amd64/jre/lib/ext/sunec.jar
7f58f1388000-7f58f139b000 rw-p 00000000 00:00 0 
7f58f139b000-7f58f13a3000 rw-s 00000000 08:02 4849677                    /tmp/hsperfdata_alvaro/9983
7f58f13a3000-7f58f13a4000 rw-p 00000000 00:00 0 
7f58f13a4000-7f58f13a5000 r--p 00000000 00:00 0 
7f58f13a5000-7f58f13a6000 rw-p 00000000 00:00 0 
7f58f13a6000-7f58f13a7000 r--p 00025000 08:02 27656209                   /lib/x86_64-linux-gnu/ld-2.23.so
7f58f13a7000-7f58f13a8000 rw-p 00026000 08:02 27656209                   /lib/x86_64-linux-gnu/ld-2.23.so
7f58f13a8000-7f58f13a9000 rw-p 00000000 00:00 0 
7fff6faa0000-7fff6fac3000 rw-p 00000000 00:00 0                          [stack]
7fff6fb8b000-7fff6fb8e000 r--p 00000000 00:00 0                          [vvar]
7fff6fb8e000-7fff6fb90000 r-xp 00000000 00:00 0                          [vdso]
ffffffffff600000-ffffffffff601000 r-xp 00000000 00:00 0                  [vsyscall]

VM Arguments:
jvm_args: -agentlib:jdwp=transport=dt_socket,suspend=y,address=localhost:42447 -Dfile.encoding=UTF-8 
java_command: main.Main
java_class_path (initial): /usr/lib/jvm/java-8-openjdk-amd64/jre/lib/resources.jar:/usr/lib/jvm/java-8-openjdk-amd64/jre/lib/rt.jar:/usr/lib/jvm/java-8-openjdk-amd64/jre/lib/jsse.jar:/usr/lib/jvm/java-8-openjdk-amd64/jre/lib/jce.jar:/usr/lib/jvm/java-8-openjdk-amd64/jre/lib/charsets.jar:/usr/lib/jvm/java-8-openjdk-amd64/jre/lib/ext/sunec.jar:/usr/lib/jvm/java-8-openjdk-amd64/jre/lib/ext/cldrdata.jar:/usr/lib/jvm/java-8-openjdk-amd64/jre/lib/ext/dnsns.jar:/usr/lib/jvm/java-8-openjdk-amd64/jre/lib/ext/icedtea-sound.jar:/usr/lib/jvm/java-8-openjdk-amd64/jre/lib/ext/jaccess.jar:/usr/lib/jvm/java-8-openjdk-amd64/jre/lib/ext/sunjce_provider.jar:/usr/lib/jvm/java-8-openjdk-amd64/jre/lib/ext/localedata.jar:/usr/lib/jvm/java-8-openjdk-amd64/jre/lib/ext/sunpkcs11.jar:/usr/lib/jvm/java-8-openjdk-amd64/jre/lib/ext/zipfs.jar:/usr/lib/jvm/java-8-openjdk-amd64/jre/lib/ext/nashorn.jar:/home/alvaro/eclipse-workspace/game/bin:/home/alvaro/eclipse-workspace/game/library/lwjgl-assimp-javadoc.jar:/home/alvaro/eclipse-workspace/game/library/lwjgl-assimp-natives-linux.jar:/home/alvaro/eclipse-workspace/game/library/lwjgl-assimp-sources.jar:/home/alvaro/eclipse-workspace/game/library/lwjgl-assimp.jar:/home/alvaro/eclipse-workspace/game/library/lwjgl-bgfx-javadoc.jar:/home/alvaro/eclipse-workspace/game/library/lwjgl-bgfx-natives-linux.jar:/home/alvaro/eclipse-workspace/game/library/lwjgl-bgfx-sources.jar:/home/alvaro/eclipse-workspace/game/library/lwjgl-bgfx.jar:/home/alvaro/eclipse-workspace/game/library/lwjgl-egl-javadoc.jar:/home/alvaro/eclipse-workspace/game/library/lwjgl-egl-sources.jar:/home/alvaro/eclipse-workspace/game/library/lwjgl-egl.jar:/home/alvaro/eclipse-workspace/game/library/lwjgl-glfw-javadoc.jar:/home/alvaro/eclipse-workspace/game/library/lwjgl-glfw-natives-linux.jar:/home/alvaro/eclipse-workspace/game/library/lwjgl-glfw-sources.jar:/home/alvaro/eclipse-workspace/game/library/lwjgl-glfw.jar:/home/alvaro/eclipse-workspace/game/library/lwjgl-javadoc.jar:/home/alvaro/eclip
Launcher Type: SUN_STANDARD

Environment Variables:
PATH=/home/alvaro/bin:/home/alvaro/.local/bin:/usr/local/sbin:/usr/local/bin:/usr/sbin:/usr/bin:/sbin:/bin:/usr/games:/usr/local/games:/snap/bin
SHELL=/bin/bash
DISPLAY=:0

Signal Handlers:
SIGSEGV: [libjvm.so+0xa71a30], sa_mask[0]=11111111011111111101111111111110, sa_flags=SA_RESTART|SA_SIGINFO
SIGBUS: [libjvm.so+0xa71a30], sa_mask[0]=11111111011111111101111111111110, sa_flags=SA_RESTART|SA_SIGINFO
SIGFPE: [libjvm.so+0x8b8f40], sa_mask[0]=11111111011111111101111111111110, sa_flags=SA_RESTART|SA_SIGINFO
SIGPIPE: [libjvm.so+0x8b8f40], sa_mask[0]=11111111011111111101111111111110, sa_flags=SA_RESTART|SA_SIGINFO
SIGXFSZ: [libjvm.so+0x8b8f40], sa_mask[0]=11111111011111111101111111111110, sa_flags=SA_RESTART|SA_SIGINFO
SIGILL: [libjvm.so+0x8b8f40], sa_mask[0]=11111111011111111101111111111110, sa_flags=SA_RESTART|SA_SIGINFO
SIGUSR1: SIG_DFL, sa_mask[0]=00000000000000000000000000000000, sa_flags=none
SIGUSR2: [libjvm.so+0x8b8df0], sa_mask[0]=00100000000000000000000000000000, sa_flags=SA_RESTART|SA_SIGINFO
SIGHUP: [libjvm.so+0x8b92c0], sa_mask[0]=11111111011111111101111111111110, sa_flags=SA_RESTART|SA_SIGINFO
SIGINT: [libjvm.so+0x8b92c0], sa_mask[0]=11111111011111111101111111111110, sa_flags=SA_RESTART|SA_SIGINFO
SIGTERM: [libjvm.so+0x8b92c0], sa_mask[0]=11111111011111111101111111111110, sa_flags=SA_RESTART|SA_SIGINFO
SIGQUIT: [libjvm.so+0x8b92c0], sa_mask[0]=11111111011111111101111111111110, sa_flags=SA_RESTART|SA_SIGINFO


---------------  S Y S T E M  ---------------

OS:DISTRIB_ID=Ubuntu
DISTRIB_RELEASE=16.04
DISTRIB_CODENAME=xenial
DISTRIB_DESCRIPTION="Ubuntu 16.04.5 LTS"

uname:Linux 4.15.0-33-generic #36~16.04.1-Ubuntu SMP Wed Aug 15 17:21:05 UTC 2018 x86_64
libc:glibc 2.23 NPTL 2.23 
rlimit: STACK 8192k, CORE 0k, NPROC 14987, NOFILE 1048576, AS infinity
load average:0,58 0,51 0,44

/proc/meminfo:
MemTotal:        3960284 kB
MemFree:          223600 kB
MemAvailable:     637044 kB
Buffers:           32712 kB
Cached:           824576 kB
SwapCached:         1516 kB
Active:          2632688 kB
Inactive:         900192 kB
Active(anon):    2335968 kB
Inactive(anon):   606080 kB
Active(file):     296720 kB
Inactive(file):   294112 kB
Unevictable:          64 kB
Mlocked:              64 kB
SwapTotal:       4115452 kB
SwapFree:        4064512 kB
Dirty:               360 kB
Writeback:             0 kB
AnonPages:       2674228 kB
Mapped:           358696 kB
Shmem:            266432 kB
Slab:             102456 kB
SReclaimable:      58912 kB
SUnreclaim:        43544 kB
KernelStack:       11152 kB
PageTables:        41168 kB
NFS_Unstable:          0 kB
Bounce:                0 kB
WritebackTmp:          0 kB
CommitLimit:     6095592 kB
Committed_AS:    7319420 kB
VmallocTotal:   34359738367 kB
VmallocUsed:           0 kB
VmallocChunk:          0 kB
HardwareCorrupted:     0 kB
AnonHugePages:         0 kB
ShmemHugePages:        0 kB
ShmemPmdMapped:        0 kB
CmaTotal:              0 kB
CmaFree:               0 kB
HugePages_Total:       0
HugePages_Free:        0
HugePages_Rsvd:        0
HugePages_Surp:        0
Hugepagesize:       2048 kB
DirectMap4k:      128768 kB
DirectMap2M:     2938880 kB
DirectMap1G:     2097152 kB


CPU:total 4 (initial active 4) (2 cores per cpu, 2 threads per core) family 6 model 69 stepping 1, cmov, cx8, fxsr, mmx, sse, sse2, sse3, ssse3, sse4.1, sse4.2, popcnt, avx, avx2, aes, clmul, erms, lzcnt, ht, tsc, tscinvbit, bmi1, bmi2

/proc/cpuinfo:
processor	: 0
vendor_id	: GenuineIntel
cpu family	: 6
model		: 69
model name	: Intel(R) Core(TM) i3-4030U CPU @ 1.90GHz
stepping	: 1
microcode	: 0x24
cpu MHz		: 1497.587
cache size	: 3072 KB
physical id	: 0
siblings	: 4
core id		: 0
cpu cores	: 2
apicid		: 0
initial apicid	: 0
fpu		: yes
fpu_exception	: yes
cpuid level	: 13
wp		: yes
flags		: fpu vme de pse tsc msr pae mce cx8 apic sep mtrr pge mca cmov pat pse36 clflush dts acpi mmx fxsr sse sse2 ss ht tm pbe syscall nx pdpe1gb rdtscp lm constant_tsc arch_perfmon pebs bts rep_good nopl xtopology nonstop_tsc cpuid aperfmperf pni pclmulqdq dtes64 monitor ds_cpl vmx est tm2 ssse3 sdbg fma cx16 xtpr pdcm pcid sse4_1 sse4_2 x2apic movbe popcnt tsc_deadline_timer aes xsave avx f16c rdrand lahf_lm abm cpuid_fault epb invpcid_single pti ssbd ibrs ibpb stibp tpr_shadow vnmi flexpriority ept vpid fsgsbase tsc_adjust bmi1 avx2 smep bmi2 erms invpcid xsaveopt dtherm ida arat pln pts flush_l1d
bugs		: cpu_meltdown spectre_v1 spectre_v2 spec_store_bypass l1tf
bogomips	: 3791.06
clflush size	: 64
cache_alignment	: 64
address sizes	: 39 bits physical, 48 bits virtual
power management:

processor	: 1
vendor_id	: GenuineIntel
cpu family	: 6
model		: 69
model name	: Intel(R) Core(TM) i3-4030U CPU @ 1.90GHz
stepping	: 1
microcode	: 0x24
cpu MHz		: 1427.363
cache size	: 3072 KB
physical id	: 0
siblings	: 4
core id		: 0
cpu cores	: 3
apicid		: 1
initial apicid	: 1
fpu		: yes
fpu_exception	: yes
cpuid level	: 13
wp		: yes
flags		: fpu vme de pse tsc msr pae mce cx8 apic sep mtrr pge mca cmov pat pse36 clflush dts acpi mmx fxsr sse sse2 ss ht tm pbe syscall nx pdpe1gb rdtscp lm constant_tsc arch_perfmon pebs bts rep_good nopl xtopology nonstop_tsc cpuid aperfmperf pni pclmulqdq dtes64 monitor ds_cpl vmx est tm2 ssse3 sdbg fma cx16 xtpr pdcm pcid sse4_1 sse4_2 x2apic movbe popcnt tsc_deadline_timer aes xsave avx f16c rdrand lahf_lm abm cpuid_fault epb invpcid_single pti ssbd ibrs ibpb stibp tpr_shadow vnmi flexpriority ept vpid fsgsbase tsc_adjust bmi1 avx2 smep bmi2 erms invpcid xsaveopt dtherm ida arat pln pts flush_l1d
bugs		: cpu_meltdown spectre_v1 spectre_v2 spec_store_bypass l1tf
bogomips	: 3791.06
clflush size	: 64
cache_alignment	: 64
address sizes	: 39 bits physical, 48 bits virtual
power management:

processor	: 2
vendor_id	: GenuineIntel
cpu family	: 6
model		: 69
model name	: Intel(R) Core(TM) i3-4030U CPU @ 1.90GHz
stepping	: 1
microcode	: 0x24
cpu MHz		: 1606.126
cache size	: 3072 KB
physical id	: 0
siblings	: 4
core id		: 1
cpu cores	: 4
apicid		: 2
initial apicid	: 2
fpu		: yes
fpu_exception	: yes
cpuid level	: 13
wp		: yes
flags		: fpu vme de pse tsc msr pae mce cx8 apic sep mtrr pge mca cmov pat pse36 clflush dts acpi mmx fxsr sse sse2 ss ht tm pbe syscall nx pdpe1gb rdtscp lm constant_tsc arch_perfmon pebs bts rep_good nopl xtopology nonstop_tsc cpuid aperfmperf pni pclmulqdq dtes64 monitor ds_cpl vmx est tm2 ssse3 sdbg fma cx16 xtpr pdcm pcid sse4_1 sse4_2 x2apic movbe popcnt tsc_deadline_timer aes xsave avx f16c rdrand lahf_lm abm cpuid_fault epb invpcid_single pti ssbd ibrs ibpb stibp tpr_shadow vnmi flexpriority ept vpid fsgsbase tsc_adjust bmi1 avx2 smep bmi2 erms invpcid xsaveopt dtherm ida arat pln pts flush_l1d
bugs		: cpu_meltdown spectre_v1 spectre_v2 spec_store_bypass l1tf
bogomips	: 3791.06
clflush size	: 64
cache_alignment	: 64
address sizes	: 39 bits physical, 48 bits virtual
power management:

processor	: 3
vendor_id	: GenuineIntel
cpu family	: 6
model		: 69
model name	: Intel(R) Core(TM) i3-4030U CPU @ 1.90GHz
stepping	: 1
microcode	: 0x24
cpu MHz		: 1282.369
cache size	: 3072 KB
physical id	: 0
siblings	: 4
core id		: 1
cpu cores	: 1
apicid		: 3
initial apicid	: 3
fpu		: yes
fpu_exception	: yes
cpuid level	: 13
wp		: yes
flags		: fpu vme de pse tsc msr pae mce cx8 apic sep mtrr pge mca cmov pat pse36 clflush dts acpi mmx fxsr sse sse2 ss ht tm pbe syscall nx pdpe1gb rdtscp lm constant_tsc arch_perfmon pebs bts rep_good nopl xtopology nonstop_tsc cpuid aperfmperf pni pclmulqdq dtes64 monitor ds_cpl vmx est tm2 ssse3 sdbg fma cx16 xtpr pdcm pcid sse4_1 sse4_2 x2apic movbe popcnt tsc_deadline_timer aes xsave avx f16c rdrand lahf_lm abm cpuid_fault epb invpcid_single pti ssbd ibrs ibpb stibp tpr_shadow vnmi flexpriority ept vpid fsgsbase tsc_adjust bmi1 avx2 smep bmi2 erms invpcid xsaveopt dtherm ida arat pln pts flush_l1d
bugs		: cpu_meltdown spectre_v1 spectre_v2 spec_store_bypass l1tf
bogomips	: 3791.06
clflush size	: 64
cache_alignment	: 64
address sizes	: 39 bits physical, 48 bits virtual
power management:



Memory: 4k page, physical 3960284k(223600k free), swap 4115452k(4064512k free)

vm_info: OpenJDK 64-Bit Server VM (25.181-b13) for linux-amd64 JRE (1.8.0_181-8u181-b13-0ubuntu0.16.04.1-b13), built on Jul 30 2018 21:06:27 by "buildd" with gcc 5.4.0 20160609

time: Fri Aug 31 12:06:55 2018
elapsed time: 2 seconds (0d 0h 0m 2s)

