#
# A fatal error has been detected by the Java Runtime Environment:
#
#  SIGBUS (0x7) at pc=0x00007fb6c8e78c94, pid=2312, tid=0x00007fb6c9055700
#
# JRE version: OpenJDK Runtime Environment (8.0_191-b12) (build 1.8.0_191-8u191-b12-2ubuntu0.16.04.1-b12)
# Java VM: OpenJDK 64-Bit Server VM (25.191-b12 mixed mode linux-amd64 compressed oops)
# Problematic frame:
# C  [ld-linux-x86-64.so.2+0x1dc94]
#
# Failed to write core dump. Core dumps have been disabled. To enable core dumping, try "ulimit -c unlimited" before starting Java again
#
# If you would like to submit a bug report, please visit:
#   http://bugreport.java.com/bugreport/crash.jsp
# The crash happened outside the Java Virtual Machine in native code.
# See problematic frame for where to report the bug.
#

---------------  T H R E A D  ---------------

Current thread (0x00007fb6c0011800):  JavaThread "main" [_thread_in_native, id=2316, stack(0x00007fb6c8f55000,0x00007fb6c9056000)]

siginfo: si_signo: 7 (SIGBUS), si_code: 2 (BUS_ADRERR), si_addr: 0x00007fb6a87337e0

Registers:
RAX=0x00007fb6a87337e0, RBX=0x0000000000000003, RCX=0x00007fb6a8733820, RDX=0x00000000000000b8
RSP=0x00007fb6c9050f28, RBP=0x00007fb6c90511d0, RSI=0x0000000000000000, RDI=0x00007fb6a87337e0
R8 =0x00007fb6a8733898, R9 =0x0000000000057000, R10=0x00007fb6c9050f60, R11=0x00007fb6a8733898
R12=0x00007fb6c05dd390, R13=0x00007fb6c90512b8, R14=0x0000000000000002, R15=0x0000000000000802
RIP=0x00007fb6c8e78c94, EFLAGS=0x0000000000010206, CSGSFS=0x002b000000000033, ERR=0x0000000000000006
  TRAPNO=0x000000000000000e

Top of Stack: (sp=0x00007fb6c9050f28)
0x00007fb6c9050f28:   00007fb6c8e62168 0000000000000000
0x00007fb6c9050f38:   0000000000058000 00000000000573d4
0x00007fb6c9050f48:   00000000000573d4 0000000000000000
0x00007fb6c9050f58:   00007fb600000005 0000000000257000
0x00007fb6c9050f68:   0000000000259000 00000000002587e0
0x00007fb6c9050f78:   0000000000258898 0000000000057000
0x00007fb6c9050f88:   0000000000000003 0000006e0000005b
0x00007fb6c9050f98:   0000000000000000 0000000000000000
0x00007fb6c9050fa8:   0000007c00000077 00007fb6c0011800
0x00007fb6c9050fb8:   00007fb6c0011800 00007fb6c9051090
0x00007fb6c9050fc8:   00007fb6c0000020 00000000000004bc
0x00007fb6c9050fd8:   00007fb6c0000020 000000000000002c
0x00007fb6c9050fe8:   000000000000002b 00007fb6c05dd390
0x00007fb6c9050ff8:   00007fb6c05dd390 0000000000000000
0x00007fb6c9051008:   00007fb6c8906184 0000000000000000
0x00007fb6c9051018:   000000000000002c 0000000000000002
0x00007fb6c9051028:   00007fb6c8e66e98 00007fb6c05dd350
0x00007fb6c9051038:   000000000000002c 000000029000002f
0x00007fb6c9051048:   000000000000002c 00007fb6c0011800
0x00007fb6c9051058:   0000000000000000 00007fb6c90511d0
0x00007fb6c9051068:   0000000000000000 0000000090000001
0x00007fb6c9051078:   0000000000000088 0000000000000802
0x00007fb6c9051088:   00007fb6c8e6150d 00007fb6c0011800
0x00007fb6c9051098:   00000003c00c2ca0 00007fb6a8733898
0x00007fb6c90510a8:   0000000000258898 00007fb6c9050f60
0x00007fb6c90510b8:   00007fb6c9051090 00007fb6c9050f30
0x00007fb6c90510c8:   0000000000000000 00007fb6c9051270
0x00007fb6c90510d8:   00000000004a00a3 0000000000000006
0x00007fb6c90510e8:   00007fb6a8733898 0000008801051310
0x00007fb6c90510f8:   00007fb6c9082140 00007fb6c05dd350
0x00007fb6c9051108:   00007fb6c05dcb60 0000000000000802
0x00007fb6c9051118:   00000000004a00a3 0000000000000001 

Instructions: (pc=0x00007fb6c8e78c94)
0x00007fb6c8e78c74:   f3 c3 66 2e 0f 1f 84 00 00 00 00 00 f3 0f 7f 47
0x00007fb6c8e78c84:   10 f3 0f 7f 44 17 e0 c3 0f 1f 40 00 48 8d 4f 40
0x00007fb6c8e78c94:   f3 0f 7f 07 48 83 e1 c0 f3 0f 7f 44 17 f0 f3 0f
0x00007fb6c8e78ca4:   7f 47 10 f3 0f 7f 44 17 e0 f3 0f 7f 47 20 f3 0f 

Register to memory mapping:

RAX=0x00007fb6a87337e0 is an unknown value
RBX=0x0000000000000003 is an unknown value
RCX=0x00007fb6a8733820 is an unknown value
RDX=0x00000000000000b8 is an unknown value
RSP=0x00007fb6c9050f28 is pointing into the stack for thread: 0x00007fb6c0011800
RBP=0x00007fb6c90511d0 is pointing into the stack for thread: 0x00007fb6c0011800
RSI=0x0000000000000000 is an unknown value
RDI=0x00007fb6a87337e0 is an unknown value
R8 =0x00007fb6a8733898 is an unknown value
R9 =0x0000000000057000 is an unknown value
R10=0x00007fb6c9050f60 is pointing into the stack for thread: 0x00007fb6c0011800
R11=0x00007fb6a8733898 is an unknown value
R12=0x00007fb6c05dd390 is an unknown value
R13=0x00007fb6c90512b8 is pointing into the stack for thread: 0x00007fb6c0011800
R14=0x0000000000000002 is an unknown value
R15=0x0000000000000802 is an unknown value


Stack: [0x00007fb6c8f55000,0x00007fb6c9056000],  sp=0x00007fb6c9050f28,  free space=1007k
Native frames: (J=compiled Java code, j=interpreted, Vv=VM code, C=native code)
C  [ld-linux-x86-64.so.2+0x1dc94]
C  [ld-linux-x86-64.so.2+0x8c27]

Java frames: (J=compiled Java code, j=interpreted, Vv=VM code)
j  java.lang.ClassLoader$NativeLibrary.load(Ljava/lang/String;Z)V+0
j  java.lang.ClassLoader.loadLibrary0(Ljava/lang/Class;Ljava/io/File;)Z+328
j  java.lang.ClassLoader.loadLibrary(Ljava/lang/Class;Ljava/lang/String;Z)V+48
j  java.lang.Runtime.load0(Ljava/lang/Class;Ljava/lang/String;)V+57
j  java.lang.System.load(Ljava/lang/String;)V+7
j  org.lwjgl.system.Library$$Lambda$4.accept(Ljava/lang/Object;)V+4
j  org.lwjgl.system.Library.loadSystem(Ljava/util/function/Consumer;Ljava/lang/Class;Ljava/lang/String;Ljava/lang/String;Ljava/lang/String;)Z+53
j  org.lwjgl.system.Library.loadSystem(Ljava/util/function/Consumer;Ljava/lang/Class;Ljava/lang/String;Lorg/lwjgl/system/Configuration;)Z+23
j  org.lwjgl.system.Library.loadSystem(Ljava/util/function/Consumer;Ljava/util/function/Consumer;Ljava/lang/Class;Ljava/lang/String;)V+138
j  org.lwjgl.system.Library.loadSystem(Ljava/lang/String;)V+13
j  org.lwjgl.system.Library.<clinit>()V+212
v  ~StubRoutines::call_stub
j  org.lwjgl.system.MemoryAccessJNI.<clinit>()V+0
v  ~StubRoutines::call_stub
j  org.lwjgl.system.Pointer.<clinit>()V+0
v  ~StubRoutines::call_stub
j  org.lwjgl.system.Platform.mapLibraryNameBundled(Ljava/lang/String;)Ljava/lang/String;+0
j  org.lwjgl.glfw.GLFW.<clinit>()V+8
v  ~StubRoutines::call_stub
j  main.Ventana.createWindow()V+0
j  main.Main.init()V+4
j  main.Main.start()V+1
j  main.Main.main([Ljava/lang/String;)V+9
v  ~StubRoutines::call_stub

---------------  P R O C E S S  ---------------

Java Threads: ( => current thread )
  0x00007fb6c00d8800 JavaThread "Service Thread" daemon [_thread_blocked, id=2365, stack(0x00007fb6a8da9000,0x00007fb6a8eaa000)]
  0x00007fb6c00d5800 JavaThread "C1 CompilerThread2" daemon [_thread_blocked, id=2364, stack(0x00007fb6a8eaa000,0x00007fb6a8fab000)]
  0x00007fb6c00d3800 JavaThread "C2 CompilerThread1" daemon [_thread_blocked, id=2363, stack(0x00007fb6a8fab000,0x00007fb6a90ac000)]
  0x00007fb6c00d0800 JavaThread "C2 CompilerThread0" daemon [_thread_blocked, id=2361, stack(0x00007fb6a90ac000,0x00007fb6a91ad000)]
  0x00007fb684001000 JavaThread "JDWP Command Reader" daemon [_thread_in_native, id=2350, stack(0x00007fb6a91ad000,0x00007fb6a92ae000)]
  0x00007fb6c00ce800 JavaThread "JDWP Event Helper Thread" daemon [_thread_blocked, id=2349, stack(0x00007fb6a92ae000,0x00007fb6a93af000)]
  0x00007fb6c00cb000 JavaThread "JDWP Transport Listener: dt_socket" daemon [_thread_blocked, id=2347, stack(0x00007fb6a93af000,0x00007fb6a94b0000)]
  0x00007fb6c00bd000 JavaThread "Signal Dispatcher" daemon [_thread_blocked, id=2339, stack(0x00007fb6a96b5000,0x00007fb6a97b6000)]
  0x00007fb6c008b000 JavaThread "Finalizer" daemon [_thread_blocked, id=2338, stack(0x00007fb6a97b6000,0x00007fb6a98b7000)]
  0x00007fb6c0088800 JavaThread "Reference Handler" daemon [_thread_blocked, id=2336, stack(0x00007fb6a98b7000,0x00007fb6a99b8000)]
=>0x00007fb6c0011800 JavaThread "main" [_thread_in_native, id=2316, stack(0x00007fb6c8f55000,0x00007fb6c9056000)]

Other Threads:
  0x00007fb6c007f000 VMThread [stack: 0x00007fb6a99b8000,0x00007fb6a9ab9000] [id=2334]
  0x00007fb6c00db000 WatcherThread [stack: 0x00007fb6a8ca8000,0x00007fb6a8da9000] [id=2367]

VM state:not at safepoint (normal execution)

VM Mutex/Monitor currently owned by a thread: None

Heap:
 PSYoungGen      total 18432K, used 8607K [0x00000000ebd80000, 0x00000000ed200000, 0x0000000100000000)
  eden space 15872K, 54% used [0x00000000ebd80000,0x00000000ec5e7ef0,0x00000000ecd00000)
  from space 2560K, 0% used [0x00000000ecf80000,0x00000000ecf80000,0x00000000ed200000)
  to   space 2560K, 0% used [0x00000000ecd00000,0x00000000ecd00000,0x00000000ecf80000)
 ParOldGen       total 42496K, used 0K [0x00000000c3800000, 0x00000000c6180000, 0x00000000ebd80000)
  object space 42496K, 0% used [0x00000000c3800000,0x00000000c3800000,0x00000000c6180000)
 Metaspace       used 5302K, capacity 5558K, committed 5888K, reserved 1056768K
  class space    used 581K, capacity 671K, committed 768K, reserved 1048576K

Card table byte_map: [0x00007fb6c4a94000,0x00007fb6c4c79000] byte_map_base: 0x00007fb6c4478000

Marking Bits: (ParMarkBitMap*) 0x00007fb6c822a520
 Begin Bits: [0x00007fb6aa1c0000, 0x00007fb6ab0e0000)
 End Bits:   [0x00007fb6ab0e0000, 0x00007fb6ac000000)

Polling page: 0x00007fb6c907e000

CodeCache: size=245760Kb used=2213Kb max_used=2213Kb free=243546Kb
 bounds [0x00007fb6b1000000, 0x00007fb6b1270000, 0x00007fb6c0000000]
 total_blobs=766 nmethods=477 adapters=212
 compilation: enabled

Compilation events (10 events):
Event: 2,351 Thread 0x00007fb6c00d5800  471       3       java.util.StringTokenizer::scanToken (179 bytes)
Event: 2,353 Thread 0x00007fb6c00d5800 nmethod 471 0x00007fb6b1225c10 code [0x00007fb6b1225ea0, 0x00007fb6b1227198]
Event: 2,353 Thread 0x00007fb6c00d5800  472       3       java.util.StringTokenizer::skipDelimiters (116 bytes)
Event: 2,355 Thread 0x00007fb6c00d5800 nmethod 472 0x00007fb6b12230d0 code [0x00007fb6b1223300, 0x00007fb6b1223eb8]
Event: 2,355 Thread 0x00007fb6c00d5800  473       3       java.util.StringTokenizer::nextToken (92 bytes)
Event: 2,355 Thread 0x00007fb6c00d5800 nmethod 473 0x00007fb6b12279d0 code [0x00007fb6b1227b80, 0x00007fb6b1227f78]
Event: 2,355 Thread 0x00007fb6c00d5800  474       3       java.util.StringTokenizer::hasMoreTokens (29 bytes)
Event: 2,356 Thread 0x00007fb6c00d5800 nmethod 474 0x00007fb6b1228110 code [0x00007fb6b1228280, 0x00007fb6b1228488]
Event: 2,359 Thread 0x00007fb6c00d5800  475       1       java.security.ProtectionDomain::getCodeSource (5 bytes)
Event: 2,359 Thread 0x00007fb6c00d5800 nmethod 475 0x00007fb6b121e1d0 code [0x00007fb6b121e320, 0x00007fb6b121e430]

GC Heap History (0 events):
No events

Deoptimization events (3 events):
Event: 1,260 Thread 0x00007fb6c0011800 Uncommon trap: reason=unstable_if action=reinterpret pc=0x00007fb6b110a744 method=java.lang.String.hashCode()I @ 14
Event: 1,683 Thread 0x00007fb6c0011800 Uncommon trap: reason=unstable_if action=reinterpret pc=0x00007fb6b1120c60 method=java.lang.String.indexOf(II)I @ 49
Event: 2,164 Thread 0x00007fb6c0011800 Uncommon trap: reason=unstable_if action=reinterpret pc=0x00007fb6b11c38b4 method=java.lang.String.indexOf([CII[CIII)I @ 134

Classes redefined (0 events):
No events

Internal exceptions (10 events):
Event: 2,275 Thread 0x00007fb6c0011800 Exception <a 'java/security/PrivilegedActionException'> (0x00000000ec4d1a40) thrown at [/build/openjdk-8-6jqSe7/openjdk-8-8u191-b12/src/hotspot/src/share/vm/prims/jvm.cpp, line 1429]
Event: 2,276 Thread 0x00007fb6c0011800 Exception <a 'java/security/PrivilegedActionException'> (0x00000000ec4d1c50) thrown at [/build/openjdk-8-6jqSe7/openjdk-8-8u191-b12/src/hotspot/src/share/vm/prims/jvm.cpp, line 1429]
Event: 2,276 Thread 0x00007fb6c0011800 Exception <a 'java/security/PrivilegedActionException'> (0x00000000ec4d2728) thrown at [/build/openjdk-8-6jqSe7/openjdk-8-8u191-b12/src/hotspot/src/share/vm/prims/jvm.cpp, line 1429]
Event: 2,276 Thread 0x00007fb6c0011800 Exception <a 'java/security/PrivilegedActionException'> (0x00000000ec4d2938) thrown at [/build/openjdk-8-6jqSe7/openjdk-8-8u191-b12/src/hotspot/src/share/vm/prims/jvm.cpp, line 1429]
Event: 2,316 Thread 0x00007fb6c0011800 Exception <a 'sun/nio/fs/UnixException'> (0x00000000ec56f840) thrown at [/build/openjdk-8-6jqSe7/openjdk-8-8u191-b12/src/hotspot/src/share/vm/prims/jni.cpp, line 709]
Event: 2,316 Thread 0x00007fb6c0011800 Exception <a 'sun/nio/fs/UnixException'> (0x00000000ec570300) thrown at [/build/openjdk-8-6jqSe7/openjdk-8-8u191-b12/src/hotspot/src/share/vm/prims/jni.cpp, line 709]
Event: 2,317 Thread 0x00007fb6c0011800 Exception <a 'sun/nio/fs/UnixException'> (0x00000000ec5708a0) thrown at [/build/openjdk-8-6jqSe7/openjdk-8-8u191-b12/src/hotspot/src/share/vm/prims/jni.cpp, line 709]
Event: 2,325 Thread 0x00007fb6c0011800 Exception <a 'sun/nio/fs/UnixException'> (0x00000000ec576e10) thrown at [/build/openjdk-8-6jqSe7/openjdk-8-8u191-b12/src/hotspot/src/share/vm/prims/jni.cpp, line 709]
Event: 2,363 Thread 0x00007fb6c0011800 Exception <a 'sun/nio/fs/UnixException'> (0x00000000ec5af078) thrown at [/build/openjdk-8-6jqSe7/openjdk-8-8u191-b12/src/hotspot/src/share/vm/prims/jni.cpp, line 709]
Event: 2,365 Thread 0x00007fb6c0011800 Exception <a 'sun/nio/fs/UnixException'> (0x00000000ec5b3ed0) thrown at [/build/openjdk-8-6jqSe7/openjdk-8-8u191-b12/src/hotspot/src/share/vm/prims/jni.cpp, line 709]

Events (10 events):
Event: 2,443 loading class sun/nio/ch/FileLockTable
Event: 2,443 loading class sun/nio/ch/FileLockTable done
Event: 2,443 loading class sun/nio/ch/SharedFileLockTable
Event: 2,444 loading class sun/nio/ch/SharedFileLockTable done
Event: 2,444 loading class sun/nio/ch/FileKey
Event: 2,444 loading class sun/nio/ch/FileKey done
Event: 2,444 loading class sun/nio/ch/SharedFileLockTable$FileLockReference
Event: 2,444 loading class sun/nio/ch/SharedFileLockTable$FileLockReference done
Event: 2,444 loading class sun/nio/fs/UnixFileSystemProvider$3
Event: 2,444 loading class sun/nio/fs/UnixFileSystemProvider$3 done


Dynamic libraries:
00400000-00401000 r-xp 00000000 08:02 16279720                           /usr/lib/jvm/java-8-openjdk-amd64/jre/bin/java
00600000-00601000 r--p 00000000 08:02 16279720                           /usr/lib/jvm/java-8-openjdk-amd64/jre/bin/java
00601000-00602000 rw-p 00001000 08:02 16279720                           /usr/lib/jvm/java-8-openjdk-amd64/jre/bin/java
02556000-02577000 rw-p 00000000 00:00 0                                  [heap]
c3800000-c6180000 rw-p 00000000 00:00 0 
c6180000-ebd80000 ---p 00000000 00:00 0 
ebd80000-ed200000 rw-p 00000000 00:00 0 
ed200000-100000000 ---p 00000000 00:00 0 
100000000-1000c0000 rw-p 00000000 00:00 0 
1000c0000-140000000 ---p 00000000 00:00 0 
7fb668fff000-7fb66c000000 rw-p 00000000 00:00 0 
7fb66c000000-7fb66c021000 rw-p 00000000 00:00 0 
7fb66c021000-7fb670000000 ---p 00000000 00:00 0 
7fb670000000-7fb670021000 rw-p 00000000 00:00 0 
7fb670021000-7fb674000000 ---p 00000000 00:00 0 
7fb674000000-7fb674084000 rw-p 00000000 00:00 0 
7fb674084000-7fb678000000 ---p 00000000 00:00 0 
7fb678000000-7fb678239000 rw-p 00000000 00:00 0 
7fb678239000-7fb67c000000 ---p 00000000 00:00 0 
7fb67c000000-7fb67c021000 rw-p 00000000 00:00 0 
7fb67c021000-7fb680000000 ---p 00000000 00:00 0 
7fb680000000-7fb680121000 rw-p 00000000 00:00 0 
7fb680121000-7fb684000000 ---p 00000000 00:00 0 
7fb684000000-7fb684021000 rw-p 00000000 00:00 0 
7fb684021000-7fb688000000 ---p 00000000 00:00 0 
7fb688000000-7fb688021000 rw-p 00000000 00:00 0 
7fb688021000-7fb68c000000 ---p 00000000 00:00 0 
7fb68c000000-7fb68c021000 rw-p 00000000 00:00 0 
7fb68c021000-7fb690000000 ---p 00000000 00:00 0 
7fb690000000-7fb690021000 rw-p 00000000 00:00 0 
7fb690021000-7fb694000000 ---p 00000000 00:00 0 
7fb694000000-7fb694021000 rw-p 00000000 00:00 0 
7fb694021000-7fb698000000 ---p 00000000 00:00 0 
7fb698000000-7fb698021000 rw-p 00000000 00:00 0 
7fb698021000-7fb69c000000 ---p 00000000 00:00 0 
7fb69c000000-7fb69c021000 rw-p 00000000 00:00 0 
7fb69c021000-7fb6a0000000 ---p 00000000 00:00 0 
7fb6a0000000-7fb6a0021000 rw-p 00000000 00:00 0 
7fb6a0021000-7fb6a4000000 ---p 00000000 00:00 0 
7fb6a4000000-7fb6a4021000 rw-p 00000000 00:00 0 
7fb6a4021000-7fb6a8000000 ---p 00000000 00:00 0 
7fb6a84db000-7fb6a8533000 r-xp 00000000 08:02 4849827                    /tmp/lwjglalvaro/3.2.0-build-12/liblwjgl.so
7fb6a8533000-7fb6a8732000 ---p 00058000 08:02 4849827                    /tmp/lwjglalvaro/3.2.0-build-12/liblwjgl.so
7fb6a8732000-7fb6a8734000 rw-p 00057000 08:02 4849827                    /tmp/lwjglalvaro/3.2.0-build-12/liblwjgl.so
7fb6a8734000-7fb6a874b000 r-xp 00000000 08:02 16279654                   /usr/lib/jvm/java-8-openjdk-amd64/jre/lib/amd64/libnet.so
7fb6a874b000-7fb6a894a000 ---p 00017000 08:02 16279654                   /usr/lib/jvm/java-8-openjdk-amd64/jre/lib/amd64/libnet.so
7fb6a894a000-7fb6a894b000 r--p 00016000 08:02 16279654                   /usr/lib/jvm/java-8-openjdk-amd64/jre/lib/amd64/libnet.so
7fb6a894b000-7fb6a894c000 rw-p 00017000 08:02 16279654                   /usr/lib/jvm/java-8-openjdk-amd64/jre/lib/amd64/libnet.so
7fb6a894c000-7fb6a895d000 r-xp 00000000 08:02 16279711                   /usr/lib/jvm/java-8-openjdk-amd64/jre/lib/amd64/libnio.so
7fb6a895d000-7fb6a8b5d000 ---p 00011000 08:02 16279711                   /usr/lib/jvm/java-8-openjdk-amd64/jre/lib/amd64/libnio.so
7fb6a8b5d000-7fb6a8b5e000 r--p 00011000 08:02 16279711                   /usr/lib/jvm/java-8-openjdk-amd64/jre/lib/amd64/libnio.so
7fb6a8b5e000-7fb6a8b5f000 rw-p 00012000 08:02 16279711                   /usr/lib/jvm/java-8-openjdk-amd64/jre/lib/amd64/libnio.so
7fb6a8b5f000-7fb6a8b64000 r--s 00048000 08:02 8658331                    /home/alvaro/git/GameEngine/game/library/lwjgl.jar
7fb6a8b64000-7fb6a8b66000 r--s 0000a000 08:02 8658327                    /home/alvaro/git/GameEngine/game/library/lwjgl-zstd.jar
7fb6a8b66000-7fb6a8b67000 r--s 0000b000 08:02 8658326                    /home/alvaro/git/GameEngine/game/library/lwjgl-zstd-sources.jar
7fb6a8b67000-7fb6a8b68000 r--s 00030000 08:02 8658325                    /home/alvaro/git/GameEngine/game/library/lwjgl-zstd-natives-linux.jar
7fb6a8b68000-7fb6a8b6a000 r--s 0007d000 08:02 8658324                    /home/alvaro/git/GameEngine/game/library/lwjgl-zstd-javadoc.jar
7fb6a8b6a000-7fb6a8b6c000 r--s 0000d000 08:02 8658323                    /home/alvaro/git/GameEngine/game/library/lwjgl-yoga.jar
7fb6a8b6c000-7fb6a8b6e000 r--s 00009000 08:02 8658322                    /home/alvaro/git/GameEngine/game/library/lwjgl-yoga-sources.jar
7fb6a8b6e000-7fb6a8b6f000 r--s 0000d000 08:02 8658321                    /home/alvaro/git/GameEngine/game/library/lwjgl-yoga-natives-linux.jar
7fb6a8b6f000-7fb6a8b71000 r--s 00080000 08:02 8658320                    /home/alvaro/git/GameEngine/game/library/lwjgl-yoga-javadoc.jar
7fb6a8b71000-7fb6a8b72000 r--s 00005000 08:02 8658319                    /home/alvaro/git/GameEngine/game/library/lwjgl-xxhash.jar
7fb6a8b72000-7fb6a8b73000 r--s 00003000 08:02 8658318                    /home/alvaro/git/GameEngine/game/library/lwjgl-xxhash-sources.jar
7fb6a8b73000-7fb6a8b74000 r--s 00001000 08:02 8658317                    /home/alvaro/git/GameEngine/game/library/lwjgl-xxhash-natives-linux.jar
7fb6a8b74000-7fb6a8b76000 r--s 00065000 08:02 8658316                    /home/alvaro/git/GameEngine/game/library/lwjgl-xxhash-javadoc.jar
7fb6a8b76000-7fb6a8b8e000 r--s 001b8000 08:02 8658315                    /home/alvaro/git/GameEngine/game/library/lwjgl-vulkan.jar
7fb6a8b8e000-7fb6a8b9c000 r--s 001a1000 08:02 8658314                    /home/alvaro/git/GameEngine/game/library/lwjgl-vulkan-sources.jar
7fb6a8b9c000-7fb6a8bb4000 r--s 0062a000 08:02 8658313                    /home/alvaro/git/GameEngine/game/library/lwjgl-vulkan-javadoc.jar
7fb6a8bb4000-7fb6a8bb5000 r--s 00001000 08:02 8658312                    /home/alvaro/git/GameEngine/game/library/lwjgl-tootle.jar
7fb6a8bb5000-7fb6a8bb6000 r--s 00002000 08:02 8658311                    /home/alvaro/git/GameEngine/game/library/lwjgl-tootle-sources.jar
7fb6a8bb6000-7fb6a8bb7000 r--s 0000d000 08:02 8658310                    /home/alvaro/git/GameEngine/game/library/lwjgl-tootle-natives-linux.jar
7fb6a8bb7000-7fb6a8bba000 r--s 0005a000 08:02 8658309                    /home/alvaro/git/GameEngine/game/library/lwjgl-tootle-javadoc.jar
7fb6a8bba000-7fb6a8bbb000 r--s 00001000 08:02 8658307                    /home/alvaro/git/GameEngine/game/library/lwjgl-tinyfd.jar
7fb6a8bbb000-7fb6a8bbc000 r--s 00001000 08:02 8658308                    /home/alvaro/git/GameEngine/game/library/lwjgl-tinyfd-sources.jar
7fb6a8bbc000-7fb6a8bbd000 r--s 00009000 08:02 8658306                    /home/alvaro/git/GameEngine/game/library/lwjgl-tinyfd-natives-linux.jar
7fb6a8bbd000-7fb6a8bbf000 r--s 00059000 08:02 8658305                    /home/alvaro/git/GameEngine/game/library/lwjgl-tinyfd-javadoc.jar
7fb6a8bbf000-7fb6a8bc0000 r--s 0000a000 08:02 8658304                    /home/alvaro/git/GameEngine/game/library/lwjgl-tinyexr.jar
7fb6a8bc0000-7fb6a8bc2000 r--s 00006000 08:02 8658303                    /home/alvaro/git/GameEngine/game/library/lwjgl-tinyexr-sources.jar
7fb6a8bc2000-7fb6a8bc4000 r--s 0000d000 08:02 8658302                    /home/alvaro/git/GameEngine/game/library/lwjgl-tinyexr-natives-linux.jar
7fb6a8bc4000-7fb6a8bc6000 r--s 00073000 08:02 8658301                    /home/alvaro/git/GameEngine/game/library/lwjgl-tinyexr-javadoc.jar
7fb6a8bc6000-7fb6a8bc8000 r--s 00018000 08:02 8658300                    /home/alvaro/git/GameEngine/game/library/lwjgl-stb.jar
7fb6a8bc8000-7fb6a8bca000 r--s 00016000 08:02 8658298                    /home/alvaro/git/GameEngine/game/library/lwjgl-stb-sources.jar
7fb6a8bca000-7fb6a8bcb000 r--s 00030000 08:02 8658299                    /home/alvaro/git/GameEngine/game/library/lwjgl-stb-natives-linux.jar
7fb6a8bcb000-7fb6a8bce000 r--s 000a6000 08:02 8658297                    /home/alvaro/git/GameEngine/game/library/lwjgl-stb-javadoc.jar
7fb6a8bce000-7fb6a8bd0000 r--s 00000000 08:02 8658296                    /home/alvaro/git/GameEngine/game/library/lwjgl-sse.jar
7fb6a8bd0000-7fb6a8bd2000 r--s 00000000 08:02 8658295                    /home/alvaro/git/GameEngine/game/library/lwjgl-sse-sources.jar
7fb6a8bd2000-7fb6a8bd3000 r--s 00000000 08:02 8658294                    /home/alvaro/git/GameEngine/game/library/lwjgl-sse-natives-linux.jar
7fb6a8bd3000-7fb6a8bd5000 r--s 00059000 08:02 8658293                    /home/alvaro/git/GameEngine/game/library/lwjgl-sse-javadoc.jar
7fb6a8bd5000-7fb6a8bd8000 r--s 0003a000 08:02 8658329                    /home/alvaro/git/GameEngine/game/library/lwjgl-sources.jar
7fb6a8bd8000-7fb6a8bda000 r--s 00004000 08:02 8658292                    /home/alvaro/git/GameEngine/game/library/lwjgl-rpmalloc.jar
7fb6a8bda000-7fb6a8bdc000 r--s 00003000 08:02 8658291                    /home/alvaro/git/GameEngine/game/library/lwjgl-rpmalloc-sources.jar
7fb6a8bdc000-7fb6a8bdd000 r--s 00002000 08:02 8658290                    /home/alvaro/git/GameEngine/game/library/lwjgl-rpmalloc-natives-linux.jar
7fb6a8bdd000-7fb6a8bdf000 r--s 00065000 08:02 8658289                    /home/alvaro/git/GameEngine/game/library/lwjgl-rpmalloc-javadoc.jar
7fb6a8bdf000-7fb6a8be0000 r--s 00005000 08:02 8658288                    /home/alvaro/git/GameEngine/game/library/lwjgl-remotery.jar
7fb6a8be0000-7fb6a8be2000 r--s 00003000 08:02 8658287                    /home/alvaro/git/GameEngine/game/library/lwjgl-remotery-sources.jar
7fb6a8be2000-7fb6a8be3000 r--s 00006000 08:02 8658286                    /home/alvaro/git/GameEngine/game/library/lwjgl-remotery-natives-linux.jar
7fb6a8be3000-7fb6a8be5000 r--s 00065000 08:02 8658285                    /home/alvaro/git/GameEngine/game/library/lwjgl-remotery-javadoc.jar
7fb6a8be5000-7fb6a8be6000 r--s 00002000 08:02 8658284                    /home/alvaro/git/GameEngine/game/library/lwjgl-par.jar
7fb6a8be6000-7fb6a8be8000 r--s 00001000 08:02 8658283                    /home/alvaro/git/GameEngine/game/library/lwjgl-par-sources.jar
7fb6a8be8000-7fb6a8be9000 r--s 00005000 08:02 8658282                    /home/alvaro/git/GameEngine/game/library/lwjgl-par-natives-linux.jar
7fb6a8be9000-7fb6a8beb000 r--s 0005d000 08:02 8658281                    /home/alvaro/git/GameEngine/game/library/lwjgl-par-javadoc.jar
7fb6a8beb000-7fb6a8bf0000 r--s 0005c000 08:02 8658280                    /home/alvaro/git/GameEngine/game/library/lwjgl-openvr.jar
7fb6a8bf0000-7fb6a8bf4000 r--s 00042000 08:02 8658279                    /home/alvaro/git/GameEngine/game/library/lwjgl-openvr-sources.jar
7fb6a8bf4000-7fb6a8bf5000 r--s 0001d000 08:02 8658278                    /home/alvaro/git/GameEngine/game/library/lwjgl-openvr-natives-linux.jar
7fb6a8bf5000-7fb6a8bfc000 r--s 00177000 08:02 8658277                    /home/alvaro/git/GameEngine/game/library/lwjgl-openvr-javadoc.jar
7fb6a8bfc000-7fb6a8c03000 r--s 0004f000 08:02 8658276                    /home/alvaro/git/GameEngine/game/library/lwjgl-opengles.jar
7fb6a8c03000-7fb6a8c09000 r--s 0005e000 08:02 8658275                    /home/alvaro/git/GameEngine/game/library/lwjgl-opengles-sources.jar
7fb6a8c09000-7fb6a8c0a000 r--s 00008000 08:02 8658274                    /home/alvaro/git/GameEngine/game/library/lwjgl-opengles-natives-linux.jar
7fb6a8c0a000-7fb6a8c11000 r--s 0018b000 08:02 8658273                    /home/alvaro/git/GameEngine/game/library/lwjgl-opengles-javadoc.jar
7fb6a8c11000-7fb6a8c1c000 r--s 000d7000 08:02 8658272                    /home/alvaro/git/GameEngine/game/library/lwjgl-opengl.jar
7fb6a8c1c000-7fb6a8c26000 r--s 00125000 08:02 8658271                    /home/alvaro/git/GameEngine/game/library/lwjgl-opengl-sources.jar
7fb6a8c26000-7fb6a8c27000 r--s 00012000 08:02 8658270                    /home/alvaro/git/GameEngine/game/library/lwjgl-opengl-natives-linux.jar
7fb6a8c27000-7fb6a8c33000 r--s 00413000 08:02 8658268                    /home/alvaro/git/GameEngine/game/library/lwjgl-opengl-javadoc.jar
7fb6a8c33000-7fb6a8c36000 r--s 00027000 08:02 8658269                    /home/alvaro/git/GameEngine/game/library/lwjgl-opencl.jar
7fb6a8c36000-7fb6a8c3a000 r--s 00035000 08:02 8658267                    /home/alvaro/git/GameEngine/game/library/lwjgl-opencl-sources.jar
7fb6a8c3a000-7fb6a8c3e000 r--s 000ee000 08:02 8658266                    /home/alvaro/git/GameEngine/game/library/lwjgl-opencl-javadoc.jar
7fb6a8c3e000-7fb6a8c41000 r--s 00011000 08:02 8658265                    /home/alvaro/git/GameEngine/game/library/lwjgl-openal.jar
7fb6a8c41000-7fb6a8c43000 r--s 00011000 08:02 8658264                    /home/alvaro/git/GameEngine/game/library/lwjgl-openal-sources.jar
7fb6a8c43000-7fb6a8c44000 r--s 00073000 08:02 8658263                    /home/alvaro/git/GameEngine/game/library/lwjgl-openal-natives-linux.jar
7fb6a8c44000-7fb6a8c47000 r--s 00094000 08:02 8658262                    /home/alvaro/git/GameEngine/game/library/lwjgl-openal-javadoc.jar
7fb6a8c47000-7fb6a8c49000 r--s 00015000 08:02 8658261                    /home/alvaro/git/GameEngine/game/library/lwjgl-odbc.jar
7fb6a8c49000-7fb6a8c4b000 r--s 00012000 08:02 8658260                    /home/alvaro/git/GameEngine/game/library/lwjgl-odbc-sources.jar
7fb6a8c4b000-7fb6a8c4e000 r--s 000aa000 08:02 8658259                    /home/alvaro/git/GameEngine/game/library/lwjgl-odbc-javadoc.jar
7fb6a8c4e000-7fb6a8c54000 r--s 00064000 08:02 8658258                    /home/alvaro/git/GameEngine/game/library/lwjgl-nuklear.jar
7fb6a8c54000-7fb6a8c58000 r--s 00041000 08:02 8658257                    /home/alvaro/git/GameEngine/game/library/lwjgl-nuklear-sources.jar
7fb6a8c58000-7fb6a8c59000 r--s 00025000 08:02 8658256                    /home/alvaro/git/GameEngine/game/library/lwjgl-nuklear-natives-linux.jar
7fb6a8c59000-7fb6a8c5e000 r--s 00158000 08:02 8658255                    /home/alvaro/git/GameEngine/game/library/lwjgl-nuklear-javadoc.jar
7fb6a8c5e000-7fb6a8c60000 r--s 00001000 08:02 8658254                    /home/alvaro/git/GameEngine/game/library/lwjgl-nfd.jar
7fb6a8c60000-7fb6a8c61000 r--s 00001000 08:02 8658253                    /home/alvaro/git/GameEngine/game/library/lwjgl-nfd-sources.jar
7fb6a8c61000-7fb6a8c62000 r--s 00001000 08:02 8658252                    /home/alvaro/git/GameEngine/game/library/lwjgl-nfd-natives-linux.jar
7fb6a8c62000-7fb6a8c64000 r--s 0005b000 08:02 8658251                    /home/alvaro/git/GameEngine/game/library/lwjgl-nfd-javadoc.jar
7fb6a8c64000-7fb6a8c65000 r--s 00014000 08:02 8658330                    /home/alvaro/git/GameEngine/game/library/lwjgl-natives-linux.jar
7fb6a8c65000-7fb6a8c67000 r--s 0000e000 08:02 8658250                    /home/alvaro/git/GameEngine/game/library/lwjgl-nanovg.jar
7fb6a8c67000-7fb6a8c68000 r--s 0000c000 08:02 8658248                    /home/alvaro/git/GameEngine/game/library/lwjgl-nanovg-sources.jar
7fb6a8c68000-7fb6a8c69000 r--s 0002d000 08:02 8658249                    /home/alvaro/git/GameEngine/game/library/lwjgl-nanovg-natives-linux.jar
7fb6a8c69000-7fb6a8c6c000 r--s 00083000 08:02 8658247                    /home/alvaro/git/GameEngine/game/library/lwjgl-nanovg-javadoc.jar
7fb6a8c6c000-7fb6a8c6e000 r--s 0000b000 08:02 8658246                    /home/alvaro/git/GameEngine/game/library/lwjgl-lz4.jar
7fb6a8c6e000-7fb6a8c70000 r--s 0000a000 08:02 8658244                    /home/alvaro/git/GameEngine/game/library/lwjgl-lz4-sources.jar
7fb6a8c70000-7fb6a8c72000 r--s 0000e000 08:02 8658245                    /home/alvaro/git/GameEngine/game/library/lwjgl-lz4-natives-linux.jar
7fb6a8c72000-7fb6a8c74000 r--s 0007c000 08:02 8658243                    /home/alvaro/git/GameEngine/game/library/lwjgl-lz4-javadoc.jar
7fb6a8c74000-7fb6a8c76000 r--s 00006000 08:02 8658242                    /home/alvaro/git/GameEngine/game/library/lwjgl-lmdb.jar
7fb6a8c76000-7fb6a8c78000 r--s 00008000 08:02 8658241                    /home/alvaro/git/GameEngine/game/library/lwjgl-lmdb-sources.jar
7fb6a8c78000-7fb6a8c79000 r--s 0000e000 08:02 8658240                    /home/alvaro/git/GameEngine/game/library/lwjgl-lmdb-natives-linux.jar
7fb6a8c79000-7fb6a8c7c000 r--s 0006e000 08:02 8658239                    /home/alvaro/git/GameEngine/game/library/lwjgl-lmdb-javadoc.jar
7fb6a8c7c000-7fb6a8c7e000 r--s 00008000 08:02 8658238                    /home/alvaro/git/GameEngine/game/library/lwjgl-jemalloc.jar
7fb6a8c7e000-7fb6a8c7f000 r--s 00007000 08:02 8658237                    /home/alvaro/git/GameEngine/game/library/lwjgl-jemalloc-sources.jar
7fb6a8c7f000-7fb6a8c80000 r--s 00022000 08:02 8658236                    /home/alvaro/git/GameEngine/game/library/lwjgl-jemalloc-natives-linux.jar
7fb6a8c80000-7fb6a8c83000 r--s 0006f000 08:02 8658235                    /home/alvaro/git/GameEngine/game/library/lwjgl-jemalloc-javadoc.jar
7fb6a8c83000-7fb6a8c84000 r--s 00005000 08:02 8658234                    /home/alvaro/git/GameEngine/game/library/lwjgl-jawt.jar
7fb6a8c84000-7fb6a8c85000 r--s 00004000 08:02 8658233                    /home/alvaro/git/GameEngine/game/library/lwjgl-jawt-sources.jar
7fb6a8c85000-7fb6a8c88000 r--s 00068000 08:02 8658232                    /home/alvaro/git/GameEngine/game/library/lwjgl-jawt-javadoc.jar
7fb6a8c88000-7fb6a8c8d000 r--s 00136000 08:02 8658328                    /home/alvaro/git/GameEngine/game/library/lwjgl-javadoc.jar
7fb6a8c8d000-7fb6a8c91000 r--s 00019000 08:02 8658231                    /home/alvaro/git/GameEngine/game/library/lwjgl-glfw.jar
7fb6a8c91000-7fb6a8c93000 r--s 00017000 08:02 8658230                    /home/alvaro/git/GameEngine/game/library/lwjgl-glfw-sources.jar
7fb6a8c93000-7fb6a8c97000 r--s 000a7000 08:02 8658228                    /home/alvaro/git/GameEngine/game/library/lwjgl-glfw-javadoc.jar
7fb6a8c97000-7fb6a8c9b000 r--s 0001f000 08:02 8658227                    /home/alvaro/git/GameEngine/game/library/lwjgl-egl.jar
7fb6a8c9b000-7fb6a8c9f000 r--s 00023000 08:02 8658226                    /home/alvaro/git/GameEngine/game/library/lwjgl-egl-sources.jar
7fb6a8c9f000-7fb6a8ca4000 r--s 000d6000 08:02 8658225                    /home/alvaro/git/GameEngine/game/library/lwjgl-egl-javadoc.jar
7fb6a8ca4000-7fb6a8ca8000 r--s 00025000 08:02 8658222                    /home/alvaro/git/GameEngine/game/library/lwjgl-bgfx.jar
7fb6a8ca8000-7fb6a8ca9000 ---p 00000000 00:00 0 
7fb6a8ca9000-7fb6a8da9000 rw-p 00000000 00:00 0 
7fb6a8da9000-7fb6a8dac000 ---p 00000000 00:00 0 
7fb6a8dac000-7fb6a8eaa000 rw-p 00000000 00:00 0 
7fb6a8eaa000-7fb6a8ead000 ---p 00000000 00:00 0 
7fb6a8ead000-7fb6a8fab000 rw-p 00000000 00:00 0 
7fb6a8fab000-7fb6a8fae000 ---p 00000000 00:00 0 
7fb6a8fae000-7fb6a90ac000 rw-p 00000000 00:00 0 
7fb6a90ac000-7fb6a90af000 ---p 00000000 00:00 0 
7fb6a90af000-7fb6a91ad000 rw-p 00000000 00:00 0 
7fb6a91ad000-7fb6a91b0000 ---p 00000000 00:00 0 
7fb6a91b0000-7fb6a92ae000 rw-p 00000000 00:00 0 
7fb6a92ae000-7fb6a92b1000 ---p 00000000 00:00 0 
7fb6a92b1000-7fb6a93af000 rw-p 00000000 00:00 0 
7fb6a93af000-7fb6a93b2000 ---p 00000000 00:00 0 
7fb6a93b2000-7fb6a94b0000 rw-p 00000000 00:00 0 
7fb6a94b0000-7fb6a94b4000 r-xp 00000000 08:02 16279672                   /usr/lib/jvm/java-8-openjdk-amd64/jre/lib/amd64/libdt_socket.so
7fb6a94b4000-7fb6a96b3000 ---p 00004000 08:02 16279672                   /usr/lib/jvm/java-8-openjdk-amd64/jre/lib/amd64/libdt_socket.so
7fb6a96b3000-7fb6a96b4000 r--p 00003000 08:02 16279672                   /usr/lib/jvm/java-8-openjdk-amd64/jre/lib/amd64/libdt_socket.so
7fb6a96b4000-7fb6a96b5000 rw-p 00004000 08:02 16279672                   /usr/lib/jvm/java-8-openjdk-amd64/jre/lib/amd64/libdt_socket.so
7fb6a96b5000-7fb6a96b8000 ---p 00000000 00:00 0 
7fb6a96b8000-7fb6a97b6000 rw-p 00000000 00:00 0 
7fb6a97b6000-7fb6a97b9000 ---p 00000000 00:00 0 
7fb6a97b9000-7fb6a98b7000 rw-p 00000000 00:00 0 
7fb6a98b7000-7fb6a98ba000 ---p 00000000 00:00 0 
7fb6a98ba000-7fb6a99b8000 rw-p 00000000 00:00 0 
7fb6a99b8000-7fb6a99b9000 ---p 00000000 00:00 0 
7fb6a99b9000-7fb6ac000000 rw-p 00000000 00:00 0 
7fb6ac000000-7fb6ac021000 rw-p 00000000 00:00 0 
7fb6ac021000-7fb6b0000000 ---p 00000000 00:00 0 
7fb6b0000000-7fb6b0001000 r--s 00025000 08:02 8658229                    /home/alvaro/git/GameEngine/game/library/lwjgl-glfw-natives-linux.jar
7fb6b0001000-7fb6b0003000 r--s 0001f000 08:02 8658223                    /home/alvaro/git/GameEngine/game/library/lwjgl-bgfx-sources.jar
7fb6b0003000-7fb6b0004000 r--s 00050000 08:02 8658224                    /home/alvaro/git/GameEngine/game/library/lwjgl-bgfx-natives-linux.jar
7fb6b0004000-7fb6b0007000 r--s 000c9000 08:02 8658221                    /home/alvaro/git/GameEngine/game/library/lwjgl-bgfx-javadoc.jar
7fb6b0007000-7fb6b000a000 r--s 00030000 08:02 8658218                    /home/alvaro/git/GameEngine/game/library/lwjgl-assimp.jar
7fb6b000a000-7fb6b000c000 r--s 00029000 08:02 8658219                    /home/alvaro/git/GameEngine/game/library/lwjgl-assimp-sources.jar
7fb6b000c000-7fb6b0010000 r--s 000f0000 08:02 8658217                    /home/alvaro/git/GameEngine/game/library/lwjgl-assimp-javadoc.jar
7fb6b0010000-7fb6b0015000 r--s 002f9000 08:02 16261264                   /usr/lib/jvm/java-8-openjdk-amd64/jre/lib/charsets.jar
7fb6b0015000-7fb6b0017000 r--s 00016000 08:02 16264133                   /usr/lib/jvm/java-8-openjdk-amd64/jre/lib/jce.jar
7fb6b0017000-7fb6b001c000 r--s 000a0000 08:02 16279715                   /usr/lib/jvm/java-8-openjdk-amd64/jre/lib/jsse.jar
7fb6b001c000-7fb6b002f000 r--s 00346000 08:02 16279714                   /usr/lib/jvm/java-8-openjdk-amd64/jre/lib/resources.jar
7fb6b002f000-7fb6b004a000 r--s 001d6000 08:02 16261274                   /usr/lib/jvm/java-8-openjdk-amd64/jre/lib/ext/nashorn.jar
7fb6b004a000-7fb6b0054000 r--s 00116000 08:02 16264125                   /usr/lib/jvm/java-8-openjdk-amd64/jre/lib/ext/localedata.jar
7fb6b0054000-7fb6b005a000 r--s 0003b000 08:02 16264121                   /usr/lib/jvm/java-8-openjdk-amd64/jre/lib/ext/sunjce_provider.jar
7fb6b005a000-7fb6b0075000 r--s 00394000 08:02 16264119                   /usr/lib/jvm/java-8-openjdk-amd64/jre/lib/ext/cldrdata.jar
7fb6b0075000-7fb6b0d00000 rw-p 00000000 00:00 0 
7fb6b0d00000-7fb6b1000000 ---p 00000000 00:00 0 
7fb6b1000000-7fb6b1270000 rwxp 00000000 00:00 0 
7fb6b1270000-7fb6c0000000 ---p 00000000 00:00 0 
7fb6c0000000-7fb6c05f1000 rw-p 00000000 00:00 0 
7fb6c05f1000-7fb6c4000000 ---p 00000000 00:00 0 
7fb6c4000000-7fb6c4001000 r--s 00322000 08:02 8658220                    /home/alvaro/git/GameEngine/game/library/lwjgl-assimp-natives-linux.jar
7fb6c4001000-7fb6c4002000 r--s 00010000 08:02 16264109                   /usr/lib/jvm/java-8-openjdk-amd64/jre/lib/ext/zipfs.jar
7fb6c4002000-7fb6c4124000 rw-p 00000000 00:00 0 
7fb6c4124000-7fb6c42f3000 r--s 03c33000 08:02 16264145                   /usr/lib/jvm/java-8-openjdk-amd64/jre/lib/rt.jar
7fb6c42f3000-7fb6c454d000 rw-p 00000000 00:00 0 
7fb6c454d000-7fb6c454e000 ---p 00000000 00:00 0 
7fb6c454e000-7fb6c464e000 rw-p 00000000 00:00 0 
7fb6c464e000-7fb6c464f000 ---p 00000000 00:00 0 
7fb6c464f000-7fb6c474f000 rw-p 00000000 00:00 0 
7fb6c474f000-7fb6c4750000 ---p 00000000 00:00 0 
7fb6c4750000-7fb6c4850000 rw-p 00000000 00:00 0 
7fb6c4850000-7fb6c4851000 ---p 00000000 00:00 0 
7fb6c4851000-7fb6c4966000 rw-p 00000000 00:00 0 
7fb6c4966000-7fb6c4a94000 ---p 00000000 00:00 0 
7fb6c4a94000-7fb6c4aa9000 rw-p 00000000 00:00 0 
7fb6c4aa9000-7fb6c4bd6000 ---p 00000000 00:00 0 
7fb6c4bd6000-7fb6c4be1000 rw-p 00000000 00:00 0 
7fb6c4be1000-7fb6c4c78000 ---p 00000000 00:00 0 
7fb6c4c78000-7fb6c4c83000 rw-p 00000000 00:00 0 
7fb6c4c83000-7fb6c5039000 ---p 00000000 00:00 0 
7fb6c5039000-7fb6c5041000 r-xp 00000000 08:02 16279674                   /usr/lib/jvm/java-8-openjdk-amd64/jre/lib/amd64/libzip.so
7fb6c5041000-7fb6c5240000 ---p 00008000 08:02 16279674                   /usr/lib/jvm/java-8-openjdk-amd64/jre/lib/amd64/libzip.so
7fb6c5240000-7fb6c5241000 r--p 00007000 08:02 16279674                   /usr/lib/jvm/java-8-openjdk-amd64/jre/lib/amd64/libzip.so
7fb6c5241000-7fb6c5242000 rw-p 00008000 08:02 16279674                   /usr/lib/jvm/java-8-openjdk-amd64/jre/lib/amd64/libzip.so
7fb6c5242000-7fb6c524d000 r-xp 00000000 08:02 27656288                   /lib/x86_64-linux-gnu/libnss_files-2.23.so
7fb6c524d000-7fb6c544c000 ---p 0000b000 08:02 27656288                   /lib/x86_64-linux-gnu/libnss_files-2.23.so
7fb6c544c000-7fb6c544d000 r--p 0000a000 08:02 27656288                   /lib/x86_64-linux-gnu/libnss_files-2.23.so
7fb6c544d000-7fb6c544e000 rw-p 0000b000 08:02 27656288                   /lib/x86_64-linux-gnu/libnss_files-2.23.so
7fb6c544e000-7fb6c5454000 rw-p 00000000 00:00 0 
7fb6c5454000-7fb6c545f000 r-xp 00000000 08:02 27660746                   /lib/x86_64-linux-gnu/libnss_nis-2.23.so
7fb6c545f000-7fb6c565e000 ---p 0000b000 08:02 27660746                   /lib/x86_64-linux-gnu/libnss_nis-2.23.so
7fb6c565e000-7fb6c565f000 r--p 0000a000 08:02 27660746                   /lib/x86_64-linux-gnu/libnss_nis-2.23.so
7fb6c565f000-7fb6c5660000 rw-p 0000b000 08:02 27660746                   /lib/x86_64-linux-gnu/libnss_nis-2.23.so
7fb6c5660000-7fb6c5676000 r-xp 00000000 08:02 27656206                   /lib/x86_64-linux-gnu/libnsl-2.23.so
7fb6c5676000-7fb6c5875000 ---p 00016000 08:02 27656206                   /lib/x86_64-linux-gnu/libnsl-2.23.so
7fb6c5875000-7fb6c5876000 r--p 00015000 08:02 27656206                   /lib/x86_64-linux-gnu/libnsl-2.23.so
7fb6c5876000-7fb6c5877000 rw-p 00016000 08:02 27656206                   /lib/x86_64-linux-gnu/libnsl-2.23.so
7fb6c5877000-7fb6c5879000 rw-p 00000000 00:00 0 
7fb6c5879000-7fb6c5881000 r-xp 00000000 08:02 27656283                   /lib/x86_64-linux-gnu/libnss_compat-2.23.so
7fb6c5881000-7fb6c5a80000 ---p 00008000 08:02 27656283                   /lib/x86_64-linux-gnu/libnss_compat-2.23.so
7fb6c5a80000-7fb6c5a81000 r--p 00007000 08:02 27656283                   /lib/x86_64-linux-gnu/libnss_compat-2.23.so
7fb6c5a81000-7fb6c5a82000 rw-p 00008000 08:02 27656283                   /lib/x86_64-linux-gnu/libnss_compat-2.23.so
7fb6c5a82000-7fb6c5fcf000 r--p 00000000 08:02 16129176                   /usr/lib/locale/locale-archive
7fb6c5fcf000-7fb6c5fd1000 r-xp 00000000 08:02 16279666                   /usr/lib/jvm/java-8-openjdk-amd64/jre/lib/amd64/libnpt.so
7fb6c5fd1000-7fb6c61d1000 ---p 00002000 08:02 16279666                   /usr/lib/jvm/java-8-openjdk-amd64/jre/lib/amd64/libnpt.so
7fb6c61d1000-7fb6c61d2000 r--p 00002000 08:02 16279666                   /usr/lib/jvm/java-8-openjdk-amd64/jre/lib/amd64/libnpt.so
7fb6c61d2000-7fb6c61d3000 rw-p 00003000 08:02 16279666                   /usr/lib/jvm/java-8-openjdk-amd64/jre/lib/amd64/libnpt.so
7fb6c61d3000-7fb6c620e000 r-xp 00000000 08:02 16279688                   /usr/lib/jvm/java-8-openjdk-amd64/jre/lib/amd64/libjdwp.so
7fb6c620e000-7fb6c640e000 ---p 0003b000 08:02 16279688                   /usr/lib/jvm/java-8-openjdk-amd64/jre/lib/amd64/libjdwp.so
7fb6c640e000-7fb6c640f000 r--p 0003b000 08:02 16279688                   /usr/lib/jvm/java-8-openjdk-amd64/jre/lib/amd64/libjdwp.so
7fb6c640f000-7fb6c6410000 rw-p 0003c000 08:02 16279688                   /usr/lib/jvm/java-8-openjdk-amd64/jre/lib/amd64/libjdwp.so
7fb6c6410000-7fb6c643d000 r-xp 00000000 08:02 16279682                   /usr/lib/jvm/java-8-openjdk-amd64/jre/lib/amd64/libjava.so
7fb6c643d000-7fb6c663c000 ---p 0002d000 08:02 16279682                   /usr/lib/jvm/java-8-openjdk-amd64/jre/lib/amd64/libjava.so
7fb6c663c000-7fb6c663d000 r--p 0002c000 08:02 16279682                   /usr/lib/jvm/java-8-openjdk-amd64/jre/lib/amd64/libjava.so
7fb6c663d000-7fb6c663f000 rw-p 0002d000 08:02 16279682                   /usr/lib/jvm/java-8-openjdk-amd64/jre/lib/amd64/libjava.so
7fb6c663f000-7fb6c664e000 r-xp 00000000 08:02 16279690                   /usr/lib/jvm/java-8-openjdk-amd64/jre/lib/amd64/libverify.so
7fb6c664e000-7fb6c684d000 ---p 0000f000 08:02 16279690                   /usr/lib/jvm/java-8-openjdk-amd64/jre/lib/amd64/libverify.so
7fb6c684d000-7fb6c684f000 r--p 0000e000 08:02 16279690                   /usr/lib/jvm/java-8-openjdk-amd64/jre/lib/amd64/libverify.so
7fb6c684f000-7fb6c6850000 rw-p 00010000 08:02 16279690                   /usr/lib/jvm/java-8-openjdk-amd64/jre/lib/amd64/libverify.so
7fb6c6850000-7fb6c6857000 r-xp 00000000 08:02 27660747                   /lib/x86_64-linux-gnu/librt-2.23.so
7fb6c6857000-7fb6c6a56000 ---p 00007000 08:02 27660747                   /lib/x86_64-linux-gnu/librt-2.23.so
7fb6c6a56000-7fb6c6a57000 r--p 00006000 08:02 27660747                   /lib/x86_64-linux-gnu/librt-2.23.so
7fb6c6a57000-7fb6c6a58000 rw-p 00007000 08:02 27660747                   /lib/x86_64-linux-gnu/librt-2.23.so
7fb6c6a58000-7fb6c6a6e000 r-xp 00000000 08:02 27660767                   /lib/x86_64-linux-gnu/libgcc_s.so.1
7fb6c6a6e000-7fb6c6c6d000 ---p 00016000 08:02 27660767                   /lib/x86_64-linux-gnu/libgcc_s.so.1
7fb6c6c6d000-7fb6c6c6e000 rw-p 00015000 08:02 27660767                   /lib/x86_64-linux-gnu/libgcc_s.so.1
7fb6c6c6e000-7fb6c6d76000 r-xp 00000000 08:02 27656197                   /lib/x86_64-linux-gnu/libm-2.23.so
7fb6c6d76000-7fb6c6f75000 ---p 00108000 08:02 27656197                   /lib/x86_64-linux-gnu/libm-2.23.so
7fb6c6f75000-7fb6c6f76000 r--p 00107000 08:02 27656197                   /lib/x86_64-linux-gnu/libm-2.23.so
7fb6c6f76000-7fb6c6f77000 rw-p 00108000 08:02 27656197                   /lib/x86_64-linux-gnu/libm-2.23.so
7fb6c6f77000-7fb6c70e9000 r-xp 00000000 08:02 16121885                   /usr/lib/x86_64-linux-gnu/libstdc++.so.6.0.21
7fb6c70e9000-7fb6c72e9000 ---p 00172000 08:02 16121885                   /usr/lib/x86_64-linux-gnu/libstdc++.so.6.0.21
7fb6c72e9000-7fb6c72f3000 r--p 00172000 08:02 16121885                   /usr/lib/x86_64-linux-gnu/libstdc++.so.6.0.21
7fb6c72f3000-7fb6c72f5000 rw-p 0017c000 08:02 16121885                   /usr/lib/x86_64-linux-gnu/libstdc++.so.6.0.21
7fb6c72f5000-7fb6c72f9000 rw-p 00000000 00:00 0 
7fb6c72f9000-7fb6c7f5a000 r-xp 00000000 08:02 16279700                   /usr/lib/jvm/java-8-openjdk-amd64/jre/lib/amd64/server/libjvm.so
7fb6c7f5a000-7fb6c815a000 ---p 00c61000 08:02 16279700                   /usr/lib/jvm/java-8-openjdk-amd64/jre/lib/amd64/server/libjvm.so
7fb6c815a000-7fb6c81ee000 r--p 00c61000 08:02 16279700                   /usr/lib/jvm/java-8-openjdk-amd64/jre/lib/amd64/server/libjvm.so
7fb6c81ee000-7fb6c8217000 rw-p 00cf5000 08:02 16279700                   /usr/lib/jvm/java-8-openjdk-amd64/jre/lib/amd64/server/libjvm.so
7fb6c8217000-7fb6c8247000 rw-p 00000000 00:00 0 
7fb6c8247000-7fb6c825f000 r-xp 00000000 08:02 27656217                   /lib/x86_64-linux-gnu/libpthread-2.23.so
7fb6c825f000-7fb6c845e000 ---p 00018000 08:02 27656217                   /lib/x86_64-linux-gnu/libpthread-2.23.so
7fb6c845e000-7fb6c845f000 r--p 00017000 08:02 27656217                   /lib/x86_64-linux-gnu/libpthread-2.23.so
7fb6c845f000-7fb6c8460000 rw-p 00018000 08:02 27656217                   /lib/x86_64-linux-gnu/libpthread-2.23.so
7fb6c8460000-7fb6c8464000 rw-p 00000000 00:00 0 
7fb6c8464000-7fb6c8467000 r-xp 00000000 08:02 27656277                   /lib/x86_64-linux-gnu/libdl-2.23.so
7fb6c8467000-7fb6c8666000 ---p 00003000 08:02 27656277                   /lib/x86_64-linux-gnu/libdl-2.23.so
7fb6c8666000-7fb6c8667000 r--p 00002000 08:02 27656277                   /lib/x86_64-linux-gnu/libdl-2.23.so
7fb6c8667000-7fb6c8668000 rw-p 00003000 08:02 27656277                   /lib/x86_64-linux-gnu/libdl-2.23.so
7fb6c8668000-7fb6c8681000 r-xp 00000000 08:02 27660920                   /lib/x86_64-linux-gnu/libz.so.1.2.8
7fb6c8681000-7fb6c8880000 ---p 00019000 08:02 27660920                   /lib/x86_64-linux-gnu/libz.so.1.2.8
7fb6c8880000-7fb6c8881000 r--p 00018000 08:02 27660920                   /lib/x86_64-linux-gnu/libz.so.1.2.8
7fb6c8881000-7fb6c8882000 rw-p 00019000 08:02 27660920                   /lib/x86_64-linux-gnu/libz.so.1.2.8
7fb6c8882000-7fb6c8a42000 r-xp 00000000 08:02 27656275                   /lib/x86_64-linux-gnu/libc-2.23.so
7fb6c8a42000-7fb6c8c42000 ---p 001c0000 08:02 27656275                   /lib/x86_64-linux-gnu/libc-2.23.so
7fb6c8c42000-7fb6c8c46000 r--p 001c0000 08:02 27656275                   /lib/x86_64-linux-gnu/libc-2.23.so
7fb6c8c46000-7fb6c8c48000 rw-p 001c4000 08:02 27656275                   /lib/x86_64-linux-gnu/libc-2.23.so
7fb6c8c48000-7fb6c8c4c000 rw-p 00000000 00:00 0 
7fb6c8c4c000-7fb6c8c59000 r-xp 00000000 08:02 16279684                   /usr/lib/jvm/java-8-openjdk-amd64/jre/lib/amd64/jli/libjli.so
7fb6c8c59000-7fb6c8e59000 ---p 0000d000 08:02 16279684                   /usr/lib/jvm/java-8-openjdk-amd64/jre/lib/amd64/jli/libjli.so
7fb6c8e59000-7fb6c8e5a000 r--p 0000d000 08:02 16279684                   /usr/lib/jvm/java-8-openjdk-amd64/jre/lib/amd64/jli/libjli.so
7fb6c8e5a000-7fb6c8e5b000 rw-p 0000e000 08:02 16279684                   /usr/lib/jvm/java-8-openjdk-amd64/jre/lib/amd64/jli/libjli.so
7fb6c8e5b000-7fb6c8e81000 r-xp 00000000 08:02 27656209                   /lib/x86_64-linux-gnu/ld-2.23.so
7fb6c8e81000-7fb6c8e84000 r--s 00038000 08:02 16261275                   /usr/lib/jvm/java-8-openjdk-amd64/jre/lib/ext/sunpkcs11.jar
7fb6c8e84000-7fb6c8f55000 rw-p 00000000 00:00 0 
7fb6c8f55000-7fb6c8f58000 ---p 00000000 00:00 0 
7fb6c8f58000-7fb6c905a000 rw-p 00000000 00:00 0 
7fb6c905a000-7fb6c905b000 r--s 0000a000 08:02 16264117                   /usr/lib/jvm/java-8-openjdk-amd64/jre/lib/ext/jaccess.jar
7fb6c905b000-7fb6c905e000 r--s 0000f000 08:02 16264123                   /usr/lib/jvm/java-8-openjdk-amd64/jre/lib/ext/icedtea-sound.jar
7fb6c905e000-7fb6c9060000 r--s 00001000 08:02 16264113                   /usr/lib/jvm/java-8-openjdk-amd64/jre/lib/ext/dnsns.jar
7fb6c9060000-7fb6c9062000 r--s 00008000 08:02 16261276                   /usr/lib/jvm/java-8-openjdk-amd64/jre/lib/ext/sunec.jar
7fb6c9062000-7fb6c9075000 rw-p 00000000 00:00 0 
7fb6c9075000-7fb6c907d000 rw-s 00000000 08:02 4849815                    /tmp/hsperfdata_alvaro/2312
7fb6c907d000-7fb6c907e000 rw-p 00000000 00:00 0 
7fb6c907e000-7fb6c907f000 r--p 00000000 00:00 0 
7fb6c907f000-7fb6c9080000 rw-p 00000000 00:00 0 
7fb6c9080000-7fb6c9081000 r--p 00025000 08:02 27656209                   /lib/x86_64-linux-gnu/ld-2.23.so
7fb6c9081000-7fb6c9082000 rw-p 00026000 08:02 27656209                   /lib/x86_64-linux-gnu/ld-2.23.so
7fb6c9082000-7fb6c9083000 rw-p 00000000 00:00 0 
7ffe53063000-7ffe53086000 rw-p 00000000 00:00 0                          [stack]
7ffe53151000-7ffe53154000 r--p 00000000 00:00 0                          [vvar]
7ffe53154000-7ffe53156000 r-xp 00000000 00:00 0                          [vdso]
ffffffffff600000-ffffffffff601000 r-xp 00000000 00:00 0                  [vsyscall]

VM Arguments:
jvm_args: -agentlib:jdwp=transport=dt_socket,suspend=y,address=localhost:41671 -Dfile.encoding=UTF-8 
java_command: main.Main
java_class_path (initial): /usr/lib/jvm/java-8-openjdk-amd64/jre/lib/resources.jar:/usr/lib/jvm/java-8-openjdk-amd64/jre/lib/rt.jar:/usr/lib/jvm/java-8-openjdk-amd64/jre/lib/jsse.jar:/usr/lib/jvm/java-8-openjdk-amd64/jre/lib/jce.jar:/usr/lib/jvm/java-8-openjdk-amd64/jre/lib/charsets.jar:/usr/lib/jvm/java-8-openjdk-amd64/jre/lib/ext/sunec.jar:/usr/lib/jvm/java-8-openjdk-amd64/jre/lib/ext/cldrdata.jar:/usr/lib/jvm/java-8-openjdk-amd64/jre/lib/ext/dnsns.jar:/usr/lib/jvm/java-8-openjdk-amd64/jre/lib/ext/icedtea-sound.jar:/usr/lib/jvm/java-8-openjdk-amd64/jre/lib/ext/jaccess.jar:/usr/lib/jvm/java-8-openjdk-amd64/jre/lib/ext/sunjce_provider.jar:/usr/lib/jvm/java-8-openjdk-amd64/jre/lib/ext/localedata.jar:/usr/lib/jvm/java-8-openjdk-amd64/jre/lib/ext/sunpkcs11.jar:/usr/lib/jvm/java-8-openjdk-amd64/jre/lib/ext/zipfs.jar:/usr/lib/jvm/java-8-openjdk-amd64/jre/lib/ext/nashorn.jar:/home/alvaro/git/GameEngine/game/bin:/home/alvaro/git/GameEngine/game/library/lwjgl-assimp-javadoc.jar:/home/alvaro/git/GameEngine/game/library/lwjgl-assimp-natives-linux.jar:/home/alvaro/git/GameEngine/game/library/lwjgl-assimp-sources.jar:/home/alvaro/git/GameEngine/game/library/lwjgl-assimp.jar:/home/alvaro/git/GameEngine/game/library/lwjgl-bgfx-javadoc.jar:/home/alvaro/git/GameEngine/game/library/lwjgl-bgfx-natives-linux.jar:/home/alvaro/git/GameEngine/game/library/lwjgl-bgfx-sources.jar:/home/alvaro/git/GameEngine/game/library/lwjgl-bgfx.jar:/home/alvaro/git/GameEngine/game/library/lwjgl-egl-javadoc.jar:/home/alvaro/git/GameEngine/game/library/lwjgl-egl-sources.jar:/home/alvaro/git/GameEngine/game/library/lwjgl-egl.jar:/home/alvaro/git/GameEngine/game/library/lwjgl-glfw-javadoc.jar:/home/alvaro/git/GameEngine/game/library/lwjgl-glfw-natives-linux.jar:/home/alvaro/git/GameEngine/game/library/lwjgl-glfw-sources.jar:/home/alvaro/git/GameEngine/game/library/lwjgl-glfw.jar:/home/alvaro/git/GameEngine/game/library/lwjgl-javadoc.jar:/home/alvaro/git/GameEngine/game/library/lwjgl-jawt-javadoc.jar:/home
Launcher Type: SUN_STANDARD

Environment Variables:
PATH=/home/alvaro/bin:/home/alvaro/.local/bin:/usr/local/sbin:/usr/local/bin:/usr/sbin:/usr/bin:/sbin:/bin:/usr/games:/usr/local/games:/snap/bin
SHELL=/bin/bash
DISPLAY=:0

Signal Handlers:
SIGSEGV: [libjvm.so+0xa74ca0], sa_mask[0]=11111111011111111101111111111110, sa_flags=SA_RESTART|SA_SIGINFO
SIGBUS: [libjvm.so+0xa74ca0], sa_mask[0]=11111111011111111101111111111110, sa_flags=SA_RESTART|SA_SIGINFO
SIGFPE: [libjvm.so+0x8bbcf0], sa_mask[0]=11111111011111111101111111111110, sa_flags=SA_RESTART|SA_SIGINFO
SIGPIPE: [libjvm.so+0x8bbcf0], sa_mask[0]=11111111011111111101111111111110, sa_flags=SA_RESTART|SA_SIGINFO
SIGXFSZ: [libjvm.so+0x8bbcf0], sa_mask[0]=11111111011111111101111111111110, sa_flags=SA_RESTART|SA_SIGINFO
SIGILL: [libjvm.so+0x8bbcf0], sa_mask[0]=11111111011111111101111111111110, sa_flags=SA_RESTART|SA_SIGINFO
SIGUSR1: SIG_DFL, sa_mask[0]=00000000000000000000000000000000, sa_flags=none
SIGUSR2: [libjvm.so+0x8bbba0], sa_mask[0]=00100000000000000000000000000000, sa_flags=SA_RESTART|SA_SIGINFO
SIGHUP: [libjvm.so+0x8bc230], sa_mask[0]=11111111011111111101111111111110, sa_flags=SA_RESTART|SA_SIGINFO
SIGINT: [libjvm.so+0x8bc230], sa_mask[0]=11111111011111111101111111111110, sa_flags=SA_RESTART|SA_SIGINFO
SIGTERM: [libjvm.so+0x8bc230], sa_mask[0]=11111111011111111101111111111110, sa_flags=SA_RESTART|SA_SIGINFO
SIGQUIT: [libjvm.so+0x8bc230], sa_mask[0]=11111111011111111101111111111110, sa_flags=SA_RESTART|SA_SIGINFO


---------------  S Y S T E M  ---------------

OS:DISTRIB_ID=Ubuntu
DISTRIB_RELEASE=16.04
DISTRIB_CODENAME=xenial
DISTRIB_DESCRIPTION="Ubuntu 16.04.5 LTS"

uname:Linux 4.15.0-47-generic #50~16.04.1-Ubuntu SMP Fri Mar 15 16:06:21 UTC 2019 x86_64
libc:glibc 2.23 NPTL 2.23 
rlimit: STACK 8192k, CORE 0k, NPROC 14987, NOFILE 1048576, AS infinity
load average:5,05 2,54 1,13

/proc/meminfo:
MemTotal:        3960276 kB
MemFree:         1506300 kB
MemAvailable:    2264756 kB
Buffers:           83548 kB
Cached:          1010028 kB
SwapCached:            0 kB
Active:          1737992 kB
Inactive:         531144 kB
Active(anon):    1176804 kB
Inactive(anon):   155316 kB
Active(file):     561188 kB
Inactive(file):   375828 kB
Unevictable:          32 kB
Mlocked:              32 kB
SwapTotal:       4115452 kB
SwapFree:        4115452 kB
Dirty:              2136 kB
Writeback:             0 kB
AnonPages:       1175892 kB
Mapped:           212564 kB
Shmem:            156384 kB
Slab:              92500 kB
SReclaimable:      56336 kB
SUnreclaim:        36164 kB
KernelStack:        8704 kB
PageTables:        28032 kB
NFS_Unstable:          0 kB
Bounce:                0 kB
WritebackTmp:          0 kB
CommitLimit:     6095588 kB
Committed_AS:    4434608 kB
VmallocTotal:   34359738367 kB
VmallocUsed:           0 kB
VmallocChunk:          0 kB
HardwareCorrupted:     0 kB
AnonHugePages:         0 kB
ShmemHugePages:        0 kB
ShmemPmdMapped:        0 kB
CmaTotal:              0 kB
CmaFree:               0 kB
HugePages_Total:       0
HugePages_Free:        0
HugePages_Rsvd:        0
HugePages_Surp:        0
Hugepagesize:       2048 kB
DirectMap4k:      124672 kB
DirectMap2M:     3991552 kB
DirectMap1G:     1048576 kB

container (cgroup) information:
container_type: cgroupv1
cpu_cpuset_cpus: 0-3
cpu_memory_nodes: 0
active_processor_count: 4
cpu_quota: -1
cpu_period: 100000
cpu_shares: -1
memory_limit_in_bytes: -1
memory_and_swap_limit_in_bytes: -2
memory_soft_limit_in_bytes: -1
memory_usage_in_bytes: 2324262912
memory_max_usage_in_bytes: 0


CPU:total 4 (initial active 4) (2 cores per cpu, 2 threads per core) family 6 model 69 stepping 1, cmov, cx8, fxsr, mmx, sse, sse2, sse3, ssse3, sse4.1, sse4.2, popcnt, avx, avx2, aes, clmul, erms, lzcnt, ht, tsc, tscinvbit, bmi1, bmi2

/proc/cpuinfo:
processor	: 0
vendor_id	: GenuineIntel
cpu family	: 6
model		: 69
model name	: Intel(R) Core(TM) i3-4030U CPU @ 1.90GHz
stepping	: 1
microcode	: 0x24
cpu MHz		: 1895.615
cache size	: 3072 KB
physical id	: 0
siblings	: 4
core id		: 0
cpu cores	: 2
apicid		: 0
initial apicid	: 0
fpu		: yes
fpu_exception	: yes
cpuid level	: 13
wp		: yes
flags		: fpu vme de pse tsc msr pae mce cx8 apic sep mtrr pge mca cmov pat pse36 clflush dts acpi mmx fxsr sse sse2 ss ht tm pbe syscall nx pdpe1gb rdtscp lm constant_tsc arch_perfmon pebs bts rep_good nopl xtopology nonstop_tsc cpuid aperfmperf pni pclmulqdq dtes64 monitor ds_cpl vmx est tm2 ssse3 sdbg fma cx16 xtpr pdcm pcid sse4_1 sse4_2 x2apic movbe popcnt tsc_deadline_timer aes xsave avx f16c rdrand lahf_lm abm cpuid_fault epb invpcid_single pti ssbd ibrs ibpb stibp tpr_shadow vnmi flexpriority ept vpid fsgsbase tsc_adjust bmi1 avx2 smep bmi2 erms invpcid xsaveopt dtherm ida arat pln pts flush_l1d
bugs		: cpu_meltdown spectre_v1 spectre_v2 spec_store_bypass l1tf
bogomips	: 3791.23
clflush size	: 64
cache_alignment	: 64
address sizes	: 39 bits physical, 48 bits virtual
power management:

processor	: 1
vendor_id	: GenuineIntel
cpu family	: 6
model		: 69
model name	: Intel(R) Core(TM) i3-4030U CPU @ 1.90GHz
stepping	: 1
microcode	: 0x24
cpu MHz		: 1895.614
cache size	: 3072 KB
physical id	: 0
siblings	: 4
core id		: 0
cpu cores	: 2
apicid		: 1
initial apicid	: 1
fpu		: yes
fpu_exception	: yes
cpuid level	: 13
wp		: yes
flags		: fpu vme de pse tsc msr pae mce cx8 apic sep mtrr pge mca cmov pat pse36 clflush dts acpi mmx fxsr sse sse2 ss ht tm pbe syscall nx pdpe1gb rdtscp lm constant_tsc arch_perfmon pebs bts rep_good nopl xtopology nonstop_tsc cpuid aperfmperf pni pclmulqdq dtes64 monitor ds_cpl vmx est tm2 ssse3 sdbg fma cx16 xtpr pdcm pcid sse4_1 sse4_2 x2apic movbe popcnt tsc_deadline_timer aes xsave avx f16c rdrand lahf_lm abm cpuid_fault epb invpcid_single pti ssbd ibrs ibpb stibp tpr_shadow vnmi flexpriority ept vpid fsgsbase tsc_adjust bmi1 avx2 smep bmi2 erms invpcid xsaveopt dtherm ida arat pln pts flush_l1d
bugs		: cpu_meltdown spectre_v1 spectre_v2 spec_store_bypass l1tf
bogomips	: 3791.23
clflush size	: 64
cache_alignment	: 64
address sizes	: 39 bits physical, 48 bits virtual
power management:

processor	: 2
vendor_id	: GenuineIntel
cpu family	: 6
model		: 69
model name	: Intel(R) Core(TM) i3-4030U CPU @ 1.90GHz
stepping	: 1
microcode	: 0x24
cpu MHz		: 1895.618
cache size	: 3072 KB
physical id	: 0
siblings	: 4
core id		: 1
cpu cores	: 2
apicid		: 2
initial apicid	: 2
fpu		: yes
fpu_exception	: yes
cpuid level	: 13
wp		: yes
flags		: fpu vme de pse tsc msr pae mce cx8 apic sep mtrr pge mca cmov pat pse36 clflush dts acpi mmx fxsr sse sse2 ss ht tm pbe syscall nx pdpe1gb rdtscp lm constant_tsc arch_perfmon pebs bts rep_good nopl xtopology nonstop_tsc cpuid aperfmperf pni pclmulqdq dtes64 monitor ds_cpl vmx est tm2 ssse3 sdbg fma cx16 xtpr pdcm pcid sse4_1 sse4_2 x2apic movbe popcnt tsc_deadline_timer aes xsave avx f16c rdrand lahf_lm abm cpuid_fault epb invpcid_single pti ssbd ibrs ibpb stibp tpr_shadow vnmi flexpriority ept vpid fsgsbase tsc_adjust bmi1 avx2 smep bmi2 erms invpcid xsaveopt dtherm ida arat pln pts flush_l1d
bugs		: cpu_meltdown spectre_v1 spectre_v2 spec_store_bypass l1tf
bogomips	: 3791.23
clflush size	: 64
cache_alignment	: 64
address sizes	: 39 bits physical, 48 bits virtual
power management:

processor	: 3
vendor_id	: GenuineIntel
cpu family	: 6
model		: 69
model name	: Intel(R) Core(TM) i3-4030U CPU @ 1.90GHz
stepping	: 1
microcode	: 0x24
cpu MHz		: 1895.618
cache size	: 3072 KB
physical id	: 0
siblings	: 4
core id		: 1
cpu cores	: 2
apicid		: 3
initial apicid	: 3
fpu		: yes
fpu_exception	: yes
cpuid level	: 13
wp		: yes
flags		: fpu vme de pse tsc msr pae mce cx8 apic sep mtrr pge mca cmov pat pse36 clflush dts acpi mmx fxsr sse sse2 ss ht tm pbe syscall nx pdpe1gb rdtscp lm constant_tsc arch_perfmon pebs bts rep_good nopl xtopology nonstop_tsc cpuid aperfmperf pni pclmulqdq dtes64 monitor ds_cpl vmx est tm2 ssse3 sdbg fma cx16 xtpr pdcm pcid sse4_1 sse4_2 x2apic movbe popcnt tsc_deadline_timer aes xsave avx f16c rdrand lahf_lm abm cpuid_fault epb invpcid_single pti ssbd ibrs ibpb stibp tpr_shadow vnmi flexpriority ept vpid fsgsbase tsc_adjust bmi1 avx2 smep bmi2 erms invpcid xsaveopt dtherm ida arat pln pts flush_l1d
bugs		: cpu_meltdown spectre_v1 spectre_v2 spec_store_bypass l1tf
bogomips	: 3791.23
clflush size	: 64
cache_alignment	: 64
address sizes	: 39 bits physical, 48 bits virtual
power management:



Memory: 4k page, physical 3960276k(1505804k free), swap 4115452k(4115452k free)

vm_info: OpenJDK 64-Bit Server VM (25.191-b12) for linux-amd64 JRE (1.8.0_191-8u191-b12-2ubuntu0.16.04.1-b12), built on Jan 14 2019 21:59:52 by "buildd" with gcc 5.4.0 20160609

time: Sun Apr 14 23:54:02 2019
elapsed time: 2 seconds (0d 0h 0m 2s)

